ACQ Timestamp (Server Time in UTC), MessageID, Data Value For: GNSS-6452-$GPZDA
2021-06-15 14:11:16Z, 6eda8203-a249-e411-b0cc-f8bc1246af59, $GPZDA,141117.00,15,06,2021,00,00*66
2021-06-15 14:11:17Z, 6eda8203-a249-e411-b0cc-f8bc1246af59, $GPZDA,141118.00,15,06,2021,00,00*69
2021-06-15 14:11:18Z, 6eda8203-a249-e411-b0cc-f8bc1246af59, $GPZDA,141119.00,15,06,2021,00,00*68
2021-06-15 14:11:19Z, 6eda8203-a249-e411-b0cc-f8bc1246af59, $GPZDA,141120.00,15,06,2021,00,00*62
2021-06-15 14:11:20Z, 6eda8203-a249-e411-b0cc-f8bc1246af59, $GPZDA,141121.00,15,06,2021,00,00*63
2021-06-15 14:11:21Z, 6eda8203-a249-e411-b0cc-f8bc1246af59, $GPZDA,141122.00,15,06,2021,00,00*60
2021-06-15 14:11:22Z, 6eda8203-a249-e411-b0cc-f8bc1246af59, $GPZDA,141123.00,15,06,2021,00,00*61
2021-06-15 14:11:23Z, 6eda8203-a249-e411-b0cc-f8bc1246af59, $GPZDA,141124.00,15,06,2021,00,00*66
2021-06-15 14:11:24Z, 6eda8203-a249-e411-b0cc-f8bc1246af59, $GPZDA,141125.00,15,06,2021,00,00*67
2021-06-15 14:11:25Z, 6eda8203-a249-e411-b0cc-f8bc1246af59, $GPZDA,141126.00,15,06,2021,00,00*64
2021-06-15 14:11:26Z, 6eda8203-a249-e411-b0cc-f8bc1246af59, $GPZDA,141127.00,15,06,2021,00,00*65
2021-06-15 14:11:27Z, 6eda8203-a249-e411-b0cc-f8bc1246af59, $GPZDA,141128.00,15,06,2021,00,00*6A
2021-06-15 14:11:28Z, 6eda8203-a249-e411-b0cc-f8bc1246af59, $GPZDA,141129.00,15,06,2021,00,00*6B
2021-06-15 14:11:29Z, 6eda8203-a249-e411-b0cc-f8bc1246af59, $GPZDA,141130.00,15,06,2021,00,00*63
2021-06-15 14:11:30Z, 6eda8203-a249-e411-b0cc-f8bc1246af59, $GPZDA,141131.00,15,06,2021,00,00*62
2021-06-15 14:11:31Z, 6eda8203-a249-e411-b0cc-f8bc1246af59, $GPZDA,141132.00,15,06,2021,00,00*61
2021-06-15 14:11:32Z, 6eda8203-a249-e411-b0cc-f8bc1246af59, $GPZDA,141133.00,15,06,2021,00,00*60
2021-06-15 14:11:33Z, 6eda8203-a249-e411-b0cc-f8bc1246af59, $GPZDA,141134.00,15,06,2021,00,00*67
2021-06-15 14:11:34Z, 6eda8203-a249-e411-b0cc-f8bc1246af59, $GPZDA,141135.00,15,06,2021,00,00*66
2021-06-15 14:11:35Z, 6eda8203-a249-e411-b0cc-f8bc1246af59, $GPZDA,141136.00,15,06,2021,00,00*65
2021-06-15 14:11:36Z, 6eda8203-a249-e411-b0cc-f8bc1246af59, $GPZDA,141137.00,15,06,2021,00,00*64
2021-06-15 14:11:37Z, 6eda8203-a249-e411-b0cc-f8bc1246af59, $GPZDA,141138.00,15,06,2021,00,00*6B
2021-06-15 14:11:38Z, 6eda8203-a249-e411-b0cc-f8bc1246af59, $GPZDA,141139.00,15,06,2021,00,00*6A
2021-06-15 14:11:39Z, 6eda8203-a249-e411-b0cc-f8bc1246af59, $GPZDA,141140.00,15,06,2021,00,00*64
2021-06-15 14:11:40Z, 6eda8203-a249-e411-b0cc-f8bc1246af59, $GPZDA,141141.00,15,06,2021,00,00*65
2021-06-15 14:11:41Z, 6eda8203-a249-e411-b0cc-f8bc1246af59, $GPZDA,141142.00,15,06,2021,00,00*66
2021-06-15 14:11:42Z, 6eda8203-a249-e411-b0cc-f8bc1246af59, $GPZDA,141143.00,15,06,2021,00,00*67
2021-06-15 14:11:43Z, 6eda8203-a249-e411-b0cc-f8bc1246af59, $GPZDA,141144.00,15,06,2021,00,00*60
2021-06-15 14:11:44Z, 6eda8203-a249-e411-b0cc-f8bc1246af59, $GPZDA,141145.00,15,06,2021,00,00*61
2021-06-15 14:11:45Z, 6eda8203-a249-e411-b0cc-f8bc1246af59, $GPZDA,141146.00,15,06,2021,00,00*62
2021-06-15 14:11:46Z, 6eda8203-a249-e411-b0cc-f8bc1246af59, $GPZDA,141147.00,15,06,2021,00,00*63
2021-06-15 14:11:47Z, 6eda8203-a249-e411-b0cc-f8bc1246af59, $GPZDA,141148.00,15,06,2021,00,00*6C
2021-06-15 14:11:48Z, 6eda8203-a249-e411-b0cc-f8bc1246af59, $GPZDA,141149.00,15,06,2021,00,00*6D
2021-06-15 14:11:49Z, 6eda8203-a249-e411-b0cc-f8bc1246af59, $GPZDA,141150.00,15,06,2021,00,00*65
2021-06-15 14:11:50Z, 6eda8203-a249-e411-b0cc-f8bc1246af59, $GPZDA,141151.00,15,06,2021,00,00*64
2021-06-15 14:11:51Z, 6eda8203-a249-e411-b0cc-f8bc1246af59, $GPZDA,141152.00,15,06,2021,00,00*67
2021-06-15 14:11:52Z, 6eda8203-a249-e411-b0cc-f8bc1246af59, $GPZDA,141153.00,15,06,2021,00,00*66
2021-06-15 14:11:53Z, 6eda8203-a249-e411-b0cc-f8bc1246af59, $GPZDA,141154.00,15,06,2021,00,00*61
2021-06-15 14:11:54Z, 6eda8203-a249-e411-b0cc-f8bc1246af59, $GPZDA,141155.00,15,06,2021,00,00*60
2021-06-15 14:11:55Z, 6eda8203-a249-e411-b0cc-f8bc1246af59, $GPZDA,141156.00,15,06,2021,00,00*63
2021-06-15 14:11:56Z, 6eda8203-a249-e411-b0cc-f8bc1246af59, $GPZDA,141157.00,15,06,2021,00,00*62
2021-06-15 14:11:57Z, 6eda8203-a249-e411-b0cc-f8bc1246af59, $GPZDA,141158.00,15,06,2021,00,00*6D
2021-06-15 14:11:58Z, 6eda8203-a249-e411-b0cc-f8bc1246af59, $GPZDA,141159.00,15,06,2021,00,00*6C
2021-06-15 14:11:59Z, 6eda8203-a249-e411-b0cc-f8bc1246af59, $GPZDA,141200.00,15,06,2021,00,00*63
2021-06-15 14:12:00Z, 6eda8203-a249-e411-b0cc-f8bc1246af59, $GPZDA,141201.00,15,06,2021,00,00*62
2021-06-15 14:12:01Z, 6eda8203-a249-e411-b0cc-f8bc1246af59, $GPZDA,141202.00,15,06,2021,00,00*61
2021-06-15 14:12:02Z, 6eda8203-a249-e411-b0cc-f8bc1246af59, $GPZDA,141203.00,15,06,2021,00,00*60
2021-06-15 14:12:03Z, 6eda8203-a249-e411-b0cc-f8bc1246af59, $GPZDA,141204.00,15,06,2021,00,00*67
2021-06-15 14:12:04Z, 6eda8203-a249-e411-b0cc-f8bc1246af59, $GPZDA,141205.00,15,06,2021,00,00*66
2021-06-15 14:12:05Z, 6eda8203-a249-e411-b0cc-f8bc1246af59, $GPZDA,141206.00,15,06,2021,00,00*65
2021-06-15 14:12:06Z, 6eda8203-a249-e411-b0cc-f8bc1246af59, $GPZDA,141207.00,15,06,2021,00,00*64
2021-06-15 14:12:07Z, 6eda8203-a249-e411-b0cc-f8bc1246af59, $GPZDA,141208.00,15,06,2021,00,00*6B
2021-06-15 14:12:08Z, 6eda8203-a249-e411-b0cc-f8bc1246af59, $GPZDA,141209.00,15,06,2021,00,00*6A
2021-06-15 14:12:09Z, 6eda8203-a249-e411-b0cc-f8bc1246af59, $GPZDA,141210.00,15,06,2021,00,00*62
2021-06-15 14:12:10Z, 6eda8203-a249-e411-b0cc-f8bc1246af59, $GPZDA,141211.00,15,06,2021,00,00*63
2021-06-15 14:12:11Z, 6eda8203-a249-e411-b0cc-f8bc1246af59, $GPZDA,141212.00,15,06,2021,00,00*60
2021-06-15 14:12:12Z, 6eda8203-a249-e411-b0cc-f8bc1246af59, $GPZDA,141213.00,15,06,2021,00,00*61
2021-06-15 14:12:13Z, 6eda8203-a249-e411-b0cc-f8bc1246af59, $GPZDA,141214.00,15,06,2021,00,00*66
2021-06-15 14:12:14Z, 6eda8203-a249-e411-b0cc-f8bc1246af59, $GPZDA,141215.00,15,06,2021,00,00*67
2021-06-15 14:12:15Z, 6eda8203-a249-e411-b0cc-f8bc1246af59, $GPZDA,141216.00,15,06,2021,00,00*64
2021-06-15 14:12:16Z, 6eda8203-a249-e411-b0cc-f8bc1246af59, $GPZDA,141217.00,15,06,2021,00,00*65
2021-06-15 14:12:17Z, 6eda8203-a249-e411-b0cc-f8bc1246af59, $GPZDA,141218.00,15,06,2021,00,00*6A
2021-06-15 14:12:18Z, 6eda8203-a249-e411-b0cc-f8bc1246af59, $GPZDA,141219.00,15,06,2021,00,00*6B
2021-06-15 14:12:19Z, 6eda8203-a249-e411-b0cc-f8bc1246af59, $GPZDA,141220.00,15,06,2021,00,00*61
2021-06-15 14:12:20Z, 6eda8203-a249-e411-b0cc-f8bc1246af59, $GPZDA,141221.00,15,06,2021,00,00*60
2021-06-15 14:12:21Z, 6eda8203-a249-e411-b0cc-f8bc1246af59, $GPZDA,141222.00,15,06,2021,00,00*63
2021-06-15 14:12:22Z, 6eda8203-a249-e411-b0cc-f8bc1246af59, $GPZDA,141223.00,15,06,2021,00,00*62
2021-06-15 14:12:23Z, 6eda8203-a249-e411-b0cc-f8bc1246af59, $GPZDA,141224.00,15,06,2021,00,00*65
2021-06-15 14:12:24Z, 6eda8203-a249-e411-b0cc-f8bc1246af59, $GPZDA,141225.00,15,06,2021,00,00*64
2021-06-15 14:12:25Z, 6eda8203-a249-e411-b0cc-f8bc1246af59, $GPZDA,141226.00,15,06,2021,00,00*67
2021-06-15 14:12:26Z, 6eda8203-a249-e411-b0cc-f8bc1246af59, $GPZDA,141227.00,15,06,2021,00,00*66
2021-06-15 14:12:27Z, 6eda8203-a249-e411-b0cc-f8bc1246af59, $GPZDA,141228.00,15,06,2021,00,00*69
2021-06-15 14:12:28Z, 6eda8203-a249-e411-b0cc-f8bc1246af59, $GPZDA,141229.00,15,06,2021,00,00*68
2021-06-15 14:12:29Z, 6eda8203-a249-e411-b0cc-f8bc1246af59, $GPZDA,141230.00,15,06,2021,00,00*60
2021-06-15 14:12:30Z, 6eda8203-a249-e411-b0cc-f8bc1246af59, $GPZDA,141231.00,15,06,2021,00,00*61
2021-06-15 14:12:31Z, 6eda8203-a249-e411-b0cc-f8bc1246af59, $GPZDA,141232.00,15,06,2021,00,00*62
2021-06-15 14:12:32Z, 6eda8203-a249-e411-b0cc-f8bc1246af59, $GPZDA,141233.00,15,06,2021,00,00*63
2021-06-15 14:12:33Z, 6eda8203-a249-e411-b0cc-f8bc1246af59, $GPZDA,141234.00,15,06,2021,00,00*64
2021-06-15 14:12:34Z, 6eda8203-a249-e411-b0cc-f8bc1246af59, $GPZDA,141235.00,15,06,2021,00,00*65
2021-06-15 14:12:35Z, 6eda8203-a249-e411-b0cc-f8bc1246af59, $GPZDA,141236.00,15,06,2021,00,00*66
2021-06-15 14:12:36Z, 6eda8203-a249-e411-b0cc-f8bc1246af59, $GPZDA,141237.00,15,06,2021,00,00*67
2021-06-15 14:12:37Z, 6eda8203-a249-e411-b0cc-f8bc1246af59, $GPZDA,141238.00,15,06,2021,00,00*68
2021-06-15 14:12:38Z, 6eda8203-a249-e411-b0cc-f8bc1246af59, $GPZDA,141239.00,15,06,2021,00,00*69
2021-06-15 14:12:39Z, 6eda8203-a249-e411-b0cc-f8bc1246af59, $GPZDA,141240.00,15,06,2021,00,00*67
2021-06-15 14:12:40Z, 6eda8203-a249-e411-b0cc-f8bc1246af59, $GPZDA,141241.00,15,06,2021,00,00*66
2021-06-15 14:12:41Z, 6eda8203-a249-e411-b0cc-f8bc1246af59, $GPZDA,141242.00,15,06,2021,00,00*65
2021-06-15 14:12:42Z, 6eda8203-a249-e411-b0cc-f8bc1246af59, $GPZDA,141243.00,15,06,2021,00,00*64
2021-06-15 14:12:43Z, 6eda8203-a249-e411-b0cc-f8bc1246af59, $GPZDA,141244.00,15,06,2021,00,00*63
2021-06-15 14:12:44Z, 6eda8203-a249-e411-b0cc-f8bc1246af59, $GPZDA,141245.00,15,06,2021,00,00*62
2021-06-15 14:12:45Z, 6eda8203-a249-e411-b0cc-f8bc1246af59, $GPZDA,141246.00,15,06,2021,00,00*61
2021-06-15 14:12:46Z, 6eda8203-a249-e411-b0cc-f8bc1246af59, $GPZDA,141247.00,15,06,2021,00,00*60
2021-06-15 14:12:47Z, 6eda8203-a249-e411-b0cc-f8bc1246af59, $GPZDA,141248.00,15,06,2021,00,00*6F
2021-06-15 14:12:48Z, 6eda8203-a249-e411-b0cc-f8bc1246af59, $GPZDA,141249.00,15,06,2021,00,00*6E
2021-06-15 14:12:49Z, 6eda8203-a249-e411-b0cc-f8bc1246af59, $GPZDA,141250.00,15,06,2021,00,00*66
2021-06-15 14:12:50Z, 6eda8203-a249-e411-b0cc-f8bc1246af59, $GPZDA,141251.00,15,06,2021,00,00*67
2021-06-15 14:12:51Z, 6eda8203-a249-e411-b0cc-f8bc1246af59, $GPZDA,141252.00,15,06,2021,00,00*64
2021-06-15 14:12:52Z, 6eda8203-a249-e411-b0cc-f8bc1246af59, $GPZDA,141253.00,15,06,2021,00,00*65
2021-06-15 14:12:53Z, 6eda8203-a249-e411-b0cc-f8bc1246af59, $GPZDA,141254.00,15,06,2021,00,00*62
2021-06-15 14:12:54Z, 6eda8203-a249-e411-b0cc-f8bc1246af59, $GPZDA,141255.00,15,06,2021,00,00*63
2021-06-15 14:12:55Z, 6eda8203-a249-e411-b0cc-f8bc1246af59, $GPZDA,141256.00,15,06,2021,00,00*60
2021-06-15 14:12:56Z, 6eda8203-a249-e411-b0cc-f8bc1246af59, $GPZDA,141257.00,15,06,2021,00,00*61
2021-06-15 14:12:57Z, 6eda8203-a249-e411-b0cc-f8bc1246af59, $GPZDA,141258.00,15,06,2021,00,00*6E
2021-06-15 14:12:58Z, 6eda8203-a249-e411-b0cc-f8bc1246af59, $GPZDA,141259.00,15,06,2021,00,00*6F
2021-06-15 14:12:59Z, 6eda8203-a249-e411-b0cc-f8bc1246af59, $GPZDA,141300.00,15,06,2021,00,00*62
2021-06-15 14:13:00Z, 6eda8203-a249-e411-b0cc-f8bc1246af59, $GPZDA,141301.00,15,06,2021,00,00*63
2021-06-15 14:13:02Z, 6eda8203-a249-e411-b0cc-f8bc1246af59, $GPZDA,141302.00,15,06,2021,00,00*60
2021-06-15 14:13:03Z, 6eda8203-a249-e411-b0cc-f8bc1246af59, $GPZDA,141303.00,15,06,2021,00,00*61
2021-06-15 14:13:04Z, 6eda8203-a249-e411-b0cc-f8bc1246af59, $GPZDA,141304.00,15,06,2021,00,00*66
2021-06-15 14:13:05Z, 6eda8203-a249-e411-b0cc-f8bc1246af59, $GPZDA,141305.00,15,06,2021,00,00*67
2021-06-15 14:13:06Z, 6eda8203-a249-e411-b0cc-f8bc1246af59, $GPZDA,141306.00,15,06,2021,00,00*64
2021-06-15 14:13:07Z, 6eda8203-a249-e411-b0cc-f8bc1246af59, $GPZDA,141307.00,15,06,2021,00,00*65
2021-06-15 14:13:08Z, 6eda8203-a249-e411-b0cc-f8bc1246af59, $GPZDA,141308.00,15,06,2021,00,00*6A
2021-06-15 14:13:09Z, 6eda8203-a249-e411-b0cc-f8bc1246af59, $GPZDA,141309.00,15,06,2021,00,00*6B
2021-06-15 14:13:10Z, 6eda8203-a249-e411-b0cc-f8bc1246af59, $GPZDA,141310.00,15,06,2021,00,00*63
2021-06-15 14:13:10Z, 6eda8203-a249-e411-b0cc-f8bc1246af59, $GPZDA,141311.00,15,06,2021,00,00*62
2021-06-15 14:13:12Z, 6eda8203-a249-e411-b0cc-f8bc1246af59, $GPZDA,141312.00,15,06,2021,00,00*61
2021-06-15 14:13:13Z, 6eda8203-a249-e411-b0cc-f8bc1246af59, $GPZDA,141313.00,15,06,2021,00,00*60
2021-06-15 14:13:14Z, 6eda8203-a249-e411-b0cc-f8bc1246af59, $GPZDA,141314.00,15,06,2021,00,00*67
2021-06-15 14:13:15Z, 6eda8203-a249-e411-b0cc-f8bc1246af59, $GPZDA,141315.00,15,06,2021,00,00*66
2021-06-15 14:13:16Z, 6eda8203-a249-e411-b0cc-f8bc1246af59, $GPZDA,141316.00,15,06,2021,00,00*65
2021-06-15 14:13:17Z, 6eda8203-a249-e411-b0cc-f8bc1246af59, $GPZDA,141317.00,15,06,2021,00,00*64
2021-06-15 14:13:18Z, 6eda8203-a249-e411-b0cc-f8bc1246af59, $GPZDA,141318.00,15,06,2021,00,00*6B
2021-06-15 14:13:19Z, 6eda8203-a249-e411-b0cc-f8bc1246af59, $GPZDA,141319.00,15,06,2021,00,00*6A
2021-06-15 14:13:20Z, 6eda8203-a249-e411-b0cc-f8bc1246af59, $GPZDA,141320.00,15,06,2021,00,00*60
2021-06-15 14:13:21Z, 6eda8203-a249-e411-b0cc-f8bc1246af59, $GPZDA,141321.00,15,06,2021,00,00*61
2021-06-15 14:13:22Z, 6eda8203-a249-e411-b0cc-f8bc1246af59, $GPZDA,141322.00,15,06,2021,00,00*62
2021-06-15 14:13:22Z, 6eda8203-a249-e411-b0cc-f8bc1246af59, $GPZDA,141323.00,15,06,2021,00,00*63
2021-06-15 14:13:23Z, 6eda8203-a249-e411-b0cc-f8bc1246af59, $GPZDA,141324.00,15,06,2021,00,00*64
2021-06-15 14:13:24Z, 6eda8203-a249-e411-b0cc-f8bc1246af59, $GPZDA,141325.00,15,06,2021,00,00*65
2021-06-15 14:13:25Z, 6eda8203-a249-e411-b0cc-f8bc1246af59, $GPZDA,141326.00,15,06,2021,00,00*66
2021-06-15 14:13:26Z, 6eda8203-a249-e411-b0cc-f8bc1246af59, $GPZDA,141327.00,15,06,2021,00,00*67
2021-06-15 14:13:27Z, 6eda8203-a249-e411-b0cc-f8bc1246af59, $GPZDA,141328.00,15,06,2021,00,00*68
2021-06-15 14:13:28Z, 6eda8203-a249-e411-b0cc-f8bc1246af59, $GPZDA,141329.00,15,06,2021,00,00*69
2021-06-15 14:13:29Z, 6eda8203-a249-e411-b0cc-f8bc1246af59, $GPZDA,141330.00,15,06,2021,00,00*61
2021-06-15 14:13:30Z, 6eda8203-a249-e411-b0cc-f8bc1246af59, $GPZDA,141331.00,15,06,2021,00,00*60
2021-06-15 14:13:31Z, 6eda8203-a249-e411-b0cc-f8bc1246af59, $GPZDA,141332.00,15,06,2021,00,00*63
2021-06-15 14:13:32Z, 6eda8203-a249-e411-b0cc-f8bc1246af59, $GPZDA,141333.00,15,06,2021,00,00*62
2021-06-15 14:13:33Z, 6eda8203-a249-e411-b0cc-f8bc1246af59, $GPZDA,141334.00,15,06,2021,00,00*65
2021-06-15 14:13:34Z, 6eda8203-a249-e411-b0cc-f8bc1246af59, $GPZDA,141335.00,15,06,2021,00,00*64
2021-06-15 14:13:35Z, 6eda8203-a249-e411-b0cc-f8bc1246af59, $GPZDA,141336.00,15,06,2021,00,00*67
2021-06-15 14:13:36Z, 6eda8203-a249-e411-b0cc-f8bc1246af59, $GPZDA,141337.00,15,06,2021,00,00*66
2021-06-15 14:13:37Z, 6eda8203-a249-e411-b0cc-f8bc1246af59, $GPZDA,141338.00,15,06,2021,00,00*69
2021-06-15 14:13:38Z, 6eda8203-a249-e411-b0cc-f8bc1246af59, $GPZDA,141339.00,15,06,2021,00,00*68
2021-06-15 14:13:39Z, 6eda8203-a249-e411-b0cc-f8bc1246af59, $GPZDA,141340.00,15,06,2021,00,00*66
2021-06-15 14:13:40Z, 6eda8203-a249-e411-b0cc-f8bc1246af59, $GPZDA,141341.00,15,06,2021,00,00*67
2021-06-15 14:13:41Z, 6eda8203-a249-e411-b0cc-f8bc1246af59, $GPZDA,141342.00,15,06,2021,00,00*64
2021-06-15 14:13:42Z, 6eda8203-a249-e411-b0cc-f8bc1246af59, $GPZDA,141343.00,15,06,2021,00,00*65
2021-06-15 14:13:43Z, 6eda8203-a249-e411-b0cc-f8bc1246af59, $GPZDA,141344.00,15,06,2021,00,00*62
2021-06-15 14:13:44Z, 6eda8203-a249-e411-b0cc-f8bc1246af59, $GPZDA,141345.00,15,06,2021,00,00*63
2021-06-15 14:13:45Z, 6eda8203-a249-e411-b0cc-f8bc1246af59, $GPZDA,141346.00,15,06,2021,00,00*60
2021-06-15 14:13:46Z, 6eda8203-a249-e411-b0cc-f8bc1246af59, $GPZDA,141347.00,15,06,2021,00,00*61
2021-06-15 14:13:47Z, 6eda8203-a249-e411-b0cc-f8bc1246af59, $GPZDA,141348.00,15,06,2021,00,00*6E
2021-06-15 14:13:48Z, 6eda8203-a249-e411-b0cc-f8bc1246af59, $GPZDA,141349.00,15,06,2021,00,00*6F
2021-06-15 14:13:49Z, 6eda8203-a249-e411-b0cc-f8bc1246af59, $GPZDA,141350.00,15,06,2021,00,00*67
2021-06-15 14:13:50Z, 6eda8203-a249-e411-b0cc-f8bc1246af59, $GPZDA,141351.00,15,06,2021,00,00*66
2021-06-15 14:13:51Z, 6eda8203-a249-e411-b0cc-f8bc1246af59, $GPZDA,141352.00,15,06,2021,00,00*65
2021-06-15 14:13:52Z, 6eda8203-a249-e411-b0cc-f8bc1246af59, $GPZDA,141353.00,15,06,2021,00,00*64
2021-06-15 14:13:53Z, 6eda8203-a249-e411-b0cc-f8bc1246af59, $GPZDA,141354.00,15,06,2021,00,00*63
2021-06-15 14:13:54Z, 6eda8203-a249-e411-b0cc-f8bc1246af59, $GPZDA,141355.00,15,06,2021,00,00*62
2021-06-15 14:13:55Z, 6eda8203-a249-e411-b0cc-f8bc1246af59, $GPZDA,141356.00,15,06,2021,00,00*61
2021-06-15 14:13:56Z, 6eda8203-a249-e411-b0cc-f8bc1246af59, $GPZDA,141357.00,15,06,2021,00,00*60
2021-06-15 14:13:57Z, 6eda8203-a249-e411-b0cc-f8bc1246af59, $GPZDA,141358.00,15,06,2021,00,00*6F
2021-06-15 14:13:58Z, 6eda8203-a249-e411-b0cc-f8bc1246af59, $GPZDA,141359.00,15,06,2021,00,00*6E
2021-06-15 14:13:59Z, 6eda8203-a249-e411-b0cc-f8bc1246af59, $GPZDA,141400.00,15,06,2021,00,00*65
2021-06-15 14:14:00Z, 6eda8203-a249-e411-b0cc-f8bc1246af59, $GPZDA,141401.00,15,06,2021,00,00*64
2021-06-15 14:14:01Z, 6eda8203-a249-e411-b0cc-f8bc1246af59, $GPZDA,141402.00,15,06,2021,00,00*67
2021-06-15 14:14:02Z, 6eda8203-a249-e411-b0cc-f8bc1246af59, $GPZDA,141403.00,15,06,2021,00,00*66
2021-06-15 14:14:03Z, 6eda8203-a249-e411-b0cc-f8bc1246af59, $GPZDA,141404.00,15,06,2021,00,00*61
2021-06-15 14:14:04Z, 6eda8203-a249-e411-b0cc-f8bc1246af59, $GPZDA,141405.00,15,06,2021,00,00*60
2021-06-15 14:14:05Z, 6eda8203-a249-e411-b0cc-f8bc1246af59, $GPZDA,141406.00,15,06,2021,00,00*63
2021-06-15 14:14:06Z, 6eda8203-a249-e411-b0cc-f8bc1246af59, $GPZDA,141407.00,15,06,2021,00,00*62
2021-06-15 14:14:07Z, 6eda8203-a249-e411-b0cc-f8bc1246af59, $GPZDA,141408.00,15,06,2021,00,00*6D
2021-06-15 14:14:08Z, 6eda8203-a249-e411-b0cc-f8bc1246af59, $GPZDA,141409.00,15,06,2021,00,00*6C
2021-06-15 14:14:09Z, 6eda8203-a249-e411-b0cc-f8bc1246af59, $GPZDA,141410.00,15,06,2021,00,00*64
2021-06-15 14:14:10Z, 6eda8203-a249-e411-b0cc-f8bc1246af59, $GPZDA,141411.00,15,06,2021,00,00*65
2021-06-15 14:14:11Z, 6eda8203-a249-e411-b0cc-f8bc1246af59, $GPZDA,141412.00,15,06,2021,00,00*66
2021-06-15 14:14:12Z, 6eda8203-a249-e411-b0cc-f8bc1246af59, $GPZDA,141413.00,15,06,2021,00,00*67
2021-06-15 14:14:13Z, 6eda8203-a249-e411-b0cc-f8bc1246af59, $GPZDA,141414.00,15,06,2021,00,00*60
2021-06-15 14:14:14Z, 6eda8203-a249-e411-b0cc-f8bc1246af59, $GPZDA,141415.00,15,06,2021,00,00*61
2021-06-15 14:14:15Z, 6eda8203-a249-e411-b0cc-f8bc1246af59, $GPZDA,141416.00,15,06,2021,00,00*62
2021-06-15 14:14:16Z, 6eda8203-a249-e411-b0cc-f8bc1246af59, $GPZDA,141417.00,15,06,2021,00,00*63
2021-06-15 14:14:17Z, 6eda8203-a249-e411-b0cc-f8bc1246af59, $GPZDA,141418.00,15,06,2021,00,00*6C
2021-06-15 14:14:18Z, 6eda8203-a249-e411-b0cc-f8bc1246af59, $GPZDA,141419.00,15,06,2021,00,00*6D
2021-06-15 14:14:19Z, 6eda8203-a249-e411-b0cc-f8bc1246af59, $GPZDA,141420.00,15,06,2021,00,00*67
2021-06-15 14:14:20Z, 6eda8203-a249-e411-b0cc-f8bc1246af59, $GPZDA,141421.00,15,06,2021,00,00*66
2021-06-15 14:14:21Z, 6eda8203-a249-e411-b0cc-f8bc1246af59, $GPZDA,141422.00,15,06,2021,00,00*65
2021-06-15 14:14:22Z, 6eda8203-a249-e411-b0cc-f8bc1246af59, $GPZDA,141423.00,15,06,2021,00,00*64
2021-06-15 14:14:23Z, 6eda8203-a249-e411-b0cc-f8bc1246af59, $GPZDA,141424.00,15,06,2021,00,00*63
2021-06-15 14:14:24Z, 6eda8203-a249-e411-b0cc-f8bc1246af59, $GPZDA,141425.00,15,06,2021,00,00*62
2021-06-15 14:14:25Z, 6eda8203-a249-e411-b0cc-f8bc1246af59, $GPZDA,141426.00,15,06,2021,00,00*61
2021-06-15 14:14:26Z, 6eda8203-a249-e411-b0cc-f8bc1246af59, $GPZDA,141427.00,15,06,2021,00,00*60
2021-06-15 14:14:27Z, 6eda8203-a249-e411-b0cc-f8bc1246af59, $GPZDA,141428.00,15,06,2021,00,00*6F
2021-06-15 14:14:28Z, 6eda8203-a249-e411-b0cc-f8bc1246af59, $GPZDA,141429.00,15,06,2021,00,00*6E
2021-06-15 14:14:29Z, 6eda8203-a249-e411-b0cc-f8bc1246af59, $GPZDA,141430.00,15,06,2021,00,00*66
2021-06-15 14:14:30Z, 6eda8203-a249-e411-b0cc-f8bc1246af59, $GPZDA,141431.00,15,06,2021,00,00*67
2021-06-15 14:14:31Z, 6eda8203-a249-e411-b0cc-f8bc1246af59, $GPZDA,141432.00,15,06,2021,00,00*64
2021-06-15 14:14:32Z, 6eda8203-a249-e411-b0cc-f8bc1246af59, $GPZDA,141433.00,15,06,2021,00,00*65
2021-06-15 14:14:33Z, 6eda8203-a249-e411-b0cc-f8bc1246af59, $GPZDA,141434.00,15,06,2021,00,00*62
2021-06-15 14:14:34Z, 6eda8203-a249-e411-b0cc-f8bc1246af59, $GPZDA,141435.00,15,06,2021,00,00*63
2021-06-15 14:14:35Z, 6eda8203-a249-e411-b0cc-f8bc1246af59, $GPZDA,141436.00,15,06,2021,00,00*60
2021-06-15 14:14:36Z, 6eda8203-a249-e411-b0cc-f8bc1246af59, $GPZDA,141437.00,15,06,2021,00,00*61
2021-06-15 14:14:37Z, 6eda8203-a249-e411-b0cc-f8bc1246af59, $GPZDA,141438.00,15,06,2021,00,00*6E
2021-06-15 14:14:38Z, 6eda8203-a249-e411-b0cc-f8bc1246af59, $GPZDA,141439.00,15,06,2021,00,00*6F
2021-06-15 14:14:39Z, 6eda8203-a249-e411-b0cc-f8bc1246af59, $GPZDA,141440.00,15,06,2021,00,00*61
2021-06-15 14:14:40Z, 6eda8203-a249-e411-b0cc-f8bc1246af59, $GPZDA,141441.00,15,06,2021,00,00*60
2021-06-15 14:14:41Z, 6eda8203-a249-e411-b0cc-f8bc1246af59, $GPZDA,141442.00,15,06,2021,00,00*63
2021-06-15 14:14:42Z, 6eda8203-a249-e411-b0cc-f8bc1246af59, $GPZDA,141443.00,15,06,2021,00,00*62
2021-06-15 14:14:43Z, 6eda8203-a249-e411-b0cc-f8bc1246af59, $GPZDA,141444.00,15,06,2021,00,00*65
2021-06-15 14:14:44Z, 6eda8203-a249-e411-b0cc-f8bc1246af59, $GPZDA,141445.00,15,06,2021,00,00*64
2021-06-15 14:14:45Z, 6eda8203-a249-e411-b0cc-f8bc1246af59, $GPZDA,141446.00,15,06,2021,00,00*67
2021-06-15 14:14:46Z, 6eda8203-a249-e411-b0cc-f8bc1246af59, $GPZDA,141447.00,15,06,2021,00,00*66
2021-06-15 14:14:47Z, 6eda8203-a249-e411-b0cc-f8bc1246af59, $GPZDA,141448.00,15,06,2021,00,00*69
2021-06-15 14:14:48Z, 6eda8203-a249-e411-b0cc-f8bc1246af59, $GPZDA,141449.00,15,06,2021,00,00*68
2021-06-15 14:14:49Z, 6eda8203-a249-e411-b0cc-f8bc1246af59, $GPZDA,141450.00,15,06,2021,00,00*60
2021-06-15 14:14:50Z, 6eda8203-a249-e411-b0cc-f8bc1246af59, $GPZDA,141451.00,15,06,2021,00,00*61
2021-06-15 14:14:51Z, 6eda8203-a249-e411-b0cc-f8bc1246af59, $GPZDA,141452.00,15,06,2021,00,00*62
2021-06-15 14:14:52Z, 6eda8203-a249-e411-b0cc-f8bc1246af59, $GPZDA,141453.00,15,06,2021,00,00*63
2021-06-15 14:14:53Z, 6eda8203-a249-e411-b0cc-f8bc1246af59, $GPZDA,141454.00,15,06,2021,00,00*64
2021-06-15 14:14:54Z, 6eda8203-a249-e411-b0cc-f8bc1246af59, $GPZDA,141455.00,15,06,2021,00,00*65
2021-06-15 14:14:55Z, 6eda8203-a249-e411-b0cc-f8bc1246af59, $GPZDA,141456.00,15,06,2021,00,00*66
2021-06-15 14:14:56Z, 6eda8203-a249-e411-b0cc-f8bc1246af59, $GPZDA,141457.00,15,06,2021,00,00*67
2021-06-15 14:14:57Z, 6eda8203-a249-e411-b0cc-f8bc1246af59, $GPZDA,141458.00,15,06,2021,00,00*68
2021-06-15 14:14:58Z, 6eda8203-a249-e411-b0cc-f8bc1246af59, $GPZDA,141459.00,15,06,2021,00,00*69
2021-06-15 14:14:59Z, 6eda8203-a249-e411-b0cc-f8bc1246af59, $GPZDA,141500.00,15,06,2021,00,00*64
2021-06-15 14:15:00Z, 6eda8203-a249-e411-b0cc-f8bc1246af59, $GPZDA,141501.00,15,06,2021,00,00*65
2021-06-15 14:15:01Z, 6eda8203-a249-e411-b0cc-f8bc1246af59, $GPZDA,141502.00,15,06,2021,00,00*66
2021-06-15 14:15:02Z, 6eda8203-a249-e411-b0cc-f8bc1246af59, $GPZDA,141503.00,15,06,2021,00,00*67
2021-06-15 14:15:03Z, 6eda8203-a249-e411-b0cc-f8bc1246af59, $GPZDA,141504.00,15,06,2021,00,00*60
2021-06-15 14:15:04Z, 6eda8203-a249-e411-b0cc-f8bc1246af59, $GPZDA,141505.00,15,06,2021,00,00*61
2021-06-15 14:15:05Z, 6eda8203-a249-e411-b0cc-f8bc1246af59, $GPZDA,141506.00,15,06,2021,00,00*62
2021-06-15 14:15:07Z, 6eda8203-a249-e411-b0cc-f8bc1246af59, $GPZDA,141507.00,15,06,2021,00,00*63
2021-06-15 14:15:08Z, 6eda8203-a249-e411-b0cc-f8bc1246af59, $GPZDA,141508.00,15,06,2021,00,00*6C
2021-06-15 14:15:09Z, 6eda8203-a249-e411-b0cc-f8bc1246af59, $GPZDA,141509.00,15,06,2021,00,00*6D
2021-06-15 14:15:10Z, 6eda8203-a249-e411-b0cc-f8bc1246af59, $GPZDA,141510.00,15,06,2021,00,00*65
2021-06-15 14:15:11Z, 6eda8203-a249-e411-b0cc-f8bc1246af59, $GPZDA,141511.00,15,06,2021,00,00*64
2021-06-15 14:15:12Z, 6eda8203-a249-e411-b0cc-f8bc1246af59, $GPZDA,141512.00,15,06,2021,00,00*67
2021-06-15 14:15:13Z, 6eda8203-a249-e411-b0cc-f8bc1246af59, $GPZDA,141513.00,15,06,2021,00,00*66
2021-06-15 14:15:13Z, 6eda8203-a249-e411-b0cc-f8bc1246af59, $GPZDA,141514.00,15,06,2021,00,00*61
2021-06-15 14:15:15Z, 6eda8203-a249-e411-b0cc-f8bc1246af59, $GPZDA,141515.00,15,06,2021,00,00*60
2021-06-15 14:15:15Z, 6eda8203-a249-e411-b0cc-f8bc1246af59, $GPZDA,141516.00,15,06,2021,00,00*63
2021-06-15 14:15:16Z, 6eda8203-a249-e411-b0cc-f8bc1246af59, $GPZDA,141517.00,15,06,2021,00,00*62
2021-06-15 14:15:17Z, 6eda8203-a249-e411-b0cc-f8bc1246af59, $GPZDA,141518.00,15,06,2021,00,00*6D
2021-06-15 14:15:18Z, 6eda8203-a249-e411-b0cc-f8bc1246af59, $GPZDA,141519.00,15,06,2021,00,00*6C
2021-06-15 14:15:19Z, 6eda8203-a249-e411-b0cc-f8bc1246af59, $GPZDA,141520.00,15,06,2021,00,00*66
2021-06-15 14:15:20Z, 6eda8203-a249-e411-b0cc-f8bc1246af59, $GPZDA,141521.00,15,06,2021,00,00*67
2021-06-15 14:15:21Z, 6eda8203-a249-e411-b0cc-f8bc1246af59, $GPZDA,141522.00,15,06,2021,00,00*64
2021-06-15 14:15:22Z, 6eda8203-a249-e411-b0cc-f8bc1246af59, $GPZDA,141523.00,15,06,2021,00,00*65
2021-06-15 14:15:23Z, 6eda8203-a249-e411-b0cc-f8bc1246af59, $GPZDA,141524.00,15,06,2021,00,00*62
2021-06-15 14:15:24Z, 6eda8203-a249-e411-b0cc-f8bc1246af59, $GPZDA,141525.00,15,06,2021,00,00*63
2021-06-15 14:15:25Z, 6eda8203-a249-e411-b0cc-f8bc1246af59, $GPZDA,141526.00,15,06,2021,00,00*60
2021-06-15 14:15:26Z, 6eda8203-a249-e411-b0cc-f8bc1246af59, $GPZDA,141527.00,15,06,2021,00,00*61
2021-06-15 14:15:27Z, 6eda8203-a249-e411-b0cc-f8bc1246af59, $GPZDA,141528.00,15,06,2021,00,00*6E
2021-06-15 14:15:28Z, 6eda8203-a249-e411-b0cc-f8bc1246af59, $GPZDA,141529.00,15,06,2021,00,00*6F
2021-06-15 14:15:29Z, 6eda8203-a249-e411-b0cc-f8bc1246af59, $GPZDA,141530.00,15,06,2021,00,00*67
2021-06-15 14:15:30Z, 6eda8203-a249-e411-b0cc-f8bc1246af59, $GPZDA,141531.00,15,06,2021,00,00*66
2021-06-15 14:15:31Z, 6eda8203-a249-e411-b0cc-f8bc1246af59, $GPZDA,141532.00,15,06,2021,00,00*65
2021-06-15 14:15:32Z, 6eda8203-a249-e411-b0cc-f8bc1246af59, $GPZDA,141533.00,15,06,2021,00,00*64
2021-06-15 14:15:33Z, 6eda8203-a249-e411-b0cc-f8bc1246af59, $GPZDA,141534.00,15,06,2021,00,00*63
2021-06-15 14:15:34Z, 6eda8203-a249-e411-b0cc-f8bc1246af59, $GPZDA,141535.00,15,06,2021,00,00*62
2021-06-15 14:15:35Z, 6eda8203-a249-e411-b0cc-f8bc1246af59, $GPZDA,141536.00,15,06,2021,00,00*61
2021-06-15 14:15:36Z, 6eda8203-a249-e411-b0cc-f8bc1246af59, $GPZDA,141537.00,15,06,2021,00,00*60
2021-06-15 14:15:37Z, 6eda8203-a249-e411-b0cc-f8bc1246af59, $GPZDA,141538.00,15,06,2021,00,00*6F
2021-06-15 14:15:38Z, 6eda8203-a249-e411-b0cc-f8bc1246af59, $GPZDA,141539.00,15,06,2021,00,00*6E
2021-06-15 14:15:39Z, 6eda8203-a249-e411-b0cc-f8bc1246af59, $GPZDA,141540.00,15,06,2021,00,00*60
2021-06-15 14:15:40Z, 6eda8203-a249-e411-b0cc-f8bc1246af59, $GPZDA,141541.00,15,06,2021,00,00*61
2021-06-15 14:15:41Z, 6eda8203-a249-e411-b0cc-f8bc1246af59, $GPZDA,141542.00,15,06,2021,00,00*62
2021-06-15 14:15:42Z, 6eda8203-a249-e411-b0cc-f8bc1246af59, $GPZDA,141543.00,15,06,2021,00,00*63
2021-06-15 14:15:43Z, 6eda8203-a249-e411-b0cc-f8bc1246af59, $GPZDA,141544.00,15,06,2021,00,00*64
2021-06-15 14:15:44Z, 6eda8203-a249-e411-b0cc-f8bc1246af59, $GPZDA,141545.00,15,06,2021,00,00*65
2021-06-15 14:15:45Z, 6eda8203-a249-e411-b0cc-f8bc1246af59, $GPZDA,141546.00,15,06,2021,00,00*66
2021-06-15 14:15:46Z, 6eda8203-a249-e411-b0cc-f8bc1246af59, $GPZDA,141547.00,15,06,2021,00,00*67
2021-06-15 14:15:47Z, 6eda8203-a249-e411-b0cc-f8bc1246af59, $GPZDA,141548.00,15,06,2021,00,00*68
2021-06-15 14:15:48Z, 6eda8203-a249-e411-b0cc-f8bc1246af59, $GPZDA,141549.00,15,06,2021,00,00*69
2021-06-15 14:15:49Z, 6eda8203-a249-e411-b0cc-f8bc1246af59, $GPZDA,141550.00,15,06,2021,00,00*61
2021-06-15 14:15:50Z, 6eda8203-a249-e411-b0cc-f8bc1246af59, $GPZDA,141551.00,15,06,2021,00,00*60
2021-06-15 14:15:51Z, 6eda8203-a249-e411-b0cc-f8bc1246af59, $GPZDA,141552.00,15,06,2021,00,00*63
2021-06-15 14:15:52Z, 6eda8203-a249-e411-b0cc-f8bc1246af59, $GPZDA,141553.00,15,06,2021,00,00*62
2021-06-15 14:15:53Z, 6eda8203-a249-e411-b0cc-f8bc1246af59, $GPZDA,141554.00,15,06,2021,00,00*65
2021-06-15 14:15:54Z, 6eda8203-a249-e411-b0cc-f8bc1246af59, $GPZDA,141555.00,15,06,2021,00,00*64
2021-06-15 14:15:55Z, 6eda8203-a249-e411-b0cc-f8bc1246af59, $GPZDA,141556.00,15,06,2021,00,00*67
2021-06-15 14:15:56Z, 6eda8203-a249-e411-b0cc-f8bc1246af59, $GPZDA,141557.00,15,06,2021,00,00*66
2021-06-15 14:15:57Z, 6eda8203-a249-e411-b0cc-f8bc1246af59, $GPZDA,141558.00,15,06,2021,00,00*69
2021-06-15 14:15:58Z, 6eda8203-a249-e411-b0cc-f8bc1246af59, $GPZDA,141559.00,15,06,2021,00,00*68
2021-06-15 14:15:59Z, 6eda8203-a249-e411-b0cc-f8bc1246af59, $GPZDA,141600.00,15,06,2021,00,00*67
2021-06-15 14:16:00Z, 6eda8203-a249-e411-b0cc-f8bc1246af59, $GPZDA,141601.00,15,06,2021,00,00*66
2021-06-15 14:16:01Z, 6eda8203-a249-e411-b0cc-f8bc1246af59, $GPZDA,141602.00,15,06,2021,00,00*65
2021-06-15 14:16:02Z, 6eda8203-a249-e411-b0cc-f8bc1246af59, $GPZDA,141603.00,15,06,2021,00,00*64
2021-06-15 14:16:03Z, 6eda8203-a249-e411-b0cc-f8bc1246af59, $GPZDA,141604.00,15,06,2021,00,00*63
2021-06-15 14:16:04Z, 6eda8203-a249-e411-b0cc-f8bc1246af59, $GPZDA,141605.00,15,06,2021,00,00*62
2021-06-15 14:16:05Z, 6eda8203-a249-e411-b0cc-f8bc1246af59, $GPZDA,141606.00,15,06,2021,00,00*61
2021-06-15 14:16:06Z, 6eda8203-a249-e411-b0cc-f8bc1246af59, $GPZDA,141607.00,15,06,2021,00,00*60
2021-06-15 14:16:07Z, 6eda8203-a249-e411-b0cc-f8bc1246af59, $GPZDA,141608.00,15,06,2021,00,00*6F
2021-06-15 14:16:08Z, 6eda8203-a249-e411-b0cc-f8bc1246af59, $GPZDA,141609.00,15,06,2021,00,00*6E
2021-06-15 14:16:09Z, 6eda8203-a249-e411-b0cc-f8bc1246af59, $GPZDA,141610.00,15,06,2021,00,00*66
2021-06-15 14:16:10Z, 6eda8203-a249-e411-b0cc-f8bc1246af59, $GPZDA,141611.00,15,06,2021,00,00*67
2021-06-15 14:16:11Z, 6eda8203-a249-e411-b0cc-f8bc1246af59, $GPZDA,141612.00,15,06,2021,00,00*64
2021-06-15 14:16:12Z, 6eda8203-a249-e411-b0cc-f8bc1246af59, $GPZDA,141613.00,15,06,2021,00,00*65
2021-06-15 14:16:13Z, 6eda8203-a249-e411-b0cc-f8bc1246af59, $GPZDA,141614.00,15,06,2021,00,00*62
2021-06-15 14:16:14Z, 6eda8203-a249-e411-b0cc-f8bc1246af59, $GPZDA,141615.00,15,06,2021,00,00*63
2021-06-15 14:16:15Z, 6eda8203-a249-e411-b0cc-f8bc1246af59, $GPZDA,141616.00,15,06,2021,00,00*60
2021-06-15 14:16:16Z, 6eda8203-a249-e411-b0cc-f8bc1246af59, $GPZDA,141617.00,15,06,2021,00,00*61
2021-06-15 14:16:17Z, 6eda8203-a249-e411-b0cc-f8bc1246af59, $GPZDA,141618.00,15,06,2021,00,00*6E
2021-06-15 14:16:18Z, 6eda8203-a249-e411-b0cc-f8bc1246af59, $GPZDA,141619.00,15,06,2021,00,00*6F
2021-06-15 14:16:19Z, 6eda8203-a249-e411-b0cc-f8bc1246af59, $GPZDA,141620.00,15,06,2021,00,00*65
2021-06-15 14:16:20Z, 6eda8203-a249-e411-b0cc-f8bc1246af59, $GPZDA,141621.00,15,06,2021,00,00*64
2021-06-15 14:16:21Z, 6eda8203-a249-e411-b0cc-f8bc1246af59, $GPZDA,141622.00,15,06,2021,00,00*67
2021-06-15 14:16:22Z, 6eda8203-a249-e411-b0cc-f8bc1246af59, $GPZDA,141623.00,15,06,2021,00,00*66
2021-06-15 14:16:23Z, 6eda8203-a249-e411-b0cc-f8bc1246af59, $GPZDA,141624.00,15,06,2021,00,00*61
2021-06-15 14:16:24Z, 6eda8203-a249-e411-b0cc-f8bc1246af59, $GPZDA,141625.00,15,06,2021,00,00*60
2021-06-15 14:16:25Z, 6eda8203-a249-e411-b0cc-f8bc1246af59, $GPZDA,141626.00,15,06,2021,00,00*63
2021-06-15 14:16:26Z, 6eda8203-a249-e411-b0cc-f8bc1246af59, $GPZDA,141627.00,15,06,2021,00,00*62
2021-06-15 14:16:27Z, 6eda8203-a249-e411-b0cc-f8bc1246af59, $GPZDA,141628.00,15,06,2021,00,00*6D
2021-06-15 14:16:28Z, 6eda8203-a249-e411-b0cc-f8bc1246af59, $GPZDA,141629.00,15,06,2021,00,00*6C
2021-06-15 14:16:29Z, 6eda8203-a249-e411-b0cc-f8bc1246af59, $GPZDA,141630.00,15,06,2021,00,00*64
2021-06-15 14:16:30Z, 6eda8203-a249-e411-b0cc-f8bc1246af59, $GPZDA,141631.00,15,06,2021,00,00*65
2021-06-15 14:16:31Z, 6eda8203-a249-e411-b0cc-f8bc1246af59, $GPZDA,141632.00,15,06,2021,00,00*66
2021-06-15 14:16:32Z, 6eda8203-a249-e411-b0cc-f8bc1246af59, $GPZDA,141633.00,15,06,2021,00,00*67
2021-06-15 14:16:33Z, 6eda8203-a249-e411-b0cc-f8bc1246af59, $GPZDA,141634.00,15,06,2021,00,00*60
2021-06-15 14:16:34Z, 6eda8203-a249-e411-b0cc-f8bc1246af59, $GPZDA,141635.00,15,06,2021,00,00*61
2021-06-15 14:16:35Z, 6eda8203-a249-e411-b0cc-f8bc1246af59, $GPZDA,141636.00,15,06,2021,00,00*62
2021-06-15 14:16:36Z, 6eda8203-a249-e411-b0cc-f8bc1246af59, $GPZDA,141637.00,15,06,2021,00,00*63
2021-06-15 14:16:37Z, 6eda8203-a249-e411-b0cc-f8bc1246af59, $GPZDA,141638.00,15,06,2021,00,00*6C
2021-06-15 14:16:38Z, 6eda8203-a249-e411-b0cc-f8bc1246af59, $GPZDA,141639.00,15,06,2021,00,00*6D
2021-06-15 14:16:39Z, 6eda8203-a249-e411-b0cc-f8bc1246af59, $GPZDA,141640.00,15,06,2021,00,00*63
2021-06-15 14:16:40Z, 6eda8203-a249-e411-b0cc-f8bc1246af59, $GPZDA,141641.00,15,06,2021,00,00*62
2021-06-15 14:16:41Z, 6eda8203-a249-e411-b0cc-f8bc1246af59, $GPZDA,141642.00,15,06,2021,00,00*61
2021-06-15 14:16:42Z, 6eda8203-a249-e411-b0cc-f8bc1246af59, $GPZDA,141643.00,15,06,2021,00,00*60
2021-06-15 14:16:43Z, 6eda8203-a249-e411-b0cc-f8bc1246af59, $GPZDA,141644.00,15,06,2021,00,00*67
2021-06-15 14:16:44Z, 6eda8203-a249-e411-b0cc-f8bc1246af59, $GPZDA,141645.00,15,06,2021,00,00*66
2021-06-15 14:16:45Z, 6eda8203-a249-e411-b0cc-f8bc1246af59, $GPZDA,141646.00,15,06,2021,00,00*65
2021-06-15 14:16:46Z, 6eda8203-a249-e411-b0cc-f8bc1246af59, $GPZDA,141647.00,15,06,2021,00,00*64
2021-06-15 14:16:47Z, 6eda8203-a249-e411-b0cc-f8bc1246af59, $GPZDA,141648.00,15,06,2021,00,00*6B
2021-06-15 14:16:48Z, 6eda8203-a249-e411-b0cc-f8bc1246af59, $GPZDA,141649.00,15,06,2021,00,00*6A
2021-06-15 14:16:49Z, 6eda8203-a249-e411-b0cc-f8bc1246af59, $GPZDA,141650.00,15,06,2021,00,00*62
2021-06-15 14:16:50Z, 6eda8203-a249-e411-b0cc-f8bc1246af59, $GPZDA,141651.00,15,06,2021,00,00*63
2021-06-15 14:16:51Z, 6eda8203-a249-e411-b0cc-f8bc1246af59, $GPZDA,141652.00,15,06,2021,00,00*60
2021-06-15 14:16:52Z, 6eda8203-a249-e411-b0cc-f8bc1246af59, $GPZDA,141653.00,15,06,2021,00,00*61
2021-06-15 14:16:53Z, 6eda8203-a249-e411-b0cc-f8bc1246af59, $GPZDA,141654.00,15,06,2021,00,00*66
2021-06-15 14:16:54Z, 6eda8203-a249-e411-b0cc-f8bc1246af59, $GPZDA,141655.00,15,06,2021,00,00*67
2021-06-15 14:16:55Z, 6eda8203-a249-e411-b0cc-f8bc1246af59, $GPZDA,141656.00,15,06,2021,00,00*64
2021-06-15 14:16:56Z, 6eda8203-a249-e411-b0cc-f8bc1246af59, $GPZDA,141657.00,15,06,2021,00,00*65
2021-06-15 14:16:57Z, 6eda8203-a249-e411-b0cc-f8bc1246af59, $GPZDA,141658.00,15,06,2021,00,00*6A
2021-06-15 14:16:58Z, 6eda8203-a249-e411-b0cc-f8bc1246af59, $GPZDA,141659.00,15,06,2021,00,00*6B
2021-06-15 14:16:59Z, 6eda8203-a249-e411-b0cc-f8bc1246af59, $GPZDA,141700.00,15,06,2021,00,00*66
2021-06-15 14:17:00Z, 6eda8203-a249-e411-b0cc-f8bc1246af59, $GPZDA,141701.00,15,06,2021,00,00*67
2021-06-15 14:17:01Z, 6eda8203-a249-e411-b0cc-f8bc1246af59, $GPZDA,141702.00,15,06,2021,00,00*64
2021-06-15 14:17:02Z, 6eda8203-a249-e411-b0cc-f8bc1246af59, $GPZDA,141703.00,15,06,2021,00,00*65
2021-06-15 14:17:03Z, 6eda8203-a249-e411-b0cc-f8bc1246af59, $GPZDA,141704.00,15,06,2021,00,00*62
2021-06-15 14:17:04Z, 6eda8203-a249-e411-b0cc-f8bc1246af59, $GPZDA,141705.00,15,06,2021,00,00*63
2021-06-15 14:17:05Z, 6eda8203-a249-e411-b0cc-f8bc1246af59, $GPZDA,141706.00,15,06,2021,00,00*60
2021-06-15 14:17:06Z, 6eda8203-a249-e411-b0cc-f8bc1246af59, $GPZDA,141707.00,15,06,2021,00,00*61
2021-06-15 14:17:07Z, 6eda8203-a249-e411-b0cc-f8bc1246af59, $GPZDA,141708.00,15,06,2021,00,00*6E
2021-06-15 14:17:08Z, 6eda8203-a249-e411-b0cc-f8bc1246af59, $GPZDA,141709.00,15,06,2021,00,00*6F
2021-06-15 14:17:09Z, 6eda8203-a249-e411-b0cc-f8bc1246af59, $GPZDA,141710.00,15,06,2021,00,00*67
2021-06-15 14:17:10Z, 6eda8203-a249-e411-b0cc-f8bc1246af59, $GPZDA,141711.00,15,06,2021,00,00*66
2021-06-15 14:17:12Z, 6eda8203-a249-e411-b0cc-f8bc1246af59, $GPZDA,141712.00,15,06,2021,00,00*65
2021-06-15 14:17:13Z, 6eda8203-a249-e411-b0cc-f8bc1246af59, $GPZDA,141713.00,15,06,2021,00,00*64
2021-06-15 14:17:14Z, 6eda8203-a249-e411-b0cc-f8bc1246af59, $GPZDA,141714.00,15,06,2021,00,00*63
2021-06-15 14:17:15Z, 6eda8203-a249-e411-b0cc-f8bc1246af59, $GPZDA,141715.00,15,06,2021,00,00*62
2021-06-15 14:17:16Z, 6eda8203-a249-e411-b0cc-f8bc1246af59, $GPZDA,141716.00,15,06,2021,00,00*61
2021-06-15 14:17:17Z, 6eda8203-a249-e411-b0cc-f8bc1246af59, $GPZDA,141717.00,15,06,2021,00,00*60
2021-06-15 14:17:18Z, 6eda8203-a249-e411-b0cc-f8bc1246af59, $GPZDA,141718.00,15,06,2021,00,00*6F
2021-06-15 14:17:19Z, 6eda8203-a249-e411-b0cc-f8bc1246af59, $GPZDA,141719.00,15,06,2021,00,00*6E
2021-06-15 14:17:20Z, 6eda8203-a249-e411-b0cc-f8bc1246af59, $GPZDA,141720.00,15,06,2021,00,00*64
2021-06-15 14:17:20Z, 6eda8203-a249-e411-b0cc-f8bc1246af59, $GPZDA,141721.00,15,06,2021,00,00*65
2021-06-15 14:17:21Z, 6eda8203-a249-e411-b0cc-f8bc1246af59, $GPZDA,141722.00,15,06,2021,00,00*66
2021-06-15 14:17:23Z, 6eda8203-a249-e411-b0cc-f8bc1246af59, $GPZDA,141723.00,15,06,2021,00,00*67
2021-06-15 14:17:24Z, 6eda8203-a249-e411-b0cc-f8bc1246af59, $GPZDA,141724.00,15,06,2021,00,00*60
2021-06-15 14:17:25Z, 6eda8203-a249-e411-b0cc-f8bc1246af59, $GPZDA,141725.00,15,06,2021,00,00*61
2021-06-15 14:17:26Z, 6eda8203-a249-e411-b0cc-f8bc1246af59, $GPZDA,141726.00,15,06,2021,00,00*62
2021-06-15 14:17:27Z, 6eda8203-a249-e411-b0cc-f8bc1246af59, $GPZDA,141727.00,15,06,2021,00,00*63
2021-06-15 14:17:28Z, 6eda8203-a249-e411-b0cc-f8bc1246af59, $GPZDA,141728.00,15,06,2021,00,00*6C
2021-06-15 14:17:29Z, 6eda8203-a249-e411-b0cc-f8bc1246af59, $GPZDA,141729.00,15,06,2021,00,00*6D
2021-06-15 14:17:30Z, 6eda8203-a249-e411-b0cc-f8bc1246af59, $GPZDA,141730.00,15,06,2021,00,00*65
2021-06-15 14:17:31Z, 6eda8203-a249-e411-b0cc-f8bc1246af59, $GPZDA,141731.00,15,06,2021,00,00*64
2021-06-15 14:17:32Z, 6eda8203-a249-e411-b0cc-f8bc1246af59, $GPZDA,141732.00,15,06,2021,00,00*67
2021-06-15 14:17:33Z, 6eda8203-a249-e411-b0cc-f8bc1246af59, $GPZDA,141733.00,15,06,2021,00,00*66
2021-06-15 14:17:34Z, 6eda8203-a249-e411-b0cc-f8bc1246af59, $GPZDA,141734.00,15,06,2021,00,00*61
2021-06-15 14:17:35Z, 6eda8203-a249-e411-b0cc-f8bc1246af59, $GPZDA,141735.00,15,06,2021,00,00*60
2021-06-15 14:17:36Z, 6eda8203-a249-e411-b0cc-f8bc1246af59, $GPZDA,141736.00,15,06,2021,00,00*63
2021-06-15 14:17:37Z, 6eda8203-a249-e411-b0cc-f8bc1246af59, $GPZDA,141737.00,15,06,2021,00,00*62
2021-06-15 14:17:38Z, 6eda8203-a249-e411-b0cc-f8bc1246af59, $GPZDA,141738.00,15,06,2021,00,00*6D
2021-06-15 14:17:39Z, 6eda8203-a249-e411-b0cc-f8bc1246af59, $GPZDA,141739.00,15,06,2021,00,00*6C
2021-06-15 14:17:40Z, 6eda8203-a249-e411-b0cc-f8bc1246af59, $GPZDA,141740.00,15,06,2021,00,00*62
2021-06-15 14:17:40Z, 6eda8203-a249-e411-b0cc-f8bc1246af59, $GPZDA,141741.00,15,06,2021,00,00*63
2021-06-15 14:17:42Z, 6eda8203-a249-e411-b0cc-f8bc1246af59, $GPZDA,141742.00,15,06,2021,00,00*60
2021-06-15 14:17:43Z, 6eda8203-a249-e411-b0cc-f8bc1246af59, $GPZDA,141743.00,15,06,2021,00,00*61
2021-06-15 14:17:44Z, 6eda8203-a249-e411-b0cc-f8bc1246af59, $GPZDA,141744.00,15,06,2021,00,00*66
2021-06-15 14:17:45Z, 6eda8203-a249-e411-b0cc-f8bc1246af59, $GPZDA,141745.00,15,06,2021,00,00*67
2021-06-15 14:17:46Z, 6eda8203-a249-e411-b0cc-f8bc1246af59, $GPZDA,141746.00,15,06,2021,00,00*64
2021-06-15 14:17:47Z, 6eda8203-a249-e411-b0cc-f8bc1246af59, $GPZDA,141747.00,15,06,2021,00,00*65
2021-06-15 14:17:48Z, 6eda8203-a249-e411-b0cc-f8bc1246af59, $GPZDA,141748.00,15,06,2021,00,00*6A
2021-06-15 14:17:49Z, 6eda8203-a249-e411-b0cc-f8bc1246af59, $GPZDA,141749.00,15,06,2021,00,00*6B
2021-06-15 14:17:50Z, 6eda8203-a249-e411-b0cc-f8bc1246af59, $GPZDA,141750.00,15,06,2021,00,00*63
2021-06-15 14:17:51Z, 6eda8203-a249-e411-b0cc-f8bc1246af59, $GPZDA,141751.00,15,06,2021,00,00*62
2021-06-15 14:17:52Z, 6eda8203-a249-e411-b0cc-f8bc1246af59, $GPZDA,141752.00,15,06,2021,00,00*61
2021-06-15 14:17:53Z, 6eda8203-a249-e411-b0cc-f8bc1246af59, $GPZDA,141753.00,15,06,2021,00,00*60
2021-06-15 14:17:54Z, 6eda8203-a249-e411-b0cc-f8bc1246af59, $GPZDA,141754.00,15,06,2021,00,00*67
2021-06-15 14:17:54Z, 6eda8203-a249-e411-b0cc-f8bc1246af59, $GPZDA,141755.00,15,06,2021,00,00*66
2021-06-15 14:17:55Z, 6eda8203-a249-e411-b0cc-f8bc1246af59, $GPZDA,141756.00,15,06,2021,00,00*65
2021-06-15 14:17:56Z, 6eda8203-a249-e411-b0cc-f8bc1246af59, $GPZDA,141757.00,15,06,2021,00,00*64
2021-06-15 14:17:57Z, 6eda8203-a249-e411-b0cc-f8bc1246af59, $GPZDA,141758.00,15,06,2021,00,00*6B
2021-06-15 14:17:58Z, 6eda8203-a249-e411-b0cc-f8bc1246af59, $GPZDA,141759.00,15,06,2021,00,00*6A
2021-06-15 14:17:59Z, 6eda8203-a249-e411-b0cc-f8bc1246af59, $GPZDA,141800.00,15,06,2021,00,00*69
2021-06-15 14:18:00Z, 6eda8203-a249-e411-b0cc-f8bc1246af59, $GPZDA,141801.00,15,06,2021,00,00*68
2021-06-15 14:18:01Z, 6eda8203-a249-e411-b0cc-f8bc1246af59, $GPZDA,141802.00,15,06,2021,00,00*6B
2021-06-15 14:18:02Z, 6eda8203-a249-e411-b0cc-f8bc1246af59, $GPZDA,141803.00,15,06,2021,00,00*6A
2021-06-15 14:18:03Z, 6eda8203-a249-e411-b0cc-f8bc1246af59, $GPZDA,141804.00,15,06,2021,00,00*6D
2021-06-15 14:18:04Z, 6eda8203-a249-e411-b0cc-f8bc1246af59, $GPZDA,141805.00,15,06,2021,00,00*6C
2021-06-15 14:18:05Z, 6eda8203-a249-e411-b0cc-f8bc1246af59, $GPZDA,141806.00,15,06,2021,00,00*6F
2021-06-15 14:18:06Z, 6eda8203-a249-e411-b0cc-f8bc1246af59, $GPZDA,141807.00,15,06,2021,00,00*6E
2021-06-15 14:18:07Z, 6eda8203-a249-e411-b0cc-f8bc1246af59, $GPZDA,141808.00,15,06,2021,00,00*61
2021-06-15 14:18:08Z, 6eda8203-a249-e411-b0cc-f8bc1246af59, $GPZDA,141809.00,15,06,2021,00,00*60
2021-06-15 14:18:09Z, 6eda8203-a249-e411-b0cc-f8bc1246af59, $GPZDA,141810.00,15,06,2021,00,00*68
2021-06-15 14:18:10Z, 6eda8203-a249-e411-b0cc-f8bc1246af59, $GPZDA,141811.00,15,06,2021,00,00*69
2021-06-15 14:18:11Z, 6eda8203-a249-e411-b0cc-f8bc1246af59, $GPZDA,141812.00,15,06,2021,00,00*6A
2021-06-15 14:18:12Z, 6eda8203-a249-e411-b0cc-f8bc1246af59, $GPZDA,141813.00,15,06,2021,00,00*6B
2021-06-15 14:18:13Z, 6eda8203-a249-e411-b0cc-f8bc1246af59, $GPZDA,141814.00,15,06,2021,00,00*6C
2021-06-15 14:18:14Z, 6eda8203-a249-e411-b0cc-f8bc1246af59, $GPZDA,141815.00,15,06,2021,00,00*6D
2021-06-15 14:18:15Z, 6eda8203-a249-e411-b0cc-f8bc1246af59, $GPZDA,141816.00,15,06,2021,00,00*6E
2021-06-15 14:18:16Z, 6eda8203-a249-e411-b0cc-f8bc1246af59, $GPZDA,141817.00,15,06,2021,00,00*6F
2021-06-15 14:18:17Z, 6eda8203-a249-e411-b0cc-f8bc1246af59, $GPZDA,141818.00,15,06,2021,00,00*60
2021-06-15 14:18:18Z, 6eda8203-a249-e411-b0cc-f8bc1246af59, $GPZDA,141819.00,15,06,2021,00,00*61
2021-06-15 14:18:19Z, 6eda8203-a249-e411-b0cc-f8bc1246af59, $GPZDA,141820.00,15,06,2021,00,00*6B
2021-06-15 14:18:20Z, 6eda8203-a249-e411-b0cc-f8bc1246af59, $GPZDA,141821.00,15,06,2021,00,00*6A
2021-06-15 14:18:21Z, 6eda8203-a249-e411-b0cc-f8bc1246af59, $GPZDA,141822.00,15,06,2021,00,00*69
2021-06-15 14:18:22Z, 6eda8203-a249-e411-b0cc-f8bc1246af59, $GPZDA,141823.00,15,06,2021,00,00*68
2021-06-15 14:18:23Z, 6eda8203-a249-e411-b0cc-f8bc1246af59, $GPZDA,141824.00,15,06,2021,00,00*6F
2021-06-15 14:18:24Z, 6eda8203-a249-e411-b0cc-f8bc1246af59, $GPZDA,141825.00,15,06,2021,00,00*6E
2021-06-15 14:18:25Z, 6eda8203-a249-e411-b0cc-f8bc1246af59, $GPZDA,141826.00,15,06,2021,00,00*6D
2021-06-15 14:18:26Z, 6eda8203-a249-e411-b0cc-f8bc1246af59, $GPZDA,141827.00,15,06,2021,00,00*6C
2021-06-15 14:18:27Z, 6eda8203-a249-e411-b0cc-f8bc1246af59, $GPZDA,141828.00,15,06,2021,00,00*63
2021-06-15 14:18:28Z, 6eda8203-a249-e411-b0cc-f8bc1246af59, $GPZDA,141829.00,15,06,2021,00,00*62
2021-06-15 14:18:29Z, 6eda8203-a249-e411-b0cc-f8bc1246af59, $GPZDA,141830.00,15,06,2021,00,00*6A
2021-06-15 14:18:30Z, 6eda8203-a249-e411-b0cc-f8bc1246af59, $GPZDA,141831.00,15,06,2021,00,00*6B
2021-06-15 14:18:31Z, 6eda8203-a249-e411-b0cc-f8bc1246af59, $GPZDA,141832.00,15,06,2021,00,00*68
2021-06-15 14:18:32Z, 6eda8203-a249-e411-b0cc-f8bc1246af59, $GPZDA,141833.00,15,06,2021,00,00*69
2021-06-15 14:18:33Z, 6eda8203-a249-e411-b0cc-f8bc1246af59, $GPZDA,141834.00,15,06,2021,00,00*6E
2021-06-15 14:18:34Z, 6eda8203-a249-e411-b0cc-f8bc1246af59, $GPZDA,141835.00,15,06,2021,00,00*6F
2021-06-15 14:18:35Z, 6eda8203-a249-e411-b0cc-f8bc1246af59, $GPZDA,141836.00,15,06,2021,00,00*6C
2021-06-15 14:18:36Z, 6eda8203-a249-e411-b0cc-f8bc1246af59, $GPZDA,141837.00,15,06,2021,00,00*6D
2021-06-15 14:18:37Z, 6eda8203-a249-e411-b0cc-f8bc1246af59, $GPZDA,141838.00,15,06,2021,00,00*62
2021-06-15 14:18:38Z, 6eda8203-a249-e411-b0cc-f8bc1246af59, $GPZDA,141839.00,15,06,2021,00,00*63
2021-06-15 14:18:39Z, 6eda8203-a249-e411-b0cc-f8bc1246af59, $GPZDA,141840.00,15,06,2021,00,00*6D
2021-06-15 14:18:40Z, 6eda8203-a249-e411-b0cc-f8bc1246af59, $GPZDA,141841.00,15,06,2021,00,00*6C
2021-06-15 14:18:41Z, 6eda8203-a249-e411-b0cc-f8bc1246af59, $GPZDA,141842.00,15,06,2021,00,00*6F
2021-06-15 14:18:42Z, 6eda8203-a249-e411-b0cc-f8bc1246af59, $GPZDA,141843.00,15,06,2021,00,00*6E
2021-06-15 14:18:43Z, 6eda8203-a249-e411-b0cc-f8bc1246af59, $GPZDA,141844.00,15,06,2021,00,00*69
2021-06-15 14:18:44Z, 6eda8203-a249-e411-b0cc-f8bc1246af59, $GPZDA,141845.00,15,06,2021,00,00*68
2021-06-15 14:18:45Z, 6eda8203-a249-e411-b0cc-f8bc1246af59, $GPZDA,141846.00,15,06,2021,00,00*6B
2021-06-15 14:18:46Z, 6eda8203-a249-e411-b0cc-f8bc1246af59, $GPZDA,141847.00,15,06,2021,00,00*6A
2021-06-15 14:18:47Z, 6eda8203-a249-e411-b0cc-f8bc1246af59, $GPZDA,141848.00,15,06,2021,00,00*65
2021-06-15 14:18:48Z, 6eda8203-a249-e411-b0cc-f8bc1246af59, $GPZDA,141849.00,15,06,2021,00,00*64
2021-06-15 14:18:49Z, 6eda8203-a249-e411-b0cc-f8bc1246af59, $GPZDA,141850.00,15,06,2021,00,00*6C
2021-06-15 14:18:50Z, 6eda8203-a249-e411-b0cc-f8bc1246af59, $GPZDA,141851.00,15,06,2021,00,00*6D
2021-06-15 14:18:51Z, 6eda8203-a249-e411-b0cc-f8bc1246af59, $GPZDA,141852.00,15,06,2021,00,00*6E
2021-06-15 14:18:52Z, 6eda8203-a249-e411-b0cc-f8bc1246af59, $GPZDA,141853.00,15,06,2021,00,00*6F
2021-06-15 14:18:53Z, 6eda8203-a249-e411-b0cc-f8bc1246af59, $GPZDA,141854.00,15,06,2021,00,00*68
2021-06-15 14:18:54Z, 6eda8203-a249-e411-b0cc-f8bc1246af59, $GPZDA,141855.00,15,06,2021,00,00*69
2021-06-15 14:18:55Z, 6eda8203-a249-e411-b0cc-f8bc1246af59, $GPZDA,141856.00,15,06,2021,00,00*6A
2021-06-15 14:18:56Z, 6eda8203-a249-e411-b0cc-f8bc1246af59, $GPZDA,141857.00,15,06,2021,00,00*6B
2021-06-15 14:18:57Z, 6eda8203-a249-e411-b0cc-f8bc1246af59, $GPZDA,141858.00,15,06,2021,00,00*64
2021-06-15 14:18:58Z, 6eda8203-a249-e411-b0cc-f8bc1246af59, $GPZDA,141859.00,15,06,2021,00,00*65
2021-06-15 14:18:59Z, 6eda8203-a249-e411-b0cc-f8bc1246af59, $GPZDA,141900.00,15,06,2021,00,00*68
2021-06-15 14:19:00Z, 6eda8203-a249-e411-b0cc-f8bc1246af59, $GPZDA,141901.00,15,06,2021,00,00*69
2021-06-15 14:19:01Z, 6eda8203-a249-e411-b0cc-f8bc1246af59, $GPZDA,141902.00,15,06,2021,00,00*6A
2021-06-15 14:19:02Z, 6eda8203-a249-e411-b0cc-f8bc1246af59, $GPZDA,141903.00,15,06,2021,00,00*6B
2021-06-15 14:19:03Z, 6eda8203-a249-e411-b0cc-f8bc1246af59, $GPZDA,141904.00,15,06,2021,00,00*6C
2021-06-15 14:19:04Z, 6eda8203-a249-e411-b0cc-f8bc1246af59, $GPZDA,141905.00,15,06,2021,00,00*6D
2021-06-15 14:19:05Z, 6eda8203-a249-e411-b0cc-f8bc1246af59, $GPZDA,141906.00,15,06,2021,00,00*6E
2021-06-15 14:19:06Z, 6eda8203-a249-e411-b0cc-f8bc1246af59, $GPZDA,141907.00,15,06,2021,00,00*6F
2021-06-15 14:19:07Z, 6eda8203-a249-e411-b0cc-f8bc1246af59, $GPZDA,141908.00,15,06,2021,00,00*60
2021-06-15 14:19:08Z, 6eda8203-a249-e411-b0cc-f8bc1246af59, $GPZDA,141909.00,15,06,2021,00,00*61
2021-06-15 14:19:09Z, 6eda8203-a249-e411-b0cc-f8bc1246af59, $GPZDA,141910.00,15,06,2021,00,00*69
2021-06-15 14:19:10Z, 6eda8203-a249-e411-b0cc-f8bc1246af59, $GPZDA,141911.00,15,06,2021,00,00*68
2021-06-15 14:19:11Z, 6eda8203-a249-e411-b0cc-f8bc1246af59, $GPZDA,141912.00,15,06,2021,00,00*6B
2021-06-15 14:19:12Z, 6eda8203-a249-e411-b0cc-f8bc1246af59, $GPZDA,141913.00,15,06,2021,00,00*6A
2021-06-15 14:19:13Z, 6eda8203-a249-e411-b0cc-f8bc1246af59, $GPZDA,141914.00,15,06,2021,00,00*6D
2021-06-15 14:19:14Z, 6eda8203-a249-e411-b0cc-f8bc1246af59, $GPZDA,141915.00,15,06,2021,00,00*6C
2021-06-15 14:19:15Z, 6eda8203-a249-e411-b0cc-f8bc1246af59, $GPZDA,141916.00,15,06,2021,00,00*6F
2021-06-15 14:19:17Z, 6eda8203-a249-e411-b0cc-f8bc1246af59, $GPZDA,141917.00,15,06,2021,00,00*6E
2021-06-15 14:19:18Z, 6eda8203-a249-e411-b0cc-f8bc1246af59, $GPZDA,141918.00,15,06,2021,00,00*61
2021-06-15 14:19:19Z, 6eda8203-a249-e411-b0cc-f8bc1246af59, $GPZDA,141919.00,15,06,2021,00,00*60
2021-06-15 14:19:20Z, 6eda8203-a249-e411-b0cc-f8bc1246af59, $GPZDA,141920.00,15,06,2021,00,00*6A
2021-06-15 14:19:21Z, 6eda8203-a249-e411-b0cc-f8bc1246af59, $GPZDA,141921.00,15,06,2021,00,00*6B
2021-06-15 14:19:22Z, 6eda8203-a249-e411-b0cc-f8bc1246af59, $GPZDA,141922.00,15,06,2021,00,00*68
2021-06-15 14:19:23Z, 6eda8203-a249-e411-b0cc-f8bc1246af59, $GPZDA,141923.00,15,06,2021,00,00*69
2021-06-15 14:19:24Z, 6eda8203-a249-e411-b0cc-f8bc1246af59, $GPZDA,141924.00,15,06,2021,00,00*6E
2021-06-15 14:19:24Z, 6eda8203-a249-e411-b0cc-f8bc1246af59, $GPZDA,141925.00,15,06,2021,00,00*6F
2021-06-15 14:19:25Z, 6eda8203-a249-e411-b0cc-f8bc1246af59, $GPZDA,141926.00,15,06,2021,00,00*6C
2021-06-15 14:19:27Z, 6eda8203-a249-e411-b0cc-f8bc1246af59, $GPZDA,141927.00,15,06,2021,00,00*6D
2021-06-15 14:19:28Z, 6eda8203-a249-e411-b0cc-f8bc1246af59, $GPZDA,141928.00,15,06,2021,00,00*62
2021-06-15 14:19:29Z, 6eda8203-a249-e411-b0cc-f8bc1246af59, $GPZDA,141929.00,15,06,2021,00,00*63
2021-06-15 14:19:30Z, 6eda8203-a249-e411-b0cc-f8bc1246af59, $GPZDA,141930.00,15,06,2021,00,00*6B
2021-06-15 14:19:31Z, 6eda8203-a249-e411-b0cc-f8bc1246af59, $GPZDA,141931.00,15,06,2021,00,00*6A
2021-06-15 14:19:32Z, 6eda8203-a249-e411-b0cc-f8bc1246af59, $GPZDA,141932.00,15,06,2021,00,00*69
2021-06-15 14:19:33Z, 6eda8203-a249-e411-b0cc-f8bc1246af59, $GPZDA,141933.00,15,06,2021,00,00*68
2021-06-15 14:19:34Z, 6eda8203-a249-e411-b0cc-f8bc1246af59, $GPZDA,141934.00,15,06,2021,00,00*6F
2021-06-15 14:19:35Z, 6eda8203-a249-e411-b0cc-f8bc1246af59, $GPZDA,141935.00,15,06,2021,00,00*6E
2021-06-15 14:19:36Z, 6eda8203-a249-e411-b0cc-f8bc1246af59, $GPZDA,141936.00,15,06,2021,00,00*6D
2021-06-15 14:19:36Z, 6eda8203-a249-e411-b0cc-f8bc1246af59, $GPZDA,141937.00,15,06,2021,00,00*6C
2021-06-15 14:19:37Z, 6eda8203-a249-e411-b0cc-f8bc1246af59, $GPZDA,141938.00,15,06,2021,00,00*63
2021-06-15 14:19:38Z, 6eda8203-a249-e411-b0cc-f8bc1246af59, $GPZDA,141939.00,15,06,2021,00,00*62
2021-06-15 14:19:39Z, 6eda8203-a249-e411-b0cc-f8bc1246af59, $GPZDA,141940.00,15,06,2021,00,00*6C
2021-06-15 14:19:40Z, 6eda8203-a249-e411-b0cc-f8bc1246af59, $GPZDA,141941.00,15,06,2021,00,00*6D
2021-06-15 14:19:41Z, 6eda8203-a249-e411-b0cc-f8bc1246af59, $GPZDA,141942.00,15,06,2021,00,00*6E
2021-06-15 14:19:42Z, 6eda8203-a249-e411-b0cc-f8bc1246af59, $GPZDA,141943.00,15,06,2021,00,00*6F
2021-06-15 14:19:43Z, 6eda8203-a249-e411-b0cc-f8bc1246af59, $GPZDA,141944.00,15,06,2021,00,00*68
2021-06-15 14:19:44Z, 6eda8203-a249-e411-b0cc-f8bc1246af59, $GPZDA,141945.00,15,06,2021,00,00*69
2021-06-15 14:19:45Z, 6eda8203-a249-e411-b0cc-f8bc1246af59, $GPZDA,141946.00,15,06,2021,00,00*6A
2021-06-15 14:19:46Z, 6eda8203-a249-e411-b0cc-f8bc1246af59, $GPZDA,141947.00,15,06,2021,00,00*6B
2021-06-15 14:19:47Z, 6eda8203-a249-e411-b0cc-f8bc1246af59, $GPZDA,141948.00,15,06,2021,00,00*64
2021-06-15 14:19:48Z, 6eda8203-a249-e411-b0cc-f8bc1246af59, $GPZDA,141949.00,15,06,2021,00,00*65
2021-06-15 14:19:49Z, 6eda8203-a249-e411-b0cc-f8bc1246af59, $GPZDA,141950.00,15,06,2021,00,00*6D
2021-06-15 14:19:50Z, 6eda8203-a249-e411-b0cc-f8bc1246af59, $GPZDA,141951.00,15,06,2021,00,00*6C
2021-06-15 14:19:51Z, 6eda8203-a249-e411-b0cc-f8bc1246af59, $GPZDA,141952.00,15,06,2021,00,00*6F
2021-06-15 14:19:52Z, 6eda8203-a249-e411-b0cc-f8bc1246af59, $GPZDA,141953.00,15,06,2021,00,00*6E
2021-06-15 14:19:53Z, 6eda8203-a249-e411-b0cc-f8bc1246af59, $GPZDA,141954.00,15,06,2021,00,00*69
2021-06-15 14:19:54Z, 6eda8203-a249-e411-b0cc-f8bc1246af59, $GPZDA,141955.00,15,06,2021,00,00*68
2021-06-15 14:19:55Z, 6eda8203-a249-e411-b0cc-f8bc1246af59, $GPZDA,141956.00,15,06,2021,00,00*6B
2021-06-15 14:19:56Z, 6eda8203-a249-e411-b0cc-f8bc1246af59, $GPZDA,141957.00,15,06,2021,00,00*6A
2021-06-15 14:19:57Z, 6eda8203-a249-e411-b0cc-f8bc1246af59, $GPZDA,141958.00,15,06,2021,00,00*65
2021-06-15 14:19:58Z, 6eda8203-a249-e411-b0cc-f8bc1246af59, $GPZDA,141959.00,15,06,2021,00,00*64
2021-06-15 14:19:59Z, 6eda8203-a249-e411-b0cc-f8bc1246af59, $GPZDA,142000.00,15,06,2021,00,00*62
2021-06-15 14:20:00Z, 6eda8203-a249-e411-b0cc-f8bc1246af59, $GPZDA,142001.00,15,06,2021,00,00*63
2021-06-15 14:20:01Z, 6eda8203-a249-e411-b0cc-f8bc1246af59, $GPZDA,142002.00,15,06,2021,00,00*60
2021-06-15 14:20:02Z, 6eda8203-a249-e411-b0cc-f8bc1246af59, $GPZDA,142003.00,15,06,2021,00,00*61
2021-06-15 14:20:03Z, 6eda8203-a249-e411-b0cc-f8bc1246af59, $GPZDA,142004.00,15,06,2021,00,00*66
2021-06-15 14:20:04Z, 6eda8203-a249-e411-b0cc-f8bc1246af59, $GPZDA,142005.00,15,06,2021,00,00*67
2021-06-15 14:20:05Z, 6eda8203-a249-e411-b0cc-f8bc1246af59, $GPZDA,142006.00,15,06,2021,00,00*64
2021-06-15 14:20:06Z, 6eda8203-a249-e411-b0cc-f8bc1246af59, $GPZDA,142007.00,15,06,2021,00,00*65
2021-06-15 14:20:07Z, 6eda8203-a249-e411-b0cc-f8bc1246af59, $GPZDA,142008.00,15,06,2021,00,00*6A
2021-06-15 14:20:08Z, 6eda8203-a249-e411-b0cc-f8bc1246af59, $GPZDA,142009.00,15,06,2021,00,00*6B
2021-06-15 14:20:09Z, 6eda8203-a249-e411-b0cc-f8bc1246af59, $GPZDA,142010.00,15,06,2021,00,00*63
2021-06-15 14:20:10Z, 6eda8203-a249-e411-b0cc-f8bc1246af59, $GPZDA,142011.00,15,06,2021,00,00*62
2021-06-15 14:20:11Z, 6eda8203-a249-e411-b0cc-f8bc1246af59, $GPZDA,142012.00,15,06,2021,00,00*61
2021-06-15 14:20:12Z, 6eda8203-a249-e411-b0cc-f8bc1246af59, $GPZDA,142013.00,15,06,2021,00,00*60
2021-06-15 14:20:13Z, 6eda8203-a249-e411-b0cc-f8bc1246af59, $GPZDA,142014.00,15,06,2021,00,00*67
2021-06-15 14:20:14Z, 6eda8203-a249-e411-b0cc-f8bc1246af59, $GPZDA,142015.00,15,06,2021,00,00*66
2021-06-15 14:20:15Z, 6eda8203-a249-e411-b0cc-f8bc1246af59, $GPZDA,142016.00,15,06,2021,00,00*65
2021-06-15 14:20:16Z, 6eda8203-a249-e411-b0cc-f8bc1246af59, $GPZDA,142017.00,15,06,2021,00,00*64
2021-06-15 14:20:17Z, 6eda8203-a249-e411-b0cc-f8bc1246af59, $GPZDA,142018.00,15,06,2021,00,00*6B
2021-06-15 14:20:18Z, 6eda8203-a249-e411-b0cc-f8bc1246af59, $GPZDA,142019.00,15,06,2021,00,00*6A
2021-06-15 14:20:19Z, 6eda8203-a249-e411-b0cc-f8bc1246af59, $GPZDA,142020.00,15,06,2021,00,00*60
2021-06-15 14:20:20Z, 6eda8203-a249-e411-b0cc-f8bc1246af59, $GPZDA,142021.00,15,06,2021,00,00*61
2021-06-15 14:20:21Z, 6eda8203-a249-e411-b0cc-f8bc1246af59, $GPZDA,142022.00,15,06,2021,00,00*62
2021-06-15 14:20:22Z, 6eda8203-a249-e411-b0cc-f8bc1246af59, $GPZDA,142023.00,15,06,2021,00,00*63
2021-06-15 14:20:23Z, 6eda8203-a249-e411-b0cc-f8bc1246af59, $GPZDA,142024.00,15,06,2021,00,00*64
2021-06-15 14:20:24Z, 6eda8203-a249-e411-b0cc-f8bc1246af59, $GPZDA,142025.00,15,06,2021,00,00*65
2021-06-15 14:20:25Z, 6eda8203-a249-e411-b0cc-f8bc1246af59, $GPZDA,142026.00,15,06,2021,00,00*66
2021-06-15 14:20:26Z, 6eda8203-a249-e411-b0cc-f8bc1246af59, $GPZDA,142027.00,15,06,2021,00,00*67
2021-06-15 14:20:27Z, 6eda8203-a249-e411-b0cc-f8bc1246af59, $GPZDA,142028.00,15,06,2021,00,00*68
2021-06-15 14:20:28Z, 6eda8203-a249-e411-b0cc-f8bc1246af59, $GPZDA,142029.00,15,06,2021,00,00*69
2021-06-15 14:20:29Z, 6eda8203-a249-e411-b0cc-f8bc1246af59, $GPZDA,142030.00,15,06,2021,00,00*61
2021-06-15 14:20:30Z, 6eda8203-a249-e411-b0cc-f8bc1246af59, $GPZDA,142031.00,15,06,2021,00,00*60
2021-06-15 14:20:31Z, 6eda8203-a249-e411-b0cc-f8bc1246af59, $GPZDA,142032.00,15,06,2021,00,00*63
2021-06-15 14:20:32Z, 6eda8203-a249-e411-b0cc-f8bc1246af59, $GPZDA,142033.00,15,06,2021,00,00*62
2021-06-15 14:20:33Z, 6eda8203-a249-e411-b0cc-f8bc1246af59, $GPZDA,142034.00,15,06,2021,00,00*65
2021-06-15 14:20:34Z, 6eda8203-a249-e411-b0cc-f8bc1246af59, $GPZDA,142035.00,15,06,2021,00,00*64
2021-06-15 14:20:35Z, 6eda8203-a249-e411-b0cc-f8bc1246af59, $GPZDA,142036.00,15,06,2021,00,00*67
2021-06-15 14:20:36Z, 6eda8203-a249-e411-b0cc-f8bc1246af59, $GPZDA,142037.00,15,06,2021,00,00*66
2021-06-15 14:20:37Z, 6eda8203-a249-e411-b0cc-f8bc1246af59, $GPZDA,142038.00,15,06,2021,00,00*69
2021-06-15 14:20:38Z, 6eda8203-a249-e411-b0cc-f8bc1246af59, $GPZDA,142039.00,15,06,2021,00,00*68
2021-06-15 14:20:39Z, 6eda8203-a249-e411-b0cc-f8bc1246af59, $GPZDA,142040.00,15,06,2021,00,00*66
2021-06-15 14:20:40Z, 6eda8203-a249-e411-b0cc-f8bc1246af59, $GPZDA,142041.00,15,06,2021,00,00*67
2021-06-15 14:20:41Z, 6eda8203-a249-e411-b0cc-f8bc1246af59, $GPZDA,142042.00,15,06,2021,00,00*64
2021-06-15 14:20:42Z, 6eda8203-a249-e411-b0cc-f8bc1246af59, $GPZDA,142043.00,15,06,2021,00,00*65
2021-06-15 14:20:43Z, 6eda8203-a249-e411-b0cc-f8bc1246af59, $GPZDA,142044.00,15,06,2021,00,00*62
2021-06-15 14:20:44Z, 6eda8203-a249-e411-b0cc-f8bc1246af59, $GPZDA,142045.00,15,06,2021,00,00*63
2021-06-15 14:20:45Z, 6eda8203-a249-e411-b0cc-f8bc1246af59, $GPZDA,142046.00,15,06,2021,00,00*60
2021-06-15 14:20:46Z, 6eda8203-a249-e411-b0cc-f8bc1246af59, $GPZDA,142047.00,15,06,2021,00,00*61
2021-06-15 14:20:47Z, 6eda8203-a249-e411-b0cc-f8bc1246af59, $GPZDA,142048.00,15,06,2021,00,00*6E
2021-06-15 14:20:48Z, 6eda8203-a249-e411-b0cc-f8bc1246af59, $GPZDA,142049.00,15,06,2021,00,00*6F
2021-06-15 14:20:49Z, 6eda8203-a249-e411-b0cc-f8bc1246af59, $GPZDA,142050.00,15,06,2021,00,00*67
2021-06-15 14:20:50Z, 6eda8203-a249-e411-b0cc-f8bc1246af59, $GPZDA,142051.00,15,06,2021,00,00*66
2021-06-15 14:20:51Z, 6eda8203-a249-e411-b0cc-f8bc1246af59, $GPZDA,142052.00,15,06,2021,00,00*65
2021-06-15 14:20:52Z, 6eda8203-a249-e411-b0cc-f8bc1246af59, $GPZDA,142053.00,15,06,2021,00,00*64
2021-06-15 14:20:53Z, 6eda8203-a249-e411-b0cc-f8bc1246af59, $GPZDA,142054.00,15,06,2021,00,00*63
2021-06-15 14:20:54Z, 6eda8203-a249-e411-b0cc-f8bc1246af59, $GPZDA,142055.00,15,06,2021,00,00*62
2021-06-15 14:20:55Z, 6eda8203-a249-e411-b0cc-f8bc1246af59, $GPZDA,142056.00,15,06,2021,00,00*61
2021-06-15 14:20:56Z, 6eda8203-a249-e411-b0cc-f8bc1246af59, $GPZDA,142057.00,15,06,2021,00,00*60
2021-06-15 14:20:57Z, 6eda8203-a249-e411-b0cc-f8bc1246af59, $GPZDA,142058.00,15,06,2021,00,00*6F
2021-06-15 14:20:58Z, 6eda8203-a249-e411-b0cc-f8bc1246af59, $GPZDA,142059.00,15,06,2021,00,00*6E
2021-06-15 14:20:59Z, 6eda8203-a249-e411-b0cc-f8bc1246af59, $GPZDA,142100.00,15,06,2021,00,00*63
2021-06-15 14:21:00Z, 6eda8203-a249-e411-b0cc-f8bc1246af59, $GPZDA,142101.00,15,06,2021,00,00*62
2021-06-15 14:21:01Z, 6eda8203-a249-e411-b0cc-f8bc1246af59, $GPZDA,142102.00,15,06,2021,00,00*61
2021-06-15 14:21:02Z, 6eda8203-a249-e411-b0cc-f8bc1246af59, $GPZDA,142103.00,15,06,2021,00,00*60
2021-06-15 14:21:03Z, 6eda8203-a249-e411-b0cc-f8bc1246af59, $GPZDA,142104.00,15,06,2021,00,00*67
2021-06-15 14:21:04Z, 6eda8203-a249-e411-b0cc-f8bc1246af59, $GPZDA,142105.00,15,06,2021,00,00*66
2021-06-15 14:21:05Z, 6eda8203-a249-e411-b0cc-f8bc1246af59, $GPZDA,142106.00,15,06,2021,00,00*65
2021-06-15 14:21:06Z, 6eda8203-a249-e411-b0cc-f8bc1246af59, $GPZDA,142107.00,15,06,2021,00,00*64
2021-06-15 14:21:07Z, 6eda8203-a249-e411-b0cc-f8bc1246af59, $GPZDA,142108.00,15,06,2021,00,00*6B
2021-06-15 14:21:08Z, 6eda8203-a249-e411-b0cc-f8bc1246af59, $GPZDA,142109.00,15,06,2021,00,00*6A
2021-06-15 14:21:09Z, 6eda8203-a249-e411-b0cc-f8bc1246af59, $GPZDA,142110.00,15,06,2021,00,00*62
2021-06-15 14:21:10Z, 6eda8203-a249-e411-b0cc-f8bc1246af59, $GPZDA,142111.00,15,06,2021,00,00*63
2021-06-15 14:21:11Z, 6eda8203-a249-e411-b0cc-f8bc1246af59, $GPZDA,142112.00,15,06,2021,00,00*60
2021-06-15 14:21:12Z, 6eda8203-a249-e411-b0cc-f8bc1246af59, $GPZDA,142113.00,15,06,2021,00,00*61
2021-06-15 14:21:13Z, 6eda8203-a249-e411-b0cc-f8bc1246af59, $GPZDA,142114.00,15,06,2021,00,00*66
2021-06-15 14:21:14Z, 6eda8203-a249-e411-b0cc-f8bc1246af59, $GPZDA,142115.00,15,06,2021,00,00*67
2021-06-15 14:21:15Z, 6eda8203-a249-e411-b0cc-f8bc1246af59, $GPZDA,142116.00,15,06,2021,00,00*64
2021-06-15 14:21:16Z, 6eda8203-a249-e411-b0cc-f8bc1246af59, $GPZDA,142117.00,15,06,2021,00,00*65
2021-06-15 14:21:17Z, 6eda8203-a249-e411-b0cc-f8bc1246af59, $GPZDA,142118.00,15,06,2021,00,00*6A
2021-06-15 14:21:18Z, 6eda8203-a249-e411-b0cc-f8bc1246af59, $GPZDA,142119.00,15,06,2021,00,00*6B
2021-06-15 14:21:19Z, 6eda8203-a249-e411-b0cc-f8bc1246af59, $GPZDA,142120.00,15,06,2021,00,00*61
2021-06-15 14:21:20Z, 6eda8203-a249-e411-b0cc-f8bc1246af59, $GPZDA,142121.00,15,06,2021,00,00*60
2021-06-15 14:21:23Z, 6eda8203-a249-e411-b0cc-f8bc1246af59, $GPZDA,142122.00,15,06,2021,00,00*63
2021-06-15 14:21:23Z, 6eda8203-a249-e411-b0cc-f8bc1246af59, $GPZDA,142123.00,15,06,2021,00,00*62
2021-06-15 14:21:24Z, 6eda8203-a249-e411-b0cc-f8bc1246af59, $GPZDA,142124.00,15,06,2021,00,00*65
2021-06-15 14:21:25Z, 6eda8203-a249-e411-b0cc-f8bc1246af59, $GPZDA,142125.00,15,06,2021,00,00*64
2021-06-15 14:21:26Z, 6eda8203-a249-e411-b0cc-f8bc1246af59, $GPZDA,142126.00,15,06,2021,00,00*67
2021-06-15 14:21:27Z, 6eda8203-a249-e411-b0cc-f8bc1246af59, $GPZDA,142127.00,15,06,2021,00,00*66
2021-06-15 14:21:28Z, 6eda8203-a249-e411-b0cc-f8bc1246af59, $GPZDA,142128.00,15,06,2021,00,00*69
2021-06-15 14:21:29Z, 6eda8203-a249-e411-b0cc-f8bc1246af59, $GPZDA,142129.00,15,06,2021,00,00*68
2021-06-15 14:21:30Z, 6eda8203-a249-e411-b0cc-f8bc1246af59, $GPZDA,142130.00,15,06,2021,00,00*60
2021-06-15 14:21:31Z, 6eda8203-a249-e411-b0cc-f8bc1246af59, $GPZDA,142131.00,15,06,2021,00,00*61
2021-06-15 14:21:32Z, 6eda8203-a249-e411-b0cc-f8bc1246af59, $GPZDA,142132.00,15,06,2021,00,00*62
2021-06-15 14:21:32Z, 6eda8203-a249-e411-b0cc-f8bc1246af59, $GPZDA,142133.00,15,06,2021,00,00*63
2021-06-15 14:21:34Z, 6eda8203-a249-e411-b0cc-f8bc1246af59, $GPZDA,142134.00,15,06,2021,00,00*64
2021-06-15 14:21:35Z, 6eda8203-a249-e411-b0cc-f8bc1246af59, $GPZDA,142135.00,15,06,2021,00,00*65
2021-06-15 14:21:36Z, 6eda8203-a249-e411-b0cc-f8bc1246af59, $GPZDA,142136.00,15,06,2021,00,00*66
2021-06-15 14:21:37Z, 6eda8203-a249-e411-b0cc-f8bc1246af59, $GPZDA,142137.00,15,06,2021,00,00*67
2021-06-15 14:21:38Z, 6eda8203-a249-e411-b0cc-f8bc1246af59, $GPZDA,142138.00,15,06,2021,00,00*68
2021-06-15 14:21:39Z, 6eda8203-a249-e411-b0cc-f8bc1246af59, $GPZDA,142139.00,15,06,2021,00,00*69
