ACQ Timestamp (Server Time in UTC), MessageID, Data Value For: GNSS-6452-$GPVTG
2021-06-15 14:11:17Z, 6dda8203-a249-e411-b0cc-f8bc1246af59, $GPVTG,0.0,T,345.3,M,0.005,N,0.009,K,A*2E
2021-06-15 14:11:19Z, 6dda8203-a249-e411-b0cc-f8bc1246af59, $GPVTG,0.0,T,345.3,M,0.005,N,0.009,K,A*2E
2021-06-15 14:11:20Z, 6dda8203-a249-e411-b0cc-f8bc1246af59, $GPVTG,0.0,T,345.3,M,0.005,N,0.009,K,A*2E
2021-06-15 14:11:22Z, 6dda8203-a249-e411-b0cc-f8bc1246af59, $GPVTG,0.0,T,345.3,M,0.004,N,0.007,K,A*21
2021-06-15 14:11:23Z, 6dda8203-a249-e411-b0cc-f8bc1246af59, $GPVTG,0.0,T,345.3,M,0.004,N,0.007,K,A*21
2021-06-15 14:11:25Z, 6dda8203-a249-e411-b0cc-f8bc1246af59, $GPVTG,0.0,T,345.3,M,0.002,N,0.004,K,A*24
2021-06-15 14:11:26Z, 6dda8203-a249-e411-b0cc-f8bc1246af59, $GPVTG,0.0,T,345.3,M,0.002,N,0.004,K,A*24
2021-06-15 14:11:28Z, 6dda8203-a249-e411-b0cc-f8bc1246af59, $GPVTG,0.0,T,345.3,M,0.002,N,0.004,K,A*24
2021-06-15 14:11:29Z, 6dda8203-a249-e411-b0cc-f8bc1246af59, $GPVTG,0.0,T,345.3,M,0.001,N,0.002,K,A*21
2021-06-15 14:11:31Z, 6dda8203-a249-e411-b0cc-f8bc1246af59, $GPVTG,0.0,T,345.3,M,0.000,N,0.000,K,A*22
2021-06-15 14:11:32Z, 6dda8203-a249-e411-b0cc-f8bc1246af59, $GPVTG,0.0,T,345.3,M,0.001,N,0.002,K,A*21
2021-06-15 14:11:34Z, 6dda8203-a249-e411-b0cc-f8bc1246af59, $GPVTG,0.0,T,345.3,M,0.000,N,0.000,K,A*22
2021-06-15 14:11:35Z, 6dda8203-a249-e411-b0cc-f8bc1246af59, $GPVTG,0.0,T,345.3,M,0.002,N,0.004,K,A*24
2021-06-15 14:11:37Z, 6dda8203-a249-e411-b0cc-f8bc1246af59, $GPVTG,0.0,T,345.3,M,0.003,N,0.006,K,A*27
2021-06-15 14:11:38Z, 6dda8203-a249-e411-b0cc-f8bc1246af59, $GPVTG,0.0,T,345.3,M,0.002,N,0.004,K,A*24
2021-06-15 14:11:40Z, 6dda8203-a249-e411-b0cc-f8bc1246af59, $GPVTG,0.0,T,345.3,M,0.002,N,0.004,K,A*24
2021-06-15 14:11:41Z, 6dda8203-a249-e411-b0cc-f8bc1246af59, $GPVTG,0.0,T,345.3,M,0.003,N,0.006,K,A*27
2021-06-15 14:11:43Z, 6dda8203-a249-e411-b0cc-f8bc1246af59, $GPVTG,0.0,T,345.3,M,0.003,N,0.006,K,A*27
2021-06-15 14:11:44Z, 6dda8203-a249-e411-b0cc-f8bc1246af59, $GPVTG,0.0,T,345.3,M,0.005,N,0.009,K,A*2E
2021-06-15 14:11:46Z, 6dda8203-a249-e411-b0cc-f8bc1246af59, $GPVTG,0.0,T,345.3,M,0.003,N,0.006,K,A*27
2021-06-15 14:11:47Z, 6dda8203-a249-e411-b0cc-f8bc1246af59, $GPVTG,0.0,T,345.3,M,0.003,N,0.006,K,A*27
2021-06-15 14:11:49Z, 6dda8203-a249-e411-b0cc-f8bc1246af59, $GPVTG,0.0,T,345.3,M,0.003,N,0.006,K,A*27
2021-06-15 14:11:50Z, 6dda8203-a249-e411-b0cc-f8bc1246af59, $GPVTG,0.0,T,345.3,M,0.003,N,0.006,K,A*27
2021-06-15 14:11:52Z, 6dda8203-a249-e411-b0cc-f8bc1246af59, $GPVTG,0.0,T,345.3,M,0.002,N,0.004,K,A*24
2021-06-15 14:11:53Z, 6dda8203-a249-e411-b0cc-f8bc1246af59, $GPVTG,0.0,T,345.3,M,0.003,N,0.006,K,A*27
2021-06-15 14:11:55Z, 6dda8203-a249-e411-b0cc-f8bc1246af59, $GPVTG,0.0,T,345.3,M,0.005,N,0.009,K,A*2E
2021-06-15 14:11:56Z, 6dda8203-a249-e411-b0cc-f8bc1246af59, $GPVTG,0.0,T,345.3,M,0.007,N,0.013,K,A*27
2021-06-15 14:11:58Z, 6dda8203-a249-e411-b0cc-f8bc1246af59, $GPVTG,0.0,T,345.3,M,0.007,N,0.013,K,A*27
2021-06-15 14:11:59Z, 6dda8203-a249-e411-b0cc-f8bc1246af59, $GPVTG,0.0,T,345.3,M,0.007,N,0.013,K,A*27
2021-06-15 14:12:01Z, 6dda8203-a249-e411-b0cc-f8bc1246af59, $GPVTG,0.0,T,345.3,M,0.006,N,0.011,K,A*24
2021-06-15 14:12:02Z, 6dda8203-a249-e411-b0cc-f8bc1246af59, $GPVTG,0.0,T,345.3,M,0.005,N,0.009,K,A*2E
2021-06-15 14:12:04Z, 6dda8203-a249-e411-b0cc-f8bc1246af59, $GPVTG,0.0,T,345.3,M,0.006,N,0.011,K,A*24
2021-06-15 14:12:05Z, 6dda8203-a249-e411-b0cc-f8bc1246af59, $GPVTG,0.0,T,345.3,M,0.006,N,0.011,K,A*24
2021-06-15 14:12:07Z, 6dda8203-a249-e411-b0cc-f8bc1246af59, $GPVTG,0.0,T,345.3,M,0.009,N,0.017,K,A*2D
2021-06-15 14:12:08Z, 6dda8203-a249-e411-b0cc-f8bc1246af59, $GPVTG,0.0,T,345.3,M,0.010,N,0.019,K,A*2B
2021-06-15 14:12:10Z, 6dda8203-a249-e411-b0cc-f8bc1246af59, $GPVTG,0.0,T,345.3,M,0.012,N,0.022,K,A*21
2021-06-15 14:12:11Z, 6dda8203-a249-e411-b0cc-f8bc1246af59, $GPVTG,0.0,T,345.3,M,0.012,N,0.022,K,A*21
2021-06-15 14:12:13Z, 6dda8203-a249-e411-b0cc-f8bc1246af59, $GPVTG,0.0,T,345.3,M,0.011,N,0.020,K,A*20
2021-06-15 14:12:14Z, 6dda8203-a249-e411-b0cc-f8bc1246af59, $GPVTG,0.0,T,345.3,M,0.009,N,0.017,K,A*2D
2021-06-15 14:12:16Z, 6dda8203-a249-e411-b0cc-f8bc1246af59, $GPVTG,0.0,T,345.3,M,0.011,N,0.020,K,A*20
2021-06-15 14:12:17Z, 6dda8203-a249-e411-b0cc-f8bc1246af59, $GPVTG,0.0,T,345.3,M,0.011,N,0.020,K,A*20
2021-06-15 14:12:19Z, 6dda8203-a249-e411-b0cc-f8bc1246af59, $GPVTG,0.0,T,345.3,M,0.011,N,0.020,K,A*20
2021-06-15 14:12:20Z, 6dda8203-a249-e411-b0cc-f8bc1246af59, $GPVTG,0.0,T,345.3,M,0.011,N,0.020,K,A*20
2021-06-15 14:12:22Z, 6dda8203-a249-e411-b0cc-f8bc1246af59, $GPVTG,0.0,T,345.3,M,0.014,N,0.026,K,A*23
2021-06-15 14:12:23Z, 6dda8203-a249-e411-b0cc-f8bc1246af59, $GPVTG,0.0,T,345.3,M,0.014,N,0.026,K,A*23
2021-06-15 14:12:25Z, 6dda8203-a249-e411-b0cc-f8bc1246af59, $GPVTG,0.0,T,345.3,M,0.014,N,0.026,K,A*23
2021-06-15 14:12:26Z, 6dda8203-a249-e411-b0cc-f8bc1246af59, $GPVTG,0.0,T,345.3,M,0.014,N,0.026,K,A*23
2021-06-15 14:12:28Z, 6dda8203-a249-e411-b0cc-f8bc1246af59, $GPVTG,0.0,T,345.3,M,0.012,N,0.022,K,A*21
2021-06-15 14:12:29Z, 6dda8203-a249-e411-b0cc-f8bc1246af59, $GPVTG,0.0,T,345.3,M,0.014,N,0.026,K,A*23
2021-06-15 14:12:31Z, 6dda8203-a249-e411-b0cc-f8bc1246af59, $GPVTG,0.0,T,345.3,M,0.014,N,0.026,K,A*23
2021-06-15 14:12:32Z, 6dda8203-a249-e411-b0cc-f8bc1246af59, $GPVTG,0.0,T,345.3,M,0.015,N,0.028,K,A*2C
2021-06-15 14:12:34Z, 6dda8203-a249-e411-b0cc-f8bc1246af59, $GPVTG,0.0,T,345.3,M,0.018,N,0.033,K,A*2B
2021-06-15 14:12:35Z, 6dda8203-a249-e411-b0cc-f8bc1246af59, $GPVTG,0.0,T,345.3,M,0.018,N,0.033,K,A*2B
2021-06-15 14:12:37Z, 6dda8203-a249-e411-b0cc-f8bc1246af59, $GPVTG,0.0,T,345.3,M,0.019,N,0.035,K,A*2C
2021-06-15 14:12:38Z, 6dda8203-a249-e411-b0cc-f8bc1246af59, $GPVTG,0.0,T,345.3,M,0.022,N,0.041,K,A*27
2021-06-15 14:12:40Z, 6dda8203-a249-e411-b0cc-f8bc1246af59, $GPVTG,0.0,T,345.3,M,0.022,N,0.041,K,A*27
2021-06-15 14:12:41Z, 6dda8203-a249-e411-b0cc-f8bc1246af59, $GPVTG,0.0,T,345.3,M,0.022,N,0.041,K,A*27
2021-06-15 14:12:43Z, 6dda8203-a249-e411-b0cc-f8bc1246af59, $GPVTG,0.0,T,345.3,M,0.022,N,0.041,K,A*27
2021-06-15 14:12:44Z, 6dda8203-a249-e411-b0cc-f8bc1246af59, $GPVTG,0.0,T,345.3,M,0.022,N,0.041,K,A*27
2021-06-15 14:12:46Z, 6dda8203-a249-e411-b0cc-f8bc1246af59, $GPVTG,0.0,T,345.3,M,0.019,N,0.035,K,A*2C
2021-06-15 14:12:47Z, 6dda8203-a249-e411-b0cc-f8bc1246af59, $GPVTG,0.0,T,345.3,M,0.018,N,0.033,K,A*2B
2021-06-15 14:12:49Z, 6dda8203-a249-e411-b0cc-f8bc1246af59, $GPVTG,0.0,T,345.3,M,0.014,N,0.026,K,A*23
2021-06-15 14:12:50Z, 6dda8203-a249-e411-b0cc-f8bc1246af59, $GPVTG,0.0,T,345.3,M,0.009,N,0.017,K,A*2D
2021-06-15 14:12:52Z, 6dda8203-a249-e411-b0cc-f8bc1246af59, $GPVTG,0.0,T,345.3,M,0.008,N,0.015,K,A*2E
2021-06-15 14:12:53Z, 6dda8203-a249-e411-b0cc-f8bc1246af59, $GPVTG,0.0,T,345.3,M,0.007,N,0.013,K,A*27
2021-06-15 14:12:55Z, 6dda8203-a249-e411-b0cc-f8bc1246af59, $GPVTG,0.0,T,345.3,M,0.008,N,0.015,K,A*2E
2021-06-15 14:12:56Z, 6dda8203-a249-e411-b0cc-f8bc1246af59, $GPVTG,0.0,T,345.3,M,0.007,N,0.013,K,A*27
2021-06-15 14:12:58Z, 6dda8203-a249-e411-b0cc-f8bc1246af59, $GPVTG,0.0,T,345.3,M,0.006,N,0.011,K,A*24
2021-06-15 14:12:59Z, 6dda8203-a249-e411-b0cc-f8bc1246af59, $GPVTG,0.0,T,345.3,M,0.004,N,0.007,K,A*21
2021-06-15 14:13:01Z, 6dda8203-a249-e411-b0cc-f8bc1246af59, $GPVTG,0.0,T,345.3,M,0.002,N,0.004,K,A*24
2021-06-15 14:13:02Z, 6dda8203-a249-e411-b0cc-f8bc1246af59, $GPVTG,0.0,T,345.3,M,0.007,N,0.013,K,A*27
2021-06-15 14:13:04Z, 6dda8203-a249-e411-b0cc-f8bc1246af59, $GPVTG,0.0,T,345.3,M,0.007,N,0.013,K,A*27
2021-06-15 14:13:05Z, 6dda8203-a249-e411-b0cc-f8bc1246af59, $GPVTG,0.0,T,345.3,M,0.011,N,0.020,K,A*20
2021-06-15 14:13:06Z, 6dda8203-a249-e411-b0cc-f8bc1246af59, $GPVTG,0.0,T,345.3,M,0.011,N,0.020,K,A*20
2021-06-15 14:13:07Z, 6dda8203-a249-e411-b0cc-f8bc1246af59, $GPVTG,0.0,T,345.3,M,0.009,N,0.017,K,A*2D
2021-06-15 14:13:09Z, 6dda8203-a249-e411-b0cc-f8bc1246af59, $GPVTG,0.0,T,345.3,M,0.008,N,0.015,K,A*2E
2021-06-15 14:13:10Z, 6dda8203-a249-e411-b0cc-f8bc1246af59, $GPVTG,0.0,T,345.3,M,0.008,N,0.015,K,A*2E
2021-06-15 14:13:13Z, 6dda8203-a249-e411-b0cc-f8bc1246af59, $GPVTG,0.0,T,345.3,M,0.009,N,0.017,K,A*2D
2021-06-15 14:13:13Z, 6dda8203-a249-e411-b0cc-f8bc1246af59, $GPVTG,0.0,T,345.3,M,0.008,N,0.015,K,A*2E
2021-06-15 14:13:15Z, 6dda8203-a249-e411-b0cc-f8bc1246af59, $GPVTG,0.0,T,345.3,M,0.009,N,0.017,K,A*2D
2021-06-15 14:13:16Z, 6dda8203-a249-e411-b0cc-f8bc1246af59, $GPVTG,0.0,T,345.3,M,0.009,N,0.017,K,A*2D
2021-06-15 14:13:18Z, 6dda8203-a249-e411-b0cc-f8bc1246af59, $GPVTG,0.0,T,345.3,M,0.012,N,0.022,K,A*21
2021-06-15 14:13:19Z, 6dda8203-a249-e411-b0cc-f8bc1246af59, $GPVTG,0.0,T,345.3,M,0.012,N,0.022,K,A*21
2021-06-15 14:13:21Z, 6dda8203-a249-e411-b0cc-f8bc1246af59, $GPVTG,0.0,T,345.3,M,0.012,N,0.022,K,A*21
2021-06-15 14:13:22Z, 6dda8203-a249-e411-b0cc-f8bc1246af59, $GPVTG,0.0,T,345.3,M,0.011,N,0.020,K,A*20
2021-06-15 14:13:24Z, 6dda8203-a249-e411-b0cc-f8bc1246af59, $GPVTG,0.0,T,345.3,M,0.009,N,0.017,K,A*2D
2021-06-15 14:13:25Z, 6dda8203-a249-e411-b0cc-f8bc1246af59, $GPVTG,0.0,T,345.3,M,0.009,N,0.017,K,A*2D
2021-06-15 14:13:27Z, 6dda8203-a249-e411-b0cc-f8bc1246af59, $GPVTG,0.0,T,345.3,M,0.010,N,0.019,K,A*2B
2021-06-15 14:13:28Z, 6dda8203-a249-e411-b0cc-f8bc1246af59, $GPVTG,0.0,T,345.3,M,0.014,N,0.026,K,A*23
2021-06-15 14:13:30Z, 6dda8203-a249-e411-b0cc-f8bc1246af59, $GPVTG,0.0,T,345.3,M,0.012,N,0.022,K,A*21
2021-06-15 14:13:31Z, 6dda8203-a249-e411-b0cc-f8bc1246af59, $GPVTG,0.0,T,345.3,M,0.015,N,0.028,K,A*2C
2021-06-15 14:13:33Z, 6dda8203-a249-e411-b0cc-f8bc1246af59, $GPVTG,0.0,T,345.3,M,0.012,N,0.022,K,A*21
2021-06-15 14:13:34Z, 6dda8203-a249-e411-b0cc-f8bc1246af59, $GPVTG,0.0,T,345.3,M,0.011,N,0.020,K,A*20
2021-06-15 14:13:36Z, 6dda8203-a249-e411-b0cc-f8bc1246af59, $GPVTG,0.0,T,345.3,M,0.006,N,0.011,K,A*24
2021-06-15 14:13:37Z, 6dda8203-a249-e411-b0cc-f8bc1246af59, $GPVTG,0.0,T,345.3,M,0.007,N,0.013,K,A*27
2021-06-15 14:13:39Z, 6dda8203-a249-e411-b0cc-f8bc1246af59, $GPVTG,0.0,T,345.3,M,0.007,N,0.013,K,A*27
2021-06-15 14:13:40Z, 6dda8203-a249-e411-b0cc-f8bc1246af59, $GPVTG,0.0,T,345.3,M,0.007,N,0.013,K,A*27
2021-06-15 14:13:42Z, 6dda8203-a249-e411-b0cc-f8bc1246af59, $GPVTG,0.0,T,345.3,M,0.011,N,0.020,K,A*20
2021-06-15 14:13:43Z, 6dda8203-a249-e411-b0cc-f8bc1246af59, $GPVTG,0.0,T,345.3,M,0.015,N,0.028,K,A*2C
2021-06-15 14:13:45Z, 6dda8203-a249-e411-b0cc-f8bc1246af59, $GPVTG,0.0,T,345.3,M,0.016,N,0.030,K,A*26
2021-06-15 14:13:46Z, 6dda8203-a249-e411-b0cc-f8bc1246af59, $GPVTG,0.0,T,345.3,M,0.015,N,0.028,K,A*2C
2021-06-15 14:13:48Z, 6dda8203-a249-e411-b0cc-f8bc1246af59, $GPVTG,0.0,T,345.3,M,0.013,N,0.024,K,A*26
2021-06-15 14:13:49Z, 6dda8203-a249-e411-b0cc-f8bc1246af59, $GPVTG,0.0,T,345.3,M,0.013,N,0.024,K,A*26
2021-06-15 14:13:51Z, 6dda8203-a249-e411-b0cc-f8bc1246af59, $GPVTG,0.0,T,345.3,M,0.010,N,0.019,K,A*2B
2021-06-15 14:13:52Z, 6dda8203-a249-e411-b0cc-f8bc1246af59, $GPVTG,0.0,T,345.3,M,0.012,N,0.022,K,A*21
2021-06-15 14:13:54Z, 6dda8203-a249-e411-b0cc-f8bc1246af59, $GPVTG,0.0,T,345.3,M,0.011,N,0.020,K,A*20
2021-06-15 14:13:55Z, 6dda8203-a249-e411-b0cc-f8bc1246af59, $GPVTG,0.0,T,345.3,M,0.014,N,0.026,K,A*23
2021-06-15 14:13:57Z, 6dda8203-a249-e411-b0cc-f8bc1246af59, $GPVTG,0.0,T,345.3,M,0.014,N,0.026,K,A*23
2021-06-15 14:13:58Z, 6dda8203-a249-e411-b0cc-f8bc1246af59, $GPVTG,0.0,T,345.3,M,0.016,N,0.030,K,A*26
2021-06-15 14:14:00Z, 6dda8203-a249-e411-b0cc-f8bc1246af59, $GPVTG,0.0,T,345.3,M,0.015,N,0.028,K,A*2C
2021-06-15 14:14:01Z, 6dda8203-a249-e411-b0cc-f8bc1246af59, $GPVTG,0.0,T,345.3,M,0.015,N,0.028,K,A*2C
2021-06-15 14:14:03Z, 6dda8203-a249-e411-b0cc-f8bc1246af59, $GPVTG,0.0,T,345.3,M,0.009,N,0.017,K,A*2D
2021-06-15 14:14:04Z, 6dda8203-a249-e411-b0cc-f8bc1246af59, $GPVTG,0.0,T,345.3,M,0.008,N,0.015,K,A*2E
2021-06-15 14:14:06Z, 6dda8203-a249-e411-b0cc-f8bc1246af59, $GPVTG,0.0,T,345.3,M,0.009,N,0.017,K,A*2D
2021-06-15 14:14:07Z, 6dda8203-a249-e411-b0cc-f8bc1246af59, $GPVTG,0.0,T,345.3,M,0.008,N,0.015,K,A*2E
2021-06-15 14:14:09Z, 6dda8203-a249-e411-b0cc-f8bc1246af59, $GPVTG,0.0,T,345.3,M,0.009,N,0.017,K,A*2D
2021-06-15 14:14:10Z, 6dda8203-a249-e411-b0cc-f8bc1246af59, $GPVTG,0.0,T,345.3,M,0.008,N,0.015,K,A*2E
2021-06-15 14:14:12Z, 6dda8203-a249-e411-b0cc-f8bc1246af59, $GPVTG,0.0,T,345.3,M,0.011,N,0.020,K,A*20
2021-06-15 14:14:13Z, 6dda8203-a249-e411-b0cc-f8bc1246af59, $GPVTG,0.0,T,345.3,M,0.009,N,0.017,K,A*2D
2021-06-15 14:14:15Z, 6dda8203-a249-e411-b0cc-f8bc1246af59, $GPVTG,0.0,T,345.3,M,0.012,N,0.022,K,A*21
2021-06-15 14:14:16Z, 6dda8203-a249-e411-b0cc-f8bc1246af59, $GPVTG,0.0,T,345.3,M,0.008,N,0.015,K,A*2E
2021-06-15 14:14:18Z, 6dda8203-a249-e411-b0cc-f8bc1246af59, $GPVTG,0.0,T,345.3,M,0.011,N,0.020,K,A*20
2021-06-15 14:14:19Z, 6dda8203-a249-e411-b0cc-f8bc1246af59, $GPVTG,0.0,T,345.3,M,0.009,N,0.017,K,A*2D
2021-06-15 14:14:21Z, 6dda8203-a249-e411-b0cc-f8bc1246af59, $GPVTG,0.0,T,345.3,M,0.009,N,0.017,K,A*2D
2021-06-15 14:14:22Z, 6dda8203-a249-e411-b0cc-f8bc1246af59, $GPVTG,0.0,T,345.3,M,0.007,N,0.013,K,A*27
2021-06-15 14:14:24Z, 6dda8203-a249-e411-b0cc-f8bc1246af59, $GPVTG,0.0,T,345.3,M,0.008,N,0.015,K,A*2E
2021-06-15 14:14:25Z, 6dda8203-a249-e411-b0cc-f8bc1246af59, $GPVTG,0.0,T,345.3,M,0.008,N,0.015,K,A*2E
2021-06-15 14:14:27Z, 6dda8203-a249-e411-b0cc-f8bc1246af59, $GPVTG,0.0,T,345.3,M,0.008,N,0.015,K,A*2E
2021-06-15 14:14:28Z, 6dda8203-a249-e411-b0cc-f8bc1246af59, $GPVTG,0.0,T,345.3,M,0.010,N,0.019,K,A*2B
2021-06-15 14:14:30Z, 6dda8203-a249-e411-b0cc-f8bc1246af59, $GPVTG,0.0,T,345.3,M,0.010,N,0.019,K,A*2B
2021-06-15 14:14:31Z, 6dda8203-a249-e411-b0cc-f8bc1246af59, $GPVTG,0.0,T,345.3,M,0.008,N,0.015,K,A*2E
2021-06-15 14:14:33Z, 6dda8203-a249-e411-b0cc-f8bc1246af59, $GPVTG,0.0,T,345.3,M,0.008,N,0.015,K,A*2E
2021-06-15 14:14:34Z, 6dda8203-a249-e411-b0cc-f8bc1246af59, $GPVTG,0.0,T,345.3,M,0.007,N,0.013,K,A*27
2021-06-15 14:14:36Z, 6dda8203-a249-e411-b0cc-f8bc1246af59, $GPVTG,0.0,T,345.3,M,0.007,N,0.013,K,A*27
2021-06-15 14:14:37Z, 6dda8203-a249-e411-b0cc-f8bc1246af59, $GPVTG,0.0,T,345.3,M,0.002,N,0.004,K,A*24
2021-06-15 14:14:39Z, 6dda8203-a249-e411-b0cc-f8bc1246af59, $GPVTG,0.0,T,345.3,M,0.003,N,0.006,K,A*27
2021-06-15 14:14:40Z, 6dda8203-a249-e411-b0cc-f8bc1246af59, $GPVTG,0.0,T,345.3,M,0.003,N,0.006,K,A*27
2021-06-15 14:14:42Z, 6dda8203-a249-e411-b0cc-f8bc1246af59, $GPVTG,0.0,T,345.3,M,0.002,N,0.004,K,A*24
2021-06-15 14:14:43Z, 6dda8203-a249-e411-b0cc-f8bc1246af59, $GPVTG,0.0,T,345.3,M,0.001,N,0.002,K,A*21
2021-06-15 14:14:45Z, 6dda8203-a249-e411-b0cc-f8bc1246af59, $GPVTG,0.0,T,345.3,M,0.000,N,0.000,K,A*22
2021-06-15 14:14:46Z, 6dda8203-a249-e411-b0cc-f8bc1246af59, $GPVTG,0.0,T,345.3,M,0.002,N,0.004,K,A*24
2021-06-15 14:14:48Z, 6dda8203-a249-e411-b0cc-f8bc1246af59, $GPVTG,0.0,T,345.3,M,0.001,N,0.002,K,A*21
2021-06-15 14:14:49Z, 6dda8203-a249-e411-b0cc-f8bc1246af59, $GPVTG,0.0,T,345.3,M,0.003,N,0.006,K,A*27
2021-06-15 14:14:51Z, 6dda8203-a249-e411-b0cc-f8bc1246af59, $GPVTG,0.0,T,345.3,M,0.003,N,0.006,K,A*27
2021-06-15 14:14:52Z, 6dda8203-a249-e411-b0cc-f8bc1246af59, $GPVTG,0.0,T,345.3,M,0.004,N,0.007,K,A*21
2021-06-15 14:14:54Z, 6dda8203-a249-e411-b0cc-f8bc1246af59, $GPVTG,0.0,T,345.3,M,0.004,N,0.007,K,A*21
2021-06-15 14:14:55Z, 6dda8203-a249-e411-b0cc-f8bc1246af59, $GPVTG,0.0,T,345.3,M,0.005,N,0.009,K,A*2E
2021-06-15 14:14:57Z, 6dda8203-a249-e411-b0cc-f8bc1246af59, $GPVTG,0.0,T,345.3,M,0.006,N,0.011,K,A*24
2021-06-15 14:14:58Z, 6dda8203-a249-e411-b0cc-f8bc1246af59, $GPVTG,0.0,T,345.3,M,0.005,N,0.009,K,A*2E
2021-06-15 14:15:00Z, 6dda8203-a249-e411-b0cc-f8bc1246af59, $GPVTG,0.0,T,345.3,M,0.006,N,0.011,K,A*24
2021-06-15 14:15:01Z, 6dda8203-a249-e411-b0cc-f8bc1246af59, $GPVTG,0.0,T,345.3,M,0.005,N,0.009,K,A*2E
2021-06-15 14:15:03Z, 6dda8203-a249-e411-b0cc-f8bc1246af59, $GPVTG,0.0,T,345.3,M,0.007,N,0.013,K,A*27
2021-06-15 14:15:04Z, 6dda8203-a249-e411-b0cc-f8bc1246af59, $GPVTG,0.0,T,345.3,M,0.008,N,0.015,K,A*2E
2021-06-15 14:15:06Z, 6dda8203-a249-e411-b0cc-f8bc1246af59, $GPVTG,0.0,T,345.3,M,0.009,N,0.017,K,A*2D
2021-06-15 14:15:07Z, 6dda8203-a249-e411-b0cc-f8bc1246af59, $GPVTG,0.0,T,345.3,M,0.009,N,0.017,K,A*2D
2021-06-15 14:15:09Z, 6dda8203-a249-e411-b0cc-f8bc1246af59, $GPVTG,0.0,T,345.3,M,0.008,N,0.015,K,A*2E
2021-06-15 14:15:10Z, 6dda8203-a249-e411-b0cc-f8bc1246af59, $GPVTG,0.0,T,345.3,M,0.010,N,0.019,K,A*2B
2021-06-15 14:15:11Z, 6dda8203-a249-e411-b0cc-f8bc1246af59, $GPVTG,0.0,T,345.3,M,0.010,N,0.019,K,A*2B
2021-06-15 14:15:12Z, 6dda8203-a249-e411-b0cc-f8bc1246af59, $GPVTG,0.0,T,345.3,M,0.010,N,0.019,K,A*2B
2021-06-15 14:15:14Z, 6dda8203-a249-e411-b0cc-f8bc1246af59, $GPVTG,0.0,T,345.3,M,0.009,N,0.017,K,A*2D
2021-06-15 14:15:15Z, 6dda8203-a249-e411-b0cc-f8bc1246af59, $GPVTG,0.0,T,345.3,M,0.011,N,0.020,K,A*20
2021-06-15 14:15:17Z, 6dda8203-a249-e411-b0cc-f8bc1246af59, $GPVTG,0.0,T,345.3,M,0.011,N,0.020,K,A*20
2021-06-15 14:15:18Z, 6dda8203-a249-e411-b0cc-f8bc1246af59, $GPVTG,0.0,T,345.3,M,0.014,N,0.026,K,A*23
2021-06-15 14:15:20Z, 6dda8203-a249-e411-b0cc-f8bc1246af59, $GPVTG,0.0,T,345.3,M,0.016,N,0.030,K,A*26
2021-06-15 14:15:21Z, 6dda8203-a249-e411-b0cc-f8bc1246af59, $GPVTG,0.0,T,345.3,M,0.016,N,0.030,K,A*26
2021-06-15 14:15:23Z, 6dda8203-a249-e411-b0cc-f8bc1246af59, $GPVTG,0.0,T,345.3,M,0.016,N,0.030,K,A*26
2021-06-15 14:15:24Z, 6dda8203-a249-e411-b0cc-f8bc1246af59, $GPVTG,0.0,T,345.3,M,0.018,N,0.033,K,A*2B
2021-06-15 14:15:26Z, 6dda8203-a249-e411-b0cc-f8bc1246af59, $GPVTG,0.0,T,345.3,M,0.018,N,0.033,K,A*2B
2021-06-15 14:15:27Z, 6dda8203-a249-e411-b0cc-f8bc1246af59, $GPVTG,0.0,T,345.3,M,0.018,N,0.033,K,A*2B
2021-06-15 14:15:29Z, 6dda8203-a249-e411-b0cc-f8bc1246af59, $GPVTG,0.0,T,345.3,M,0.019,N,0.035,K,A*2C
2021-06-15 14:15:30Z, 6dda8203-a249-e411-b0cc-f8bc1246af59, $GPVTG,0.0,T,345.3,M,0.018,N,0.033,K,A*2B
2021-06-15 14:15:32Z, 6dda8203-a249-e411-b0cc-f8bc1246af59, $GPVTG,0.0,T,345.3,M,0.019,N,0.035,K,A*2C
2021-06-15 14:15:33Z, 6dda8203-a249-e411-b0cc-f8bc1246af59, $GPVTG,0.0,T,345.3,M,0.016,N,0.030,K,A*26
2021-06-15 14:15:35Z, 6dda8203-a249-e411-b0cc-f8bc1246af59, $GPVTG,0.0,T,345.3,M,0.017,N,0.031,K,A*26
2021-06-15 14:15:36Z, 6dda8203-a249-e411-b0cc-f8bc1246af59, $GPVTG,0.0,T,345.3,M,0.017,N,0.031,K,A*26
2021-06-15 14:15:38Z, 6dda8203-a249-e411-b0cc-f8bc1246af59, $GPVTG,0.0,T,345.3,M,0.017,N,0.031,K,A*26
2021-06-15 14:15:39Z, 6dda8203-a249-e411-b0cc-f8bc1246af59, $GPVTG,0.0,T,345.3,M,0.018,N,0.033,K,A*2B
2021-06-15 14:15:41Z, 6dda8203-a249-e411-b0cc-f8bc1246af59, $GPVTG,0.0,T,345.3,M,0.017,N,0.031,K,A*26
2021-06-15 14:15:42Z, 6dda8203-a249-e411-b0cc-f8bc1246af59, $GPVTG,0.0,T,345.3,M,0.017,N,0.031,K,A*26
2021-06-15 14:15:44Z, 6dda8203-a249-e411-b0cc-f8bc1246af59, $GPVTG,0.0,T,345.3,M,0.017,N,0.031,K,A*26
2021-06-15 14:15:45Z, 6dda8203-a249-e411-b0cc-f8bc1246af59, $GPVTG,0.0,T,345.3,M,0.015,N,0.028,K,A*2C
2021-06-15 14:15:47Z, 6dda8203-a249-e411-b0cc-f8bc1246af59, $GPVTG,0.0,T,345.3,M,0.015,N,0.028,K,A*2C
2021-06-15 14:15:48Z, 6dda8203-a249-e411-b0cc-f8bc1246af59, $GPVTG,0.0,T,345.3,M,0.014,N,0.026,K,A*23
2021-06-15 14:15:50Z, 6dda8203-a249-e411-b0cc-f8bc1246af59, $GPVTG,0.0,T,345.3,M,0.014,N,0.026,K,A*23
2021-06-15 14:15:51Z, 6dda8203-a249-e411-b0cc-f8bc1246af59, $GPVTG,0.0,T,345.3,M,0.015,N,0.028,K,A*2C
2021-06-15 14:15:53Z, 6dda8203-a249-e411-b0cc-f8bc1246af59, $GPVTG,0.0,T,345.3,M,0.016,N,0.030,K,A*26
2021-06-15 14:15:54Z, 6dda8203-a249-e411-b0cc-f8bc1246af59, $GPVTG,0.0,T,345.3,M,0.016,N,0.030,K,A*26
2021-06-15 14:15:56Z, 6dda8203-a249-e411-b0cc-f8bc1246af59, $GPVTG,0.0,T,345.3,M,0.016,N,0.030,K,A*26
2021-06-15 14:15:57Z, 6dda8203-a249-e411-b0cc-f8bc1246af59, $GPVTG,0.0,T,345.3,M,0.016,N,0.030,K,A*26
2021-06-15 14:15:59Z, 6dda8203-a249-e411-b0cc-f8bc1246af59, $GPVTG,0.0,T,345.3,M,0.012,N,0.022,K,A*21
2021-06-15 14:16:00Z, 6dda8203-a249-e411-b0cc-f8bc1246af59, $GPVTG,0.0,T,345.3,M,0.012,N,0.022,K,A*21
2021-06-15 14:16:02Z, 6dda8203-a249-e411-b0cc-f8bc1246af59, $GPVTG,0.0,T,345.3,M,0.014,N,0.026,K,A*23
2021-06-15 14:16:03Z, 6dda8203-a249-e411-b0cc-f8bc1246af59, $GPVTG,0.0,T,345.3,M,0.012,N,0.022,K,A*21
2021-06-15 14:16:05Z, 6dda8203-a249-e411-b0cc-f8bc1246af59, $GPVTG,0.0,T,345.3,M,0.014,N,0.026,K,A*23
2021-06-15 14:16:06Z, 6dda8203-a249-e411-b0cc-f8bc1246af59, $GPVTG,0.0,T,345.3,M,0.015,N,0.028,K,A*2C
2021-06-15 14:16:08Z, 6dda8203-a249-e411-b0cc-f8bc1246af59, $GPVTG,0.0,T,345.3,M,0.014,N,0.026,K,A*23
2021-06-15 14:16:09Z, 6dda8203-a249-e411-b0cc-f8bc1246af59, $GPVTG,0.0,T,345.3,M,0.014,N,0.026,K,A*23
2021-06-15 14:16:11Z, 6dda8203-a249-e411-b0cc-f8bc1246af59, $GPVTG,0.0,T,345.3,M,0.013,N,0.024,K,A*26
2021-06-15 14:16:12Z, 6dda8203-a249-e411-b0cc-f8bc1246af59, $GPVTG,0.0,T,345.3,M,0.012,N,0.022,K,A*21
2021-06-15 14:16:14Z, 6dda8203-a249-e411-b0cc-f8bc1246af59, $GPVTG,0.0,T,345.3,M,0.009,N,0.017,K,A*2D
2021-06-15 14:16:15Z, 6dda8203-a249-e411-b0cc-f8bc1246af59, $GPVTG,0.0,T,345.3,M,0.007,N,0.013,K,A*27
2021-06-15 14:16:17Z, 6dda8203-a249-e411-b0cc-f8bc1246af59, $GPVTG,0.0,T,345.3,M,0.004,N,0.007,K,A*21
2021-06-15 14:16:18Z, 6dda8203-a249-e411-b0cc-f8bc1246af59, $GPVTG,0.0,T,345.3,M,0.004,N,0.007,K,A*21
2021-06-15 14:16:20Z, 6dda8203-a249-e411-b0cc-f8bc1246af59, $GPVTG,0.0,T,345.3,M,0.003,N,0.006,K,A*27
2021-06-15 14:16:21Z, 6dda8203-a249-e411-b0cc-f8bc1246af59, $GPVTG,0.0,T,345.3,M,0.003,N,0.006,K,A*27
2021-06-15 14:16:23Z, 6dda8203-a249-e411-b0cc-f8bc1246af59, $GPVTG,0.0,T,345.3,M,0.003,N,0.006,K,A*27
2021-06-15 14:16:24Z, 6dda8203-a249-e411-b0cc-f8bc1246af59, $GPVTG,0.0,T,345.3,M,0.004,N,0.007,K,A*21
2021-06-15 14:16:26Z, 6dda8203-a249-e411-b0cc-f8bc1246af59, $GPVTG,0.0,T,345.3,M,0.002,N,0.004,K,A*24
2021-06-15 14:16:27Z, 6dda8203-a249-e411-b0cc-f8bc1246af59, $GPVTG,0.0,T,345.3,M,0.000,N,0.000,K,A*22
2021-06-15 14:16:29Z, 6dda8203-a249-e411-b0cc-f8bc1246af59, $GPVTG,0.0,T,345.3,M,0.001,N,0.002,K,A*21
2021-06-15 14:16:30Z, 6dda8203-a249-e411-b0cc-f8bc1246af59, $GPVTG,0.0,T,345.3,M,0.002,N,0.004,K,A*24
2021-06-15 14:16:32Z, 6dda8203-a249-e411-b0cc-f8bc1246af59, $GPVTG,0.0,T,345.3,M,0.003,N,0.006,K,A*27
2021-06-15 14:16:33Z, 6dda8203-a249-e411-b0cc-f8bc1246af59, $GPVTG,0.0,T,345.3,M,0.003,N,0.006,K,A*27
2021-06-15 14:16:35Z, 6dda8203-a249-e411-b0cc-f8bc1246af59, $GPVTG,0.0,T,345.3,M,0.000,N,0.000,K,A*22
2021-06-15 14:16:36Z, 6dda8203-a249-e411-b0cc-f8bc1246af59, $GPVTG,0.0,T,345.3,M,0.001,N,0.002,K,A*21
2021-06-15 14:16:38Z, 6dda8203-a249-e411-b0cc-f8bc1246af59, $GPVTG,0.0,T,345.3,M,0.000,N,0.000,K,A*22
2021-06-15 14:16:39Z, 6dda8203-a249-e411-b0cc-f8bc1246af59, $GPVTG,0.0,T,345.3,M,0.000,N,0.000,K,A*22
2021-06-15 14:16:41Z, 6dda8203-a249-e411-b0cc-f8bc1246af59, $GPVTG,0.0,T,345.3,M,0.002,N,0.004,K,A*24
2021-06-15 14:16:42Z, 6dda8203-a249-e411-b0cc-f8bc1246af59, $GPVTG,0.0,T,345.3,M,0.003,N,0.006,K,A*27
2021-06-15 14:16:44Z, 6dda8203-a249-e411-b0cc-f8bc1246af59, $GPVTG,0.0,T,345.3,M,0.002,N,0.004,K,A*24
2021-06-15 14:16:45Z, 6dda8203-a249-e411-b0cc-f8bc1246af59, $GPVTG,0.0,T,345.3,M,0.003,N,0.006,K,A*27
2021-06-15 14:16:47Z, 6dda8203-a249-e411-b0cc-f8bc1246af59, $GPVTG,0.0,T,345.3,M,0.005,N,0.009,K,A*2E
2021-06-15 14:16:48Z, 6dda8203-a249-e411-b0cc-f8bc1246af59, $GPVTG,0.0,T,345.3,M,0.004,N,0.007,K,A*21
2021-06-15 14:16:50Z, 6dda8203-a249-e411-b0cc-f8bc1246af59, $GPVTG,0.0,T,345.3,M,0.003,N,0.006,K,A*27
2021-06-15 14:16:51Z, 6dda8203-a249-e411-b0cc-f8bc1246af59, $GPVTG,0.0,T,345.3,M,0.005,N,0.009,K,A*2E
2021-06-15 14:16:53Z, 6dda8203-a249-e411-b0cc-f8bc1246af59, $GPVTG,0.0,T,345.3,M,0.004,N,0.007,K,A*21
2021-06-15 14:16:54Z, 6dda8203-a249-e411-b0cc-f8bc1246af59, $GPVTG,0.0,T,345.3,M,0.005,N,0.009,K,A*2E
2021-06-15 14:16:56Z, 6dda8203-a249-e411-b0cc-f8bc1246af59, $GPVTG,0.0,T,345.3,M,0.006,N,0.011,K,A*24
2021-06-15 14:16:57Z, 6dda8203-a249-e411-b0cc-f8bc1246af59, $GPVTG,0.0,T,345.3,M,0.010,N,0.019,K,A*2B
2021-06-15 14:16:59Z, 6dda8203-a249-e411-b0cc-f8bc1246af59, $GPVTG,0.0,T,345.3,M,0.008,N,0.015,K,A*2E
2021-06-15 14:17:00Z, 6dda8203-a249-e411-b0cc-f8bc1246af59, $GPVTG,0.0,T,345.3,M,0.007,N,0.013,K,A*27
2021-06-15 14:17:02Z, 6dda8203-a249-e411-b0cc-f8bc1246af59, $GPVTG,0.0,T,345.3,M,0.008,N,0.015,K,A*2E
2021-06-15 14:17:03Z, 6dda8203-a249-e411-b0cc-f8bc1246af59, $GPVTG,0.0,T,345.3,M,0.008,N,0.015,K,A*2E
2021-06-15 14:17:05Z, 6dda8203-a249-e411-b0cc-f8bc1246af59, $GPVTG,0.0,T,345.3,M,0.007,N,0.013,K,A*27
2021-06-15 14:17:06Z, 6dda8203-a249-e411-b0cc-f8bc1246af59, $GPVTG,0.0,T,345.3,M,0.007,N,0.013,K,A*27
2021-06-15 14:17:08Z, 6dda8203-a249-e411-b0cc-f8bc1246af59, $GPVTG,0.0,T,345.3,M,0.008,N,0.015,K,A*2E
2021-06-15 14:17:09Z, 6dda8203-a249-e411-b0cc-f8bc1246af59, $GPVTG,0.0,T,345.3,M,0.009,N,0.017,K,A*2D
2021-06-15 14:17:11Z, 6dda8203-a249-e411-b0cc-f8bc1246af59, $GPVTG,0.0,T,345.3,M,0.009,N,0.017,K,A*2D
2021-06-15 14:17:12Z, 6dda8203-a249-e411-b0cc-f8bc1246af59, $GPVTG,0.0,T,345.3,M,0.010,N,0.019,K,A*2B
2021-06-15 14:17:14Z, 6dda8203-a249-e411-b0cc-f8bc1246af59, $GPVTG,0.0,T,345.3,M,0.008,N,0.015,K,A*2E
2021-06-15 14:17:15Z, 6dda8203-a249-e411-b0cc-f8bc1246af59, $GPVTG,0.0,T,345.3,M,0.008,N,0.015,K,A*2E
2021-06-15 14:17:16Z, 6dda8203-a249-e411-b0cc-f8bc1246af59, $GPVTG,0.0,T,345.3,M,0.007,N,0.013,K,A*27
2021-06-15 14:17:17Z, 6dda8203-a249-e411-b0cc-f8bc1246af59, $GPVTG,0.0,T,345.3,M,0.008,N,0.015,K,A*2E
2021-06-15 14:17:19Z, 6dda8203-a249-e411-b0cc-f8bc1246af59, $GPVTG,0.0,T,345.3,M,0.008,N,0.015,K,A*2E
2021-06-15 14:17:20Z, 6dda8203-a249-e411-b0cc-f8bc1246af59, $GPVTG,0.0,T,345.3,M,0.008,N,0.015,K,A*2E
2021-06-15 14:17:23Z, 6dda8203-a249-e411-b0cc-f8bc1246af59, $GPVTG,0.0,T,345.3,M,0.010,N,0.019,K,A*2B
2021-06-15 14:17:24Z, 6dda8203-a249-e411-b0cc-f8bc1246af59, $GPVTG,0.0,T,345.3,M,0.011,N,0.020,K,A*20
2021-06-15 14:17:25Z, 6dda8203-a249-e411-b0cc-f8bc1246af59, $GPVTG,0.0,T,345.3,M,0.010,N,0.019,K,A*2B
2021-06-15 14:17:27Z, 6dda8203-a249-e411-b0cc-f8bc1246af59, $GPVTG,0.0,T,345.3,M,0.010,N,0.019,K,A*2B
2021-06-15 14:17:28Z, 6dda8203-a249-e411-b0cc-f8bc1246af59, $GPVTG,0.0,T,345.3,M,0.011,N,0.020,K,A*20
2021-06-15 14:17:30Z, 6dda8203-a249-e411-b0cc-f8bc1246af59, $GPVTG,0.0,T,345.3,M,0.011,N,0.020,K,A*20
2021-06-15 14:17:31Z, 6dda8203-a249-e411-b0cc-f8bc1246af59, $GPVTG,0.0,T,345.3,M,0.010,N,0.019,K,A*2B
2021-06-15 14:17:33Z, 6dda8203-a249-e411-b0cc-f8bc1246af59, $GPVTG,0.0,T,345.3,M,0.010,N,0.019,K,A*2B
2021-06-15 14:17:34Z, 6dda8203-a249-e411-b0cc-f8bc1246af59, $GPVTG,0.0,T,345.3,M,0.009,N,0.017,K,A*2D
2021-06-15 14:17:36Z, 6dda8203-a249-e411-b0cc-f8bc1246af59, $GPVTG,0.0,T,345.3,M,0.010,N,0.019,K,A*2B
2021-06-15 14:17:37Z, 6dda8203-a249-e411-b0cc-f8bc1246af59, $GPVTG,0.0,T,345.3,M,0.010,N,0.019,K,A*2B
2021-06-15 14:17:39Z, 6dda8203-a249-e411-b0cc-f8bc1246af59, $GPVTG,0.0,T,345.3,M,0.010,N,0.019,K,A*2B
2021-06-15 14:17:40Z, 6dda8203-a249-e411-b0cc-f8bc1246af59, $GPVTG,0.0,T,345.3,M,0.009,N,0.017,K,A*2D
2021-06-15 14:17:43Z, 6dda8203-a249-e411-b0cc-f8bc1246af59, $GPVTG,0.0,T,345.3,M,0.009,N,0.017,K,A*2D
2021-06-15 14:17:43Z, 6dda8203-a249-e411-b0cc-f8bc1246af59, $GPVTG,0.0,T,345.3,M,0.010,N,0.019,K,A*2B
2021-06-15 14:17:45Z, 6dda8203-a249-e411-b0cc-f8bc1246af59, $GPVTG,0.0,T,345.3,M,0.008,N,0.015,K,A*2E
2021-06-15 14:17:46Z, 6dda8203-a249-e411-b0cc-f8bc1246af59, $GPVTG,0.0,T,345.3,M,0.010,N,0.019,K,A*2B
2021-06-15 14:17:48Z, 6dda8203-a249-e411-b0cc-f8bc1246af59, $GPVTG,0.0,T,345.3,M,0.010,N,0.019,K,A*2B
2021-06-15 14:17:49Z, 6dda8203-a249-e411-b0cc-f8bc1246af59, $GPVTG,0.0,T,345.3,M,0.010,N,0.019,K,A*2B
2021-06-15 14:17:51Z, 6dda8203-a249-e411-b0cc-f8bc1246af59, $GPVTG,0.0,T,345.3,M,0.009,N,0.017,K,A*2D
2021-06-15 14:17:51Z, 6dda8203-a249-e411-b0cc-f8bc1246af59, $GPVTG,0.0,T,345.3,M,0.010,N,0.019,K,A*2B
2021-06-15 14:17:53Z, 6dda8203-a249-e411-b0cc-f8bc1246af59, $GPVTG,0.0,T,345.3,M,0.009,N,0.017,K,A*2D
2021-06-15 14:17:54Z, 6dda8203-a249-e411-b0cc-f8bc1246af59, $GPVTG,0.0,T,345.3,M,0.008,N,0.015,K,A*2E
2021-06-15 14:17:56Z, 6dda8203-a249-e411-b0cc-f8bc1246af59, $GPVTG,0.0,T,345.3,M,0.009,N,0.017,K,A*2D
2021-06-15 14:17:58Z, 6dda8203-a249-e411-b0cc-f8bc1246af59, $GPVTG,0.0,T,345.3,M,0.010,N,0.019,K,A*2B
2021-06-15 14:17:59Z, 6dda8203-a249-e411-b0cc-f8bc1246af59, $GPVTG,0.0,T,345.3,M,0.010,N,0.019,K,A*2B
2021-06-15 14:18:01Z, 6dda8203-a249-e411-b0cc-f8bc1246af59, $GPVTG,0.0,T,345.3,M,0.010,N,0.019,K,A*2B
2021-06-15 14:18:02Z, 6dda8203-a249-e411-b0cc-f8bc1246af59, $GPVTG,0.0,T,345.3,M,0.009,N,0.017,K,A*2D
2021-06-15 14:18:04Z, 6dda8203-a249-e411-b0cc-f8bc1246af59, $GPVTG,0.0,T,345.3,M,0.005,N,0.009,K,A*2E
2021-06-15 14:18:05Z, 6dda8203-a249-e411-b0cc-f8bc1246af59, $GPVTG,0.0,T,345.3,M,0.007,N,0.013,K,A*27
2021-06-15 14:18:07Z, 6dda8203-a249-e411-b0cc-f8bc1246af59, $GPVTG,0.0,T,345.3,M,0.006,N,0.011,K,A*24
2021-06-15 14:18:08Z, 6dda8203-a249-e411-b0cc-f8bc1246af59, $GPVTG,0.0,T,345.3,M,0.006,N,0.011,K,A*24
2021-06-15 14:18:09Z, 6dda8203-a249-e411-b0cc-f8bc1246af59, $GPVTG,0.0,T,345.3,M,0.005,N,0.009,K,A*2E
2021-06-15 14:18:11Z, 6dda8203-a249-e411-b0cc-f8bc1246af59, $GPVTG,0.0,T,345.3,M,0.006,N,0.011,K,A*24
2021-06-15 14:18:12Z, 6dda8203-a249-e411-b0cc-f8bc1246af59, $GPVTG,0.0,T,345.3,M,0.008,N,0.015,K,A*2E
2021-06-15 14:18:13Z, 6dda8203-a249-e411-b0cc-f8bc1246af59, $GPVTG,0.0,T,345.3,M,0.008,N,0.015,K,A*2E
2021-06-15 14:18:15Z, 6dda8203-a249-e411-b0cc-f8bc1246af59, $GPVTG,0.0,T,345.3,M,0.007,N,0.013,K,A*27
2021-06-15 14:18:16Z, 6dda8203-a249-e411-b0cc-f8bc1246af59, $GPVTG,0.0,T,345.3,M,0.007,N,0.013,K,A*27
2021-06-15 14:18:18Z, 6dda8203-a249-e411-b0cc-f8bc1246af59, $GPVTG,0.0,T,345.3,M,0.005,N,0.009,K,A*2E
2021-06-15 14:18:19Z, 6dda8203-a249-e411-b0cc-f8bc1246af59, $GPVTG,0.0,T,345.3,M,0.005,N,0.009,K,A*2E
2021-06-15 14:18:21Z, 6dda8203-a249-e411-b0cc-f8bc1246af59, $GPVTG,0.0,T,345.3,M,0.007,N,0.013,K,A*27
2021-06-15 14:18:22Z, 6dda8203-a249-e411-b0cc-f8bc1246af59, $GPVTG,0.0,T,345.3,M,0.006,N,0.011,K,A*24
2021-06-15 14:18:24Z, 6dda8203-a249-e411-b0cc-f8bc1246af59, $GPVTG,0.0,T,345.3,M,0.004,N,0.007,K,A*21
2021-06-15 14:18:25Z, 6dda8203-a249-e411-b0cc-f8bc1246af59, $GPVTG,0.0,T,345.3,M,0.006,N,0.011,K,A*24
2021-06-15 14:18:27Z, 6dda8203-a249-e411-b0cc-f8bc1246af59, $GPVTG,0.0,T,345.3,M,0.005,N,0.009,K,A*2E
2021-06-15 14:18:28Z, 6dda8203-a249-e411-b0cc-f8bc1246af59, $GPVTG,0.0,T,345.3,M,0.005,N,0.009,K,A*2E
2021-06-15 14:18:30Z, 6dda8203-a249-e411-b0cc-f8bc1246af59, $GPVTG,0.0,T,345.3,M,0.003,N,0.006,K,A*27
2021-06-15 14:18:31Z, 6dda8203-a249-e411-b0cc-f8bc1246af59, $GPVTG,0.0,T,345.3,M,0.001,N,0.002,K,A*21
2021-06-15 14:18:32Z, 6dda8203-a249-e411-b0cc-f8bc1246af59, $GPVTG,0.0,T,345.3,M,0.002,N,0.004,K,A*24
2021-06-15 14:18:34Z, 6dda8203-a249-e411-b0cc-f8bc1246af59, $GPVTG,0.0,T,345.3,M,0.002,N,0.004,K,A*24
2021-06-15 14:18:35Z, 6dda8203-a249-e411-b0cc-f8bc1246af59, $GPVTG,0.0,T,345.3,M,0.001,N,0.002,K,A*21
2021-06-15 14:18:37Z, 6dda8203-a249-e411-b0cc-f8bc1246af59, $GPVTG,0.0,T,345.3,M,0.002,N,0.004,K,A*24
2021-06-15 14:18:38Z, 6dda8203-a249-e411-b0cc-f8bc1246af59, $GPVTG,0.0,T,345.3,M,0.003,N,0.006,K,A*27
2021-06-15 14:18:40Z, 6dda8203-a249-e411-b0cc-f8bc1246af59, $GPVTG,0.0,T,345.3,M,0.004,N,0.007,K,A*21
2021-06-15 14:18:41Z, 6dda8203-a249-e411-b0cc-f8bc1246af59, $GPVTG,0.0,T,345.3,M,0.004,N,0.007,K,A*21
2021-06-15 14:18:43Z, 6dda8203-a249-e411-b0cc-f8bc1246af59, $GPVTG,0.0,T,345.3,M,0.004,N,0.007,K,A*21
2021-06-15 14:18:44Z, 6dda8203-a249-e411-b0cc-f8bc1246af59, $GPVTG,0.0,T,345.3,M,0.003,N,0.006,K,A*27
2021-06-15 14:18:46Z, 6dda8203-a249-e411-b0cc-f8bc1246af59, $GPVTG,0.0,T,345.3,M,0.001,N,0.002,K,A*21
2021-06-15 14:18:47Z, 6dda8203-a249-e411-b0cc-f8bc1246af59, $GPVTG,0.0,T,345.3,M,0.001,N,0.002,K,A*21
2021-06-15 14:18:48Z, 6dda8203-a249-e411-b0cc-f8bc1246af59, $GPVTG,0.0,T,345.3,M,0.001,N,0.002,K,A*21
2021-06-15 14:18:50Z, 6dda8203-a249-e411-b0cc-f8bc1246af59, $GPVTG,0.0,T,345.3,M,0.003,N,0.006,K,A*27
2021-06-15 14:18:51Z, 6dda8203-a249-e411-b0cc-f8bc1246af59, $GPVTG,0.0,T,345.3,M,0.004,N,0.007,K,A*21
2021-06-15 14:18:53Z, 6dda8203-a249-e411-b0cc-f8bc1246af59, $GPVTG,0.0,T,345.3,M,0.002,N,0.004,K,A*24
2021-06-15 14:18:54Z, 6dda8203-a249-e411-b0cc-f8bc1246af59, $GPVTG,0.0,T,345.3,M,0.002,N,0.004,K,A*24
2021-06-15 14:18:56Z, 6dda8203-a249-e411-b0cc-f8bc1246af59, $GPVTG,0.0,T,345.3,M,0.004,N,0.007,K,A*21
2021-06-15 14:18:57Z, 6dda8203-a249-e411-b0cc-f8bc1246af59, $GPVTG,0.0,T,345.3,M,0.003,N,0.006,K,A*27
2021-06-15 14:18:58Z, 6dda8203-a249-e411-b0cc-f8bc1246af59, $GPVTG,0.0,T,345.3,M,0.001,N,0.002,K,A*21
2021-06-15 14:19:00Z, 6dda8203-a249-e411-b0cc-f8bc1246af59, $GPVTG,0.0,T,345.3,M,0.004,N,0.007,K,A*21
2021-06-15 14:19:01Z, 6dda8203-a249-e411-b0cc-f8bc1246af59, $GPVTG,0.0,T,345.3,M,0.004,N,0.007,K,A*21
2021-06-15 14:19:03Z, 6dda8203-a249-e411-b0cc-f8bc1246af59, $GPVTG,0.0,T,345.3,M,0.005,N,0.009,K,A*2E
2021-06-15 14:19:04Z, 6dda8203-a249-e411-b0cc-f8bc1246af59, $GPVTG,0.0,T,345.3,M,0.007,N,0.013,K,A*27
2021-06-15 14:19:05Z, 6dda8203-a249-e411-b0cc-f8bc1246af59, $GPVTG,0.0,T,345.3,M,0.008,N,0.015,K,A*2E
2021-06-15 14:19:07Z, 6dda8203-a249-e411-b0cc-f8bc1246af59, $GPVTG,0.0,T,345.3,M,0.008,N,0.015,K,A*2E
2021-06-15 14:19:08Z, 6dda8203-a249-e411-b0cc-f8bc1246af59, $GPVTG,0.0,T,345.3,M,0.007,N,0.013,K,A*27
2021-06-15 14:19:10Z, 6dda8203-a249-e411-b0cc-f8bc1246af59, $GPVTG,0.0,T,345.3,M,0.009,N,0.017,K,A*2D
2021-06-15 14:19:11Z, 6dda8203-a249-e411-b0cc-f8bc1246af59, $GPVTG,0.0,T,345.3,M,0.008,N,0.015,K,A*2E
2021-06-15 14:19:13Z, 6dda8203-a249-e411-b0cc-f8bc1246af59, $GPVTG,0.0,T,345.3,M,0.009,N,0.017,K,A*2D
2021-06-15 14:19:15Z, 6dda8203-a249-e411-b0cc-f8bc1246af59, $GPVTG,0.0,T,345.3,M,0.008,N,0.015,K,A*2E
2021-06-15 14:19:16Z, 6dda8203-a249-e411-b0cc-f8bc1246af59, $GPVTG,0.0,T,345.3,M,0.009,N,0.017,K,A*2D
2021-06-15 14:19:17Z, 6dda8203-a249-e411-b0cc-f8bc1246af59, $GPVTG,0.0,T,345.3,M,0.009,N,0.017,K,A*2D
2021-06-15 14:19:18Z, 6dda8203-a249-e411-b0cc-f8bc1246af59, $GPVTG,0.0,T,345.3,M,0.008,N,0.015,K,A*2E
2021-06-15 14:19:19Z, 6dda8203-a249-e411-b0cc-f8bc1246af59, $GPVTG,0.0,T,345.3,M,0.008,N,0.015,K,A*2E
2021-06-15 14:19:21Z, 6dda8203-a249-e411-b0cc-f8bc1246af59, $GPVTG,0.0,T,345.3,M,0.008,N,0.015,K,A*2E
2021-06-15 14:19:22Z, 6dda8203-a249-e411-b0cc-f8bc1246af59, $GPVTG,0.0,T,345.3,M,0.008,N,0.015,K,A*2E
2021-06-15 14:19:23Z, 6dda8203-a249-e411-b0cc-f8bc1246af59, $GPVTG,0.0,T,345.3,M,0.008,N,0.015,K,A*2E
2021-06-15 14:19:25Z, 6dda8203-a249-e411-b0cc-f8bc1246af59, $GPVTG,0.0,T,345.3,M,0.010,N,0.019,K,A*2B
2021-06-15 14:19:27Z, 6dda8203-a249-e411-b0cc-f8bc1246af59, $GPVTG,0.0,T,345.3,M,0.010,N,0.019,K,A*2B
2021-06-15 14:19:28Z, 6dda8203-a249-e411-b0cc-f8bc1246af59, $GPVTG,0.0,T,345.3,M,0.010,N,0.019,K,A*2B
2021-06-15 14:19:29Z, 6dda8203-a249-e411-b0cc-f8bc1246af59, $GPVTG,0.0,T,345.3,M,0.010,N,0.019,K,A*2B
2021-06-15 14:19:31Z, 6dda8203-a249-e411-b0cc-f8bc1246af59, $GPVTG,0.0,T,345.3,M,0.010,N,0.019,K,A*2B
2021-06-15 14:19:32Z, 6dda8203-a249-e411-b0cc-f8bc1246af59, $GPVTG,0.0,T,345.3,M,0.010,N,0.019,K,A*2B
2021-06-15 14:19:34Z, 6dda8203-a249-e411-b0cc-f8bc1246af59, $GPVTG,0.0,T,345.3,M,0.011,N,0.020,K,A*20
2021-06-15 14:19:35Z, 6dda8203-a249-e411-b0cc-f8bc1246af59, $GPVTG,0.0,T,345.3,M,0.012,N,0.022,K,A*21
2021-06-15 14:19:37Z, 6dda8203-a249-e411-b0cc-f8bc1246af59, $GPVTG,0.0,T,345.3,M,0.010,N,0.019,K,A*2B
2021-06-15 14:19:38Z, 6dda8203-a249-e411-b0cc-f8bc1246af59, $GPVTG,0.0,T,345.3,M,0.010,N,0.019,K,A*2B
2021-06-15 14:19:40Z, 6dda8203-a249-e411-b0cc-f8bc1246af59, $GPVTG,0.0,T,345.3,M,0.010,N,0.019,K,A*2B
2021-06-15 14:19:41Z, 6dda8203-a249-e411-b0cc-f8bc1246af59, $GPVTG,0.0,T,345.3,M,0.008,N,0.015,K,A*2E
2021-06-15 14:19:43Z, 6dda8203-a249-e411-b0cc-f8bc1246af59, $GPVTG,0.0,T,345.3,M,0.009,N,0.017,K,A*2D
2021-06-15 14:19:44Z, 6dda8203-a249-e411-b0cc-f8bc1246af59, $GPVTG,0.0,T,345.3,M,0.010,N,0.019,K,A*2B
2021-06-15 14:19:46Z, 6dda8203-a249-e411-b0cc-f8bc1246af59, $GPVTG,0.0,T,345.3,M,0.009,N,0.017,K,A*2D
2021-06-15 14:19:47Z, 6dda8203-a249-e411-b0cc-f8bc1246af59, $GPVTG,0.0,T,345.3,M,0.008,N,0.015,K,A*2E
2021-06-15 14:19:49Z, 6dda8203-a249-e411-b0cc-f8bc1246af59, $GPVTG,0.0,T,345.3,M,0.007,N,0.013,K,A*27
2021-06-15 14:19:50Z, 6dda8203-a249-e411-b0cc-f8bc1246af59, $GPVTG,0.0,T,345.3,M,0.005,N,0.009,K,A*2E
2021-06-15 14:19:52Z, 6dda8203-a249-e411-b0cc-f8bc1246af59, $GPVTG,0.0,T,345.3,M,0.007,N,0.013,K,A*27
2021-06-15 14:19:53Z, 6dda8203-a249-e411-b0cc-f8bc1246af59, $GPVTG,0.0,T,345.3,M,0.007,N,0.013,K,A*27
2021-06-15 14:19:55Z, 6dda8203-a249-e411-b0cc-f8bc1246af59, $GPVTG,0.0,T,345.3,M,0.005,N,0.009,K,A*2E
2021-06-15 14:19:56Z, 6dda8203-a249-e411-b0cc-f8bc1246af59, $GPVTG,0.0,T,345.3,M,0.006,N,0.011,K,A*24
2021-06-15 14:19:58Z, 6dda8203-a249-e411-b0cc-f8bc1246af59, $GPVTG,0.0,T,345.3,M,0.005,N,0.009,K,A*2E
2021-06-15 14:19:59Z, 6dda8203-a249-e411-b0cc-f8bc1246af59, $GPVTG,0.0,T,345.3,M,0.005,N,0.009,K,A*2E
2021-06-15 14:20:01Z, 6dda8203-a249-e411-b0cc-f8bc1246af59, $GPVTG,0.0,T,345.3,M,0.005,N,0.009,K,A*2E
2021-06-15 14:20:02Z, 6dda8203-a249-e411-b0cc-f8bc1246af59, $GPVTG,0.0,T,345.3,M,0.006,N,0.011,K,A*24
2021-06-15 14:20:04Z, 6dda8203-a249-e411-b0cc-f8bc1246af59, $GPVTG,0.0,T,345.3,M,0.006,N,0.011,K,A*24
2021-06-15 14:20:05Z, 6dda8203-a249-e411-b0cc-f8bc1246af59, $GPVTG,0.0,T,345.3,M,0.007,N,0.013,K,A*27
2021-06-15 14:20:07Z, 6dda8203-a249-e411-b0cc-f8bc1246af59, $GPVTG,0.0,T,345.3,M,0.007,N,0.013,K,A*27
2021-06-15 14:20:08Z, 6dda8203-a249-e411-b0cc-f8bc1246af59, $GPVTG,0.0,T,345.3,M,0.007,N,0.013,K,A*27
2021-06-15 14:20:10Z, 6dda8203-a249-e411-b0cc-f8bc1246af59, $GPVTG,0.0,T,345.3,M,0.005,N,0.009,K,A*2E
2021-06-15 14:20:11Z, 6dda8203-a249-e411-b0cc-f8bc1246af59, $GPVTG,0.0,T,345.3,M,0.005,N,0.009,K,A*2E
2021-06-15 14:20:13Z, 6dda8203-a249-e411-b0cc-f8bc1246af59, $GPVTG,0.0,T,345.3,M,0.006,N,0.011,K,A*24
2021-06-15 14:20:14Z, 6dda8203-a249-e411-b0cc-f8bc1246af59, $GPVTG,0.0,T,345.3,M,0.007,N,0.013,K,A*27
2021-06-15 14:20:16Z, 6dda8203-a249-e411-b0cc-f8bc1246af59, $GPVTG,0.0,T,345.3,M,0.008,N,0.015,K,A*2E
2021-06-15 14:20:17Z, 6dda8203-a249-e411-b0cc-f8bc1246af59, $GPVTG,0.0,T,345.3,M,0.008,N,0.015,K,A*2E
2021-06-15 14:20:19Z, 6dda8203-a249-e411-b0cc-f8bc1246af59, $GPVTG,0.0,T,345.3,M,0.009,N,0.017,K,A*2D
2021-06-15 14:20:20Z, 6dda8203-a249-e411-b0cc-f8bc1246af59, $GPVTG,0.0,T,345.3,M,0.009,N,0.017,K,A*2D
2021-06-15 14:20:22Z, 6dda8203-a249-e411-b0cc-f8bc1246af59, $GPVTG,0.0,T,345.3,M,0.009,N,0.017,K,A*2D
2021-06-15 14:20:23Z, 6dda8203-a249-e411-b0cc-f8bc1246af59, $GPVTG,0.0,T,345.3,M,0.008,N,0.015,K,A*2E
2021-06-15 14:20:25Z, 6dda8203-a249-e411-b0cc-f8bc1246af59, $GPVTG,0.0,T,345.3,M,0.007,N,0.013,K,A*27
2021-06-15 14:20:26Z, 6dda8203-a249-e411-b0cc-f8bc1246af59, $GPVTG,0.0,T,345.3,M,0.007,N,0.013,K,A*27
2021-06-15 14:20:28Z, 6dda8203-a249-e411-b0cc-f8bc1246af59, $GPVTG,0.0,T,345.3,M,0.006,N,0.011,K,A*24
2021-06-15 14:20:29Z, 6dda8203-a249-e411-b0cc-f8bc1246af59, $GPVTG,0.0,T,345.3,M,0.004,N,0.007,K,A*21
2021-06-15 14:20:31Z, 6dda8203-a249-e411-b0cc-f8bc1246af59, $GPVTG,0.0,T,345.3,M,0.006,N,0.011,K,A*24
2021-06-15 14:20:32Z, 6dda8203-a249-e411-b0cc-f8bc1246af59, $GPVTG,0.0,T,345.3,M,0.007,N,0.013,K,A*27
2021-06-15 14:20:34Z, 6dda8203-a249-e411-b0cc-f8bc1246af59, $GPVTG,0.0,T,345.3,M,0.005,N,0.009,K,A*2E
2021-06-15 14:20:35Z, 6dda8203-a249-e411-b0cc-f8bc1246af59, $GPVTG,0.0,T,345.3,M,0.007,N,0.013,K,A*27
2021-06-15 14:20:37Z, 6dda8203-a249-e411-b0cc-f8bc1246af59, $GPVTG,0.0,T,345.3,M,0.005,N,0.009,K,A*2E
2021-06-15 14:20:38Z, 6dda8203-a249-e411-b0cc-f8bc1246af59, $GPVTG,0.0,T,345.3,M,0.004,N,0.007,K,A*21
2021-06-15 14:20:40Z, 6dda8203-a249-e411-b0cc-f8bc1246af59, $GPVTG,0.0,T,345.3,M,0.002,N,0.004,K,A*24
2021-06-15 14:20:41Z, 6dda8203-a249-e411-b0cc-f8bc1246af59, $GPVTG,0.0,T,345.3,M,0.001,N,0.002,K,A*21
2021-06-15 14:20:43Z, 6dda8203-a249-e411-b0cc-f8bc1246af59, $GPVTG,0.0,T,345.3,M,0.001,N,0.002,K,A*21
2021-06-15 14:20:44Z, 6dda8203-a249-e411-b0cc-f8bc1246af59, $GPVTG,0.0,T,345.3,M,0.002,N,0.004,K,A*24
2021-06-15 14:20:46Z, 6dda8203-a249-e411-b0cc-f8bc1246af59, $GPVTG,0.0,T,345.3,M,0.000,N,0.000,K,A*22
2021-06-15 14:20:47Z, 6dda8203-a249-e411-b0cc-f8bc1246af59, $GPVTG,0.0,T,345.3,M,0.002,N,0.004,K,A*24
2021-06-15 14:20:49Z, 6dda8203-a249-e411-b0cc-f8bc1246af59, $GPVTG,0.0,T,345.3,M,0.000,N,0.000,K,A*22
2021-06-15 14:20:50Z, 6dda8203-a249-e411-b0cc-f8bc1246af59, $GPVTG,0.0,T,345.3,M,0.001,N,0.002,K,A*21
2021-06-15 14:20:52Z, 6dda8203-a249-e411-b0cc-f8bc1246af59, $GPVTG,0.0,T,345.3,M,0.001,N,0.002,K,A*21
2021-06-15 14:20:53Z, 6dda8203-a249-e411-b0cc-f8bc1246af59, $GPVTG,0.0,T,345.3,M,0.001,N,0.002,K,A*21
2021-06-15 14:20:55Z, 6dda8203-a249-e411-b0cc-f8bc1246af59, $GPVTG,0.0,T,345.3,M,0.002,N,0.004,K,A*24
2021-06-15 14:20:56Z, 6dda8203-a249-e411-b0cc-f8bc1246af59, $GPVTG,0.0,T,345.3,M,0.003,N,0.006,K,A*27
2021-06-15 14:20:58Z, 6dda8203-a249-e411-b0cc-f8bc1246af59, $GPVTG,0.0,T,345.3,M,0.001,N,0.002,K,A*21
2021-06-15 14:20:59Z, 6dda8203-a249-e411-b0cc-f8bc1246af59, $GPVTG,0.0,T,345.3,M,0.002,N,0.004,K,A*24
2021-06-15 14:21:01Z, 6dda8203-a249-e411-b0cc-f8bc1246af59, $GPVTG,0.0,T,345.3,M,0.002,N,0.004,K,A*24
2021-06-15 14:21:02Z, 6dda8203-a249-e411-b0cc-f8bc1246af59, $GPVTG,0.0,T,345.3,M,0.001,N,0.002,K,A*21
2021-06-15 14:21:04Z, 6dda8203-a249-e411-b0cc-f8bc1246af59, $GPVTG,0.0,T,345.3,M,0.001,N,0.002,K,A*21
2021-06-15 14:21:05Z, 6dda8203-a249-e411-b0cc-f8bc1246af59, $GPVTG,0.0,T,345.3,M,0.001,N,0.002,K,A*21
2021-06-15 14:21:07Z, 6dda8203-a249-e411-b0cc-f8bc1246af59, $GPVTG,0.0,T,345.3,M,0.000,N,0.000,K,A*22
2021-06-15 14:21:08Z, 6dda8203-a249-e411-b0cc-f8bc1246af59, $GPVTG,0.0,T,345.3,M,0.003,N,0.006,K,A*27
2021-06-15 14:21:10Z, 6dda8203-a249-e411-b0cc-f8bc1246af59, $GPVTG,0.0,T,345.3,M,0.004,N,0.007,K,A*21
2021-06-15 14:21:11Z, 6dda8203-a249-e411-b0cc-f8bc1246af59, $GPVTG,0.0,T,345.3,M,0.004,N,0.007,K,A*21
2021-06-15 14:21:13Z, 6dda8203-a249-e411-b0cc-f8bc1246af59, $GPVTG,0.0,T,345.3,M,0.006,N,0.011,K,A*24
2021-06-15 14:21:14Z, 6dda8203-a249-e411-b0cc-f8bc1246af59, $GPVTG,0.0,T,345.3,M,0.007,N,0.013,K,A*27
2021-06-15 14:21:16Z, 6dda8203-a249-e411-b0cc-f8bc1246af59, $GPVTG,0.0,T,345.3,M,0.007,N,0.013,K,A*27
2021-06-15 14:21:17Z, 6dda8203-a249-e411-b0cc-f8bc1246af59, $GPVTG,0.0,T,345.3,M,0.007,N,0.013,K,A*27
2021-06-15 14:21:19Z, 6dda8203-a249-e411-b0cc-f8bc1246af59, $GPVTG,0.0,T,345.3,M,0.007,N,0.013,K,A*27
2021-06-15 14:21:20Z, 6dda8203-a249-e411-b0cc-f8bc1246af59, $GPVTG,0.0,T,345.3,M,0.007,N,0.013,K,A*27
2021-06-15 14:21:21Z, 6dda8203-a249-e411-b0cc-f8bc1246af59, $GPVTG,0.0,T,345.3,M,0.011,N,0.020,K,A*20
2021-06-15 14:21:23Z, 6dda8203-a249-e411-b0cc-f8bc1246af59, $GPVTG,0.0,T,345.3,M,0.011,N,0.020,K,A*20
2021-06-15 14:21:24Z, 6dda8203-a249-e411-b0cc-f8bc1246af59, $GPVTG,0.0,T,345.3,M,0.011,N,0.020,K,A*20
2021-06-15 14:21:25Z, 6dda8203-a249-e411-b0cc-f8bc1246af59, $GPVTG,0.0,T,345.3,M,0.010,N,0.019,K,A*2B
2021-06-15 14:21:26Z, 6dda8203-a249-e411-b0cc-f8bc1246af59, $GPVTG,0.0,T,345.3,M,0.010,N,0.019,K,A*2B
2021-06-15 14:21:27Z, 6dda8203-a249-e411-b0cc-f8bc1246af59, $GPVTG,0.0,T,345.3,M,0.009,N,0.017,K,A*2D
2021-06-15 14:21:28Z, 6dda8203-a249-e411-b0cc-f8bc1246af59, $GPVTG,0.0,T,345.3,M,0.010,N,0.019,K,A*2B
2021-06-15 14:21:30Z, 6dda8203-a249-e411-b0cc-f8bc1246af59, $GPVTG,0.0,T,345.3,M,0.008,N,0.015,K,A*2E
2021-06-15 14:21:31Z, 6dda8203-a249-e411-b0cc-f8bc1246af59, $GPVTG,0.0,T,345.3,M,0.006,N,0.011,K,A*24
2021-06-15 14:21:34Z, 6dda8203-a249-e411-b0cc-f8bc1246af59, $GPVTG,0.0,T,345.3,M,0.006,N,0.011,K,A*24
2021-06-15 14:21:35Z, 6dda8203-a249-e411-b0cc-f8bc1246af59, $GPVTG,0.0,T,345.3,M,0.004,N,0.007,K,A*21
2021-06-15 14:21:36Z, 6dda8203-a249-e411-b0cc-f8bc1246af59, $GPVTG,0.0,T,345.3,M,0.005,N,0.009,K,A*2E
2021-06-15 14:21:38Z, 6dda8203-a249-e411-b0cc-f8bc1246af59, $GPVTG,0.0,T,345.3,M,0.005,N,0.009,K,A*2E
2021-06-15 14:21:39Z, 6dda8203-a249-e411-b0cc-f8bc1246af59, $GPVTG,0.0,T,345.3,M,0.005,N,0.009,K,A*2E
