ACQ Timestamp (Server Time in UTC), MessageID, Data Value For: TSG-2174150-3326-Message
2023-07-17T20:48:28.9623892Z, 7eda8203-a249-e411-b0cc-f8bc1246af59,       22163        10.6118         3.743546        33.7566        10.5600      1490.32        51.0080
2023-07-17T20:48:31.9623700Z, 7eda8203-a249-e411-b0cc-f8bc1246af59,       22164        10.6088         3.743747        33.7614        10.5742      1490.38        51.0335
2023-07-17T20:48:34.9633762Z, 7eda8203-a249-e411-b0cc-f8bc1246af59,       22165        10.6043         3.743945        33.7675        10.5973      1490.46        51.0751
2023-07-17T20:48:37.9633641Z, 7eda8203-a249-e411-b0cc-f8bc1246af59,       22166        10.6013         3.743945        33.7702        10.6026      1490.49        51.0847
2023-07-17T20:48:40.9633492Z, 7eda8203-a249-e411-b0cc-f8bc1246af59,       22167        10.5991         3.743945        33.7723        10.5886      1490.44        51.0594
2023-07-17T20:48:43.9633459Z, 7eda8203-a249-e411-b0cc-f8bc1246af59,       22168        10.5976         3.743945        33.7737        10.5889      1490.44        51.0601
2023-07-17T20:48:46.9434186Z, 7eda8203-a249-e411-b0cc-f8bc1246af59,       22169        10.5938         3.743945        33.7772        10.6009      1490.49        51.0816
2023-07-17T20:48:49.9643372Z, 7eda8203-a249-e411-b0cc-f8bc1246af59,       22170        10.5901         3.743945        33.7807        10.5963      1490.48        51.0733
2023-07-17T20:48:52.9444148Z, 7eda8203-a249-e411-b0cc-f8bc1246af59,       22171        10.5878         3.743945        33.7827        10.5916      1490.46        51.0649
2023-07-17T20:48:55.9643191Z, 7eda8203-a249-e411-b0cc-f8bc1246af59,       22172        10.5886         3.743747        33.7801        10.5654      1490.37        51.0176
2023-07-17T20:48:58.9646167Z, 7eda8203-a249-e411-b0cc-f8bc1246af59,       22173        10.5923         3.743647        33.7756        10.5883      1490.44        51.0589
2023-07-17T20:49:01.9646064Z, 7eda8203-a249-e411-b0cc-f8bc1246af59,       22174        10.5976         3.743647        33.7707        10.5997      1490.48        51.0794
2023-07-17T20:49:04.9645906Z, 7eda8203-a249-e411-b0cc-f8bc1246af59,       22175        10.6021         3.743747        33.7676        10.5852      1490.42        51.0533
2023-07-17T20:49:07.9655965Z, 7eda8203-a249-e411-b0cc-f8bc1246af59,       22176        10.6043         3.743844        33.7665        10.5846      1490.42        51.0523
2023-07-17T20:49:10.9658804Z, 7eda8203-a249-e411-b0cc-f8bc1246af59,       22177        10.6065         3.743945        33.7654        10.5936      1490.45        51.0685
2023-07-17T20:49:13.9658516Z, 7eda8203-a249-e411-b0cc-f8bc1246af59,       22178        10.6073         3.743945        33.7647        10.5945      1490.45        51.0701
2023-07-17T20:49:16.9659378Z, 7eda8203-a249-e411-b0cc-f8bc1246af59,       22179        10.6058         3.744143        33.7681        10.5996      1490.47        51.0793
2023-07-17T20:49:19.9659569Z, 7eda8203-a249-e411-b0cc-f8bc1246af59,       22180        10.6036         3.744143        33.7702        10.6142      1490.53        51.1056
2023-07-17T20:49:22.9659271Z, 7eda8203-a249-e411-b0cc-f8bc1246af59,       22181        10.6021         3.744143        33.7715        10.6148      1490.53        51.1066
2023-07-17T20:49:25.9670038Z, 7eda8203-a249-e411-b0cc-f8bc1246af59,       22182        10.6013         3.744143        33.7722        10.6128      1490.53        51.1030
2023-07-17T20:49:28.9669986Z, 7eda8203-a249-e411-b0cc-f8bc1246af59,       22183        10.6021         3.744045        33.7706        10.6143      1490.53        51.1058
2023-07-17T20:49:31.9671796Z, 7eda8203-a249-e411-b0cc-f8bc1246af59,       22184        10.6036         3.744045        33.7692        10.6339      1490.60        51.1411
2023-07-17T20:49:34.9673013Z, 7eda8203-a249-e411-b0cc-f8bc1246af59,       22185        10.6043         3.744045        33.7685        10.6443      1490.63        51.1597
2023-07-17T20:49:37.9674429Z, 7eda8203-a249-e411-b0cc-f8bc1246af59,       22186        10.6065         3.744045        33.7664        10.6479      1490.64        51.1663
2023-07-17T20:49:40.9674456Z, 7eda8203-a249-e411-b0cc-f8bc1246af59,       22187        10.6125         3.744142        33.7618        10.6526      1490.65        51.1746
2023-07-17T20:49:43.9674293Z, 7eda8203-a249-e411-b0cc-f8bc1246af59,       22188        10.6155         3.744142        33.7591        10.6495      1490.64        51.1691
2023-07-17T20:49:46.9678023Z, 7eda8203-a249-e411-b0cc-f8bc1246af59,       22189        10.6193         3.744243        33.7566        10.6553      1490.66        51.1796
2023-07-17T20:49:49.9677881Z, 7eda8203-a249-e411-b0cc-f8bc1246af59,       22190        10.6230         3.744343        33.7542        10.6472      1490.63        51.1649
2023-07-17T20:49:52.9687937Z, 7eda8203-a249-e411-b0cc-f8bc1246af59,       22191        10.6283         3.744541        33.7513        10.6533      1490.64        51.1759
2023-07-17T20:49:55.9687680Z, 7eda8203-a249-e411-b0cc-f8bc1246af59,       22192        10.6327         3.744742        33.7492        10.6553      1490.65        51.1796
2023-07-17T20:49:58.9787115Z, 7eda8203-a249-e411-b0cc-f8bc1246af59,       22193        10.6402         3.745040        33.7453        10.6587      1490.66        51.1856
2023-07-17T20:50:01.9586215Z, 7eda8203-a249-e411-b0cc-f8bc1246af59,       22194        10.6499         3.745238        33.7383        10.6583      1490.65        51.1850
2023-07-17T20:50:04.9594134Z, 7eda8203-a249-e411-b0cc-f8bc1246af59,       22195        10.6567         3.745436        33.7340        10.6406      1490.58        51.1531
2023-07-17T20:50:07.9593999Z, 7eda8203-a249-e411-b0cc-f8bc1246af59,       22196        10.6604         3.745637        33.7326        10.6352      1490.56        51.1434
2023-07-17T20:50:10.9593737Z, 7eda8203-a249-e411-b0cc-f8bc1246af59,       22197        10.6641         3.745935        33.7321        10.6507      1490.61        51.1712
2023-07-17T20:50:13.9593799Z, 7eda8203-a249-e411-b0cc-f8bc1246af59,       22198        10.6671         3.746331        33.7333        10.6462      1490.60        51.1632
2023-07-17T20:50:16.9593570Z, 7eda8203-a249-e411-b0cc-f8bc1246af59,       22199        10.6686         3.746532        33.7339        10.6561      1490.63        51.1809
2023-07-17T20:50:19.9603756Z, 7eda8203-a249-e411-b0cc-f8bc1246af59,       22200        10.6709         3.746629        33.7328        10.6639      1490.66        51.1949
2023-07-17T20:50:22.9603482Z, 7eda8203-a249-e411-b0cc-f8bc1246af59,       22201        10.6731         3.747128        33.7358        10.6553      1490.63        51.1796
2023-07-17T20:50:25.9603289Z, 7eda8203-a249-e411-b0cc-f8bc1246af59,       22202        10.6738         3.747427        33.7381        10.6689      1490.68        51.2039
2023-07-17T20:50:28.9604615Z, 7eda8203-a249-e411-b0cc-f8bc1246af59,       22203        10.6738         3.747725        33.7411        10.6660      1490.68        51.1988
2023-07-17T20:50:31.9604409Z, 7eda8203-a249-e411-b0cc-f8bc1246af59,       22204        10.6709         3.747822        33.7448        10.6758      1490.72        51.2164
2023-07-17T20:50:34.9514962Z, 7eda8203-a249-e411-b0cc-f8bc1246af59,       22205        10.6694         3.748024        33.7482        10.6812      1490.74        51.2262
2023-07-17T20:50:37.9514754Z, 7eda8203-a249-e411-b0cc-f8bc1246af59,       22206        10.6701         3.748121        33.7485        10.6930      1490.78        51.2474
2023-07-17T20:50:40.9614101Z, 7eda8203-a249-e411-b0cc-f8bc1246af59,       22207        10.6724         3.748121        33.7464        10.6904      1490.77        51.2426
2023-07-17T20:50:43.9514488Z, 7eda8203-a249-e411-b0cc-f8bc1246af59,       22208        10.6746         3.748322        33.7464        10.6974      1490.79        51.2553
2023-07-17T20:50:46.9614018Z, 7eda8203-a249-e411-b0cc-f8bc1246af59,       22209        10.6776         3.748520        33.7456        10.6848      1490.75        51.2326
2023-07-17T20:50:49.9524435Z, 7eda8203-a249-e411-b0cc-f8bc1246af59,       22210        10.6798         3.748520        33.7435        10.6798      1490.73        51.2236
2023-07-17T20:50:52.9525434Z, 7eda8203-a249-e411-b0cc-f8bc1246af59,       22211        10.6828         3.748718        33.7427        10.6691      1490.69        51.2044
2023-07-17T20:50:55.9525211Z, 7eda8203-a249-e411-b0cc-f8bc1246af59,       22212        10.6873         3.748919        33.7406        10.6730      1490.70        51.2114
2023-07-17T20:50:58.9525224Z, 7eda8203-a249-e411-b0cc-f8bc1246af59,       22213        10.6940         3.749016        33.7354        10.7038      1490.80        51.2668
2023-07-17T20:51:01.9525073Z, 7eda8203-a249-e411-b0cc-f8bc1246af59,       22214        10.7000         3.749314        33.7328        10.7110      1490.83        51.2797
2023-07-17T20:51:04.9535152Z, 7eda8203-a249-e411-b0cc-f8bc1246af59,       22215        10.7037         3.749516        33.7314        10.7203      1490.86        51.2965
2023-07-17T20:51:07.9537845Z, 7eda8203-a249-e411-b0cc-f8bc1246af59,       22216        10.7075         3.749713        33.7299        10.6847      1490.73        51.2325
2023-07-17T20:51:10.9537497Z, 7eda8203-a249-e411-b0cc-f8bc1246af59,       22217        10.7082         3.750012        33.7322        10.7095      1490.82        51.2770
2023-07-17T20:51:13.9537417Z, 7eda8203-a249-e411-b0cc-f8bc1246af59,       22218        10.7082         3.750210        33.7342        10.7199      1490.86        51.2959
2023-07-17T20:51:16.9537992Z, 7eda8203-a249-e411-b0cc-f8bc1246af59,       22219        10.7075         3.750411        33.7369        10.7252      1490.88        51.3053
2023-07-17T20:51:19.9537850Z, 7eda8203-a249-e411-b0cc-f8bc1246af59,       22220        10.7067         3.750609        33.7396        10.7237      1490.88        51.3026
2023-07-17T20:51:22.9547971Z, 7eda8203-a249-e411-b0cc-f8bc1246af59,       22221        10.7082         3.750609        33.7382        10.7208      1490.87        51.2974
2023-07-17T20:51:25.9556978Z, 7eda8203-a249-e411-b0cc-f8bc1246af59,       22222        10.7134         3.750807        33.7353        10.7288      1490.89        51.3118
2023-07-17T20:51:28.9547610Z, 7eda8203-a249-e411-b0cc-f8bc1246af59,       22223        10.7201         3.751105        33.7321        10.7409      1490.93        51.3337
2023-07-17T20:51:31.9547589Z, 7eda8203-a249-e411-b0cc-f8bc1246af59,       22224        10.7246         3.751206        33.7290        10.7576      1490.99        51.3637
2023-07-17T20:51:34.9548245Z, 7eda8203-a249-e411-b0cc-f8bc1246af59,       22225        10.7283         3.751504        33.7285        10.7528      1490.97        51.3550
2023-07-17T20:51:37.9552215Z, 7eda8203-a249-e411-b0cc-f8bc1246af59,       22226        10.7321         3.751702        33.7271        10.7541      1490.97        51.3574
2023-07-17T20:51:40.9552173Z, 7eda8203-a249-e411-b0cc-f8bc1246af59,       22227        10.7365         3.752000        33.7259        10.7499      1490.95        51.3499
2023-07-17T20:51:43.9562292Z, 7eda8203-a249-e411-b0cc-f8bc1246af59,       22228        10.7418         3.752299        33.7241        10.7734      1491.04        51.3922
2023-07-17T20:51:46.9561920Z, 7eda8203-a249-e411-b0cc-f8bc1246af59,       22229        10.7462         3.752497        33.7220        10.7778      1491.05        51.4001
2023-07-17T20:51:49.9561874Z, 7eda8203-a249-e411-b0cc-f8bc1246af59,       22230        10.7515         3.752698        33.7191        10.7622      1490.99        51.3719
2023-07-17T20:51:52.9561806Z, 7eda8203-a249-e411-b0cc-f8bc1246af59,       22231        10.7567         3.752896        33.7163        10.7738      1491.03        51.3928
2023-07-17T20:51:55.9562573Z, 7eda8203-a249-e411-b0cc-f8bc1246af59,       22232        10.7627         3.753194        33.7138        10.7773      1491.04        51.3991
2023-07-17T20:51:58.9572783Z, 7eda8203-a249-e411-b0cc-f8bc1246af59,       22233        10.7672         3.753493        33.7126        10.7858      1491.07        51.4144
2023-07-17T20:52:01.9572319Z, 7eda8203-a249-e411-b0cc-f8bc1246af59,       22234        10.7731         3.753792        33.7101        10.7791      1491.04        51.4024
2023-07-17T20:52:04.9572319Z, 7eda8203-a249-e411-b0cc-f8bc1246af59,       22235        10.7776         3.754187        33.7100        10.7735      1491.02        51.3923
2023-07-17T20:52:07.9572344Z, 7eda8203-a249-e411-b0cc-f8bc1246af59,       22236        10.7828         3.754486        33.7081        10.7785      1491.03        51.4012
2023-07-17T20:52:10.9582283Z, 7eda8203-a249-e411-b0cc-f8bc1246af59,       22237        10.7888         3.754687        33.7046        10.7719      1491.01        51.3895
2023-07-17T20:52:13.9582078Z, 7eda8203-a249-e411-b0cc-f8bc1246af59,       22238        10.7940         3.755083        33.7038        10.7700      1491.00        51.3860
2023-07-17T20:52:16.9581858Z, 7eda8203-a249-e411-b0cc-f8bc1246af59,       22239        10.7970         3.755580        33.7060        10.7686      1491.00        51.3835
2023-07-17T20:52:19.9581784Z, 7eda8203-a249-e411-b0cc-f8bc1246af59,       22240        10.8014         3.755979        33.7059        10.7813      1491.04        51.4064
2023-07-17T20:52:22.9581804Z, 7eda8203-a249-e411-b0cc-f8bc1246af59,       22241        10.8052         3.756379        33.7064        10.7765      1491.03        51.3977
2023-07-17T20:52:25.9591909Z, 7eda8203-a249-e411-b0cc-f8bc1246af59,       22242        10.8074         3.756576        33.7063        10.7759      1491.02        51.3965
2023-07-17T20:52:28.9591524Z, 7eda8203-a249-e411-b0cc-f8bc1246af59,       22243        10.8074         3.756774        33.7083        10.7852      1491.06        51.4133
2023-07-17T20:52:31.9591508Z, 7eda8203-a249-e411-b0cc-f8bc1246af59,       22244        10.8082         3.757174        33.7116        10.7897      1491.08        51.4215
2023-07-17T20:52:34.9591411Z, 7eda8203-a249-e411-b0cc-f8bc1246af59,       22245        10.8074         3.757473        33.7153        10.8043      1491.13        51.4477
2023-07-17T20:52:37.9601478Z, 7eda8203-a249-e411-b0cc-f8bc1246af59,       22246        10.8067         3.757570        33.7169        10.8000      1491.12        51.4400
2023-07-17T20:52:40.9601264Z, 7eda8203-a249-e411-b0cc-f8bc1246af59,       22247        10.8059         3.757768        33.7196        10.7906      1491.09        51.4231
2023-07-17T20:52:43.9601029Z, 7eda8203-a249-e411-b0cc-f8bc1246af59,       22248        10.8059         3.757869        33.7206        10.7995      1491.12        51.4392
2023-07-17T20:52:46.9800154Z, 7eda8203-a249-e411-b0cc-f8bc1246af59,       22249        10.8067         3.758067        33.7219        10.7972      1491.12        51.4349
2023-07-17T20:52:49.9600935Z, 7eda8203-a249-e411-b0cc-f8bc1246af59,       22250        10.8097         3.758168        33.7201        10.8016      1491.13        51.4430
2023-07-17T20:52:52.9605400Z, 7eda8203-a249-e411-b0cc-f8bc1246af59,       22251        10.8112         3.758268        33.7198        10.7946      1491.11        51.4303
2023-07-17T20:52:55.9605287Z, 7eda8203-a249-e411-b0cc-f8bc1246af59,       22252        10.8156         3.758365        33.7167        10.8203      1491.19        51.4765
2023-07-17T20:52:58.9615414Z, 7eda8203-a249-e411-b0cc-f8bc1246af59,       22253        10.8186         3.758563        33.7159        10.8226      1491.20        51.4807
2023-07-17T20:53:01.9615989Z, 7eda8203-a249-e411-b0cc-f8bc1246af59,       22254        10.8231         3.758765        33.7138        10.8129      1491.16        51.4633
2023-07-17T20:53:04.9615803Z, 7eda8203-a249-e411-b0cc-f8bc1246af59,       22255        10.8261         3.758963        33.7130        10.7999      1491.12        51.4399
2023-07-17T20:53:07.9615695Z, 7eda8203-a249-e411-b0cc-f8bc1246af59,       22256        10.8268         3.759161        33.7142        10.7823      1491.05        51.4081
2023-07-17T20:53:10.9615841Z, 7eda8203-a249-e411-b0cc-f8bc1246af59,       22257        10.8283         3.759359        33.7148        10.8022      1491.13        51.4439
2023-07-17T20:53:13.9625849Z, 7eda8203-a249-e411-b0cc-f8bc1246af59,       22258        10.8306         3.759561        33.7148        10.7840      1491.06        51.4112
2023-07-17T20:53:16.9625395Z, 7eda8203-a249-e411-b0cc-f8bc1246af59,       22259        10.8343         3.759658        33.7124        10.7840      1491.06        51.4111
2023-07-17T20:53:19.9625427Z, 7eda8203-a249-e411-b0cc-f8bc1246af59,       22260        10.8350         3.759759        33.7127        10.7821      1491.05        51.4078
2023-07-17T20:53:22.9625387Z, 7eda8203-a249-e411-b0cc-f8bc1246af59,       22261        10.8395         3.759957        33.7105        10.7968      1491.10        51.4343
2023-07-17T20:53:25.9625840Z, 7eda8203-a249-e411-b0cc-f8bc1246af59,       22262        10.8402         3.760057        33.7109        10.8003      1491.11        51.4405
2023-07-17T20:53:28.9636032Z, 7eda8203-a249-e411-b0cc-f8bc1246af59,       22263        10.8395         3.760255        33.7135        10.7858      1491.07        51.4145
2023-07-17T20:53:31.9511592Z, 7eda8203-a249-e411-b0cc-f8bc1246af59,       22264        10.8380         3.760356        33.7159        10.8185      1491.18        51.4732
2023-07-17T20:53:34.9511568Z, 7eda8203-a249-e411-b0cc-f8bc1246af59,       22265        10.8328         3.760554        33.7227        10.8391      1491.27        51.5104
2023-07-17T20:53:37.9513799Z, 7eda8203-a249-e411-b0cc-f8bc1246af59,       22266        10.8298         3.760554        33.7255        10.8382      1491.27        51.5087
2023-07-17T20:53:40.9513713Z, 7eda8203-a249-e411-b0cc-f8bc1246af59,       22267        10.8276         3.760554        33.7275        10.8135      1491.18        51.4643
2023-07-17T20:53:43.9523780Z, 7eda8203-a249-e411-b0cc-f8bc1246af59,       22268        10.8246         3.760555        33.7303        10.8041      1491.15        51.4473
2023-07-17T20:53:46.9523454Z, 7eda8203-a249-e411-b0cc-f8bc1246af59,       22269        10.8231         3.760454        33.7306        10.8033      1491.15        51.4459
2023-07-17T20:53:49.9523300Z, 7eda8203-a249-e411-b0cc-f8bc1246af59,       22270        10.8239         3.760356        33.7289        10.7811      1491.07        51.4060
2023-07-17T20:53:52.9523203Z, 7eda8203-a249-e411-b0cc-f8bc1246af59,       22271        10.8291         3.760356        33.7241        10.7698      1491.02        51.3857
2023-07-17T20:53:55.9523188Z, 7eda8203-a249-e411-b0cc-f8bc1246af59,       22272        10.8358         3.760356        33.7180        10.7591      1490.98        51.3663
2023-07-17T20:53:58.9533398Z, 7eda8203-a249-e411-b0cc-f8bc1246af59,       22273        10.8402         3.760454        33.7148        10.7678      1491.00        51.3820
2023-07-17T20:54:01.9533804Z, 7eda8203-a249-e411-b0cc-f8bc1246af59,       22274        10.8454         3.760453        33.7100        10.7757      1491.03        51.3963
2023-07-17T20:54:04.9533671Z, 7eda8203-a249-e411-b0cc-f8bc1246af59,       22275        10.8469         3.760752        33.7116        10.8001      1491.11        51.4401
2023-07-17T20:54:07.9534193Z, 7eda8203-a249-e411-b0cc-f8bc1246af59,       22276        10.8462         3.760853        33.7133        10.7923      1491.09        51.4261
2023-07-17T20:54:10.9534063Z, 7eda8203-a249-e411-b0cc-f8bc1246af59,       22277        10.8417         3.760950        33.7184        10.8098      1491.16        51.4576
2023-07-17T20:54:13.9544275Z, 7eda8203-a249-e411-b0cc-f8bc1246af59,       22278        10.8335         3.761051        33.7270        10.8141      1491.18        51.4653
2023-07-17T20:54:16.9543818Z, 7eda8203-a249-e411-b0cc-f8bc1246af59,       22279        10.8224         3.761052        33.7373        10.8102      1491.18        51.4584
2023-07-17T20:54:19.9543822Z, 7eda8203-a249-e411-b0cc-f8bc1246af59,       22280        10.8156         3.760853        33.7415        10.8083      1491.18        51.4549
2023-07-17T20:54:22.9543693Z, 7eda8203-a249-e411-b0cc-f8bc1246af59,       22281        10.8112         3.760753        33.7446        10.8126      1491.20        51.4626
2023-07-17T20:54:25.9553864Z, 7eda8203-a249-e411-b0cc-f8bc1246af59,       22282        10.8089         3.760454        33.7437        10.8173      1491.21        51.4711
2023-07-17T20:54:28.9553682Z, 7eda8203-a249-e411-b0cc-f8bc1246af59,       22283        10.8104         3.760256        33.7403        10.8268      1491.24        51.4883
2023-07-17T20:54:31.9548860Z, 7eda8203-a249-e411-b0cc-f8bc1246af59,       22284        10.8156         3.760058        33.7336        10.8159      1491.20        51.4686
2023-07-17T20:54:34.9559076Z, 7eda8203-a249-e411-b0cc-f8bc1246af59,       22285        10.8209         3.760058        33.7287        10.8172      1491.20        51.4709
2023-07-17T20:54:37.9561836Z, 7eda8203-a249-e411-b0cc-f8bc1246af59,       22286        10.8268         3.760058        33.7232        10.8187      1491.19        51.4737
2023-07-17T20:54:40.9561520Z, 7eda8203-a249-e411-b0cc-f8bc1246af59,       22287        10.8320         3.760057        33.7184        10.8218      1491.20        51.4793
2023-07-17T20:54:43.9561345Z, 7eda8203-a249-e411-b0cc-f8bc1246af59,       22288        10.8350         3.760158        33.7167        10.8106      1491.16        51.4590
2023-07-17T20:54:46.9561238Z, 7eda8203-a249-e411-b0cc-f8bc1246af59,       22289        10.8365         3.760255        33.7163        10.8145      1491.17        51.4660
2023-07-17T20:54:49.9561242Z, 7eda8203-a249-e411-b0cc-f8bc1246af59,       22290        10.8402         3.760356        33.7138        10.8018      1491.12        51.4432
2023-07-17T20:54:52.9571389Z, 7eda8203-a249-e411-b0cc-f8bc1246af59,       22291        10.8425         3.760554        33.7137        10.8051      1491.13        51.4492
2023-07-17T20:54:55.9570997Z, 7eda8203-a249-e411-b0cc-f8bc1246af59,       22292        10.8454         3.760554        33.7110        10.8045      1491.13        51.4481
2023-07-17T20:54:58.9570966Z, 7eda8203-a249-e411-b0cc-f8bc1246af59,       22293        10.8469         3.760853        33.7126        10.8044      1491.13        51.4478
2023-07-17T20:55:01.9570794Z, 7eda8203-a249-e411-b0cc-f8bc1246af59,       22294        10.8477         3.760950        33.7129        10.8003      1491.12        51.4406
2023-07-17T20:55:04.9571906Z, 7eda8203-a249-e411-b0cc-f8bc1246af59,       22295        10.8477         3.761051        33.7139        10.8018      1491.12        51.4432
2023-07-17T20:55:07.9581992Z, 7eda8203-a249-e411-b0cc-f8bc1246af59,       22296        10.8477         3.761152        33.7149        10.8131      1491.16        51.4636
2023-07-17T20:55:10.9581692Z, 7eda8203-a249-e411-b0cc-f8bc1246af59,       22297        10.8462         3.761249        33.7173        10.8245      1491.21        51.4841
2023-07-17T20:55:13.9581765Z, 7eda8203-a249-e411-b0cc-f8bc1246af59,       22298        10.8432         3.761249        33.7200        10.8225      1491.20        51.4805
2023-07-17T20:55:16.9582985Z, 7eda8203-a249-e411-b0cc-f8bc1246af59,       22299        10.8410         3.761249        33.7221        10.8179      1491.19        51.4721
2023-07-17T20:55:19.9582792Z, 7eda8203-a249-e411-b0cc-f8bc1246af59,       22300        10.8387         3.761249        33.7241        10.8198      1491.20        51.4756
2023-07-17T20:55:22.9592928Z, 7eda8203-a249-e411-b0cc-f8bc1246af59,       22301        10.8365         3.761249        33.7262        10.8233      1491.21        51.4819
2023-07-17T20:55:25.9592624Z, 7eda8203-a249-e411-b0cc-f8bc1246af59,       22302        10.8350         3.761152        33.7266        10.8197      1491.20        51.4754
2023-07-17T20:55:28.9592472Z, 7eda8203-a249-e411-b0cc-f8bc1246af59,       22303        10.8350         3.761152        33.7266        10.8064      1491.15        51.4515
2023-07-17T20:55:31.9594388Z, 7eda8203-a249-e411-b0cc-f8bc1246af59,       22304        10.8365         3.761152        33.7252        10.8105      1491.17        51.4590
2023-07-17T20:55:34.9594292Z, 7eda8203-a249-e411-b0cc-f8bc1246af59,       22305        10.8395         3.761152        33.7225        10.8241      1491.21        51.4834
2023-07-17T20:55:37.9704000Z, 7eda8203-a249-e411-b0cc-f8bc1246af59,       22306        10.8432         3.761152        33.7190        10.8266      1491.22        51.4879
2023-07-17T20:55:40.9604108Z, 7eda8203-a249-e411-b0cc-f8bc1246af59,       22307        10.8454         3.761249        33.7180        10.8249      1491.21        51.4849
2023-07-17T20:55:43.9603915Z, 7eda8203-a249-e411-b0cc-f8bc1246af59,       22308        10.8469         3.761350        33.7176        10.8227      1491.20        51.4809
2023-07-17T20:55:46.9603898Z, 7eda8203-a249-e411-b0cc-f8bc1246af59,       22309        10.8477         3.761451        33.7179        10.8246      1491.21        51.4842
2023-07-17T20:55:49.9606045Z, 7eda8203-a249-e411-b0cc-f8bc1246af59,       22310        10.8477         3.761548        33.7189        10.8338      1491.24        51.5008
2023-07-17T20:55:52.9607500Z, 7eda8203-a249-e411-b0cc-f8bc1246af59,       22311        10.8477         3.761649        33.7199        10.8401      1491.27        51.5121
2023-07-17T20:55:55.9607667Z, 7eda8203-a249-e411-b0cc-f8bc1246af59,       22312        10.8462         3.761746        33.7222        10.8498      1491.30        51.5296
2023-07-17T20:55:58.9617724Z, 7eda8203-a249-e411-b0cc-f8bc1246af59,       22313        10.8477         3.761746        33.7208        10.8449      1491.28        51.5208
2023-07-17T20:56:01.9621361Z, 7eda8203-a249-e411-b0cc-f8bc1246af59,       22314        10.8492         3.761746        33.7195        10.8367      1491.25        51.5061
2023-07-17T20:56:04.9621105Z, 7eda8203-a249-e411-b0cc-f8bc1246af59,       22315        10.8507         3.761847        33.7191        10.8267      1491.22        51.4881
2023-07-17T20:56:07.9620867Z, 7eda8203-a249-e411-b0cc-f8bc1246af59,       22316        10.8522         3.761948        33.7187        10.8268      1491.22        51.4883
2023-07-17T20:56:10.9623863Z, 7eda8203-a249-e411-b0cc-f8bc1246af59,       22317        10.8537         3.762045        33.7183        10.8263      1491.22        51.4873
2023-07-17T20:56:13.9623843Z, 7eda8203-a249-e411-b0cc-f8bc1246af59,       22318        10.8567         3.762045        33.7156        10.8220      1491.20        51.4795
2023-07-17T20:56:16.9625388Z, 7eda8203-a249-e411-b0cc-f8bc1246af59,       22319        10.8596         3.762247        33.7149        10.8308      1491.23        51.4955
2023-07-17T20:56:19.9625233Z, 7eda8203-a249-e411-b0cc-f8bc1246af59,       22320        10.8641         3.762445        33.7127        10.8207      1491.19        51.4772
2023-07-17T20:56:22.9535798Z, 7eda8203-a249-e411-b0cc-f8bc1246af59,       22321        10.8671         3.762542        33.7110        10.8076      1491.14        51.4536
2023-07-17T20:56:25.9535536Z, 7eda8203-a249-e411-b0cc-f8bc1246af59,       22322        10.8678         3.762744        33.7123        10.8205      1491.19        51.4769
2023-07-17T20:56:28.9535331Z, 7eda8203-a249-e411-b0cc-f8bc1246af59,       22323        10.8671         3.762942        33.7149        10.8140      1491.17        51.4651
2023-07-17T20:56:31.9634955Z, 7eda8203-a249-e411-b0cc-f8bc1246af59,       22324        10.8648         3.762942        33.7170        10.8176      1491.18        51.4717
2023-07-17T20:56:34.9634835Z, 7eda8203-a249-e411-b0cc-f8bc1246af59,       22325        10.8619         3.763039        33.7207        10.8204      1491.20        51.4767
2023-07-17T20:56:37.9546296Z, 7eda8203-a249-e411-b0cc-f8bc1246af59,       22326        10.8596         3.763140        33.7238        10.8369      1491.26        51.5065
2023-07-17T20:56:40.9546034Z, 7eda8203-a249-e411-b0cc-f8bc1246af59,       22327        10.8581         3.763140        33.7252        10.8358      1491.26        51.5045
2023-07-17T20:56:43.9545812Z, 7eda8203-a249-e411-b0cc-f8bc1246af59,       22328        10.8552         3.763140        33.7279        10.8396      1491.27        51.5113
2023-07-17T20:56:46.9546527Z, 7eda8203-a249-e411-b0cc-f8bc1246af59,       22329        10.8537         3.763140        33.7293        10.8502      1491.31        51.5303
2023-07-17T20:56:49.9546286Z, 7eda8203-a249-e411-b0cc-f8bc1246af59,       22330        10.8514         3.763140        33.7313        10.8323      1491.25        51.4981
2023-07-17T20:56:52.9548167Z, 7eda8203-a249-e411-b0cc-f8bc1246af59,       22331        10.8492         3.763039        33.7324        10.8138      1491.19        51.4649
2023-07-17T20:56:55.9551256Z, 7eda8203-a249-e411-b0cc-f8bc1246af59,       22332        10.8484         3.762942        33.7321        10.8335      1491.26        51.5003
2023-07-17T20:56:58.9561354Z, 7eda8203-a249-e411-b0cc-f8bc1246af59,       22333        10.8499         3.762942        33.7307        10.8307      1491.25        51.4953
2023-07-17T20:57:01.9561167Z, 7eda8203-a249-e411-b0cc-f8bc1246af59,       22334        10.8522         3.762942        33.7287        10.8202      1491.21        51.4764
2023-07-17T20:57:04.9561986Z, 7eda8203-a249-e411-b0cc-f8bc1246af59,       22335        10.8552         3.762942        33.7259        10.8171      1491.19        51.4708
2023-07-17T20:57:07.9561841Z, 7eda8203-a249-e411-b0cc-f8bc1246af59,       22336        10.8596         3.763039        33.7228        10.8150      1491.18        51.4670
2023-07-17T20:57:10.9561741Z, 7eda8203-a249-e411-b0cc-f8bc1246af59,       22337        10.8626         3.763140        33.7211        10.8017      1491.13        51.4431
2023-07-17T20:57:13.9571919Z, 7eda8203-a249-e411-b0cc-f8bc1246af59,       22338        10.8648         3.763338        33.7209        10.8014      1491.13        51.4425
2023-07-17T20:57:16.9571631Z, 7eda8203-a249-e411-b0cc-f8bc1246af59,       22339        10.8634         3.763439        33.7233        10.8446      1491.29        51.5204
2023-07-17T20:57:19.9571460Z, 7eda8203-a249-e411-b0cc-f8bc1246af59,       22340        10.8611         3.763439        33.7254        10.8499      1491.31        51.5298
2023-07-17T20:57:22.9571410Z, 7eda8203-a249-e411-b0cc-f8bc1246af59,       22341        10.8589         3.763439        33.7274        10.8381      1491.27        51.5086
2023-07-17T20:57:25.9571337Z, 7eda8203-a249-e411-b0cc-f8bc1246af59,       22342        10.8552         3.763439        33.7309        10.8329      1491.25        51.4992
2023-07-17T20:57:28.9581465Z, 7eda8203-a249-e411-b0cc-f8bc1246af59,       22343        10.8522         3.763439        33.7336        10.8272      1491.24        51.4890
2023-07-17T20:57:31.9654620Z, 7eda8203-a249-e411-b0cc-f8bc1246af59,       22344        10.8492         3.763439        33.7364        10.8164      1491.20        51.4695
2023-07-17T20:57:34.9455243Z, 7eda8203-a249-e411-b0cc-f8bc1246af59,       22345        10.8469         3.763338        33.7375        10.8427      1491.30        51.5169
2023-07-17T20:57:37.9460741Z, 7eda8203-a249-e411-b0cc-f8bc1246af59,       22346        10.8462         3.763241        33.7371        10.8576      1491.35        51.5438
2023-07-17T20:57:40.9460475Z, 7eda8203-a249-e411-b0cc-f8bc1246af59,       22347        10.8484         3.763039        33.7331        10.8564      1491.34        51.5416
2023-07-17T20:57:43.9461434Z, 7eda8203-a249-e411-b0cc-f8bc1246af59,       22348        10.8537         3.762942        33.7273        10.8724      1491.39        51.5703
2023-07-17T20:57:46.9461396Z, 7eda8203-a249-e411-b0cc-f8bc1246af59,       22349        10.8596         3.763039        33.7228        10.8764      1491.40        51.5774
2023-07-17T20:57:49.9461321Z, 7eda8203-a249-e411-b0cc-f8bc1246af59,       22350        10.8604         3.763338        33.7251        10.8655      1491.36        51.5579
2023-07-17T20:57:52.9471453Z, 7eda8203-a249-e411-b0cc-f8bc1246af59,       22351        10.8596         3.763439        33.7268        10.8658      1491.36        51.5585
2023-07-17T20:57:55.9471150Z, 7eda8203-a249-e411-b0cc-f8bc1246af59,       22352        10.8604         3.763439        33.7261        10.8575      1491.33        51.5435
2023-07-17T20:57:58.9471001Z, 7eda8203-a249-e411-b0cc-f8bc1246af59,       22353        10.8634         3.763439        33.7233        10.8610      1491.34        51.5498
2023-07-17T20:58:01.9470951Z, 7eda8203-a249-e411-b0cc-f8bc1246af59,       22354        10.8693         3.763540        33.7188        10.8821      1491.41        51.5877
2023-07-17T20:58:04.9473071Z, 7eda8203-a249-e411-b0cc-f8bc1246af59,       22355        10.8767         3.763540        33.7120        10.8929      1491.44        51.6072
2023-07-17T20:58:07.9473062Z, 7eda8203-a249-e411-b0cc-f8bc1246af59,       22356        10.8835         3.763738        33.7078        10.8886      1491.42        51.5995
2023-07-17T20:58:10.9483118Z, 7eda8203-a249-e411-b0cc-f8bc1246af59,       22357        10.8887         3.763936        33.7050        10.8720      1491.36        51.5695
2023-07-17T20:58:13.9482745Z, 7eda8203-a249-e411-b0cc-f8bc1246af59,       22358        10.8924         3.764134        33.7035        10.8654      1491.34        51.5577
2023-07-17T20:58:16.9681837Z, 7eda8203-a249-e411-b0cc-f8bc1246af59,       22359        10.8939         3.764332        33.7041        10.8498      1491.28        51.5296
2023-07-17T20:58:19.9482565Z, 7eda8203-a249-e411-b0cc-f8bc1246af59,       22360        10.8954         3.764534        33.7048        10.8775      1491.38        51.5795
2023-07-17T20:58:22.9492793Z, 7eda8203-a249-e411-b0cc-f8bc1246af59,       22361        10.8961         3.764833        33.7070        10.9008      1491.46        51.6215
2023-07-17T20:58:25.9523857Z, 7eda8203-a249-e411-b0cc-f8bc1246af59,       22362        10.9013         3.764930        33.7032        10.8920      1491.43        51.6056
2023-07-17T20:58:28.9692575Z, 7eda8203-a249-e411-b0cc-f8bc1246af59,       22363        10.9043         3.765031        33.7015        10.8797      1491.38        51.5835
2023-07-17T20:58:31.9495303Z, 7eda8203-a249-e411-b0cc-f8bc1246af59,       22364        10.9073         3.765229        33.7007        10.8838      1491.40        51.5908
2023-07-17T20:58:34.9495288Z, 7eda8203-a249-e411-b0cc-f8bc1246af59,       22365        10.9088         3.765528        33.7023        10.9083      1491.48        51.6350
2023-07-17T20:58:37.9496584Z, 7eda8203-a249-e411-b0cc-f8bc1246af59,       22366        10.9073         3.765827        33.7067        10.8803      1491.39        51.5845
2023-07-17T20:58:40.9596783Z, 7eda8203-a249-e411-b0cc-f8bc1246af59,       22367        10.9050         3.765925        33.7097        10.8827      1491.40        51.5888
2023-07-17T20:58:43.9507442Z, 7eda8203-a249-e411-b0cc-f8bc1246af59,       22368        10.9043         3.765925        33.7104        10.8784      1491.39        51.5811
2023-07-17T20:58:46.9606603Z, 7eda8203-a249-e411-b0cc-f8bc1246af59,       22369        10.9080         3.765925        33.7070        10.8642      1491.34        51.5556
2023-07-17T20:58:49.9506970Z, 7eda8203-a249-e411-b0cc-f8bc1246af59,       22370        10.9125         3.766025        33.7039        10.8615      1491.32        51.5508
2023-07-17T20:58:52.9506885Z, 7eda8203-a249-e411-b0cc-f8bc1246af59,       22371        10.9162         3.766123        33.7014        10.8732      1491.36        51.5718
2023-07-17T20:58:55.9506922Z, 7eda8203-a249-e411-b0cc-f8bc1246af59,       22372        10.9192         3.766324        33.7007        10.8737      1491.36        51.5727
2023-07-17T20:58:58.9516923Z, 7eda8203-a249-e411-b0cc-f8bc1246af59,       22373        10.9199         3.766422        33.7010        10.8705      1491.35        51.5669
2023-07-17T20:59:01.9516553Z, 7eda8203-a249-e411-b0cc-f8bc1246af59,       22374        10.9207         3.766721        33.7033        10.8904      1491.42        51.6027
2023-07-17T20:59:04.9516524Z, 7eda8203-a249-e411-b0cc-f8bc1246af59,       22375        10.9192         3.766822        33.7057        10.8934      1491.44        51.6081
2023-07-17T20:59:07.9615888Z, 7eda8203-a249-e411-b0cc-f8bc1246af59,       22376        10.9170         3.766919        33.7087        10.8927      1491.44        51.6069
2023-07-17T20:59:10.9526572Z, 7eda8203-a249-e411-b0cc-f8bc1246af59,       22377        10.9147         3.767020        33.7118        10.8824      1491.41        51.5884
2023-07-17T20:59:13.9526229Z, 7eda8203-a249-e411-b0cc-f8bc1246af59,       22378        10.9095         3.766919        33.7155        10.8973      1491.46        51.6152
2023-07-17T20:59:16.9526017Z, 7eda8203-a249-e411-b0cc-f8bc1246af59,       22379        10.9058         3.766919        33.7189        10.8908      1491.44        51.6034
2023-07-17T20:59:19.9526050Z, 7eda8203-a249-e411-b0cc-f8bc1246af59,       22380        10.9050         3.766919        33.7197        10.8706      1491.37        51.5671
2023-07-17T20:59:22.9525917Z, 7eda8203-a249-e411-b0cc-f8bc1246af59,       22381        10.9058         3.766822        33.7180        10.8834      1491.42        51.5901
2023-07-17T20:59:25.9536030Z, 7eda8203-a249-e411-b0cc-f8bc1246af59,       22382        10.9080         3.766721        33.7149        10.9234      1491.55        51.6621
2023-07-17T20:59:28.9535756Z, 7eda8203-a249-e411-b0cc-f8bc1246af59,       22383        10.9110         3.766721        33.7122        10.9200      1491.54        51.6561
2023-07-17T20:59:31.9535650Z, 7eda8203-a249-e411-b0cc-f8bc1246af59,       22384        10.9147         3.766721        33.7088        10.9493      1491.64        51.7088
2023-07-17T20:59:34.9635185Z, 7eda8203-a249-e411-b0cc-f8bc1246af59,       22385        10.9177         3.766822        33.7070        10.9589      1491.67        51.7260
2023-07-17T20:59:37.9545708Z, 7eda8203-a249-e411-b0cc-f8bc1246af59,       22386        10.9199         3.766822        33.7049        10.9584      1491.66        51.7251
2023-07-17T20:59:40.9637972Z, 7eda8203-a249-e411-b0cc-f8bc1246af59,       22387        10.9192         3.767020        33.7076        10.9466      1491.63        51.7039
2023-07-17T20:59:43.9540855Z, 7eda8203-a249-e411-b0cc-f8bc1246af59,       22388        10.9199         3.767020        33.7069        10.9490      1491.63        51.7082
2023-07-17T20:59:46.9650578Z, 7eda8203-a249-e411-b0cc-f8bc1246af59,       22389        10.9214         3.767020        33.7056        10.9560      1491.66        51.7208
2023-07-17T20:59:49.9550831Z, 7eda8203-a249-e411-b0cc-f8bc1246af59,       22390        10.9274         3.767020        33.7001        10.9770      1491.72        51.7585
2023-07-17T20:59:52.9650249Z, 7eda8203-a249-e411-b0cc-f8bc1246af59,       22391        10.9378         3.767020        33.6905        10.9825      1491.73        51.7686
2023-07-17T20:59:55.9550505Z, 7eda8203-a249-e411-b0cc-f8bc1246af59,       22392        10.9475         3.767218        33.6836        10.9787      1491.71        51.7617
2023-07-17T20:59:58.9550471Z, 7eda8203-a249-e411-b0cc-f8bc1246af59,       22393        10.9594         3.767715        33.6776        10.9789      1491.70        51.7621
2023-07-17T21:00:01.9659966Z, 7eda8203-a249-e411-b0cc-f8bc1246af59,       22394        10.9683         3.767913        33.6714        10.9623      1491.64        51.7321
2023-07-17T21:00:04.9560223Z, 7eda8203-a249-e411-b0cc-f8bc1246af59,       22395        10.9765         3.768313        33.6678        10.9861      1491.72        51.7750
2023-07-17T21:00:07.9659739Z, 7eda8203-a249-e411-b0cc-f8bc1246af59,       22396        10.9825         3.768908        33.6683        11.0037      1491.78        51.8066
2023-07-17T21:00:10.9560222Z, 7eda8203-a249-e411-b0cc-f8bc1246af59,       22397        10.9862         3.769009        33.6659        11.0080      1491.79        51.8143
2023-07-17T21:00:13.9669804Z, 7eda8203-a249-e411-b0cc-f8bc1246af59,       22398        10.9913         3.769207        33.6631        11.0164      1491.82        51.8295
2023-07-17T21:00:16.9569926Z, 7eda8203-a249-e411-b0cc-f8bc1246af59,       22399        11.0003         3.769903        33.6618        11.0069      1491.78        51.8124
2023-07-17T21:00:19.9669390Z, 7eda8203-a249-e411-b0cc-f8bc1246af59,       22400        11.0062         3.770202        33.6593        11.0153      1491.81        51.8275
2023-07-17T21:00:22.9669254Z, 7eda8203-a249-e411-b0cc-f8bc1246af59,       22401        11.0107         3.770797        33.6611        11.0055      1491.78        51.8098
2023-07-17T21:00:25.9679469Z, 7eda8203-a249-e411-b0cc-f8bc1246af59,       22402        11.0144         3.771197        33.6617        11.0064      1491.78        51.8116
2023-07-17T21:00:28.9679181Z, 7eda8203-a249-e411-b0cc-f8bc1246af59,       22403        11.0181         3.771496        33.6613        11.0044      1491.77        51.8079
2023-07-17T21:00:31.9678922Z, 7eda8203-a249-e411-b0cc-f8bc1246af59,       22404        11.0248         3.771792        33.6581        11.0137      1491.80        51.8247
2023-07-17T21:00:34.9678973Z, 7eda8203-a249-e411-b0cc-f8bc1246af59,       22405        11.0315         3.772091        33.6549        11.0129      1491.80        51.8232
2023-07-17T21:00:37.9579256Z, 7eda8203-a249-e411-b0cc-f8bc1246af59,       22406        11.0382         3.772589        33.6537        11.0125      1491.79        51.8225
2023-07-17T21:00:40.9682067Z, 7eda8203-a249-e411-b0cc-f8bc1246af59,       22407        11.0441         3.773184        33.6542        11.0175      1491.81        51.8315
2023-07-17T21:00:43.9582616Z, 7eda8203-a249-e411-b0cc-f8bc1246af59,       22408        11.0478         3.773681        33.6558        11.0075      1491.78        51.8134
2023-07-17T21:00:46.9688479Z, 7eda8203-a249-e411-b0cc-f8bc1246af59,       22409        11.0493         3.773883        33.6564        11.0136      1491.80        51.8245
2023-07-17T21:00:49.9688437Z, 7eda8203-a249-e411-b0cc-f8bc1246af59,       22410        11.0508         3.774179        33.6580        11.0076      1491.78        51.8137
2023-07-17T21:00:52.9698552Z, 7eda8203-a249-e411-b0cc-f8bc1246af59,       22411        11.0523         3.774677        33.6616        10.9933      1491.73        51.7880
2023-07-17T21:00:55.9698375Z, 7eda8203-a249-e411-b0cc-f8bc1246af59,       22412        11.0523         3.774875        33.6635        10.9906      1491.73        51.7831
2023-07-17T21:00:58.9698871Z, 7eda8203-a249-e411-b0cc-f8bc1246af59,       22413        11.0545         3.774976        33.6625        10.9927      1491.73        51.7869
2023-07-17T21:01:01.9698877Z, 7eda8203-a249-e411-b0cc-f8bc1246af59,       22414        11.0553         3.775175        33.6638        11.0024      1491.77        51.8043
2023-07-17T21:01:04.9698757Z, 7eda8203-a249-e411-b0cc-f8bc1246af59,       22415        11.0560         3.775373        33.6651        10.9935      1491.74        51.7883
2023-07-17T21:01:07.9708957Z, 7eda8203-a249-e411-b0cc-f8bc1246af59,       22416        11.0560         3.775474        33.6661        10.9988      1491.76        51.7979
2023-07-17T21:01:10.9709598Z, 7eda8203-a249-e411-b0cc-f8bc1246af59,       22417        11.0545         3.775770        33.6703        10.9856      1491.72        51.7741
2023-07-17T21:01:13.9710682Z, 7eda8203-a249-e411-b0cc-f8bc1246af59,       22418        11.0523         3.775972        33.6744        10.9737      1491.68        51.7527
2023-07-17T21:01:16.9710512Z, 7eda8203-a249-e411-b0cc-f8bc1246af59,       22419        11.0493         3.775972        33.6771        10.9917      1491.75        51.7851
2023-07-17T21:01:19.9710491Z, 7eda8203-a249-e411-b0cc-f8bc1246af59,       22420        11.0471         3.775972        33.6792        10.9922      1491.75        51.7859
2023-07-17T21:01:22.9710341Z, 7eda8203-a249-e411-b0cc-f8bc1246af59,       22421        11.0426         3.776070        33.6842        10.9792      1491.71        51.7625
2023-07-17T21:01:25.9762148Z, 7eda8203-a249-e411-b0cc-f8bc1246af59,       22422        11.0404         3.775972        33.6853        10.9832      1491.73        51.7697
2023-07-17T21:01:28.9720065Z, 7eda8203-a249-e411-b0cc-f8bc1246af59,       22423        11.0404         3.775871        33.6843        10.9821      1491.72        51.7678
2023-07-17T21:01:31.9520836Z, 7eda8203-a249-e411-b0cc-f8bc1246af59,       22424        11.0382         3.775871        33.6864        10.9849      1491.73        51.7728
2023-07-17T21:01:34.9719938Z, 7eda8203-a249-e411-b0cc-f8bc1246af59,       22425        11.0352         3.775871        33.6891        10.9884      1491.75        51.7791
2023-07-17T21:01:37.9720664Z, 7eda8203-a249-e411-b0cc-f8bc1246af59,       22426        11.0337         3.775770        33.6895        11.0041      1491.81        51.8074
2023-07-17T21:01:40.9723577Z, 7eda8203-a249-e411-b0cc-f8bc1246af59,       22427        11.0307         3.775770        33.6922        11.0187      1491.86        51.8337
2023-07-17T21:01:43.9726031Z, 7eda8203-a249-e411-b0cc-f8bc1246af59,       22428        11.0292         3.775673        33.6926        11.0195      1491.86        51.8351
2023-07-17T21:01:46.9736109Z, 7eda8203-a249-e411-b0cc-f8bc1246af59,       22429        11.0277         3.775572        33.6930        11.0050      1491.81        51.8089
2023-07-17T21:01:49.9735909Z, 7eda8203-a249-e411-b0cc-f8bc1246af59,       22430        11.0263         3.775374        33.6923        11.0131      1491.84        51.8235
2023-07-17T21:01:52.9735578Z, 7eda8203-a249-e411-b0cc-f8bc1246af59,       22431        11.0248         3.775175        33.6917        11.0001      1491.79        51.8001
2023-07-17T21:01:55.9735588Z, 7eda8203-a249-e411-b0cc-f8bc1246af59,       22432        11.0255         3.775074        33.6900        10.9993      1491.79        51.7987
2023-07-17T21:01:58.9695051Z, 7eda8203-a249-e411-b0cc-f8bc1246af59,       22433        11.0285         3.774977        33.6863        11.0057      1491.81        51.8103
2023-07-17T21:02:01.9625006Z, 7eda8203-a249-e411-b0cc-f8bc1246af59,       22434        11.0330         3.774876        33.6812        11.0310      1491.89        51.8559
2023-07-17T21:02:04.9635119Z, 7eda8203-a249-e411-b0cc-f8bc1246af59,       22435        11.0397         3.774876        33.6751        11.0510      1491.95        51.8919
2023-07-17T21:02:07.9634853Z, 7eda8203-a249-e411-b0cc-f8bc1246af59,       22436        11.0441         3.774976        33.6720        11.0499      1491.95        51.8899
2023-07-17T21:02:10.9635436Z, 7eda8203-a249-e411-b0cc-f8bc1246af59,       22437        11.0463         3.774976        33.6700        11.0549      1491.96        51.8989
2023-07-17T21:02:13.9635390Z, 7eda8203-a249-e411-b0cc-f8bc1246af59,       22438        11.0463         3.775175        33.6720        11.0755      1492.04        51.9358
2023-07-17T21:02:16.9635282Z, 7eda8203-a249-e411-b0cc-f8bc1246af59,       22439        11.0456         3.775175        33.6726        11.0744      1492.03        51.9339
2023-07-17T21:02:19.9645508Z, 7eda8203-a249-e411-b0cc-f8bc1246af59,       22440        11.0456         3.775276        33.6736        11.0762      1492.04        51.9372
2023-07-17T21:02:22.9640097Z, 7eda8203-a249-e411-b0cc-f8bc1246af59,       22441        11.0471         3.775276        33.6723        11.0789      1492.05        51.9420
2023-07-17T21:02:25.9642459Z, 7eda8203-a249-e411-b0cc-f8bc1246af59,       22442        11.0531         3.775276        33.6668        11.0778      1492.04        51.9400
2023-07-17T21:02:28.9642391Z, 7eda8203-a249-e411-b0cc-f8bc1246af59,       22443        11.0627         3.775276        33.6579        11.0638      1491.98        51.9149
2023-07-17T21:02:31.9652546Z, 7eda8203-a249-e411-b0cc-f8bc1246af59,       22444        11.0694         3.775373        33.6528        11.0545      1491.94        51.8981
2023-07-17T21:02:34.9652193Z, 7eda8203-a249-e411-b0cc-f8bc1246af59,       22445        11.0798         3.775571        33.6452        11.0634      1491.96        51.9141
2023-07-17T21:02:37.9652158Z, 7eda8203-a249-e411-b0cc-f8bc1246af59,       22446        11.0872         3.775871        33.6414        11.0619      1491.95        51.9115
2023-07-17T21:02:40.9651970Z, 7eda8203-a249-e411-b0cc-f8bc1246af59,       22447        11.0976         3.776170        33.6349        11.0583      1491.93        51.9049
2023-07-17T21:02:43.9662998Z, 7eda8203-a249-e411-b0cc-f8bc1246af59,       22448        11.1043         3.776668        33.6337        11.0608      1491.94        51.9094
2023-07-17T21:02:46.9662768Z, 7eda8203-a249-e411-b0cc-f8bc1246af59,       22449        11.1102         3.777065        33.6322        11.0518      1491.90        51.8932
2023-07-17T21:02:49.9662449Z, 7eda8203-a249-e411-b0cc-f8bc1246af59,       22450        11.1124         3.777563        33.6351        11.0441      1491.88        51.8794
2023-07-17T21:02:52.9662406Z, 7eda8203-a249-e411-b0cc-f8bc1246af59,       22451        11.1132         3.777960        33.6383        11.0501      1491.91        51.8902
2023-07-17T21:02:55.9669834Z, 7eda8203-a249-e411-b0cc-f8bc1246af59,       22452        11.1124         3.778158        33.6410        11.0447      1491.89        51.8804
2023-07-17T21:02:58.9670641Z, 7eda8203-a249-e411-b0cc-f8bc1246af59,       22453        11.1095         3.778259        33.6447        11.0373      1491.87        51.8671
2023-07-17T21:03:01.9670456Z, 7eda8203-a249-e411-b0cc-f8bc1246af59,       22454        11.1080         3.778357        33.6470        11.0426      1491.89        51.8767
2023-07-17T21:03:04.9670501Z, 7eda8203-a249-e411-b0cc-f8bc1246af59,       22455        11.1065         3.778656        33.6514        11.0330      1491.86        51.8594
2023-07-17T21:03:07.9670455Z, 7eda8203-a249-e411-b0cc-f8bc1246af59,       22456        11.1050         3.778754        33.6537        11.0475      1491.92        51.8854
2023-07-17T21:03:10.9580818Z, 7eda8203-a249-e411-b0cc-f8bc1246af59,       22457        11.1021         3.778754        33.6564        11.0445      1491.91        51.8801
2023-07-17T21:03:13.9580605Z, 7eda8203-a249-e411-b0cc-f8bc1246af59,       22458        11.0991         3.778855        33.6601        11.0376      1491.89        51.8677
2023-07-17T21:03:16.9580369Z, 7eda8203-a249-e411-b0cc-f8bc1246af59,       22459        11.0954         3.778855        33.6635        11.0391      1491.90        51.8704
2023-07-17T21:03:19.9580313Z, 7eda8203-a249-e411-b0cc-f8bc1246af59,       22460        11.0931         3.778754        33.6646        11.0349      1491.88        51.8629
2023-07-17T21:03:22.9582373Z, 7eda8203-a249-e411-b0cc-f8bc1246af59,       22461        11.0902         3.778754        33.6673        11.0237      1491.85        51.8426
2023-07-17T21:03:25.9583025Z, 7eda8203-a249-e411-b0cc-f8bc1246af59,       22462        11.0879         3.778657        33.6684        11.0129      1491.81        51.8232
2023-07-17T21:03:28.9594180Z, 7eda8203-a249-e411-b0cc-f8bc1246af59,       22463        11.0857         3.778657        33.6704        11.0152      1491.82        51.8274
2023-07-17T21:03:31.9593916Z, 7eda8203-a249-e411-b0cc-f8bc1246af59,       22464        11.0850         3.778458        33.6691        11.0067      1491.79        51.8121
2023-07-17T21:03:34.9693390Z, 7eda8203-a249-e411-b0cc-f8bc1246af59,       22465        11.0842         3.778458        33.6698        10.9975      1491.76        51.7955
2023-07-17T21:03:37.9693928Z, 7eda8203-a249-e411-b0cc-f8bc1246af59,       22466        11.0835         3.778357        33.6695        11.0023      1491.78        51.8041
2023-07-17T21:03:40.9693755Z, 7eda8203-a249-e411-b0cc-f8bc1246af59,       22467        11.0813         3.778260        33.6705        11.0070      1491.79        51.8126
2023-07-17T21:03:43.9695210Z, 7eda8203-a249-e411-b0cc-f8bc1246af59,       22468        11.0783         3.778159        33.6723        11.0009      1491.77        51.8016
2023-07-17T21:03:46.9697509Z, 7eda8203-a249-e411-b0cc-f8bc1246af59,       22469        11.0738         3.777960        33.6744        11.0265      1491.87        51.8477
2023-07-17T21:03:49.9608020Z, 7eda8203-a249-e411-b0cc-f8bc1246af59,       22470        11.0687         3.777960        33.6791        11.0440      1491.93        51.8791
2023-07-17T21:03:52.9607688Z, 7eda8203-a249-e411-b0cc-f8bc1246af59,       22471        11.0642         3.777762        33.6813        11.0606      1491.99        51.9090
2023-07-17T21:03:55.9608993Z, 7eda8203-a249-e411-b0cc-f8bc1246af59,       22472        11.0590         3.777563        33.6841        11.0425      1491.93        51.8765
2023-07-17T21:03:58.9610113Z, 7eda8203-a249-e411-b0cc-f8bc1246af59,       22473        11.0538         3.777365        33.6869        11.0616      1492.00        51.9109
2023-07-17T21:04:01.9611212Z, 7eda8203-a249-e411-b0cc-f8bc1246af59,       22474        11.0486         3.777163        33.6896        11.0608      1492.01        51.9094
2023-07-17T21:04:04.9611061Z, 7eda8203-a249-e411-b0cc-f8bc1246af59,       22475        11.0463         3.776766        33.6878        11.0493      1491.96        51.8887
2023-07-17T21:04:07.9621294Z, 7eda8203-a249-e411-b0cc-f8bc1246af59,       22476        11.0471         3.776467        33.6841        11.0576      1491.99        51.9037
2023-07-17T21:04:10.9820012Z, 7eda8203-a249-e411-b0cc-f8bc1246af59,       22477        11.0493         3.776171        33.6791        11.0513      1491.96        51.8923
2023-07-17T21:04:13.9620785Z, 7eda8203-a249-e411-b0cc-f8bc1246af59,       22478        11.0582         3.775972        33.6690        11.0707      1492.01        51.9273
2023-07-17T21:04:16.9620725Z, 7eda8203-a249-e411-b0cc-f8bc1246af59,       22479        11.0657         3.776069        33.6631        11.0759      1492.03        51.9366
2023-07-17T21:04:19.9620682Z, 7eda8203-a249-e411-b0cc-f8bc1246af59,       22480        11.0746         3.776170        33.6560        11.0701      1492.00        51.9261
2023-07-17T21:04:22.9630739Z, 7eda8203-a249-e411-b0cc-f8bc1246af59,       22481        11.0798         3.776170        33.6512        11.0764      1492.01        51.9375
2023-07-17T21:04:25.9630497Z, 7eda8203-a249-e411-b0cc-f8bc1246af59,       22482        11.0835         3.776268        33.6488        11.0656      1491.97        51.9181
2023-07-17T21:04:28.9630382Z, 7eda8203-a249-e411-b0cc-f8bc1246af59,       22483        11.0872         3.776268        33.6454        11.0776      1492.01        51.9397
2023-07-17T21:04:31.9631044Z, 7eda8203-a249-e411-b0cc-f8bc1246af59,       22484        11.0909         3.776369        33.6429        11.0626      1491.96        51.9126
2023-07-17T21:04:34.9640498Z, 7eda8203-a249-e411-b0cc-f8bc1246af59,       22485        11.0939         3.776567        33.6422        11.0585      1491.94        51.9053
2023-07-17T21:04:37.9640175Z, 7eda8203-a249-e411-b0cc-f8bc1246af59,       22486        11.0961         3.776668        33.6412        11.0483      1491.90        51.8869
2023-07-17T21:04:40.9639943Z, 7eda8203-a249-e411-b0cc-f8bc1246af59,       22487        11.1013         3.776866        33.6384        11.0608      1491.94        51.9094
2023-07-17T21:04:43.9639866Z, 7eda8203-a249-e411-b0cc-f8bc1246af59,       22488        11.1057         3.776964        33.6353        11.0820      1492.01        51.9476
2023-07-17T21:04:46.9639854Z, 7eda8203-a249-e411-b0cc-f8bc1246af59,       22489        11.1095         3.777263        33.6348        11.0940      1492.06        51.9691
2023-07-17T21:04:49.9649968Z, 7eda8203-a249-e411-b0cc-f8bc1246af59,       22490        11.1110         3.777462        33.6354        11.1087      1492.11        51.9956
2023-07-17T21:04:52.9649655Z, 7eda8203-a249-e411-b0cc-f8bc1246af59,       22491        11.1110         3.777563        33.6364        11.1287      1492.18        52.0316
2023-07-17T21:04:55.9653961Z, 7eda8203-a249-e411-b0cc-f8bc1246af59,       22492        11.1102         3.777660        33.6381        11.1306      1492.19        52.0350
2023-07-17T21:04:58.9653523Z, 7eda8203-a249-e411-b0cc-f8bc1246af59,       22493        11.1072         3.777761        33.6418        11.1177      1492.15        52.0118
2023-07-17T21:05:01.9653532Z, 7eda8203-a249-e411-b0cc-f8bc1246af59,       22494        11.1043         3.777859        33.6455        11.1279      1492.19        52.0303
2023-07-17T21:05:04.9653498Z, 7eda8203-a249-e411-b0cc-f8bc1246af59,       22495        11.1035         3.777859        33.6462        11.1249      1492.18        52.0249
2023-07-17T21:05:07.9663516Z, 7eda8203-a249-e411-b0cc-f8bc1246af59,       22496        11.1087         3.777761        33.6405        11.1223      1492.16        52.0202
2023-07-17T21:05:10.9663867Z, 7eda8203-a249-e411-b0cc-f8bc1246af59,       22497        11.1162         3.777761        33.6337        11.1111      1492.11        51.9999
2023-07-17T21:05:13.9663655Z, 7eda8203-a249-e411-b0cc-f8bc1246af59,       22498        11.1243         3.777960        33.6282        11.0960      1492.05        51.9729
2023-07-17T21:05:16.9663625Z, 7eda8203-a249-e411-b0cc-f8bc1246af59,       22499        11.1347         3.778158        33.6206        11.1063      1492.08        51.9913
2023-07-17T21:05:19.9663516Z, 7eda8203-a249-e411-b0cc-f8bc1246af59,       22500        11.1458         3.778555        33.6144        11.0989      1492.05        51.9780
2023-07-17T21:05:22.9673631Z, 7eda8203-a249-e411-b0cc-f8bc1246af59,       22501        11.1540         3.778753        33.6089        11.1148      1492.10        52.0067
2023-07-17T21:05:25.9676032Z, 7eda8203-a249-e411-b0cc-f8bc1246af59,       22502        11.1592         3.779053        33.6071        11.1139      1492.09        52.0050
2023-07-17T21:05:28.9675722Z, 7eda8203-a249-e411-b0cc-f8bc1246af59,       22503        11.1629         3.779450        33.6076        11.1271      1492.14        52.0287
2023-07-17T21:05:31.9675532Z, 7eda8203-a249-e411-b0cc-f8bc1246af59,       22504        11.1636         3.779850        33.6110        11.1029      1492.06        51.9853
2023-07-17T21:05:34.9675467Z, 7eda8203-a249-e411-b0cc-f8bc1246af59,       22505        11.1636         3.780345        33.6159        11.0979      1492.05        51.9762
2023-07-17T21:05:37.9679492Z, 7eda8203-a249-e411-b0cc-f8bc1246af59,       22506        11.1592         3.780645        33.6229        11.1204      1492.13        52.0168
2023-07-17T21:05:40.9681491Z, 7eda8203-a249-e411-b0cc-f8bc1246af59,       22507        11.1562         3.780746        33.6266        11.1218      1492.14        52.0193
2023-07-17T21:05:43.9681415Z, 7eda8203-a249-e411-b0cc-f8bc1246af59,       22508        11.1547         3.780843        33.6289        11.1368      1492.20        52.0462
2023-07-17T21:05:46.9691591Z, 7eda8203-a249-e411-b0cc-f8bc1246af59,       22509        11.1547         3.780843        33.6289        11.1293      1492.17        52.0327
2023-07-17T21:05:49.9691354Z, 7eda8203-a249-e411-b0cc-f8bc1246af59,       22510        11.1555         3.780944        33.6292        11.1274      1492.17        52.0292
2023-07-17T21:05:52.9691046Z, 7eda8203-a249-e411-b0cc-f8bc1246af59,       22511        11.1562         3.781143        33.6306        11.0981      1492.06        51.9766
2023-07-17T21:05:55.9691040Z, 7eda8203-a249-e411-b0cc-f8bc1246af59,       22512        11.1577         3.781240        33.6302        11.0985      1492.07        51.9772
2023-07-17T21:05:58.9690888Z, 7eda8203-a249-e411-b0cc-f8bc1246af59,       22513        11.1577         3.781341        33.6312        11.0980      1492.06        51.9763
2023-07-17T21:06:01.9701112Z, 7eda8203-a249-e411-b0cc-f8bc1246af59,       22514        11.1584         3.781439        33.6314        11.1108      1492.11        51.9995
2023-07-17T21:06:04.9701327Z, 7eda8203-a249-e411-b0cc-f8bc1246af59,       22515        11.1614         3.781439        33.6287        11.1173      1492.13        52.0112
2023-07-17T21:06:07.9701120Z, 7eda8203-a249-e411-b0cc-f8bc1246af59,       22516        11.1644         3.781540        33.6270        11.1169      1492.13        52.0104
2023-07-17T21:06:10.9701038Z, 7eda8203-a249-e411-b0cc-f8bc1246af59,       22517        11.1674         3.781739        33.6262        11.1164      1492.12        52.0095
2023-07-17T21:06:13.9706641Z, 7eda8203-a249-e411-b0cc-f8bc1246af59,       22518        11.1666         3.781937        33.6289        11.1217      1492.15        52.0190
2023-07-17T21:06:16.9706620Z, 7eda8203-a249-e411-b0cc-f8bc1246af59,       22519        11.1644         3.782038        33.6319        11.1054      1492.09        51.9898
2023-07-17T21:06:19.9706516Z, 7eda8203-a249-e411-b0cc-f8bc1246af59,       22520        11.1599         3.782038        33.6360        11.0965      1492.07        51.9737
2023-07-17T21:06:22.9716604Z, 7eda8203-a249-e411-b0cc-f8bc1246af59,       22521        11.1562         3.782038        33.6394        11.0808      1492.01        51.9454
2023-07-17T21:06:25.9716312Z, 7eda8203-a249-e411-b0cc-f8bc1246af59,       22522        11.1547         3.781937        33.6398        11.0935      1492.06        51.9684
2023-07-17T21:06:28.9717047Z, 7eda8203-a249-e411-b0cc-f8bc1246af59,       22523        11.1547         3.781840        33.6388        11.1179      1492.14        52.0122
2023-07-17T21:06:31.9717002Z, 7eda8203-a249-e411-b0cc-f8bc1246af59,       22524        11.1570         3.781840        33.6368        11.1402      1492.22        52.0523
2023-07-17T21:06:34.9720336Z, 7eda8203-a249-e411-b0cc-f8bc1246af59,       22525        11.1577         3.781840        33.6361        11.1412      1492.22        52.0542
2023-07-17T21:06:37.9721443Z, 7eda8203-a249-e411-b0cc-f8bc1246af59,       22526        11.1570         3.781840        33.6368        11.1253      1492.17        52.0256
2023-07-17T21:06:40.9721409Z, 7eda8203-a249-e411-b0cc-f8bc1246af59,       22527        11.1562         3.781937        33.6384        11.1167      1492.14        52.0100
2023-07-17T21:06:43.9753091Z, 7eda8203-a249-e411-b0cc-f8bc1246af59,       22528        11.1525         3.781840        33.6408        11.1040      1492.10        51.9872
2023-07-17T21:06:46.9732796Z, 7eda8203-a249-e411-b0cc-f8bc1246af59,       22529        11.1473         3.781840        33.6456        11.1233      1492.17        52.0219
2023-07-17T21:06:49.9734884Z, 7eda8203-a249-e411-b0cc-f8bc1246af59,       22530        11.1451         3.781739        33.6466        11.1193      1492.16        52.0147
2023-07-17T21:06:52.9734571Z, 7eda8203-a249-e411-b0cc-f8bc1246af59,       22531        11.1473         3.781540        33.6426        11.1151      1492.14        52.0071
2023-07-17T21:06:55.9734428Z, 7eda8203-a249-e411-b0cc-f8bc1246af59,       22532        11.1525         3.781439        33.6369        11.1122      1492.12        52.0020
2023-07-17T21:06:58.9627095Z, 7eda8203-a249-e411-b0cc-f8bc1246af59,       22533        11.1599         3.781439        33.6301        11.1280      1492.17        52.0303
2023-07-17T21:07:01.9688350Z, 7eda8203-a249-e411-b0cc-f8bc1246af59,       22534        11.1651         3.781540        33.6263        11.1393      1492.20        52.0508
2023-07-17T21:07:04.9588656Z, 7eda8203-a249-e411-b0cc-f8bc1246af59,       22535        11.1651         3.781739        33.6283        11.1486      1492.24        52.0674
2023-07-17T21:07:07.9588379Z, 7eda8203-a249-e411-b0cc-f8bc1246af59,       22536        11.1636         3.781840        33.6307        11.1309      1492.18        52.0356
2023-07-17T21:07:10.9589100Z, 7eda8203-a249-e411-b0cc-f8bc1246af59,       22537        11.1614         3.781840        33.6327        11.1393      1492.21        52.0508
2023-07-17T21:07:13.9588995Z, 7eda8203-a249-e411-b0cc-f8bc1246af59,       22538        11.1614         3.781840        33.6327        11.1490      1492.25        52.0681
2023-07-17T21:07:16.9589763Z, 7eda8203-a249-e411-b0cc-f8bc1246af59,       22539        11.1606         3.781840        33.6334        11.1540      1492.26        52.0772
2023-07-17T21:07:19.9599846Z, 7eda8203-a249-e411-b0cc-f8bc1246af59,       22540        11.1621         3.781840        33.6320        11.1475      1492.24        52.0655
2023-07-17T21:07:22.9599436Z, 7eda8203-a249-e411-b0cc-f8bc1246af59,       22541        11.1636         3.781840        33.6307        11.1276      1492.17        52.0297
2023-07-17T21:07:25.9599447Z, 7eda8203-a249-e411-b0cc-f8bc1246af59,       22542        11.1681         3.781840        33.6266        11.1402      1492.21        52.0523
2023-07-17T21:07:28.9599345Z, 7eda8203-a249-e411-b0cc-f8bc1246af59,       22543        11.1725         3.781937        33.6235        11.1488      1492.23        52.0679
2023-07-17T21:07:31.9609506Z, 7eda8203-a249-e411-b0cc-f8bc1246af59,       22544        11.1755         3.782038        33.6218        11.1502      1492.24        52.0704
2023-07-17T21:07:34.9609299Z, 7eda8203-a249-e411-b0cc-f8bc1246af59,       22545        11.1785         3.782237        33.6210        11.1471      1492.22        52.0648
2023-07-17T21:07:37.9608998Z, 7eda8203-a249-e411-b0cc-f8bc1246af59,       22546        11.1829         3.782334        33.6180        11.1516      1492.24        52.0729
2023-07-17T21:07:40.9609071Z, 7eda8203-a249-e411-b0cc-f8bc1246af59,       22547        11.1851         3.782536        33.6179        11.1545      1492.25        52.0780
2023-07-17T21:07:43.9609743Z, 7eda8203-a249-e411-b0cc-f8bc1246af59,       22548        11.1866         3.782735        33.6185        11.1595      1492.27        52.0871
2023-07-17T21:07:46.9619878Z, 7eda8203-a249-e411-b0cc-f8bc1246af59,       22549        11.1873         3.782832        33.6188        11.1654      1492.29        52.0978
2023-07-17T21:07:49.9621013Z, 7eda8203-a249-e411-b0cc-f8bc1246af59,       22550        11.1866         3.782933        33.6205        11.1607      1492.27        52.0893
2023-07-17T21:07:52.9620607Z, 7eda8203-a249-e411-b0cc-f8bc1246af59,       22551        11.1873         3.783132        33.6218        11.1773      1492.33        52.1191
2023-07-17T21:07:55.9620579Z, 7eda8203-a249-e411-b0cc-f8bc1246af59,       22552        11.1888         3.783132        33.6204        11.1815      1492.34        52.1267
2023-07-17T21:07:58.9620645Z, 7eda8203-a249-e411-b0cc-f8bc1246af59,       22553        11.1903         3.783230        33.6200        11.1792      1492.34        52.1225
2023-07-17T21:08:01.9530969Z, 7eda8203-a249-e411-b0cc-f8bc1246af59,       22554        11.1918         3.783331        33.6197        11.1747      1492.32        52.1145
2023-07-17T21:08:04.9530795Z, 7eda8203-a249-e411-b0cc-f8bc1246af59,       22555        11.1940         3.783529        33.6196        11.1683      1492.30        52.1030
2023-07-17T21:08:07.9530602Z, 7eda8203-a249-e411-b0cc-f8bc1246af59,       22556        11.1962         3.783630        33.6186        11.1688      1492.30        52.1038
2023-07-17T21:08:10.9530546Z, 7eda8203-a249-e411-b0cc-f8bc1246af59,       22557        11.2007         3.783728        33.6155        11.1633      1492.27        52.0939
2023-07-17T21:08:13.9530435Z, 7eda8203-a249-e411-b0cc-f8bc1246af59,       22558        11.2044         3.783829        33.6131        11.1801      1492.33        52.1243
2023-07-17T21:08:16.9540503Z, 7eda8203-a249-e411-b0cc-f8bc1246af59,       22559        11.2088         3.783926        33.6100        11.1845      1492.34        52.1321
2023-07-17T21:08:19.9540250Z, 7eda8203-a249-e411-b0cc-f8bc1246af59,       22560        11.2148         3.784125        33.6065        11.1811      1492.33        52.1259
2023-07-17T21:08:22.9540064Z, 7eda8203-a249-e411-b0cc-f8bc1246af59,       22561        11.2170         3.784324        33.6065        11.1863      1492.34        52.1353
2023-07-17T21:08:25.9539971Z, 7eda8203-a249-e411-b0cc-f8bc1246af59,       22562        11.2192         3.784822        33.6094        11.2131      1492.44        52.1835
2023-07-17T21:08:28.9539948Z, 7eda8203-a249-e411-b0cc-f8bc1246af59,       22563        11.2192         3.785122        33.6123        11.2028      1492.41        52.1650
2023-07-17T21:08:31.9550020Z, 7eda8203-a249-e411-b0cc-f8bc1246af59,       22564        11.2185         3.785021        33.6120        11.1859      1492.35        52.1347
2023-07-17T21:08:34.9549756Z, 7eda8203-a249-e411-b0cc-f8bc1246af59,       22565        11.2177         3.785122        33.6137        11.1821      1492.34        52.1278
2023-07-17T21:08:37.9549751Z, 7eda8203-a249-e411-b0cc-f8bc1246af59,       22566        11.2185         3.785320        33.6150        11.1948      1492.38        52.1507
2023-07-17T21:08:40.9549545Z, 7eda8203-a249-e411-b0cc-f8bc1246af59,       22567        11.2207         3.785418        33.6139        11.1845      1492.35        52.1320
2023-07-17T21:08:43.9559714Z, 7eda8203-a249-e411-b0cc-f8bc1246af59,       22568        11.2244         3.785519        33.6115        11.1820      1492.34        52.1276
2023-07-17T21:08:46.9559395Z, 7eda8203-a249-e411-b0cc-f8bc1246af59,       22569        11.2281         3.785617        33.6091        11.1813      1492.33        52.1263
2023-07-17T21:08:49.9559265Z, 7eda8203-a249-e411-b0cc-f8bc1246af59,       22570        11.2333         3.785718        33.6054        11.1929      1492.37        52.1472
2023-07-17T21:08:52.9559286Z, 7eda8203-a249-e411-b0cc-f8bc1246af59,       22571        11.2363         3.786017        33.6056        11.1826      1492.33        52.1287
2023-07-17T21:08:55.9559232Z, 7eda8203-a249-e411-b0cc-f8bc1246af59,       22572        11.2392         3.786216        33.6049        11.1693      1492.28        52.1047
2023-07-17T21:08:58.9569242Z, 7eda8203-a249-e411-b0cc-f8bc1246af59,       22573        11.2392         3.786415        33.6069        11.1733      1492.30        52.1120
2023-07-17T21:09:01.9571302Z, 7eda8203-a249-e411-b0cc-f8bc1246af59,       22574        11.2385         3.786512        33.6085        11.1786      1492.32        52.1215
2023-07-17T21:09:04.9571002Z, 7eda8203-a249-e411-b0cc-f8bc1246af59,       22575        11.2370         3.786614        33.6109        11.1759      1492.31        52.1166
2023-07-17T21:09:07.9571853Z, 7eda8203-a249-e411-b0cc-f8bc1246af59,       22576        11.2363         3.786711        33.6125        11.1818      1492.34        52.1272
2023-07-17T21:09:10.9573196Z, 7eda8203-a249-e411-b0cc-f8bc1246af59,       22577        11.2348         3.786910        33.6158        11.1961      1492.39        52.1529
2023-07-17T21:09:13.9573205Z, 7eda8203-a249-e411-b0cc-f8bc1246af59,       22578        11.2333         3.786910        33.6172        11.1925      1492.38        52.1465
2023-07-17T21:09:16.9574401Z, 7eda8203-a249-e411-b0cc-f8bc1246af59,       22579        11.2325         3.786910        33.6179        11.1810      1492.34        52.1257
2023-07-17T21:09:19.9584415Z, 7eda8203-a249-e411-b0cc-f8bc1246af59,       22580        11.2303         3.787011        33.6209        11.1660      1492.29        52.0988
2023-07-17T21:09:22.9584102Z, 7eda8203-a249-e411-b0cc-f8bc1246af59,       22581        11.2274         3.786910        33.6226        11.1598      1492.27        52.0876
2023-07-17T21:09:25.9585068Z, 7eda8203-a249-e411-b0cc-f8bc1246af59,       22582        11.2259         3.786910        33.6239        11.1707      1492.31        52.1073
2023-07-17T21:09:28.9585088Z, 7eda8203-a249-e411-b0cc-f8bc1246af59,       22583        11.2266         3.786910        33.6233        11.1870      1492.37        52.1365
2023-07-17T21:09:31.9584948Z, 7eda8203-a249-e411-b0cc-f8bc1246af59,       22584        11.2274         3.786910        33.6226        11.1837      1492.35        52.1306
2023-07-17T21:09:34.9596017Z, 7eda8203-a249-e411-b0cc-f8bc1246af59,       22585        11.2289         3.786812        33.6203        11.1725      1492.31        52.1105
2023-07-17T21:09:37.9595910Z, 7eda8203-a249-e411-b0cc-f8bc1246af59,       22586        11.2303         3.786910        33.6199        11.1763      1492.33        52.1173
2023-07-17T21:09:40.9595597Z, 7eda8203-a249-e411-b0cc-f8bc1246af59,       22587        11.2303         3.786910        33.6199        11.1938      1492.39        52.1489
2023-07-17T21:09:43.9595582Z, 7eda8203-a249-e411-b0cc-f8bc1246af59,       22588        11.2266         3.786910        33.6233        11.1981      1492.41        52.1565
2023-07-17T21:09:46.9595588Z, 7eda8203-a249-e411-b0cc-f8bc1246af59,       22589        11.2222         3.786910        33.6273        11.1896      1492.38        52.1413
2023-07-17T21:09:49.9605547Z, 7eda8203-a249-e411-b0cc-f8bc1246af59,       22590        11.2207         3.786910        33.6287        11.1774      1492.34        52.1193
2023-07-17T21:09:52.9804386Z, 7eda8203-a249-e411-b0cc-f8bc1246af59,       22591        11.2192         3.786711        33.6280        11.2006      1492.42        52.1611
2023-07-17T21:09:55.9605843Z, 7eda8203-a249-e411-b0cc-f8bc1246af59,       22592        11.2199         3.786711        33.6274        11.1935      1492.39        52.1484
2023-07-17T21:09:58.9605796Z, 7eda8203-a249-e411-b0cc-f8bc1246af59,       22593        11.2214         3.786614        33.6251        11.2050      1492.43        52.1690
2023-07-17T21:10:01.9605809Z, 7eda8203-a249-e411-b0cc-f8bc1246af59,       22594        11.2229         3.786513        33.6227        11.1908      1492.38        52.1434
2023-07-17T21:10:04.9615893Z, 7eda8203-a249-e411-b0cc-f8bc1246af59,       22595        11.2251         3.786513        33.6207        11.1913      1492.38        52.1444
2023-07-17T21:10:07.9615494Z, 7eda8203-a249-e411-b0cc-f8bc1246af59,       22596        11.2274         3.786513        33.6186        11.2055      1492.43        52.1699
2023-07-17T21:10:10.9615635Z, 7eda8203-a249-e411-b0cc-f8bc1246af59,       22597        11.2296         3.786513        33.6166        11.2277      1492.50        52.2098
2023-07-17T21:10:13.9617726Z, 7eda8203-a249-e411-b0cc-f8bc1246af59,       22598        11.2318         3.786614        33.6156        11.2268      1492.50        52.2083
2023-07-17T21:10:16.9617617Z, 7eda8203-a249-e411-b0cc-f8bc1246af59,       22599        11.2325         3.786711        33.6159        11.2224      1492.48        52.2002
2023-07-17T21:10:19.9627741Z, 7eda8203-a249-e411-b0cc-f8bc1246af59,       22600        11.2348         3.786711        33.6138        11.2295      1492.50        52.2131
2023-07-17T21:10:22.9726918Z, 7eda8203-a249-e411-b0cc-f8bc1246af59,       22601        11.2370         3.786812        33.6128        11.2259      1492.49        52.2066
2023-07-17T21:10:25.9627250Z, 7eda8203-a249-e411-b0cc-f8bc1246af59,       22602        11.2392         3.786910        33.6118        11.2250      1492.49        52.2050
2023-07-17T21:10:28.9726872Z, 7eda8203-a249-e411-b0cc-f8bc1246af59,       22603        11.2414         3.786910        33.6097        11.2403      1492.54        52.2326
2023-07-17T21:10:31.9628722Z, 7eda8203-a249-e411-b0cc-f8bc1246af59,       22604        11.2436         3.787011        33.6087        11.2493      1492.57        52.2487
2023-07-17T21:10:34.9729991Z, 7eda8203-a249-e411-b0cc-f8bc1246af59,       22605        11.2474         3.787011        33.6053        11.2456      1492.55        52.2421
2023-07-17T21:10:37.9640461Z, 7eda8203-a249-e411-b0cc-f8bc1246af59,       22606        11.2540         3.787108        33.6002        11.2339      1492.50        52.2209
2023-07-17T21:10:40.9640262Z, 7eda8203-a249-e411-b0cc-f8bc1246af59,       22607        11.2607         3.787408        33.5971        11.2337      1492.50        52.2207
2023-07-17T21:10:43.9640046Z, 7eda8203-a249-e411-b0cc-f8bc1246af59,       22608        11.2644         3.787708        33.5967        11.2309      1492.49        52.2157
2023-07-17T21:10:46.9739492Z, 7eda8203-a249-e411-b0cc-f8bc1246af59,       22609        11.2681         3.788004        33.5962        11.2372      1492.51        52.2270
2023-07-17T21:10:49.9639962Z, 7eda8203-a249-e411-b0cc-f8bc1246af59,       22610        11.2711         3.788105        33.5945        11.2403      1492.52        52.2326
2023-07-17T21:10:52.9749579Z, 7eda8203-a249-e411-b0cc-f8bc1246af59,       22611        11.2747         3.788203        33.5921        11.2350      1492.50        52.2230
2023-07-17T21:10:55.9749201Z, 7eda8203-a249-e411-b0cc-f8bc1246af59,       22612        11.2792         3.788503        33.5910        11.2274      1492.47        52.2093
2023-07-17T21:10:58.9750321Z, 7eda8203-a249-e411-b0cc-f8bc1246af59,       22613        11.2836         3.788799        33.5899        11.2372      1492.50        52.2269
2023-07-17T21:11:01.9650730Z, 7eda8203-a249-e411-b0cc-f8bc1246af59,       22614        11.2858         3.789200        33.5919        11.2391      1492.51        52.2304
2023-07-17T21:11:04.9650634Z, 7eda8203-a249-e411-b0cc-f8bc1246af59,       22615        11.2851         3.789399        33.5945        11.2299      1492.48        52.2138
2023-07-17T21:11:07.9760410Z, 7eda8203-a249-e411-b0cc-f8bc1246af59,       22616        11.2851         3.789497        33.5954        11.2218      1492.46        52.1992
2023-07-17T21:11:10.9660472Z, 7eda8203-a249-e411-b0cc-f8bc1246af59,       22617        11.2844         3.789695        33.5981        11.2302      1492.49        52.2143
2023-07-17T21:11:13.9760918Z, 7eda8203-a249-e411-b0cc-f8bc1246af59,       22618        11.2844         3.789695        33.5981        11.2339      1492.50        52.2210
2023-07-17T21:11:16.9663427Z, 7eda8203-a249-e411-b0cc-f8bc1246af59,       22619        11.2836         3.789797        33.5998        11.2476      1492.55        52.2456
2023-07-17T21:11:19.9762949Z, 7eda8203-a249-e411-b0cc-f8bc1246af59,       22620        11.2836         3.789894        33.6007        11.2427      1492.53        52.2368
2023-07-17T21:11:22.9762910Z, 7eda8203-a249-e411-b0cc-f8bc1246af59,       22621        11.2829         3.789995        33.6024        11.2413      1492.53        52.2344
2023-07-17T21:11:25.9673465Z, 7eda8203-a249-e411-b0cc-f8bc1246af59,       22622        11.2829         3.790093        33.6034        11.2288      1492.49        52.2118
2023-07-17T21:11:28.9772610Z, 7eda8203-a249-e411-b0cc-f8bc1246af59,       22623        11.2814         3.790194        33.6057        11.2298      1492.50        52.2136
2023-07-17T21:11:31.9673009Z, 7eda8203-a249-e411-b0cc-f8bc1246af59,       22624        11.2800         3.790292        33.6080        11.2443      1492.55        52.2398
2023-07-17T21:11:34.9772573Z, 7eda8203-a249-e411-b0cc-f8bc1246af59,       22625        11.2792         3.790292        33.6087        11.2473      1492.56        52.2451
2023-07-17T21:11:37.9782619Z, 7eda8203-a249-e411-b0cc-f8bc1246af59,       22626        11.2800         3.790292        33.6080        11.2355      1492.52        52.2239
2023-07-17T21:11:40.9782336Z, 7eda8203-a249-e411-b0cc-f8bc1246af59,       22627        11.2814         3.790292        33.6067        11.2212      1492.47        52.1982
2023-07-17T21:11:43.9782157Z, 7eda8203-a249-e411-b0cc-f8bc1246af59,       22628        11.2844         3.790393        33.6050        11.2257      1492.48        52.2062
2023-07-17T21:11:46.9782117Z, 7eda8203-a249-e411-b0cc-f8bc1246af59,       22629        11.2844         3.790393        33.6050        11.2349      1492.51        52.2228
2023-07-17T21:11:49.9782052Z, 7eda8203-a249-e411-b0cc-f8bc1246af59,       22630        11.2836         3.790491        33.6066        11.2356      1492.52        52.2241
2023-07-17T21:11:52.9692706Z, 7eda8203-a249-e411-b0cc-f8bc1246af59,       22631        11.2836         3.790592        33.6076        11.2503      1492.57        52.2506
2023-07-17T21:11:55.9791789Z, 7eda8203-a249-e411-b0cc-f8bc1246af59,       22632        11.2836         3.790491        33.6066        11.2532      1492.58        52.2558
2023-07-17T21:11:58.9487284Z, 7eda8203-a249-e411-b0cc-f8bc1246af59,       22633        11.2851         3.790592        33.6063        11.2507      1492.57        52.2513
2023-07-17T21:12:01.9589880Z, 7eda8203-a249-e411-b0cc-f8bc1246af59,       22634        11.2836         3.790592        33.6076        11.2336      1492.51        52.2205
2023-07-17T21:12:04.9490410Z, 7eda8203-a249-e411-b0cc-f8bc1246af59,       22635        11.2822         3.790592        33.6090        11.2366      1492.52        52.2260
2023-07-17T21:12:07.9589772Z, 7eda8203-a249-e411-b0cc-f8bc1246af59,       22636        11.2807         3.790592        33.6103        11.2396      1492.54        52.2312
2023-07-17T21:12:10.9599982Z, 7eda8203-a249-e411-b0cc-f8bc1246af59,       22637        11.2792         3.790592        33.6117        11.2406      1492.54        52.2331
2023-07-17T21:12:13.9599551Z, 7eda8203-a249-e411-b0cc-f8bc1246af59,       22638        11.2814         3.790491        33.6087        11.2508      1492.57        52.2515
2023-07-17T21:12:16.9599510Z, 7eda8203-a249-e411-b0cc-f8bc1246af59,       22639        11.2836         3.790491        33.6066        11.2461      1492.55        52.2430
2023-07-17T21:12:19.9400189Z, 7eda8203-a249-e411-b0cc-f8bc1246af59,       22640        11.2873         3.790491        33.6032        11.2574      1492.59        52.2633
2023-07-17T21:12:22.9609584Z, 7eda8203-a249-e411-b0cc-f8bc1246af59,       22641        11.2888         3.790592        33.6029        11.2845      1492.68        52.3121
2023-07-17T21:12:25.9405291Z, 7eda8203-a249-e411-b0cc-f8bc1246af59,       22642        11.2888         3.790592        33.6029        11.2862      1492.69        52.3151
2023-07-17T21:12:28.9604299Z, 7eda8203-a249-e411-b0cc-f8bc1246af59,       22643        11.2881         3.790689        33.6045        11.2756      1492.65        52.2961
2023-07-17T21:12:31.9406288Z, 7eda8203-a249-e411-b0cc-f8bc1246af59,       22644        11.2873         3.790689        33.6052        11.2678      1492.63        52.2820
2023-07-17T21:12:34.9614459Z, 7eda8203-a249-e411-b0cc-f8bc1246af59,       22645        11.2873         3.790689        33.6052        11.2517      1492.57        52.2531
2023-07-17T21:12:37.9415222Z, 7eda8203-a249-e411-b0cc-f8bc1246af59,       22646        11.2896         3.790689        33.6032        11.2537      1492.58        52.2567
2023-07-17T21:12:40.9614361Z, 7eda8203-a249-e411-b0cc-f8bc1246af59,       22647        11.2918         3.790689        33.6012        11.2609      1492.60        52.2696
