ACQ Timestamp (Server Time in UTC), MessageID, Data Value For: TSG-2174150-3326-Message
2023-07-17T21:13:43.9631522Z, 7eda8203-a249-e411-b0cc-f8bc1246af59,       22668        11.3376         3.793675        33.5888        11.3192      1492.79        52.3746
2023-07-17T21:13:46.9631852Z, 7eda8203-a249-e411-b0cc-f8bc1246af59,       22669        11.3376         3.793675        33.5888        11.3190      1492.79        52.3742
2023-07-17T21:13:49.9631704Z, 7eda8203-a249-e411-b0cc-f8bc1246af59,       22670        11.3391         3.793773        33.5885        11.3300      1492.82        52.3939
2023-07-17T21:13:52.9636126Z, 7eda8203-a249-e411-b0cc-f8bc1246af59,       22671        11.3406         3.793874        33.5881        11.3309      1492.83        52.3957
2023-07-17T21:13:55.9636787Z, 7eda8203-a249-e411-b0cc-f8bc1246af59,       22672        11.3406         3.793972        33.5891        11.3116      1492.76        52.3609
2023-07-17T21:13:58.9638011Z, 7eda8203-a249-e411-b0cc-f8bc1246af59,       22673        11.3406         3.794073        33.5901        11.3145      1492.77        52.3662
2023-07-17T21:14:01.9640405Z, 7eda8203-a249-e411-b0cc-f8bc1246af59,       22674        11.3421         3.794171        33.5897        11.2988      1492.72        52.3378
2023-07-17T21:14:04.9640885Z, 7eda8203-a249-e411-b0cc-f8bc1246af59,       22675        11.3435         3.794170        33.5883        11.3078      1492.75        52.3540
2023-07-17T21:14:07.9650754Z, 7eda8203-a249-e411-b0cc-f8bc1246af59,       22676        11.3495         3.794170        33.5829        11.3178      1492.77        52.3720
2023-07-17T21:14:10.9650697Z, 7eda8203-a249-e411-b0cc-f8bc1246af59,       22677        11.3554         3.794272        33.5785        11.3134      1492.75        52.3641
2023-07-17T21:14:13.9650490Z, 7eda8203-a249-e411-b0cc-f8bc1246af59,       22678        11.3613         3.794470        33.5751        11.3128      1492.75        52.3631
2023-07-17T21:14:16.9650477Z, 7eda8203-a249-e411-b0cc-f8bc1246af59,       22679        11.3665         3.794868        33.5743        11.3363      1492.83        52.4054
2023-07-17T21:14:19.9650231Z, 7eda8203-a249-e411-b0cc-f8bc1246af59,       22680        11.3680         3.795067        33.5749        11.3334      1492.82        52.4001
2023-07-17T21:14:22.9660206Z, 7eda8203-a249-e411-b0cc-f8bc1246af59,       22681        11.3657         3.795266        33.5789        11.3389      1492.84        52.4100
2023-07-17T21:14:25.9660212Z, 7eda8203-a249-e411-b0cc-f8bc1246af59,       22682        11.3643         3.795364        33.5812        11.3373      1492.84        52.4071
2023-07-17T21:14:28.9660095Z, 7eda8203-a249-e411-b0cc-f8bc1246af59,       22683        11.3620         3.795364        33.5833        11.3415      1492.86        52.4147
2023-07-17T21:14:31.9660115Z, 7eda8203-a249-e411-b0cc-f8bc1246af59,       22684        11.3628         3.795364        33.5826        11.3333      1492.83        52.3999
2023-07-17T21:14:34.9670038Z, 7eda8203-a249-e411-b0cc-f8bc1246af59,       22685        11.3635         3.795465        33.5829        11.3320      1492.82        52.3976
2023-07-17T21:14:37.9669976Z, 7eda8203-a249-e411-b0cc-f8bc1246af59,       22686        11.3657         3.795566        33.5819        11.3317      1492.82        52.3971
2023-07-17T21:14:40.9670088Z, 7eda8203-a249-e411-b0cc-f8bc1246af59,       22687        11.3702         3.795566        33.5779        11.3535      1492.89        52.4363
2023-07-17T21:14:43.9669957Z, 7eda8203-a249-e411-b0cc-f8bc1246af59,       22688        11.3754         3.795664        33.5741        11.3638      1492.92        52.4549
2023-07-17T21:14:46.9669679Z, 7eda8203-a249-e411-b0cc-f8bc1246af59,       22689        11.3783         3.795765        33.5724        11.3718      1492.95        52.4692
2023-07-17T21:14:49.9671120Z, 7eda8203-a249-e411-b0cc-f8bc1246af59,       22690        11.3812         3.796062        33.5727        11.3678      1492.94        52.4620
2023-07-17T21:14:52.9681005Z, 7eda8203-a249-e411-b0cc-f8bc1246af59,       22691        11.3835         3.796163        33.5716        11.3430      1492.85        52.4174
2023-07-17T21:14:55.9680955Z, 7eda8203-a249-e411-b0cc-f8bc1246af59,       22692        11.3857         3.796362        33.5716        11.3764      1492.97        52.4774
2023-07-17T21:14:58.9680781Z, 7eda8203-a249-e411-b0cc-f8bc1246af59,       22693        11.3864         3.796658        33.5738        11.3687      1492.94        52.4637
2023-07-17T21:15:01.9680818Z, 7eda8203-a249-e411-b0cc-f8bc1246af59,       22694        11.3894         3.796760        33.5721        11.3603      1492.91        52.4485
2023-07-17T21:15:04.9690851Z, 7eda8203-a249-e411-b0cc-f8bc1246af59,       22695        11.3909         3.796857        33.5717        11.3953      1493.03        52.5115
2023-07-17T21:15:07.9690558Z, 7eda8203-a249-e411-b0cc-f8bc1246af59,       22696        11.3975         3.796958        33.5667        11.3747      1492.95        52.4744
2023-07-17T21:15:10.9690433Z, 7eda8203-a249-e411-b0cc-f8bc1246af59,       22697        11.4027         3.797255        33.5649        11.3629      1492.91        52.4533
2023-07-17T21:15:13.9690446Z, 7eda8203-a249-e411-b0cc-f8bc1246af59,       22698        11.4071         3.797454        33.5628        11.3409      1492.83        52.4137
2023-07-17T21:15:16.9690251Z, 7eda8203-a249-e411-b0cc-f8bc1246af59,       22699        11.4093         3.797852        33.5648        11.3563      1492.89        52.4413
2023-07-17T21:15:19.9700271Z, 7eda8203-a249-e411-b0cc-f8bc1246af59,       22700        11.4123         3.798051        33.5640        11.3713      1492.94        52.4683
2023-07-17T21:15:22.9700153Z, 7eda8203-a249-e411-b0cc-f8bc1246af59,       22701        11.4160         3.798250        33.5626        11.3541      1492.88        52.4374
2023-07-17T21:15:25.9700134Z, 7eda8203-a249-e411-b0cc-f8bc1246af59,       22702        11.4190         3.798449        33.5619        11.3770      1492.96        52.4786
2023-07-17T21:15:28.9700001Z, 7eda8203-a249-e411-b0cc-f8bc1246af59,       22703        11.4226         3.798745        33.5614        11.3972      1493.03        52.5149
2023-07-17T21:15:31.9707548Z, 7eda8203-a249-e411-b0cc-f8bc1246af59,       22704        11.4248         3.799046        33.5624        11.3632      1492.91        52.4538
2023-07-17T21:15:34.9807059Z, 7eda8203-a249-e411-b0cc-f8bc1246af59,       22705        11.4248         3.799343        33.5653        11.3597      1492.90        52.4475
2023-07-17T21:15:37.9707439Z, 7eda8203-a249-e411-b0cc-f8bc1246af59,       22706        11.4204         3.799542        33.5713        11.4069      1493.07        52.5323
2023-07-17T21:15:40.9707204Z, 7eda8203-a249-e411-b0cc-f8bc1246af59,       22707        11.4182         3.799542        33.5733        11.3701      1492.95        52.4662
2023-07-17T21:15:43.9717158Z, 7eda8203-a249-e411-b0cc-f8bc1246af59,       22708        11.4167         3.799542        33.5747        11.3944      1493.03        52.5100
2023-07-17T21:15:46.9618852Z, 7eda8203-a249-e411-b0cc-f8bc1246af59,       22709        11.4175         3.799643        33.5750        11.4051      1493.07        52.5291
2023-07-17T21:15:49.9719119Z, 7eda8203-a249-e411-b0cc-f8bc1246af59,       22710        11.4197         3.799643        33.5730        11.3843      1492.99        52.4918
2023-07-17T21:15:52.9719072Z, 7eda8203-a249-e411-b0cc-f8bc1246af59,       22711        11.4226         3.799643        33.5703        11.3727      1492.95        52.4709
2023-07-17T21:15:55.9720602Z, 7eda8203-a249-e411-b0cc-f8bc1246af59,       22712        11.4263         3.799842        33.5689        11.3783      1492.97        52.4809
2023-07-17T21:15:58.9720366Z, 7eda8203-a249-e411-b0cc-f8bc1246af59,       22713        11.4271         3.799940        33.5692        11.3806      1492.98        52.4851
2023-07-17T21:16:01.9625594Z, 7eda8203-a249-e411-b0cc-f8bc1246af59,       22714        11.4307         3.800139        33.5678        11.4040      1493.06        52.5272
2023-07-17T21:16:04.9625587Z, 7eda8203-a249-e411-b0cc-f8bc1246af59,       22715        11.4345         3.800338        33.5664        11.3961      1493.03        52.5129
2023-07-17T21:16:07.9626550Z, 7eda8203-a249-e411-b0cc-f8bc1246af59,       22716        11.4374         3.800439        33.5647        11.3966      1493.03        52.5139
2023-07-17T21:16:10.9636558Z, 7eda8203-a249-e411-b0cc-f8bc1246af59,       22717        11.4403         3.800537        33.5630        11.3835      1492.98        52.4903
2023-07-17T21:16:13.9531851Z, 7eda8203-a249-e411-b0cc-f8bc1246af59,       22718        11.4411         3.800837        33.5652        11.3922      1493.01        52.5060
2023-07-17T21:16:16.9531808Z, 7eda8203-a249-e411-b0cc-f8bc1246af59,       22719        11.4403         3.800837        33.5659        11.3889      1493.00        52.4999
2023-07-17T21:16:19.9531698Z, 7eda8203-a249-e411-b0cc-f8bc1246af59,       22720        11.4396         3.800935        33.5675        11.3962      1493.03        52.5131
2023-07-17T21:16:22.9541498Z, 7eda8203-a249-e411-b0cc-f8bc1246af59,       22721        11.4396         3.800935        33.5675        11.4062      1493.06        52.5312
2023-07-17T21:16:25.9541488Z, 7eda8203-a249-e411-b0cc-f8bc1246af59,       22722        11.4403         3.800935        33.5669        11.4158      1493.10        52.5485
2023-07-17T21:16:28.9541463Z, 7eda8203-a249-e411-b0cc-f8bc1246af59,       22723        11.4426         3.801036        33.5659        11.4218      1493.12        52.5593
2023-07-17T21:16:31.9548017Z, 7eda8203-a249-e411-b0cc-f8bc1246af59,       22724        11.4441         3.801134        33.5655        11.4048      1493.06        52.5286
2023-07-17T21:16:34.9547973Z, 7eda8203-a249-e411-b0cc-f8bc1246af59,       22725        11.4455         3.801235        33.5651        11.4199      1493.11        52.5558
2023-07-17T21:16:37.9547886Z, 7eda8203-a249-e411-b0cc-f8bc1246af59,       22726        11.4455         3.801333        33.5661        11.4245      1493.13        52.5641
2023-07-17T21:16:40.9552847Z, 7eda8203-a249-e411-b0cc-f8bc1246af59,       22727        11.4463         3.801532        33.5674        11.4142      1493.09        52.5456
2023-07-17T21:16:43.9552709Z, 7eda8203-a249-e411-b0cc-f8bc1246af59,       22728        11.4470         3.801434        33.5657        11.4106      1493.08        52.5391
2023-07-17T21:16:46.9552706Z, 7eda8203-a249-e411-b0cc-f8bc1246af59,       22729        11.4514         3.801532        33.5627        11.4033      1493.05        52.5259
2023-07-17T21:16:49.9552644Z, 7eda8203-a249-e411-b0cc-f8bc1246af59,       22730        11.4544         3.801633        33.5610        11.4074      1493.06        52.5334
2023-07-17T21:16:52.9562428Z, 7eda8203-a249-e411-b0cc-f8bc1246af59,       22731        11.4603         3.801731        33.5566        11.4019      1493.04        52.5234
2023-07-17T21:16:55.9562371Z, 7eda8203-a249-e411-b0cc-f8bc1246af59,       22732        11.4647         3.801930        33.5545        11.4257      1493.12        52.5662
2023-07-17T21:16:58.9563385Z, 7eda8203-a249-e411-b0cc-f8bc1246af59,       22733        11.4669         3.802230        33.5555        11.4250      1493.12        52.5650
2023-07-17T21:17:01.9564176Z, 7eda8203-a249-e411-b0cc-f8bc1246af59,       22734        11.4699         3.802429        33.5548        11.4127      1493.07        52.5428
2023-07-17T21:17:04.9566356Z, 7eda8203-a249-e411-b0cc-f8bc1246af59,       22735        11.4706         3.802625        33.5560        11.4091      1493.06        52.5364
2023-07-17T21:17:07.9566267Z, 7eda8203-a249-e411-b0cc-f8bc1246af59,       22736        11.4706         3.802726        33.5570        11.4024      1493.04        52.5242
2023-07-17T21:17:10.9566042Z, 7eda8203-a249-e411-b0cc-f8bc1246af59,       22737        11.4684         3.802824        33.5600        11.4028      1493.04        52.5250
2023-07-17T21:17:13.9576121Z, 7eda8203-a249-e411-b0cc-f8bc1246af59,       22738        11.4669         3.802925        33.5623        11.4038      1493.05        52.5268
2023-07-17T21:17:16.9576029Z, 7eda8203-a249-e411-b0cc-f8bc1246af59,       22739        11.4669         3.802925        33.5623        11.4153      1493.09        52.5475
2023-07-17T21:17:19.9575936Z, 7eda8203-a249-e411-b0cc-f8bc1246af59,       22740        11.4677         3.802925        33.5616        11.4340      1493.15        52.5812
2023-07-17T21:17:22.9575830Z, 7eda8203-a249-e411-b0cc-f8bc1246af59,       22741        11.4699         3.803023        33.5606        11.4387      1493.17        52.5896
2023-07-17T21:17:25.9585613Z, 7eda8203-a249-e411-b0cc-f8bc1246af59,       22742        11.4713         3.803124        33.5603        11.4422      1493.18        52.5960
2023-07-17T21:17:28.9578808Z, 7eda8203-a249-e411-b0cc-f8bc1246af59,       22743        11.4699         3.803222        33.5626        11.4422      1493.18        52.5960
2023-07-17T21:17:31.9588801Z, 7eda8203-a249-e411-b0cc-f8bc1246af59,       22744        11.4669         3.803222        33.5653        11.4260      1493.13        52.5668
2023-07-17T21:17:34.9588690Z, 7eda8203-a249-e411-b0cc-f8bc1246af59,       22745        11.4647         3.803222        33.5672        11.4362      1493.17        52.5851
2023-07-17T21:17:37.9592635Z, 7eda8203-a249-e411-b0cc-f8bc1246af59,       22746        11.4647         3.803222        33.5672        11.4583      1493.24        52.6249
2023-07-17T21:17:40.9592608Z, 7eda8203-a249-e411-b0cc-f8bc1246af59,       22747        11.4654         3.803124        33.5656        11.4330      1493.16        52.5795
2023-07-17T21:17:43.9596461Z, 7eda8203-a249-e411-b0cc-f8bc1246af59,       22748        11.4692         3.803124        33.5623        11.4516      1493.22        52.6129
2023-07-17T21:17:46.9597388Z, 7eda8203-a249-e411-b0cc-f8bc1246af59,       22749        11.4751         3.803222        33.5578        11.4370      1493.16        52.5867
2023-07-17T21:17:49.9597306Z, 7eda8203-a249-e411-b0cc-f8bc1246af59,       22750        11.4809         3.803323        33.5535        11.4445      1493.18        52.6001
2023-07-17T21:17:52.9597200Z, 7eda8203-a249-e411-b0cc-f8bc1246af59,       22751        11.4847         3.803421        33.5511        11.4493      1493.19        52.6087
2023-07-17T21:17:55.9607024Z, 7eda8203-a249-e411-b0cc-f8bc1246af59,       22752        11.4876         3.803620        33.5504        11.4460      1493.18        52.6027
2023-07-17T21:17:58.9609307Z, 7eda8203-a249-e411-b0cc-f8bc1246af59,       22753        11.4891         3.803819        33.5510        11.4518      1493.20        52.6132
2023-07-17T21:18:01.9609351Z, 7eda8203-a249-e411-b0cc-f8bc1246af59,       22754        11.4920         3.803819        33.5483        11.4493      1493.19        52.6088
2023-07-17T21:18:04.9609239Z, 7eda8203-a249-e411-b0cc-f8bc1246af59,       22755        11.4950         3.804018        33.5476        11.4510      1493.20        52.6117
2023-07-17T21:18:07.9614415Z, 7eda8203-a249-e411-b0cc-f8bc1246af59,       22756        11.4964         3.804217        33.5482        11.4507      1493.20        52.6113
2023-07-17T21:18:10.9614282Z, 7eda8203-a249-e411-b0cc-f8bc1246af59,       22757        11.4972         3.804319        33.5485        11.4528      1493.20        52.6151
2023-07-17T21:18:13.9614227Z, 7eda8203-a249-e411-b0cc-f8bc1246af59,       22758        11.4987         3.804417        33.5482        11.4716      1493.27        52.6489
2023-07-17T21:18:16.9614214Z, 7eda8203-a249-e411-b0cc-f8bc1246af59,       22759        11.4994         3.804616        33.5495        11.4709      1493.27        52.6476
2023-07-17T21:18:19.9623948Z, 7eda8203-a249-e411-b0cc-f8bc1246af59,       22760        11.5016         3.804815        33.5494        11.4772      1493.29        52.6590
2023-07-17T21:18:22.9823024Z, 7eda8203-a249-e411-b0cc-f8bc1246af59,       22761        11.5023         3.804913        33.5497        11.4618      1493.24        52.6312
2023-07-17T21:18:25.9623808Z, 7eda8203-a249-e411-b0cc-f8bc1246af59,       22762        11.5038         3.805014        33.5494        11.4596      1493.23        52.6272
2023-07-17T21:18:28.9623753Z, 7eda8203-a249-e411-b0cc-f8bc1246af59,       22763        11.5053         3.805112        33.5490        11.4462      1493.18        52.6031
2023-07-17T21:18:31.9624890Z, 7eda8203-a249-e411-b0cc-f8bc1246af59,       22764        11.5068         3.805213        33.5486        11.4612      1493.23        52.6302
2023-07-17T21:18:34.9624662Z, 7eda8203-a249-e411-b0cc-f8bc1246af59,       22765        11.5083         3.805311        33.5482        11.4481      1493.19        52.6066
2023-07-17T21:18:37.9634680Z, 7eda8203-a249-e411-b0cc-f8bc1246af59,       22766        11.5134         3.805510        33.5455        11.4790      1493.29        52.6622
2023-07-17T21:18:40.9634611Z, 7eda8203-a249-e411-b0cc-f8bc1246af59,       22767        11.5164         3.805510        33.5429        11.4717      1493.26        52.6491
2023-07-17T21:18:43.9635370Z, 7eda8203-a249-e411-b0cc-f8bc1246af59,       22768        11.5193         3.805611        33.5412        11.4810      1493.29        52.6658
2023-07-17T21:18:46.9635270Z, 7eda8203-a249-e411-b0cc-f8bc1246af59,       22769        11.5208         3.806010        33.5437        11.4923      1493.33        52.6862
2023-07-17T21:18:49.9637743Z, 7eda8203-a249-e411-b0cc-f8bc1246af59,       22770        11.5193         3.806107        33.5460        11.4774      1493.29        52.6594
2023-07-17T21:18:52.9637398Z, 7eda8203-a249-e411-b0cc-f8bc1246af59,       22771        11.5186         3.806209        33.5477        11.4813      1493.30        52.6663
2023-07-17T21:18:55.9647505Z, 7eda8203-a249-e411-b0cc-f8bc1246af59,       22772        11.5164         3.806307        33.5507        11.4942      1493.35        52.6896
2023-07-17T21:18:58.9650191Z, 7eda8203-a249-e411-b0cc-f8bc1246af59,       22773        11.5164         3.806307        33.5507        11.5161      1493.43        52.7289
2023-07-17T21:19:01.9650124Z, 7eda8203-a249-e411-b0cc-f8bc1246af59,       22774        11.5186         3.806307        33.5486        11.4930      1493.34        52.6873
2023-07-17T21:19:04.9650106Z, 7eda8203-a249-e411-b0cc-f8bc1246af59,       22775        11.5215         3.806404        33.5470        11.4779      1493.29        52.6601
2023-07-17T21:19:07.9650020Z, 7eda8203-a249-e411-b0cc-f8bc1246af59,       22776        11.5252         3.806404        33.5436        11.4819      1493.30        52.6673
2023-07-17T21:19:10.9659853Z, 7eda8203-a249-e411-b0cc-f8bc1246af59,       22777        11.5304         3.806506        33.5399        11.4723      1493.26        52.6502
2023-07-17T21:19:13.9661204Z, 7eda8203-a249-e411-b0cc-f8bc1246af59,       22778        11.5340         3.806705        33.5386        11.4966      1493.34        52.6940
2023-07-17T21:19:16.9660998Z, 7eda8203-a249-e411-b0cc-f8bc1246af59,       22779        11.5378         3.807002        33.5381        11.5169      1493.41        52.7305
2023-07-17T21:19:19.9660967Z, 7eda8203-a249-e411-b0cc-f8bc1246af59,       22780        11.5414         3.807201        33.5367        11.5222      1493.43        52.7399
2023-07-17T21:19:22.9660867Z, 7eda8203-a249-e411-b0cc-f8bc1246af59,       22781        11.5459         3.807302        33.5337        11.5269      1493.44        52.7484
2023-07-17T21:19:25.9660684Z, 7eda8203-a249-e411-b0cc-f8bc1246af59,       22782        11.5495         3.807502        33.5323        11.5247      1493.43        52.7444
2023-07-17T21:19:28.9670620Z, 7eda8203-a249-e411-b0cc-f8bc1246af59,       22783        11.5473         3.807701        33.5363        11.5114      1493.39        52.7205
2023-07-17T21:19:31.9671666Z, 7eda8203-a249-e411-b0cc-f8bc1246af59,       22784        11.5451         3.807998        33.5412        11.5333      1493.47        52.7599
2023-07-17T21:19:34.9673003Z, 7eda8203-a249-e411-b0cc-f8bc1246af59,       22785        11.5444         3.808096        33.5428        11.5509      1493.54        52.7916
2023-07-17T21:19:37.9672926Z, 7eda8203-a249-e411-b0cc-f8bc1246af59,       22786        11.5466         3.808096        33.5408        11.5524      1493.54        52.7943
2023-07-17T21:19:40.9672800Z, 7eda8203-a249-e411-b0cc-f8bc1246af59,       22787        11.5547         3.808197        33.5345        11.5481      1493.52        52.7865
2023-07-17T21:19:43.9674283Z, 7eda8203-a249-e411-b0cc-f8bc1246af59,       22788        11.5591         3.808295        33.5314        11.5532      1493.53        52.7958
2023-07-17T21:19:46.9685209Z, 7eda8203-a249-e411-b0cc-f8bc1246af59,       22789        11.5658         3.808494        33.5274        11.5329      1493.46        52.7592
2023-07-17T21:19:49.9687473Z, 7eda8203-a249-e411-b0cc-f8bc1246af59,       22790        11.5724         3.808693        33.5233        11.5287      1493.44        52.7517
2023-07-17T21:19:52.9687402Z, 7eda8203-a249-e411-b0cc-f8bc1246af59,       22791        11.5768         3.809092        33.5232        11.5226      1493.42        52.7407
2023-07-17T21:19:55.9687382Z, 7eda8203-a249-e411-b0cc-f8bc1246af59,       22792        11.5798         3.809291        33.5225        11.5341      1493.45        52.7614
2023-07-17T21:19:58.9687287Z, 7eda8203-a249-e411-b0cc-f8bc1246af59,       22793        11.5879         3.809588        33.5181        11.5407      1493.47        52.7733
2023-07-17T21:20:01.9687278Z, 7eda8203-a249-e411-b0cc-f8bc1246af59,       22794        11.5952         3.809986        33.5153        11.5477      1493.49        52.7859
2023-07-17T21:20:04.9697730Z, 7eda8203-a249-e411-b0cc-f8bc1246af59,       22795        11.6011         3.810283        33.5129        11.5713      1493.57        52.8283
2023-07-17T21:20:07.9691771Z, 7eda8203-a249-e411-b0cc-f8bc1246af59,       22796        11.6033         3.810881        33.5167        11.5817      1493.61        52.8470
2023-07-17T21:20:10.9701747Z, 7eda8203-a249-e411-b0cc-f8bc1246af59,       22797        11.6026         3.811280        33.5213        11.5752      1493.60        52.8354
2023-07-17T21:20:13.9697273Z, 7eda8203-a249-e411-b0cc-f8bc1246af59,       22798        11.6004         3.811479        33.5253        11.5665      1493.57        52.8197
2023-07-17T21:20:16.9697057Z, 7eda8203-a249-e411-b0cc-f8bc1246af59,       22799        11.5982         3.811679        33.5292        11.5608      1493.55        52.8094
2023-07-17T21:20:19.9707076Z, 7eda8203-a249-e411-b0cc-f8bc1246af59,       22800        11.5967         3.811679        33.5305        11.5697      1493.59        52.8254
2023-07-17T21:20:22.9707796Z, 7eda8203-a249-e411-b0cc-f8bc1246af59,       22801        11.6004         3.811777        33.5282        11.5708      1493.59        52.8275
2023-07-17T21:20:25.9707774Z, 7eda8203-a249-e411-b0cc-f8bc1246af59,       22802        11.6033         3.811878        33.5265        11.5664      1493.57        52.8195
2023-07-17T21:20:28.9707660Z, 7eda8203-a249-e411-b0cc-f8bc1246af59,       22803        11.6107         3.811976        33.5208        11.5720      1493.58        52.8296
2023-07-17T21:20:31.9709825Z, 7eda8203-a249-e411-b0cc-f8bc1246af59,       22804        11.6195         3.812175        33.5148        11.5855      1493.62        52.8539
2023-07-17T21:20:34.9709731Z, 7eda8203-a249-e411-b0cc-f8bc1246af59,       22805        11.6247         3.812472        33.5130        11.5748      1493.58        52.8347
2023-07-17T21:20:37.9719595Z, 7eda8203-a249-e411-b0cc-f8bc1246af59,       22806        11.6284         3.812871        33.5136        11.5678      1493.56        52.8220
2023-07-17T21:20:40.9621496Z, 7eda8203-a249-e411-b0cc-f8bc1246af59,       22807        11.6298         3.813172        33.5152        11.5514      1493.51        52.7926
2023-07-17T21:20:43.9621526Z, 7eda8203-a249-e411-b0cc-f8bc1246af59,       22808        11.6306         3.813567        33.5184        11.5496      1493.50        52.7892
2023-07-17T21:20:46.9725574Z, 7eda8203-a249-e411-b0cc-f8bc1246af59,       22809        11.6320         3.813766        33.5190        11.5616      1493.55        52.8109
2023-07-17T21:20:49.9722363Z, 7eda8203-a249-e411-b0cc-f8bc1246af59,       22810        11.6335         3.813965        33.5197        11.5700      1493.58        52.8260
2023-07-17T21:20:52.9723635Z, 7eda8203-a249-e411-b0cc-f8bc1246af59,       22811        11.6335         3.814165        33.5216        11.5817      1493.62        52.8470
2023-07-17T21:20:55.9724041Z, 7eda8203-a249-e411-b0cc-f8bc1246af59,       22812        11.6350         3.814364        33.5222        11.5920      1493.65        52.8655
2023-07-17T21:20:58.9726267Z, 7eda8203-a249-e411-b0cc-f8bc1246af59,       22813        11.6364         3.814564        33.5228        11.5613      1493.55        52.8104
2023-07-17T21:21:01.9736262Z, 7eda8203-a249-e411-b0cc-f8bc1246af59,       22814        11.6335         3.814763        33.5275        11.5682      1493.58        52.8228
2023-07-17T21:21:04.9736126Z, 7eda8203-a249-e411-b0cc-f8bc1246af59,       22815        11.6306         3.814861        33.5310        11.5611      1493.56        52.8101
2023-07-17T21:21:07.9737349Z, 7eda8203-a249-e411-b0cc-f8bc1246af59,       22816        11.6276         3.814959        33.5347        11.5685      1493.59        52.8232
2023-07-17T21:21:10.9740159Z, 7eda8203-a249-e411-b0cc-f8bc1246af59,       22817        11.6269         3.814959        33.5354        11.5603      1493.56        52.8085
2023-07-17T21:21:13.9745730Z, 7eda8203-a249-e411-b0cc-f8bc1246af59,       22818        11.6306         3.814959        33.5320        11.5735      1493.60        52.8323
2023-07-17T21:21:16.9586367Z, 7eda8203-a249-e411-b0cc-f8bc1246af59,       22819        11.6328         3.815060        33.5310        11.5857      1493.64        52.8543
2023-07-17T21:21:19.9586136Z, 7eda8203-a249-e411-b0cc-f8bc1246af59,       22820        11.6357         3.815260        33.5303        11.5844      1493.64        52.8519
2023-07-17T21:21:22.9497038Z, 7eda8203-a249-e411-b0cc-f8bc1246af59,       22821        11.6357         3.815459        33.5323        11.5886      1493.65        52.8594
2023-07-17T21:21:25.9498404Z, 7eda8203-a249-e411-b0cc-f8bc1246af59,       22822        11.6350         3.815459        33.5330        11.5738      1493.60        52.8329
2023-07-17T21:21:28.9597920Z, 7eda8203-a249-e411-b0cc-f8bc1246af59,       22823        11.6328         3.815557        33.5359        11.5704      1493.60        52.8266
2023-07-17T21:21:31.9597791Z, 7eda8203-a249-e411-b0cc-f8bc1246af59,       22824        11.6306         3.815557        33.5379        11.5713      1493.60        52.8283
2023-07-17T21:21:34.9597757Z, 7eda8203-a249-e411-b0cc-f8bc1246af59,       22825        11.6298         3.815557        33.5386        11.5733      1493.61        52.8319
2023-07-17T21:21:37.9607529Z, 7eda8203-a249-e411-b0cc-f8bc1246af59,       22826        11.6306         3.815557        33.5379        11.5607      1493.56        52.8093
2023-07-17T21:21:40.9509691Z, 7eda8203-a249-e411-b0cc-f8bc1246af59,       22827        11.6343         3.815557        33.5346        11.5735      1493.61        52.8323
2023-07-17T21:21:43.9509615Z, 7eda8203-a249-e411-b0cc-f8bc1246af59,       22828        11.6379         3.815557        33.5312        11.5570      1493.54        52.8026
2023-07-17T21:21:46.9509618Z, 7eda8203-a249-e411-b0cc-f8bc1246af59,       22829        11.6402         3.815659        33.5302        11.5646      1493.57        52.8162
2023-07-17T21:21:49.9509483Z, 7eda8203-a249-e411-b0cc-f8bc1246af59,       22830        11.6402         3.815756        33.5312        11.5658      1493.57        52.8184
2023-07-17T21:21:52.9511677Z, 7eda8203-a249-e411-b0cc-f8bc1246af59,       22831        11.6379         3.815854        33.5342        11.5576      1493.55        52.8037
2023-07-17T21:21:55.9511433Z, 7eda8203-a249-e411-b0cc-f8bc1246af59,       22832        11.6357         3.815854        33.5361        11.5754      1493.61        52.8358
2023-07-17T21:21:58.9522221Z, 7eda8203-a249-e411-b0cc-f8bc1246af59,       22833        11.6343         3.815956        33.5385        11.5598      1493.56        52.8077
2023-07-17T21:22:01.9523523Z, 7eda8203-a249-e411-b0cc-f8bc1246af59,       22834        11.6313         3.815855        33.5401        11.5763      1493.62        52.8373
2023-07-17T21:22:04.9519065Z, 7eda8203-a249-e411-b0cc-f8bc1246af59,       22835        11.6291         3.815855        33.5421        11.5794      1493.63        52.8429
2023-07-17T21:22:07.9525880Z, 7eda8203-a249-e411-b0cc-f8bc1246af59,       22836        11.6284         3.815757        33.5418        11.5884      1493.67        52.8591
2023-07-17T21:22:10.9525848Z, 7eda8203-a249-e411-b0cc-f8bc1246af59,       22837        11.6262         3.815659        33.5429        11.5869      1493.66        52.8564
2023-07-17T21:22:13.9531247Z, 7eda8203-a249-e411-b0cc-f8bc1246af59,       22838        11.6247         3.815557        33.5432        11.5856      1493.66        52.8541
2023-07-17T21:22:16.9531170Z, 7eda8203-a249-e411-b0cc-f8bc1246af59,       22839        11.6247         3.815557        33.5432        11.6148      1493.76        52.9067
2023-07-17T21:22:19.9531045Z, 7eda8203-a249-e411-b0cc-f8bc1246af59,       22840        11.6247         3.815557        33.5432        11.6208      1493.78        52.9174
2023-07-17T21:22:22.9532455Z, 7eda8203-a249-e411-b0cc-f8bc1246af59,       22841        11.6262         3.815459        33.5409        11.6197      1493.77        52.9155
2023-07-17T21:22:25.9532210Z, 7eda8203-a249-e411-b0cc-f8bc1246af59,       22842        11.6291         3.815459        33.5382        11.6093      1493.73        52.8968
2023-07-17T21:22:28.9542183Z, 7eda8203-a249-e411-b0cc-f8bc1246af59,       22843        11.6313         3.815358        33.5353        11.6093      1493.73        52.8968
2023-07-17T21:22:31.9562605Z, 7eda8203-a249-e411-b0cc-f8bc1246af59,       22844        11.6350         3.815358        33.5320        11.6163      1493.75        52.9094
2023-07-17T21:22:34.9543393Z, 7eda8203-a249-e411-b0cc-f8bc1246af59,       22845        11.6379         3.815459        33.5303        11.6007      1493.69        52.8813
2023-07-17T21:22:37.9543484Z, 7eda8203-a249-e411-b0cc-f8bc1246af59,       22846        11.6431         3.815459        33.5256        11.5928      1493.66        52.8670
2023-07-17T21:22:40.9543162Z, 7eda8203-a249-e411-b0cc-f8bc1246af59,       22847        11.6527         3.815756        33.5198        11.5959      1493.67        52.8726
2023-07-17T21:22:43.9554035Z, 7eda8203-a249-e411-b0cc-f8bc1246af59,       22848        11.6593         3.815854        33.5148        11.5813      1493.61        52.8463
2023-07-17T21:22:46.9554713Z, 7eda8203-a249-e411-b0cc-f8bc1246af59,       22849        11.6637         3.816155        33.5138        11.5889      1493.63        52.8599
2023-07-17T21:22:49.9554617Z, 7eda8203-a249-e411-b0cc-f8bc1246af59,       22850        11.6681         3.816354        33.5117        11.5971      1493.66        52.8747
2023-07-17T21:22:52.9554617Z, 7eda8203-a249-e411-b0cc-f8bc1246af59,       22851        11.6703         3.816550        33.5117        11.5880      1493.63        52.8584
2023-07-17T21:22:55.9554426Z, 7eda8203-a249-e411-b0cc-f8bc1246af59,       22852        11.6696         3.816750        33.5143        11.5885      1493.63        52.8593
2023-07-17T21:22:58.9564279Z, 7eda8203-a249-e411-b0cc-f8bc1246af59,       22853        11.6688         3.816851        33.5159        11.5912      1493.64        52.8642
2023-07-17T21:23:01.9565272Z, 7eda8203-a249-e411-b0cc-f8bc1246af59,       22854        11.6659         3.817149        33.5215        11.5932      1493.66        52.8678
2023-07-17T21:23:04.9559623Z, 7eda8203-a249-e411-b0cc-f8bc1246af59,       22855        11.6629         3.817247        33.5251        11.5819      1493.62        52.8475
2023-07-17T21:23:07.9563439Z, 7eda8203-a249-e411-b0cc-f8bc1246af59,       22856        11.6593         3.817348        33.5294        11.5859      1493.64        52.8547
2023-07-17T21:23:10.9573235Z, 7eda8203-a249-e411-b0cc-f8bc1246af59,       22857        11.6556         3.817247        33.5318        11.5940      1493.67        52.8693
2023-07-17T21:23:13.9772210Z, 7eda8203-a249-e411-b0cc-f8bc1246af59,       22858        11.6541         3.817247        33.5331        11.5908      1493.66        52.8635
2023-07-17T21:23:16.9573776Z, 7eda8203-a249-e411-b0cc-f8bc1246af59,       22859        11.6527         3.817149        33.5335        11.5812      1493.63        52.8462
2023-07-17T21:23:19.9772736Z, 7eda8203-a249-e411-b0cc-f8bc1246af59,       22860        11.6512         3.817149        33.5348        11.5705      1493.60        52.8268
2023-07-17T21:23:22.9573570Z, 7eda8203-a249-e411-b0cc-f8bc1246af59,       22861        11.6512         3.816949        33.5329        11.6184      1493.76        52.9131
2023-07-17T21:23:25.9576064Z, 7eda8203-a249-e411-b0cc-f8bc1246af59,       22862        11.6504         3.817051        33.5345        11.6489      1493.87        52.9680
2023-07-17T21:23:28.9585846Z, 7eda8203-a249-e411-b0cc-f8bc1246af59,       22863        11.6497         3.816949        33.5342        11.6722      1493.95        53.0100
2023-07-17T21:23:31.9585790Z, 7eda8203-a249-e411-b0cc-f8bc1246af59,       22864        11.6482         3.816852        33.5346        11.6651      1493.92        52.9971
2023-07-17T21:23:34.9588962Z, 7eda8203-a249-e411-b0cc-f8bc1246af59,       22865        11.6475         3.816750        33.5343        11.6701      1493.94        53.0062
2023-07-17T21:23:37.9588895Z, 7eda8203-a249-e411-b0cc-f8bc1246af59,       22866        11.6475         3.816750        33.5343        11.6539      1493.88        52.9770
2023-07-17T21:23:40.9789006Z, 7eda8203-a249-e411-b0cc-f8bc1246af59,       22867        11.6468         3.816652        33.5340        11.6387      1493.83        52.9497
2023-07-17T21:23:43.9594498Z, 7eda8203-a249-e411-b0cc-f8bc1246af59,       22868        11.6475         3.816453        33.5314        11.6446      1493.85        52.9602
2023-07-17T21:23:46.9594499Z, 7eda8203-a249-e411-b0cc-f8bc1246af59,       22869        11.6549         3.816355        33.5237        11.6630      1493.90        52.9934
2023-07-17T21:23:49.9594422Z, 7eda8203-a249-e411-b0cc-f8bc1246af59,       22870        11.6666         3.816253        33.5121        11.6752      1493.93        53.0153
2023-07-17T21:23:52.9794104Z, 7eda8203-a249-e411-b0cc-f8bc1246af59,       22871        11.6828         3.816354        33.4985        11.6966      1493.99        53.0538
2023-07-17T21:23:55.9604797Z, 7eda8203-a249-e411-b0cc-f8bc1246af59,       22872        11.6968         3.816550        33.4877        11.7138      1494.03        53.0848
2023-07-17T21:23:58.9706618Z, 7eda8203-a249-e411-b0cc-f8bc1246af59,       22873        11.7071         3.816749        33.4804        11.7134      1494.02        53.0841
2023-07-17T21:24:01.9607014Z, 7eda8203-a249-e411-b0cc-f8bc1246af59,       22874        11.7122         3.817148        33.4796        11.7061      1494.00        53.0709
2023-07-17T21:24:04.9807415Z, 7eda8203-a249-e411-b0cc-f8bc1246af59,       22875        11.7130         3.817547        33.4829        11.7048      1494.00        53.0686
2023-07-17T21:24:07.9608163Z, 7eda8203-a249-e411-b0cc-f8bc1246af59,       22876        11.7137         3.817746        33.4842        11.7054      1494.00        53.0698
2023-07-17T21:24:10.9744303Z, 7eda8203-a249-e411-b0cc-f8bc1246af59,       22877        11.7174         3.818142        33.4847        11.7081      1494.01        53.0745
2023-07-17T21:24:13.9611091Z, 7eda8203-a249-e411-b0cc-f8bc1246af59,       22878        11.7255         3.818541        33.4813        11.7113      1494.02        53.0804
2023-07-17T21:24:16.9710410Z, 7eda8203-a249-e411-b0cc-f8bc1246af59,       22879        11.7343         3.818740        33.4753        11.7132      1494.02        53.0838
2023-07-17T21:24:19.9720365Z, 7eda8203-a249-e411-b0cc-f8bc1246af59,       22880        11.7416         3.819038        33.4716        11.7058      1493.99        53.0705
2023-07-17T21:24:22.9722079Z, 7eda8203-a249-e411-b0cc-f8bc1246af59,       22881        11.7541         3.819734        33.4671        11.6965      1493.95        53.0537
2023-07-17T21:24:25.9725284Z, 7eda8203-a249-e411-b0cc-f8bc1246af59,       22882        11.7630         3.820231        33.4640        11.7130      1494.00        53.0834
2023-07-17T21:24:28.9619708Z, 7eda8203-a249-e411-b0cc-f8bc1246af59,       22883        11.7674         3.820532        33.4630        11.7157      1494.01        53.0883
2023-07-17T21:24:31.9729096Z, 7eda8203-a249-e411-b0cc-f8bc1246af59,       22884        11.7696         3.821127        33.4668        11.7161      1494.02        53.0889
2023-07-17T21:24:34.9630215Z, 7eda8203-a249-e411-b0cc-f8bc1246af59,       22885        11.7725         3.821824        33.4709        11.7250      1494.05        53.1051
2023-07-17T21:24:37.9733552Z, 7eda8203-a249-e411-b0cc-f8bc1246af59,       22886        11.7747         3.822023        33.4709        11.7364      1494.09        53.1255
2023-07-17T21:24:40.9633768Z, 7eda8203-a249-e411-b0cc-f8bc1246af59,       22887        11.7747         3.822321        33.4738        11.7537      1494.16        53.1567
2023-07-17T21:24:43.9734385Z, 7eda8203-a249-e411-b0cc-f8bc1246af59,       22888        11.7754         3.823116        33.4809        11.7536      1494.16        53.1565
2023-07-17T21:24:46.9634561Z, 7eda8203-a249-e411-b0cc-f8bc1246af59,       22889        11.7754         3.823315        33.4828        11.7513      1494.16        53.1523
2023-07-17T21:24:49.9735154Z, 7eda8203-a249-e411-b0cc-f8bc1246af59,       22890        11.7762         3.823613        33.4851        11.7592      1494.19        53.1665
2023-07-17T21:24:52.9635380Z, 7eda8203-a249-e411-b0cc-f8bc1246af59,       22891        11.7776         3.823914        33.4867        11.7707      1494.23        53.1873
2023-07-17T21:24:55.9744890Z, 7eda8203-a249-e411-b0cc-f8bc1246af59,       22892        11.7813         3.824212        33.4863        11.7708      1494.23        53.1874
2023-07-17T21:24:58.9645393Z, 7eda8203-a249-e411-b0cc-f8bc1246af59,       22893        11.7857         3.824411        33.4843        11.7796      1494.26        53.2033
2023-07-17T21:25:01.9776053Z, 7eda8203-a249-e411-b0cc-f8bc1246af59,       22894        11.7879         3.824611        33.4842        11.7805      1494.26        53.2049
2023-07-17T21:25:04.9645138Z, 7eda8203-a249-e411-b0cc-f8bc1246af59,       22895        11.7968         3.825108        33.4811        11.7749      1494.24        53.1948
2023-07-17T21:25:07.9755200Z, 7eda8203-a249-e411-b0cc-f8bc1246af59,       22896        11.8041         3.825605        33.4794        11.7845      1494.27        53.2121
2023-07-17T21:25:10.9655356Z, 7eda8203-a249-e411-b0cc-f8bc1246af59,       22897        11.8129         3.826201        33.4772        11.7910      1494.29        53.2238
2023-07-17T21:25:13.9755697Z, 7eda8203-a249-e411-b0cc-f8bc1246af59,       22898        11.8180         3.826498        33.4755        11.7903      1494.28        53.2226
2023-07-17T21:25:16.9656827Z, 7eda8203-a249-e411-b0cc-f8bc1246af59,       22899        11.8232         3.826698        33.4728        11.7837      1494.26        53.2106
2023-07-17T21:25:19.9756247Z, 7eda8203-a249-e411-b0cc-f8bc1246af59,       22900        11.8305         3.827293        33.4720        11.7800      1494.24        53.2040
2023-07-17T21:25:22.9766081Z, 7eda8203-a249-e411-b0cc-f8bc1246af59,       22901        11.8371         3.827595        33.4690        11.7763      1494.23        53.1974
2023-07-17T21:25:25.9766019Z, 7eda8203-a249-e411-b0cc-f8bc1246af59,       22902        11.8422         3.828092        33.4692        11.7670      1494.20        53.1806
2023-07-17T21:25:28.9666392Z, 7eda8203-a249-e411-b0cc-f8bc1246af59,       22903        11.8459         3.828590        33.4708        11.7566      1494.16        53.1619
2023-07-17T21:25:31.9765914Z, 7eda8203-a249-e411-b0cc-f8bc1246af59,       22904        11.8496         3.829084        33.4723        11.7658      1494.20        53.1785
2023-07-17T21:25:34.9768796Z, 7eda8203-a249-e411-b0cc-f8bc1246af59,       22905        11.8532         3.829781        33.4758        11.7600      1494.18        53.1680
2023-07-17T21:25:37.9669074Z, 7eda8203-a249-e411-b0cc-f8bc1246af59,       22906        11.8554         3.829883        33.4748        11.7935      1494.29        53.2282
2023-07-17T21:25:40.9778486Z, 7eda8203-a249-e411-b0cc-f8bc1246af59,       22907        11.8577         3.830380        33.4776        11.7913      1494.29        53.2243
2023-07-17T21:25:43.9678861Z, 7eda8203-a249-e411-b0cc-f8bc1246af59,       22908        11.8577         3.830776        33.4815        11.7996      1494.32        53.2393
2023-07-17T21:25:46.9778428Z, 7eda8203-a249-e411-b0cc-f8bc1246af59,       22909        11.8547         3.830976        33.4861        11.7833      1494.27        53.2100
2023-07-17T21:25:49.9678807Z, 7eda8203-a249-e411-b0cc-f8bc1246af59,       22910        11.8503         3.831274        33.4930        11.7805      1494.27        53.2048
2023-07-17T21:25:52.9778146Z, 7eda8203-a249-e411-b0cc-f8bc1246af59,       22911        11.8481         3.831474        33.4969        11.7894      1494.31        53.2208
2023-07-17T21:25:55.9688621Z, 7eda8203-a249-e411-b0cc-f8bc1246af59,       22912        11.8437         3.831474        33.5009        11.7839      1494.29        53.2111
2023-07-17T21:25:58.9789573Z, 7eda8203-a249-e411-b0cc-f8bc1246af59,       22913        11.8430         3.831572        33.5025        11.7704      1494.25        53.1866
2023-07-17T21:26:01.9689998Z, 7eda8203-a249-e411-b0cc-f8bc1246af59,       22914        11.8444         3.831572        33.5012        11.7628      1494.22        53.1730
2023-07-17T21:26:04.9789534Z, 7eda8203-a249-e411-b0cc-f8bc1246af59,       22915        11.8503         3.831674        33.4969        11.7630      1494.21        53.1734
2023-07-17T21:26:07.9690898Z, 7eda8203-a249-e411-b0cc-f8bc1246af59,       22916        11.8532         3.831870        33.4961        11.7758      1494.26        53.1964
2023-07-17T21:26:10.9790682Z, 7eda8203-a249-e411-b0cc-f8bc1246af59,       22917        11.8562         3.832168        33.4964        11.7843      1494.29        53.2117
2023-07-17T21:26:13.9470657Z, 7eda8203-a249-e411-b0cc-f8bc1246af59,       22918        11.8569         3.832368        33.4977        11.7961      1494.33        53.2330
2023-07-17T21:26:16.9635396Z, 7eda8203-a249-e411-b0cc-f8bc1246af59,       22919        11.8547         3.832469        33.5006        11.7951      1494.33        53.2312
2023-07-17T21:26:19.9635361Z, 7eda8203-a249-e411-b0cc-f8bc1246af59,       22920        11.8525         3.832568        33.5036        11.7898      1494.32        53.2217
2023-07-17T21:26:22.9635241Z, 7eda8203-a249-e411-b0cc-f8bc1246af59,       22921        11.8511         3.832666        33.5058        11.7770      1494.27        53.1986
2023-07-17T21:26:25.9635944Z, 7eda8203-a249-e411-b0cc-f8bc1246af59,       22922        11.8474         3.832666        33.5092        11.7818      1494.29        53.2073
2023-07-17T21:26:28.9647463Z, 7eda8203-a249-e411-b0cc-f8bc1246af59,       22923        11.8444         3.832666        33.5118        11.7808      1494.29        53.2054
2023-07-17T21:26:31.9449369Z, 7eda8203-a249-e411-b0cc-f8bc1246af59,       22924        11.8437         3.832568        33.5115        11.7813      1494.30        53.2063
2023-07-17T21:26:34.9641793Z, 7eda8203-a249-e411-b0cc-f8bc1246af59,       22925        11.8459         3.832469        33.5086        11.7790      1494.28        53.2021
2023-07-17T21:26:37.9545287Z, 7eda8203-a249-e411-b0cc-f8bc1246af59,       22926        11.8496         3.832568        33.5062        11.7758      1494.27        53.1964
2023-07-17T21:26:40.9655371Z, 7eda8203-a249-e411-b0cc-f8bc1246af59,       22927        11.8532         3.832568        33.5029        11.7759      1494.27        53.1967
2023-07-17T21:26:43.9657436Z, 7eda8203-a249-e411-b0cc-f8bc1246af59,       22928        11.8547         3.832666        33.5025        11.7756      1494.26        53.1960
2023-07-17T21:26:46.9657338Z, 7eda8203-a249-e411-b0cc-f8bc1246af59,       22929        11.8547         3.832865        33.5045        11.7915      1494.32        53.2247
2023-07-17T21:26:49.9460139Z, 7eda8203-a249-e411-b0cc-f8bc1246af59,       22930        11.8540         3.832865        33.5051        11.7971      1494.34        53.2348
2023-07-17T21:26:52.9675894Z, 7eda8203-a249-e411-b0cc-f8bc1246af59,       22931        11.8525         3.832866        33.5065        11.7918      1494.33        53.2253
2023-07-17T21:26:55.9660145Z, 7eda8203-a249-e411-b0cc-f8bc1246af59,       22932        11.8518         3.832866        33.5071        11.7959      1494.34        53.2326
2023-07-17T21:26:58.9660628Z, 7eda8203-a249-e411-b0cc-f8bc1246af59,       22933        11.8503         3.832866        33.5085        11.7985      1494.35        53.2372
2023-07-17T21:27:01.9662422Z, 7eda8203-a249-e411-b0cc-f8bc1246af59,       22934        11.8496         3.832866        33.5091        11.8009      1494.36        53.2416
2023-07-17T21:27:04.9666778Z, 7eda8203-a249-e411-b0cc-f8bc1246af59,       22935        11.8488         3.832767        33.5088        11.7931      1494.33        53.2275
2023-07-17T21:27:07.9667856Z, 7eda8203-a249-e411-b0cc-f8bc1246af59,       22936        11.8488         3.832767        33.5088        11.7958      1494.34        53.2325
2023-07-17T21:27:10.9667628Z, 7eda8203-a249-e411-b0cc-f8bc1246af59,       22937        11.8503         3.832767        33.5075        11.8074      1494.38        53.2533
2023-07-17T21:27:13.9677614Z, 7eda8203-a249-e411-b0cc-f8bc1246af59,       22938        11.8532         3.832767        33.5049        11.7919      1494.32        53.2254
2023-07-17T21:27:16.9677552Z, 7eda8203-a249-e411-b0cc-f8bc1246af59,       22939        11.8569         3.832767        33.5016        11.7965      1494.34        53.2336
2023-07-17T21:27:19.9677482Z, 7eda8203-a249-e411-b0cc-f8bc1246af59,       22940        11.8591         3.832767        33.4996        11.7946      1494.33        53.2303
2023-07-17T21:27:22.9678121Z, 7eda8203-a249-e411-b0cc-f8bc1246af59,       22941        11.8613         3.832865        33.4986        11.8086      1494.37        53.2554
2023-07-17T21:27:25.9677818Z, 7eda8203-a249-e411-b0cc-f8bc1246af59,       22942        11.8628         3.832964        33.4982        11.8067      1494.37        53.2520
2023-07-17T21:27:28.9489600Z, 7eda8203-a249-e411-b0cc-f8bc1246af59,       22943        11.8642         3.832964        33.4969        11.7992      1494.34        53.2386
2023-07-17T21:27:31.9688721Z, 7eda8203-a249-e411-b0cc-f8bc1246af59,       22944        11.8642         3.833163        33.4988        11.7993      1494.34        53.2387
2023-07-17T21:27:34.9692752Z, 7eda8203-a249-e411-b0cc-f8bc1246af59,       22945        11.8650         3.833163        33.4981        11.8045      1494.36        53.2480
2023-07-17T21:27:37.9692610Z, 7eda8203-a249-e411-b0cc-f8bc1246af59,       22946        11.8650         3.833265        33.4991        11.7999      1494.34        53.2399
2023-07-17T21:27:40.9692536Z, 7eda8203-a249-e411-b0cc-f8bc1246af59,       22947        11.8657         3.833363        33.4994        11.8061      1494.37        53.2509
2023-07-17T21:27:43.9698657Z, 7eda8203-a249-e411-b0cc-f8bc1246af59,       22948        11.8665         3.833363        33.4987        11.8189      1494.41        53.2740
2023-07-17T21:27:46.9698648Z, 7eda8203-a249-e411-b0cc-f8bc1246af59,       22949        11.8672         3.833363        33.4981        11.8244      1494.43        53.2839
2023-07-17T21:27:49.9698603Z, 7eda8203-a249-e411-b0cc-f8bc1246af59,       22950        11.8687         3.833461        33.4977        11.8146      1494.39        53.2663
2023-07-17T21:27:52.9698506Z, 7eda8203-a249-e411-b0cc-f8bc1246af59,       22951        11.8694         3.833461        33.4971        11.8167      1494.40        53.2701
2023-07-17T21:27:55.9708320Z, 7eda8203-a249-e411-b0cc-f8bc1246af59,       22952        11.8694         3.833563        33.4981        11.7950      1494.33        53.2309
2023-07-17T21:27:58.9708214Z, 7eda8203-a249-e411-b0cc-f8bc1246af59,       22953        11.8694         3.833661        33.4990        11.7787      1494.27        53.2016
2023-07-17T21:28:01.9712035Z, 7eda8203-a249-e411-b0cc-f8bc1246af59,       22954        11.8701         3.833563        33.4974        11.7946      1494.32        53.2303
2023-07-17T21:28:04.9711789Z, 7eda8203-a249-e411-b0cc-f8bc1246af59,       22955        11.8723         3.833563        33.4954        11.7916      1494.31        53.2250
2023-07-17T21:28:07.9715146Z, 7eda8203-a249-e411-b0cc-f8bc1246af59,       22956        11.8760         3.833563        33.4921        11.8017      1494.34        53.2430
2023-07-17T21:28:10.9712575Z, 7eda8203-a249-e411-b0cc-f8bc1246af59,       22957        11.8796         3.833661        33.4898        11.7943      1494.31        53.2298
2023-07-17T21:28:13.9712378Z, 7eda8203-a249-e411-b0cc-f8bc1246af59,       22958        11.8811         3.833763        33.4894        11.7901      1494.30        53.2223
2023-07-17T21:28:16.9722974Z, 7eda8203-a249-e411-b0cc-f8bc1246af59,       22959        11.8811         3.833861        33.4904        11.7922      1494.31        53.2260
2023-07-17T21:28:19.9722934Z, 7eda8203-a249-e411-b0cc-f8bc1246af59,       22960        11.8767         3.833959        33.4953        11.7953      1494.32        53.2315
2023-07-17T21:28:22.9722867Z, 7eda8203-a249-e411-b0cc-f8bc1246af59,       22961        11.8716         3.833959        33.4999        11.7913      1494.32        53.2243
2023-07-17T21:28:25.9726749Z, 7eda8203-a249-e411-b0cc-f8bc1246af59,       22962        11.8672         3.833861        33.5030        11.7722      1494.25        53.1900
2023-07-17T21:28:28.9726729Z, 7eda8203-a249-e411-b0cc-f8bc1246af59,       22963        11.8642         3.833763        33.5046        11.7871      1494.31        53.2168
2023-07-17T21:28:31.9726642Z, 7eda8203-a249-e411-b0cc-f8bc1246af59,       22964        11.8628         3.833563        33.5040        11.7948      1494.33        53.2306
2023-07-17T21:28:34.9726460Z, 7eda8203-a249-e411-b0cc-f8bc1246af59,       22965        11.8621         3.833363        33.5027        11.8034      1494.36        53.2462
2023-07-17T21:28:37.9736432Z, 7eda8203-a249-e411-b0cc-f8bc1246af59,       22966        11.8613         3.833265        33.5024        11.7963      1494.34        53.2333
2023-07-17T21:28:40.9736411Z, 7eda8203-a249-e411-b0cc-f8bc1246af59,       22967        11.8606         3.833163        33.5021        11.7886      1494.31        53.2195
2023-07-17T21:28:43.9736306Z, 7eda8203-a249-e411-b0cc-f8bc1246af59,       22968        11.8591         3.832964        33.5015        11.7857      1494.30        53.2143
2023-07-17T21:28:46.9736205Z, 7eda8203-a249-e411-b0cc-f8bc1246af59,       22969        11.8577         3.832865        33.5018        11.7787      1494.27        53.2016
2023-07-17T21:28:49.9646380Z, 7eda8203-a249-e411-b0cc-f8bc1246af59,       22970        11.8562         3.832865        33.5032        11.7880      1494.31        53.2184
2023-07-17T21:28:52.9646288Z, 7eda8203-a249-e411-b0cc-f8bc1246af59,       22971        11.8540         3.832666        33.5032        11.7902      1494.32        53.2224
2023-07-17T21:28:55.9646283Z, 7eda8203-a249-e411-b0cc-f8bc1246af59,       22972        11.8532         3.832568        33.5029        11.7796      1494.28        53.2032
2023-07-17T21:28:58.9649218Z, 7eda8203-a249-e411-b0cc-f8bc1246af59,       22973        11.8554         3.832368        33.4990        11.7678      1494.23        53.1821
2023-07-17T21:29:01.9649105Z, 7eda8203-a249-e411-b0cc-f8bc1246af59,       22974        11.8569         3.832269        33.4967        11.7656      1494.22        53.1780
2023-07-17T21:29:04.9649629Z, 7eda8203-a249-e411-b0cc-f8bc1246af59,       22975        11.8569         3.832168        33.4957        11.7821      1494.28        53.2077
2023-07-17T21:29:07.9652560Z, 7eda8203-a249-e411-b0cc-f8bc1246af59,       22976        11.8554         3.832168        33.4971        11.7874      1494.30        53.2174
2023-07-17T21:29:10.9653935Z, 7eda8203-a249-e411-b0cc-f8bc1246af59,       22977        11.8532         3.831972        33.4971        11.7736      1494.25        53.1924
2023-07-17T21:29:13.9653686Z, 7eda8203-a249-e411-b0cc-f8bc1246af59,       22978        11.8518         3.831870        33.4974        11.7721      1494.25        53.1897
2023-07-17T21:29:16.9663653Z, 7eda8203-a249-e411-b0cc-f8bc1246af59,       22979        11.8496         3.831674        33.4975        11.7781      1494.27        53.2007
2023-07-17T21:29:19.9658041Z, 7eda8203-a249-e411-b0cc-f8bc1246af59,       22980        11.8474         3.831674        33.4995        11.7843      1494.29        53.2117
2023-07-17T21:29:22.9668053Z, 7eda8203-a249-e411-b0cc-f8bc1246af59,       22981        11.8459         3.831572        33.4998        11.7901      1494.31        53.2221
2023-07-17T21:29:25.9667971Z, 7eda8203-a249-e411-b0cc-f8bc1246af59,       22982        11.8422         3.831474        33.5022        11.7816      1494.29        53.2068
2023-07-17T21:29:28.9668042Z, 7eda8203-a249-e411-b0cc-f8bc1246af59,       22983        11.8408         3.831176        33.5006        11.7742      1494.26        53.1936
2023-07-17T21:29:31.9667854Z, 7eda8203-a249-e411-b0cc-f8bc1246af59,       22984        11.8408         3.830875        33.4977        11.7796      1494.27        53.2033
2023-07-17T21:29:34.9677805Z, 7eda8203-a249-e411-b0cc-f8bc1246af59,       22985        11.8408         3.830875        33.4977        11.7662      1494.23        53.1792
2023-07-17T21:29:37.9677761Z, 7eda8203-a249-e411-b0cc-f8bc1246af59,       22986        11.8401         3.830776        33.4973        11.7566      1494.19        53.1619
2023-07-17T21:29:40.9681006Z, 7eda8203-a249-e411-b0cc-f8bc1246af59,       22987        11.8401         3.830678        33.4964        11.7480      1494.16        53.1464
2023-07-17T21:29:43.9680946Z, 7eda8203-a249-e411-b0cc-f8bc1246af59,       22988        11.8408         3.830577        33.4948        11.7574      1494.19        53.1634
2023-07-17T21:29:46.9879934Z, 7eda8203-a249-e411-b0cc-f8bc1246af59,       22989        11.8415         3.830479        33.4932        11.7635      1494.21        53.1742
2023-07-17T21:29:49.9680901Z, 7eda8203-a249-e411-b0cc-f8bc1246af59,       22990        11.8430         3.830380        33.4909        11.7667      1494.22        53.1800
2023-07-17T21:29:52.9681361Z, 7eda8203-a249-e411-b0cc-f8bc1246af59,       22991        11.8422         3.830380        33.4915        11.7554      1494.18        53.1597
2023-07-17T21:29:55.9691327Z, 7eda8203-a249-e411-b0cc-f8bc1246af59,       22992        11.8401         3.830380        33.4935        11.7641      1494.21        53.1754
2023-07-17T21:29:58.9714314Z, 7eda8203-a249-e411-b0cc-f8bc1246af59,       22993        11.8364         3.830279        33.4958        11.7662      1494.22        53.1792
2023-07-17T21:30:01.9692391Z, 7eda8203-a249-e411-b0cc-f8bc1246af59,       22994        11.8312         3.830079        33.4985        11.7562      1494.19        53.1612
2023-07-17T21:30:04.9693515Z, 7eda8203-a249-e411-b0cc-f8bc1246af59,       22995        11.8261         3.829981        33.5022        11.7492      1494.17        53.1486
2023-07-17T21:30:07.9693402Z, 7eda8203-a249-e411-b0cc-f8bc1246af59,       22996        11.8232         3.829883        33.5039        11.7437      1494.16        53.1387
2023-07-17T21:30:10.9695411Z, 7eda8203-a249-e411-b0cc-f8bc1246af59,       22997        11.8209         3.829683        33.5039        11.7674      1494.24        53.1812
2023-07-17T21:30:13.9700276Z, 7eda8203-a249-e411-b0cc-f8bc1246af59,       22998        11.8202         3.829284        33.5007        11.7690      1494.24        53.1841
2023-07-17T21:30:16.9700110Z, 7eda8203-a249-e411-b0cc-f8bc1246af59,       22999        11.8209         3.829186        33.4991        11.7660      1494.23        53.1788
2023-07-17T21:30:19.9709962Z, 7eda8203-a249-e411-b0cc-f8bc1246af59,       23000        11.8202         3.829084        33.4987        11.7557      1494.19        53.1602
2023-07-17T21:30:22.9709822Z, 7eda8203-a249-e411-b0cc-f8bc1246af59,       23001        11.8195         3.828888        33.4975        11.7464      1494.16        53.1434
2023-07-17T21:30:25.9710864Z, 7eda8203-a249-e411-b0cc-f8bc1246af59,       23002        11.8180         3.828688        33.4969        11.7351      1494.12        53.1233
2023-07-17T21:30:28.9710819Z, 7eda8203-a249-e411-b0cc-f8bc1246af59,       23003        11.8158         3.828590        33.4979        11.7254      1494.09        53.1056
2023-07-17T21:30:31.9710702Z, 7eda8203-a249-e411-b0cc-f8bc1246af59,       23004        11.8158         3.828488        33.4969        11.7425      1494.14        53.1366
2023-07-17T21:30:34.9711223Z, 7eda8203-a249-e411-b0cc-f8bc1246af59,       23005        11.8165         3.828289        33.4943        11.7634      1494.21        53.1741
2023-07-17T21:30:37.9713433Z, 7eda8203-a249-e411-b0cc-f8bc1246af59,       23006        11.8173         3.828191        33.4927        11.7643      1494.21        53.1758
2023-07-17T21:30:40.9719535Z, 7eda8203-a249-e411-b0cc-f8bc1246af59,       23007        11.8188         3.828092        33.4904        11.7770      1494.26        53.1985
2023-07-17T21:30:43.9592258Z, 7eda8203-a249-e411-b0cc-f8bc1246af59,       23008        11.8180         3.828092        33.4911        11.7943      1494.32        53.2298
2023-07-17T21:30:46.9593063Z, 7eda8203-a249-e411-b0cc-f8bc1246af59,       23009        11.8158         3.827991        33.4920        11.8014      1494.34        53.2425
2023-07-17T21:30:49.9602973Z, 7eda8203-a249-e411-b0cc-f8bc1246af59,       23010        11.8107         3.827893        33.4957        11.8013      1494.35        53.2423
2023-07-17T21:30:52.9605033Z, 7eda8203-a249-e411-b0cc-f8bc1246af59,       23011        11.8055         3.827693        33.4984        11.7833      1494.29        53.2099
2023-07-17T21:30:55.9604771Z, 7eda8203-a249-e411-b0cc-f8bc1246af59,       23012        11.8026         3.827595        33.5001        11.7876      1494.30        53.2176
2023-07-17T21:30:58.9604714Z, 7eda8203-a249-e411-b0cc-f8bc1246af59,       23013        11.8026         3.827395        33.4982        11.7936      1494.32        53.2285
2023-07-17T21:31:01.9604610Z, 7eda8203-a249-e411-b0cc-f8bc1246af59,       23014        11.8085         3.827098        33.4900        11.7714      1494.24        53.1885
2023-07-17T21:31:04.9604467Z, 7eda8203-a249-e411-b0cc-f8bc1246af59,       23015        11.8158         3.827097        33.4833        11.7919      1494.30        53.2254
2023-07-17T21:31:07.9614459Z, 7eda8203-a249-e411-b0cc-f8bc1246af59,       23016        11.8268         3.827195        33.4744        11.7897      1494.28        53.2215
2023-07-17T21:31:10.9616483Z, 7eda8203-a249-e411-b0cc-f8bc1246af59,       23017        11.8349         3.827493        33.4700        11.7860      1494.26        53.2149
2023-07-17T21:31:13.9616505Z, 7eda8203-a249-e411-b0cc-f8bc1246af59,       23018        11.8415         3.827693        33.4660        11.7621      1494.17        53.1718
2023-07-17T21:31:16.9616427Z, 7eda8203-a249-e411-b0cc-f8bc1246af59,       23019        11.8452         3.827892        33.4646        11.7899      1494.27        53.2218
2023-07-17T21:31:19.9616168Z, 7eda8203-a249-e411-b0cc-f8bc1246af59,       23020        11.8459         3.828288        33.4679        11.7925      1494.28        53.2264
2023-07-17T21:31:22.9626114Z, 7eda8203-a249-e411-b0cc-f8bc1246af59,       23021        11.8459         3.828590        33.4708        11.7920      1494.28        53.2255
2023-07-17T21:31:25.9626074Z, 7eda8203-a249-e411-b0cc-f8bc1246af59,       23022        11.8467         3.828786        33.4720        11.7768      1494.23        53.1982
2023-07-17T21:31:28.9629758Z, 7eda8203-a249-e411-b0cc-f8bc1246af59,       23023        11.8459         3.828887        33.4737        11.7798      1494.24        53.2036
2023-07-17T21:31:31.9629630Z, 7eda8203-a249-e411-b0cc-f8bc1246af59,       23024        11.8459         3.828986        33.4746        11.7788      1494.24        53.2019
2023-07-17T21:31:34.9630285Z, 7eda8203-a249-e411-b0cc-f8bc1246af59,       23025        11.8459         3.829185        33.4766        11.7594      1494.18        53.1668
2023-07-17T21:31:37.9633038Z, 7eda8203-a249-e411-b0cc-f8bc1246af59,       23026        11.8437         3.829283        33.4795        11.7891      1494.28        53.2204
2023-07-17T21:31:40.9632880Z, 7eda8203-a249-e411-b0cc-f8bc1246af59,       23027        11.8430         3.829283        33.4802        11.7878      1494.28        53.2180
2023-07-17T21:31:43.9632842Z, 7eda8203-a249-e411-b0cc-f8bc1246af59,       23028        11.8422         3.829385        33.4818        11.7928      1494.30        53.2270
2023-07-17T21:31:46.9636518Z, 7eda8203-a249-e411-b0cc-f8bc1246af59,       23029        11.8437         3.829483        33.4815        11.7920      1494.30        53.2255
2023-07-17T21:31:49.9636285Z, 7eda8203-a249-e411-b0cc-f8bc1246af59,       23030        11.8430         3.829483        33.4821        11.7993      1494.32        53.2387
2023-07-17T21:31:52.9646248Z, 7eda8203-a249-e411-b0cc-f8bc1246af59,       23031        11.8415         3.829581        33.4844        11.8228      1494.41        53.2811
2023-07-17T21:31:55.9646306Z, 7eda8203-a249-e411-b0cc-f8bc1246af59,       23032        11.8393         3.829683        33.4874        11.8256      1494.42        53.2861
2023-07-17T21:31:58.9646846Z, 7eda8203-a249-e411-b0cc-f8bc1246af59,       23033        11.8378         3.829683        33.4887        11.8151      1494.38        53.2672
2023-07-17T21:32:01.9647943Z, 7eda8203-a249-e411-b0cc-f8bc1246af59,       23034        11.8378         3.829683        33.4887        11.8144      1494.38        53.2659
2023-07-17T21:32:04.9650419Z, 7eda8203-a249-e411-b0cc-f8bc1246af59,       23035        11.8378         3.829581        33.4877        11.8087      1494.36        53.2557
2023-07-17T21:32:07.9651663Z, 7eda8203-a249-e411-b0cc-f8bc1246af59,       23036        11.8422         3.829683        33.4847        11.8012      1494.33        53.2422
2023-07-17T21:32:10.9651427Z, 7eda8203-a249-e411-b0cc-f8bc1246af59,       23037        11.8467         3.829781        33.4817        11.8228      1494.40        53.2811
2023-07-17T21:32:13.9661535Z, 7eda8203-a249-e411-b0cc-f8bc1246af59,       23038        11.8518         3.829883        33.4781        11.8163      1494.38        53.2694
2023-07-17T21:32:16.9662789Z, 7eda8203-a249-e411-b0cc-f8bc1246af59,       23039        11.8584         3.830079        33.4741        11.8302      1494.42        53.2944
2023-07-17T21:32:19.9662915Z, 7eda8203-a249-e411-b0cc-f8bc1246af59,       23040        11.8657         3.830180        33.4684        11.8076      1494.33        53.2537
2023-07-17T21:32:22.9662701Z, 7eda8203-a249-e411-b0cc-f8bc1246af59,       23041        11.8701         3.830478        33.4674        11.8083      1494.34        53.2549
2023-07-17T21:32:25.9662645Z, 7eda8203-a249-e411-b0cc-f8bc1246af59,       23042        11.8723         3.830776        33.4683        11.8137      1494.36        53.2647
2023-07-17T21:32:28.9672676Z, 7eda8203-a249-e411-b0cc-f8bc1246af59,       23043        11.8723         3.831074        33.4712        11.8112      1494.35        53.2601
2023-07-17T21:32:31.9672386Z, 7eda8203-a249-e411-b0cc-f8bc1246af59,       23044        11.8723         3.831274        33.4732        11.8121      1494.36        53.2617
2023-07-17T21:32:34.9674025Z, 7eda8203-a249-e411-b0cc-f8bc1246af59,       23045        11.8738         3.831474        33.4738        11.7977      1494.31        53.2359
2023-07-17T21:32:37.9773426Z, 7eda8203-a249-e411-b0cc-f8bc1246af59,       23046        11.8752         3.831572        33.4734        11.8272      1494.41        53.2890
2023-07-17T21:32:40.9673850Z, 7eda8203-a249-e411-b0cc-f8bc1246af59,       23047        11.8767         3.831771        33.4740        11.8204      1494.39        53.2767
2023-07-17T21:32:43.9683641Z, 7eda8203-a249-e411-b0cc-f8bc1246af59,       23048        11.8775         3.832069        33.4762        11.8226      1494.40        53.2807
2023-07-17T21:32:46.9679149Z, 7eda8203-a249-e411-b0cc-f8bc1246af59,       23049        11.8760         3.832367        33.4805        11.8204      1494.39        53.2766
2023-07-17T21:32:49.9678925Z, 7eda8203-a249-e411-b0cc-f8bc1246af59,       23050        11.8752         3.832367        33.4812        11.8240      1494.41        53.2833
2023-07-17T21:32:52.9689121Z, 7eda8203-a249-e411-b0cc-f8bc1246af59,       23051        11.8731         3.832567        33.4851        11.8351      1494.45        53.3031
2023-07-17T21:32:55.9688788Z, 7eda8203-a249-e411-b0cc-f8bc1246af59,       23052        11.8731         3.832567        33.4851        11.8319      1494.44        53.2974
2023-07-17T21:32:58.9688831Z, 7eda8203-a249-e411-b0cc-f8bc1246af59,       23053        11.8723         3.832665        33.4867        11.8412      1494.47        53.3142
2023-07-17T21:33:01.9691775Z, 7eda8203-a249-e411-b0cc-f8bc1246af59,       23054        11.8738         3.832665        33.4854        11.8262      1494.42        53.2872
2023-07-17T21:33:04.9691719Z, 7eda8203-a249-e411-b0cc-f8bc1246af59,       23055        11.8760         3.832767        33.4844        11.8363      1494.45        53.3053
2023-07-17T21:33:07.9692958Z, 7eda8203-a249-e411-b0cc-f8bc1246af59,       23056        11.8782         3.832865        33.4834        11.8354      1494.45        53.3038
2023-07-17T21:33:10.9694419Z, 7eda8203-a249-e411-b0cc-f8bc1246af59,       23057        11.8804         3.832963        33.4823        11.8183      1494.39        53.2730
2023-07-17T21:33:13.9704336Z, 7eda8203-a249-e411-b0cc-f8bc1246af59,       23058        11.8826         3.833065        33.4813        11.8101      1494.36        53.2582
2023-07-17T21:33:16.9704140Z, 7eda8203-a249-e411-b0cc-f8bc1246af59,       23059        11.8870         3.833265        33.4793        11.8070      1494.35        53.2527
2023-07-17T21:33:19.9704138Z, 7eda8203-a249-e411-b0cc-f8bc1246af59,       23060        11.8885         3.833363        33.4789        11.8108      1494.36        53.2594
2023-07-17T21:33:22.9703912Z, 7eda8203-a249-e411-b0cc-f8bc1246af59,       23061        11.8906         3.833461        33.4779        11.8212      1494.39        53.2782
2023-07-17T21:33:25.9703791Z, 7eda8203-a249-e411-b0cc-f8bc1246af59,       23062        11.8921         3.833563        33.4776        11.8169      1494.38        53.2704
2023-07-17T21:33:28.9713780Z, 7eda8203-a249-e411-b0cc-f8bc1246af59,       23063        11.8929         3.833861        33.4798        11.8222      1494.40        53.2800
2023-07-17T21:33:31.9713908Z, 7eda8203-a249-e411-b0cc-f8bc1246af59,       23064        11.8929         3.833959        33.4808        11.8078      1494.35        53.2540
2023-07-17T21:33:34.9715931Z, 7eda8203-a249-e411-b0cc-f8bc1246af59,       23065        11.8899         3.834159        33.4854        11.8191      1494.39        53.2743
2023-07-17T21:33:37.9715787Z, 7eda8203-a249-e411-b0cc-f8bc1246af59,       23066        11.8862         3.834159        33.4887        11.8084      1494.36        53.2550
2023-07-17T21:33:40.9717387Z, 7eda8203-a249-e411-b0cc-f8bc1246af59,       23067        11.8826         3.834159        33.4920        11.8032      1494.35        53.2458
2023-07-17T21:33:43.9717231Z, 7eda8203-a249-e411-b0cc-f8bc1246af59,       23068        11.8789         3.834061        33.4943        11.8001      1494.34        53.2403
2023-07-17T21:33:46.9718205Z, 7eda8203-a249-e411-b0cc-f8bc1246af59,       23069        11.8775         3.833959        33.4946        11.7957      1494.32        53.2322
2023-07-17T21:33:49.9728628Z, 7eda8203-a249-e411-b0cc-f8bc1246af59,       23070        11.8775         3.834061        33.4956        11.7856      1494.29        53.2141
2023-07-17T21:33:52.9630121Z, 7eda8203-a249-e411-b0cc-f8bc1246af59,       23071        11.8767         3.833959        33.4953        11.7824      1494.28        53.2084
2023-07-17T21:33:55.9729751Z, 7eda8203-a249-e411-b0cc-f8bc1246af59,       23072        11.8767         3.833959        33.4953        11.7920      1494.31        53.2257
2023-07-17T21:33:58.9729799Z, 7eda8203-a249-e411-b0cc-f8bc1246af59,       23073        11.8760         3.833959        33.4960        11.7834      1494.28        53.2101
2023-07-17T21:34:01.9729460Z, 7eda8203-a249-e411-b0cc-f8bc1246af59,       23074        11.8723         3.833959        33.4993        11.7931      1494.32        53.2275
2023-07-17T21:34:04.9639906Z, 7eda8203-a249-e411-b0cc-f8bc1246af59,       23075        11.8701         3.833959        33.5013        11.8070      1494.37        53.2526
2023-07-17T21:34:07.9733201Z, 7eda8203-a249-e411-b0cc-f8bc1246af59,       23076        11.8650         3.833861        33.5049        11.7949      1494.33        53.2308
