ACQ Timestamp (Server Time in UTC), MessageID, Data Value For: TSG-2174150-3392-Message
2021-06-27 23:42:00Z, 7eda8203-a249-e411-b0cc-f8bc1246af59,           1        11.0263         3.775115        33.6898        11.4662      1493.42        11.4662
2021-06-27 23:42:03Z, 7eda8203-a249-e411-b0cc-f8bc1246af59,           2        10.9385         3.768656        33.7062        11.5155      1493.61        11.5155
2021-06-27 23:42:06Z, 7eda8203-a249-e411-b0cc-f8bc1246af59,           3        10.9013         3.762890        33.6829        11.5068      1493.55        11.5068
2021-06-27 23:42:09Z, 7eda8203-a249-e411-b0cc-f8bc1246af59,           4        10.8410         3.759115        33.7008        11.4280      1493.30        11.4280
2021-06-27 23:42:12Z, 7eda8203-a249-e411-b0cc-f8bc1246af59,           5        10.8000         3.756032        33.7078        11.3071      1492.89        11.3071
2021-06-27 23:42:15Z, 7eda8203-a249-e411-b0cc-f8bc1246af59,           6        10.7746         3.753647        33.7073        11.2690      1492.75        11.2690
2021-06-27 23:42:18Z, 7eda8203-a249-e411-b0cc-f8bc1246af59,           7        10.7746         3.752453        33.6954        11.2772      1492.77        11.2772
2021-06-27 23:42:21Z, 7eda8203-a249-e411-b0cc-f8bc1246af59,           8        10.7873         3.752852        33.6877        11.4113      1493.23        11.4113
2021-06-27 23:42:24Z, 7eda8203-a249-e411-b0cc-f8bc1246af59,           9        10.8223         3.754046        33.6673        11.1628      1492.34        11.1628
2021-06-27 23:42:27Z, 7eda8203-a249-e411-b0cc-f8bc1246af59,          10        10.8484         3.755236        33.6552        11.1887      1492.41        11.1887
2021-06-27 23:42:30Z, 7eda8203-a249-e411-b0cc-f8bc1246af59,          11        10.8596         3.755139        33.6440        11.3602      1493.00        11.3602
2021-06-27 23:42:33Z, 7eda8203-a249-e411-b0cc-f8bc1246af59,          12        10.8350         3.751956        33.6348        11.3815      1493.06        11.3815
2021-06-27 23:42:36Z, 7eda8203-a249-e411-b0cc-f8bc1246af59,          13        10.7955         3.749969        33.6513        11.4399      1493.28        11.4399
2021-06-27 23:42:39Z, 7eda8203-a249-e411-b0cc-f8bc1246af59,          14        10.7626         3.747981        33.6617        11.4271      1493.25        11.4271
2021-06-27 23:42:42Z, 7eda8203-a249-e411-b0cc-f8bc1246af59,          15        10.7410         3.747285        33.6746        11.2838      1492.77        11.2838
2021-06-27 23:42:45Z, 7eda8203-a249-e411-b0cc-f8bc1246af59,          16        10.7157         3.744601        33.6711        11.2876      1492.78        11.2876
2021-06-27 23:42:48Z, 7eda8203-a249-e411-b0cc-f8bc1246af59,          17        10.6902         3.741322        33.6618        11.3306      1492.91        11.3306
2021-06-27 23:42:51Z, 7eda8203-a249-e411-b0cc-f8bc1246af59,          18        10.6738         3.741222        33.6759        11.3596      1493.03        11.3596
2021-06-27 23:42:54Z, 7eda8203-a249-e411-b0cc-f8bc1246af59,          19        10.7044         3.742414        33.6596        11.1657      1492.34        11.1657
2021-06-27 23:42:57Z, 7eda8203-a249-e411-b0cc-f8bc1246af59,          20        10.7440         3.744004        33.6390        11.3109      1492.82        11.3109
2021-06-27 23:43:00Z, 7eda8203-a249-e411-b0cc-f8bc1246af59,          21        10.7701         3.745100        33.6260        11.2259      1492.51        11.2259
2021-06-27 23:43:03Z, 7eda8203-a249-e411-b0cc-f8bc1246af59,          22        10.7671         3.744802        33.6257        11.2207      1492.49        11.2207
2021-06-27 23:43:06Z, 7eda8203-a249-e411-b0cc-f8bc1246af59,          23        10.7559         3.743807        33.6261        11.1987      1492.41        11.1987
2021-06-27 23:43:09Z, 7eda8203-a249-e411-b0cc-f8bc1246af59,          24        10.7440         3.743509        33.6341        11.1281      1492.17        11.1281
2021-06-27 23:43:12Z, 7eda8203-a249-e411-b0cc-f8bc1246af59,          25        10.7433         3.743509        33.6348        11.0582      1491.93        11.0582
2021-06-27 23:43:15Z, 7eda8203-a249-e411-b0cc-f8bc1246af59,          26        10.7261         3.741422        33.6297        11.2125      1492.46        11.2125
2021-06-27 23:43:18Z, 7eda8203-a249-e411-b0cc-f8bc1246af59,          27        10.6925         3.740227        33.6487        11.3774      1493.06        11.3774
2021-06-27 23:43:21Z, 7eda8203-a249-e411-b0cc-f8bc1246af59,          28        10.6887         3.739534        33.6452        11.3916      1493.11        11.3916
2021-06-27 23:43:24Z, 7eda8203-a249-e411-b0cc-f8bc1246af59,          29        10.6671         3.738637        33.6562        11.3423      1492.95        11.3423
2021-06-27 23:43:27Z, 7eda8203-a249-e411-b0cc-f8bc1246af59,          30        10.6402         3.737647        33.6711        11.5958      1493.85        11.5958
2021-06-27 23:43:30Z, 7eda8203-a249-e411-b0cc-f8bc1246af59,          31        10.6118         3.734662        33.6674        11.7245      1494.29        11.7245
2021-06-27 23:43:33Z, 7eda8203-a249-e411-b0cc-f8bc1246af59,          32        10.5863         3.731882        33.6629        11.8617      1494.75        11.8617
2021-06-27 23:43:36Z, 7eda8203-a249-e411-b0cc-f8bc1246af59,          33        10.5773         3.731384        33.6662        11.9455      1495.04        11.9455
2021-06-27 23:43:39Z, 7eda8203-a249-e411-b0cc-f8bc1246af59,          34        10.6118         3.733571        33.6564        12.1771      1495.82        12.1771
2021-06-27 23:43:42Z, 7eda8203-a249-e411-b0cc-f8bc1246af59,          35        10.6686         3.736950        33.6379        12.4580      1496.76        12.4580
2021-06-27 23:43:45Z, 7eda8203-a249-e411-b0cc-f8bc1246af59,          36        10.7306         3.740625        33.6176        12.7358      1497.67        12.7358
2021-06-27 23:43:48Z, 7eda8203-a249-e411-b0cc-f8bc1246af59,          37        10.7641         3.744802        33.6285        12.5780      1497.15        12.5780
2021-06-27 23:43:51Z, 7eda8203-a249-e411-b0cc-f8bc1246af59,          38        10.8998         3.752153        33.5772        12.5824      1497.11        12.5824
2021-06-27 23:43:54Z, 7eda8203-a249-e411-b0cc-f8bc1246af59,          39        11.0248         3.762093        33.5617        12.6666      1497.37        12.6666
2021-06-27 23:43:57Z, 7eda8203-a249-e411-b0cc-f8bc1246af59,          40        11.1443         3.773325        33.5640        12.4623      1496.68        12.4623
2021-06-27 23:44:00Z, 7eda8203-a249-e411-b0cc-f8bc1246af59,          41        11.3465         3.784160        33.4869        12.5682      1496.95        12.5682
2021-06-27 23:44:03Z, 7eda8203-a249-e411-b0cc-f8bc1246af59,          42        11.5627         3.802844        33.4747        12.5266      1496.79        12.5266
2021-06-27 23:44:06Z, 7eda8203-a249-e411-b0cc-f8bc1246af59,          43        11.7063         3.815767        33.4715        12.5668      1496.93        12.5668
2021-06-27 23:44:09Z, 7eda8203-a249-e411-b0cc-f8bc1246af59,          44        11.8686         3.825111        33.4165        12.4925      1496.61        12.4925
2021-06-27 23:44:12Z, 7eda8203-a249-e411-b0cc-f8bc1246af59,          45        11.9771         3.829484        33.3617        12.4941      1496.55        12.4941
2021-06-27 23:44:15Z, 7eda8203-a249-e411-b0cc-f8bc1246af59,          46        12.0648         3.841215        33.3969        12.5356      1496.73        12.5356
2021-06-27 23:44:18Z, 7eda8203-a249-e411-b0cc-f8bc1246af59,          47        12.1051         3.845790        33.4051        12.4822      1496.56        12.4822
2021-06-27 23:44:21Z, 7eda8203-a249-e411-b0cc-f8bc1246af59,          48        12.1109         3.847976        33.4211        12.4166      1496.36        12.4166
2021-06-27 23:44:24Z, 7eda8203-a249-e411-b0cc-f8bc1246af59,          49        12.1175         3.849763        33.4325        12.4273      1496.41        12.4273
2021-06-27 23:44:27Z, 7eda8203-a249-e411-b0cc-f8bc1246af59,          50        12.1211         3.852151        33.4523        12.4282      1496.44        12.4282
2021-06-27 23:44:30Z, 7eda8203-a249-e411-b0cc-f8bc1246af59,          51        12.1218         3.852548        33.4555        12.4978      1496.67        12.4978
2021-06-27 23:44:33Z, 7eda8203-a249-e411-b0cc-f8bc1246af59,          52        12.1102         3.854340        33.4833        12.5433      1496.86        12.5433
2021-06-27 23:44:36Z, 7eda8203-a249-e411-b0cc-f8bc1246af59,          53        12.1043         3.855433        33.4992        12.5551      1496.92        12.5551
2021-06-27 23:44:39Z, 7eda8203-a249-e411-b0cc-f8bc1246af59,          54        12.0919         3.856329        33.5190        12.6153      1497.15        12.6153
2021-06-27 23:44:42Z, 7eda8203-a249-e411-b0cc-f8bc1246af59,          55        12.0744         3.856227        33.5338        12.6241      1497.19        12.6241
2021-06-27 23:44:45Z, 7eda8203-a249-e411-b0cc-f8bc1246af59,          56        12.0517         3.855830        33.5503        12.6609      1497.34        12.6609
2021-06-27 23:44:48Z, 7eda8203-a249-e411-b0cc-f8bc1246af59,          57        12.0363         3.856228        33.5680        12.6510      1497.33        12.6510
2021-06-27 23:44:51Z, 7eda8203-a249-e411-b0cc-f8bc1246af59,          58        12.0393         3.857619        33.5789        12.6562      1497.36        12.6562
2021-06-27 23:44:54Z, 7eda8203-a249-e411-b0cc-f8bc1246af59,          59        12.0590         3.859412        33.5785        12.6343      1497.28        12.6343
2021-06-27 23:44:57Z, 7eda8203-a249-e411-b0cc-f8bc1246af59,          60        12.0802         3.860702        33.5719        12.6358      1497.28        12.6358
2021-06-27 23:45:00Z, 7eda8203-a249-e411-b0cc-f8bc1246af59,          61        12.1087         3.863486        33.5732        12.6126      1497.20        12.6126
2021-06-27 23:45:03Z, 7eda8203-a249-e411-b0cc-f8bc1246af59,          62        12.1387         3.865076        33.5617        12.6124      1497.19        12.6124
2021-06-27 23:45:06Z, 7eda8203-a249-e411-b0cc-f8bc1246af59,          63        12.1679         3.867563        33.5595        12.5723      1497.05        12.5723
2021-06-27 23:45:09Z, 7eda8203-a249-e411-b0cc-f8bc1246af59,          64        12.1956         3.869649        33.5548        12.6246      1497.22        12.6246
2021-06-27 23:45:12Z, 7eda8203-a249-e411-b0cc-f8bc1246af59,          65        12.2124         3.871437        33.5570        12.6548      1497.33        12.6548
2021-06-27 23:45:15Z, 7eda8203-a249-e411-b0cc-f8bc1246af59,          66        12.2189         3.872434        33.5607        12.6590      1497.34        12.6590
2021-06-27 23:45:18Z, 7eda8203-a249-e411-b0cc-f8bc1246af59,          67        12.2233         3.872631        33.5587        12.6661      1497.37        12.6661
2021-06-27 23:45:21Z, 7eda8203-a249-e411-b0cc-f8bc1246af59,          68        12.2197         3.872831        33.5639        12.6709      1497.39        12.6709
2021-06-27 23:45:24Z, 7eda8203-a249-e411-b0cc-f8bc1246af59,          69        12.2102         3.872036        33.5647        12.6513      1497.32        12.6513
2021-06-27 23:45:27Z, 7eda8203-a249-e411-b0cc-f8bc1246af59,          70        12.2051         3.871240        33.5617        12.6599      1497.35        12.6599
2021-06-27 23:45:30Z, 7eda8203-a249-e411-b0cc-f8bc1246af59,          71        12.2000         3.870941        33.5633        12.6521      1497.32        12.6521
2021-06-27 23:45:33Z, 7eda8203-a249-e411-b0cc-f8bc1246af59,          72        12.2065         3.871539        33.5632        12.5989      1497.14        12.5989
2021-06-27 23:45:36Z, 7eda8203-a249-e411-b0cc-f8bc1246af59,          73        12.2189         3.872036        33.5569        12.5874      1497.10        12.5874
2021-06-27 23:45:39Z, 7eda8203-a249-e411-b0cc-f8bc1246af59,          74        12.2321         3.872532        33.5499        12.5145      1496.84        12.5145
2021-06-27 23:45:42Z, 7eda8203-a249-e411-b0cc-f8bc1246af59,          75        12.2401         3.872630        33.5437        12.4661      1496.67        12.4661
2021-06-27 23:45:45Z, 7eda8203-a249-e411-b0cc-f8bc1246af59,          76        12.2430         3.872532        33.5401        12.4460      1496.60        12.4460
2021-06-27 23:45:48Z, 7eda8203-a249-e411-b0cc-f8bc1246af59,          77        12.2438         3.872335        33.5375        12.4138      1496.49        12.4138
2021-06-27 23:45:51Z, 7eda8203-a249-e411-b0cc-f8bc1246af59,          78        12.2401         3.872035        33.5379        12.4429      1496.59        12.4429
2021-06-27 23:45:54Z, 7eda8203-a249-e411-b0cc-f8bc1246af59,          79        12.2262         3.871043        33.5408        12.3174      1496.16        12.3174
2021-06-27 23:45:57Z, 7eda8203-a249-e411-b0cc-f8bc1246af59,          80        12.2073         3.870047        33.5481        12.3127      1496.16        12.3127
2021-06-27 23:46:00Z, 7eda8203-a249-e411-b0cc-f8bc1246af59,          81        12.1796         3.867362        33.5471        12.3140      1496.16        12.3140
2021-06-27 23:46:03Z, 7eda8203-a249-e411-b0cc-f8bc1246af59,          82        12.1496         3.864879        33.5500        12.2798      1496.05        12.2798
2021-06-27 23:46:06Z, 7eda8203-a249-e411-b0cc-f8bc1246af59,          83        12.1058         3.862094        33.5624        12.2807      1496.07        12.2807
2021-06-27 23:46:09Z, 7eda8203-a249-e411-b0cc-f8bc1246af59,          84        12.0678         3.859113        33.5677        12.2545      1495.98        12.2545
2021-06-27 23:46:12Z, 7eda8203-a249-e411-b0cc-f8bc1246af59,          85        12.0334         3.856428        33.5726        12.2379      1495.93        12.2379
2021-06-27 23:46:15Z, 7eda8203-a249-e411-b0cc-f8bc1246af59,          86        12.0020         3.853347        33.5710        12.2567      1495.99        12.2567
2021-06-27 23:46:18Z, 7eda8203-a249-e411-b0cc-f8bc1246af59,          87        11.9573         3.848972        33.5688        12.2651      1496.02        12.2651
2021-06-27 23:46:21Z, 7eda8203-a249-e411-b0cc-f8bc1246af59,          88        11.9199         3.846090        33.5744        12.2432      1495.95        12.2432
2021-06-27 23:46:24Z, 7eda8203-a249-e411-b0cc-f8bc1246af59,          89        11.8921         3.842013        33.5599        12.2183      1495.85        12.2183
2021-06-27 23:46:27Z, 7eda8203-a249-e411-b0cc-f8bc1246af59,          90        11.8723         3.839130        33.5497        12.2077      1495.80        12.2077
2021-06-27 23:46:30Z, 7eda8203-a249-e411-b0cc-f8bc1246af59,          91        11.8466         3.836245        33.5448        12.2742      1496.02        12.2742
2021-06-27 23:46:33Z, 7eda8203-a249-e411-b0cc-f8bc1246af59,          92        11.8268         3.834058        33.5413        12.1972      1495.76        12.1972
2021-06-27 23:46:36Z, 7eda8203-a249-e411-b0cc-f8bc1246af59,          93        11.8129         3.831574        33.5296        12.2857      1496.04        12.2857
2021-06-27 23:46:39Z, 7eda8203-a249-e411-b0cc-f8bc1246af59,          94        11.8040         3.830680        33.5289        12.2330      1495.86        12.2330
2021-06-27 23:46:42Z, 7eda8203-a249-e411-b0cc-f8bc1246af59,          95        11.7952         3.829885        33.5291        12.3247      1496.18        12.3247
2021-06-27 23:46:45Z, 7eda8203-a249-e411-b0cc-f8bc1246af59,          96        11.7827         3.829388        33.5355        12.2689      1495.99        12.2689
2021-06-27 23:46:48Z, 7eda8203-a249-e411-b0cc-f8bc1246af59,          97        11.7754         3.828891        33.5373        12.3857      1496.39        12.3857
2021-06-27 23:46:51Z, 7eda8203-a249-e411-b0cc-f8bc1246af59,          98        11.7724         3.829486        33.5458        12.4255      1496.54        12.4255
2021-06-27 23:46:54Z, 7eda8203-a249-e411-b0cc-f8bc1246af59,          99        11.7776         3.829686        33.5431        12.4376      1496.58        12.4376
2021-06-27 23:46:57Z, 7eda8203-a249-e411-b0cc-f8bc1246af59,         100        11.7835         3.829784        33.5387        12.4537      1496.62        12.4537
2021-06-27 23:47:00Z, 7eda8203-a249-e411-b0cc-f8bc1246af59,         101        11.7974         3.830383        33.5320        12.4724      1496.68        12.4724
2021-06-27 23:47:03Z, 7eda8203-a249-e411-b0cc-f8bc1246af59,         102        11.8121         3.831276        33.5274        12.3023      1496.10        12.3023
2021-06-27 23:47:06Z, 7eda8203-a249-e411-b0cc-f8bc1246af59,         103        11.8326         3.832866        33.5244        12.3572      1496.28        12.3572
2021-06-27 23:47:09Z, 7eda8203-a249-e411-b0cc-f8bc1246af59,         104        11.8510         3.834457        33.5234        12.1295      1495.50        12.1295
2021-06-27 23:47:12Z, 7eda8203-a249-e411-b0cc-f8bc1246af59,         105        11.8877         3.835750        33.5029        11.9841      1494.98        11.9841
2021-06-27 23:47:15Z, 7eda8203-a249-e411-b0cc-f8bc1246af59,         106        11.9229         3.837440        33.4876        12.4220      1496.46        12.4220
2021-06-27 23:47:18Z, 7eda8203-a249-e411-b0cc-f8bc1246af59,         107        11.9485         3.839028        33.4800        12.2000      1495.69        12.2000
2021-06-27 23:47:21Z, 7eda8203-a249-e411-b0cc-f8bc1246af59,         108        11.9565         3.840820        33.4902        12.4897      1496.69        12.4897
2021-06-27 23:47:24Z, 7eda8203-a249-e411-b0cc-f8bc1246af59,         109        11.9609         3.841314        33.4911        12.2059      1495.73        12.2059
2021-06-27 23:47:27Z, 7eda8203-a249-e411-b0cc-f8bc1246af59,         110        11.9309         3.841613        33.5210        12.5356      1496.88        12.5356
2021-06-27 23:47:30Z, 7eda8203-a249-e411-b0cc-f8bc1246af59,         111        11.8583         3.837637        33.5477        12.4286      1496.55        12.4286
2021-06-27 23:47:33Z, 7eda8203-a249-e411-b0cc-f8bc1246af59,         112        11.8033         3.834258        33.5645        12.5578      1497.01        12.5578
2021-06-27 23:47:36Z, 7eda8203-a249-e411-b0cc-f8bc1246af59,         113        11.7857         3.834956        33.5872        12.6322      1497.29        12.6322
2021-06-27 23:47:39Z, 7eda8203-a249-e411-b0cc-f8bc1246af59,         114        11.8136         3.836743        33.5794        12.5557      1497.02        12.5557
2021-06-27 23:47:42Z, 7eda8203-a249-e411-b0cc-f8bc1246af59,         115        11.8415         3.838833        33.5746        12.6115      1497.20        12.6115
2021-06-27 23:47:45Z, 7eda8203-a249-e411-b0cc-f8bc1246af59,         116        11.8590         3.839727        33.5674        12.5580      1497.01        12.5580
2021-06-27 23:47:48Z, 7eda8203-a249-e411-b0cc-f8bc1246af59,         117        11.8898         3.842610        33.5677        12.6253      1497.24        12.6253
2021-06-27 23:47:51Z, 7eda8203-a249-e411-b0cc-f8bc1246af59,         118        11.9551         3.845988        33.5418        12.5930      1497.10        12.5930
2021-06-27 23:47:54Z, 7eda8203-a249-e411-b0cc-f8bc1246af59,         119        11.9968         3.849270        33.5361        12.6419      1497.26        12.6419
2021-06-27 23:47:57Z, 7eda8203-a249-e411-b0cc-f8bc1246af59,         120        12.0532         3.852946        33.5210        12.6459      1497.25        12.6459
2021-06-27 23:48:00Z, 7eda8203-a249-e411-b0cc-f8bc1246af59,         121        12.0934         3.855036        33.5052        12.5923      1497.05        12.5923
2021-06-27 23:48:03Z, 7eda8203-a249-e411-b0cc-f8bc1246af59,         122        12.1218         3.856525        33.4940        12.6385      1497.20        12.6385
2021-06-27 23:48:06Z, 7eda8203-a249-e411-b0cc-f8bc1246af59,         123        12.1460         3.857519        33.4820        12.4158      1496.43        12.4158
2021-06-27 23:48:09Z, 7eda8203-a249-e411-b0cc-f8bc1246af59,         124        12.1540         3.858813        33.4873        12.5191      1496.78        12.5191
2021-06-27 23:48:12Z, 7eda8203-a249-e411-b0cc-f8bc1246af59,         125        12.1759         3.859509        33.4745        12.0924      1495.32        12.0924
2021-06-27 23:48:15Z, 7eda8203-a249-e411-b0cc-f8bc1246af59,         126        12.1912         3.860401        33.4694        12.1502      1495.51        12.1502
2021-06-27 23:48:18Z, 7eda8203-a249-e411-b0cc-f8bc1246af59,         127        12.2051         3.860999        33.4627        11.7046      1493.97        11.7046
2021-06-27 23:48:21Z, 7eda8203-a249-e411-b0cc-f8bc1246af59,         128        12.2095         3.860401        33.4530        11.9213      1494.71        11.9213
2021-06-27 23:48:24Z, 7eda8203-a249-e411-b0cc-f8bc1246af59,         129        12.2044         3.860401        33.4576        11.9602      1494.85        11.9602
2021-06-27 23:48:27Z, 7eda8203-a249-e411-b0cc-f8bc1246af59,         130        12.1832         3.857818        33.4516        12.3826      1496.28        12.3826
2021-06-27 23:48:30Z, 7eda8203-a249-e411-b0cc-f8bc1246af59,         131        12.0948         3.855036        33.5039        12.4653      1496.62        12.4653
2021-06-27 23:48:33Z, 7eda8203-a249-e411-b0cc-f8bc1246af59,         132        12.0458         3.849866        33.4978        12.4540      1496.58        12.4540
2021-06-27 23:48:36Z, 7eda8203-a249-e411-b0cc-f8bc1246af59,         133        11.8928         3.840024        33.5399        12.4261      1496.53        12.4261
2021-06-27 23:48:39Z, 7eda8203-a249-e411-b0cc-f8bc1246af59,         134        11.7453         3.829886        33.5742        12.3177      1496.21        12.3177
2021-06-27 23:48:42Z, 7eda8203-a249-e411-b0cc-f8bc1246af59,         135        11.6776         3.824319        33.5811        12.3085      1496.18        12.3085
2021-06-27 23:48:45Z, 7eda8203-a249-e411-b0cc-f8bc1246af59,         136        11.5952         3.819746        33.6110        12.2036      1495.86        12.2036
2021-06-27 23:48:48Z, 7eda8203-a249-e411-b0cc-f8bc1246af59,         137        11.6062         3.822230        33.6254        12.2266      1495.96        12.2266
2021-06-27 23:48:51Z, 7eda8203-a249-e411-b0cc-f8bc1246af59,         138        11.7173         3.826009        33.5616        12.1900      1495.76        12.1900
2021-06-27 23:48:54Z, 7eda8203-a249-e411-b0cc-f8bc1246af59,         139        11.8121         3.830978        33.5245        12.1915      1495.72        12.1915
2021-06-27 23:48:57Z, 7eda8203-a249-e411-b0cc-f8bc1246af59,         140        11.8840         3.832866        33.4781        12.2283      1495.79        12.2283
2021-06-27 23:49:00Z, 7eda8203-a249-e411-b0cc-f8bc1246af59,         141        11.9067         3.832666        33.4557        12.3179      1496.06        12.3179
2021-06-27 23:49:03Z, 7eda8203-a249-e411-b0cc-f8bc1246af59,         142        11.8921         3.832070        33.4631        12.4078      1496.38        12.4078
2021-06-27 23:49:06Z, 7eda8203-a249-e411-b0cc-f8bc1246af59,         143        11.8737         3.830382        33.4632        12.6113      1497.07        12.6113
2021-06-27 23:49:09Z, 7eda8203-a249-e411-b0cc-f8bc1246af59,         144        11.8459         3.828393        33.4689        12.4613      1496.57        12.4613
2021-06-27 23:49:12Z, 7eda8203-a249-e411-b0cc-f8bc1246af59,         145        11.8202         3.826999        33.4785        12.6267      1497.14        12.6267
2021-06-27 23:49:15Z, 7eda8203-a249-e411-b0cc-f8bc1246af59,         146        11.7908         3.825410        33.4894        12.2843      1495.99        12.2843
2021-06-27 23:49:18Z, 7eda8203-a249-e411-b0cc-f8bc1246af59,         147        11.7850         3.824216        33.4831        12.2614      1495.91        12.2614
2021-06-27 23:49:21Z, 7eda8203-a249-e411-b0cc-f8bc1246af59,         148        11.8011         3.825312        33.4792        12.3838      1496.32        12.3838
2021-06-27 23:49:24Z, 7eda8203-a249-e411-b0cc-f8bc1246af59,         149        11.8451         3.828690        33.4725        12.4369      1496.49        12.4369
2021-06-27 23:49:27Z, 7eda8203-a249-e411-b0cc-f8bc1246af59,         150        11.9280         3.832666        33.4366        12.6946      1497.32        12.6946
2021-06-27 23:49:30Z, 7eda8203-a249-e411-b0cc-f8bc1246af59,         151        11.9888         3.837337        33.4275        12.7064      1497.35        12.7064
2021-06-27 23:49:33Z, 7eda8203-a249-e411-b0cc-f8bc1246af59,         152        12.0342         3.840717        33.4195        12.5832      1496.92        12.5832
2021-06-27 23:49:36Z, 7eda8203-a249-e411-b0cc-f8bc1246af59,         153        12.0370         3.840023        33.4102        12.5641      1496.84        12.5641
2021-06-27 23:49:39Z, 7eda8203-a249-e411-b0cc-f8bc1246af59,         154        11.9917         3.837835        33.4297        12.6231      1497.07        12.6231
2021-06-27 23:49:42Z, 7eda8203-a249-e411-b0cc-f8bc1246af59,         155        11.9661         3.837537        33.4497        12.7013      1497.35        12.7013
2021-06-27 23:49:45Z, 7eda8203-a249-e411-b0cc-f8bc1246af59,         156        11.9719         3.838929        33.4580        12.5379      1496.81        12.5379
2021-06-27 23:49:48Z, 7eda8203-a249-e411-b0cc-f8bc1246af59,         157        12.0451         3.842706        33.4290        12.8185      1497.72        12.8185
2021-06-27 23:49:51Z, 7eda8203-a249-e411-b0cc-f8bc1246af59,         158        12.1226         3.848671        33.4174        12.6649      1497.19        12.6649
2021-06-27 23:49:54Z, 7eda8203-a249-e411-b0cc-f8bc1246af59,         159        12.1693         3.851455        33.4025        12.7502      1497.46        12.7502
2021-06-27 23:49:57Z, 7eda8203-a249-e411-b0cc-f8bc1246af59,         160        12.1730         3.852748        33.4117        12.7139      1497.35        12.7139
2021-06-27 23:50:00Z, 7eda8203-a249-e411-b0cc-f8bc1246af59,         161        12.1854         3.855432        33.4265        12.8403      1497.79        12.8403
2021-06-27 23:50:03Z, 7eda8203-a249-e411-b0cc-f8bc1246af59,         162        12.2080         3.856623        33.4178        12.8508      1497.82        12.8508
2021-06-27 23:50:06Z, 7eda8203-a249-e411-b0cc-f8bc1246af59,         163        12.2124         3.857322        33.4207        12.8308      1497.76        12.8308
2021-06-27 23:50:09Z, 7eda8203-a249-e411-b0cc-f8bc1246af59,         164        12.2416         3.860798        33.4281        12.8065      1497.68        12.8065
2021-06-27 23:50:12Z, 7eda8203-a249-e411-b0cc-f8bc1246af59,         165        12.2707         3.862689        33.4203        12.8861      1497.94        12.8861
2021-06-27 23:50:15Z, 7eda8203-a249-e411-b0cc-f8bc1246af59,         166        12.3020         3.864377        33.4087        12.7668      1497.53        12.7668
2021-06-27 23:50:18Z, 7eda8203-a249-e411-b0cc-f8bc1246af59,         167        12.3079         3.865770        33.4169        12.9167      1498.04        12.9167
2021-06-27 23:50:21Z, 7eda8203-a249-e411-b0cc-f8bc1246af59,         168        12.3370         3.869151        33.4234        12.7060      1497.34        12.7060
2021-06-27 23:50:24Z, 7eda8203-a249-e411-b0cc-f8bc1246af59,         169        12.3691         3.871735        33.4197        12.7684      1497.54        12.7684
2021-06-27 23:50:27Z, 7eda8203-a249-e411-b0cc-f8bc1246af59,         170        12.4069         3.874121        33.4089        12.6284      1497.06        12.6284
2021-06-27 23:50:30Z, 7eda8203-a249-e411-b0cc-f8bc1246af59,         171        12.4236         3.876009        33.4122        12.6441      1497.12        12.6441
2021-06-27 23:50:33Z, 7eda8203-a249-e411-b0cc-f8bc1246af59,         172        12.4338         3.877502        33.4175        12.7068      1497.33        12.7068
2021-06-27 23:50:36Z, 7eda8203-a249-e411-b0cc-f8bc1246af59,         173        12.4476         3.878196        33.4118        12.5548      1496.82        12.5548
2021-06-27 23:50:39Z, 7eda8203-a249-e411-b0cc-f8bc1246af59,         174        12.4469         3.879588        33.4258        12.6910      1497.29        12.6910
2021-06-27 23:50:42Z, 7eda8203-a249-e411-b0cc-f8bc1246af59,         175        12.4491         3.879489        33.4230        12.6688      1497.21        12.6688
2021-06-27 23:50:45Z, 7eda8203-a249-e411-b0cc-f8bc1246af59,         176        12.4178         3.878796        33.4441        12.6797      1497.28        12.6797
2021-06-27 23:50:48Z, 7eda8203-a249-e411-b0cc-f8bc1246af59,         177        12.3822         3.876805        33.4568        12.7090      1497.39        12.7090
2021-06-27 23:50:51Z, 7eda8203-a249-e411-b0cc-f8bc1246af59,         178        12.3443         3.875714        33.4801        12.7358      1497.51        12.7358
2021-06-27 23:50:54Z, 7eda8203-a249-e411-b0cc-f8bc1246af59,         179        12.3130         3.874718        33.4985        12.7828      1497.69        12.7828
2021-06-27 23:50:57Z, 7eda8203-a249-e411-b0cc-f8bc1246af59,         180        12.2977         3.872830        33.4940        12.6034      1497.08        12.6034
2021-06-27 23:51:00Z, 7eda8203-a249-e411-b0cc-f8bc1246af59,         181        12.2810         3.872232        33.5032        12.7464      1497.57        12.7464
2021-06-27 23:51:03Z, 7eda8203-a249-e411-b0cc-f8bc1246af59,         182        12.2802         3.872035        33.5020        12.6002      1497.08        12.6002
2021-06-27 23:51:06Z, 7eda8203-a249-e411-b0cc-f8bc1246af59,         183        12.2839         3.872133        33.4997        12.7638      1497.62        12.7638
2021-06-27 23:51:09Z, 7eda8203-a249-e411-b0cc-f8bc1246af59,         184        12.2926         3.872630        33.4966        12.6373      1497.19        12.6373
2021-06-27 23:51:12Z, 7eda8203-a249-e411-b0cc-f8bc1246af59,         185        12.3086         3.873626        33.4919        12.7900      1497.70        12.7900
2021-06-27 23:51:15Z, 7eda8203-a249-e411-b0cc-f8bc1246af59,         186        12.3173         3.874619        33.4937        12.7992      1497.74        12.7992
2021-06-27 23:51:18Z, 7eda8203-a249-e411-b0cc-f8bc1246af59,         187        12.3217         3.873922        33.4830        12.8102      1497.76        12.8102
2021-06-27 23:51:21Z, 7eda8203-a249-e411-b0cc-f8bc1246af59,         188        12.3159         3.873527        33.4845        12.8429      1497.87        12.8429
2021-06-27 23:51:24Z, 7eda8203-a249-e411-b0cc-f8bc1246af59,         189        12.3116         3.872232        33.4758        12.8067      1497.74        12.8067
2021-06-27 23:51:27Z, 7eda8203-a249-e411-b0cc-f8bc1246af59,         190        12.3028         3.872630        33.4875        12.8825      1498.01        12.8825
2021-06-27 23:51:30Z, 7eda8203-a249-e411-b0cc-f8bc1246af59,         191        12.3064         3.872232        33.4804        12.8981      1498.05        12.8981
2021-06-27 23:51:33Z, 7eda8203-a249-e411-b0cc-f8bc1246af59,         192        12.3181         3.873425        33.4815        12.9242      1498.14        12.9242
2021-06-27 23:51:36Z, 7eda8203-a249-e411-b0cc-f8bc1246af59,         193        12.3436         3.875316        33.4769        12.9477      1498.21        12.9477
2021-06-27 23:51:39Z, 7eda8203-a249-e411-b0cc-f8bc1246af59,         194        12.3807         3.877404        33.4639        12.8696      1497.94        12.8696
2021-06-27 23:51:42Z, 7eda8203-a249-e411-b0cc-f8bc1246af59,         195        12.4091         3.879888        33.4624        12.8664      1497.92        12.8664
2021-06-27 23:51:45Z, 7eda8203-a249-e411-b0cc-f8bc1246af59,         196        12.4258         3.880882        33.4571        12.7528      1497.54        12.7528
2021-06-27 23:51:48Z, 7eda8203-a249-e411-b0cc-f8bc1246af59,         197        12.4454         3.882475        33.4549        12.9106      1498.06        12.9106
2021-06-27 23:51:51Z, 7eda8203-a249-e411-b0cc-f8bc1246af59,         198        12.4687         3.885157        33.4599        12.9065      1498.06        12.9065
2021-06-27 23:51:54Z, 7eda8203-a249-e411-b0cc-f8bc1246af59,         199        12.4999         3.887146        33.4512        13.0001      1498.36        13.0001
2021-06-27 23:51:57Z, 7eda8203-a249-e411-b0cc-f8bc1246af59,         200        12.5181         3.888638        33.4493        13.0158      1498.41        13.0158
2021-06-27 23:52:00Z, 7eda8203-a249-e411-b0cc-f8bc1246af59,         201        12.5319         3.888934        33.4399        12.9994      1498.34        12.9994
2021-06-27 23:52:03Z, 7eda8203-a249-e411-b0cc-f8bc1246af59,         202        12.5231         3.888638        33.4448        12.9918      1498.32        12.9918
2021-06-27 23:52:06Z, 7eda8203-a249-e411-b0cc-f8bc1246af59,         203        12.5123         3.887742        33.4459        12.8546      1497.87        12.8546
2021-06-27 23:52:09Z, 7eda8203-a249-e411-b0cc-f8bc1246af59,         204        12.5021         3.887841        33.4559        12.8653      1497.91        12.8653
2021-06-27 23:52:12Z, 7eda8203-a249-e411-b0cc-f8bc1246af59,         205        12.5188         3.889632        33.4582        12.6355      1497.14        12.6355
2021-06-27 23:52:15Z, 7eda8203-a249-e411-b0cc-f8bc1246af59,         206        12.5558         3.892614        33.4538        12.7854      1497.64        12.7854
2021-06-27 23:52:18Z, 7eda8203-a249-e411-b0cc-f8bc1246af59,         207        12.5805         3.895299        33.4576        12.8294      1497.79        12.8294
2021-06-27 23:52:21Z, 7eda8203-a249-e411-b0cc-f8bc1246af59,         208        12.6052         3.896987        33.4518        12.8251      1497.77        12.8251
2021-06-27 23:52:24Z, 7eda8203-a249-e411-b0cc-f8bc1246af59,         209        12.6153         3.897884        33.4513        12.8387      1497.82        12.8387
2021-06-27 23:52:27Z, 7eda8203-a249-e411-b0cc-f8bc1246af59,         210        12.6037         3.896789        33.4512        12.8005      1497.69        12.8005
2021-06-27 23:52:30Z, 7eda8203-a249-e411-b0cc-f8bc1246af59,         211        12.5573         3.893408        33.4601        12.7911      1497.67        12.7911
2021-06-27 23:52:33Z, 7eda8203-a249-e411-b0cc-f8bc1246af59,         212        12.4970         3.888737        33.4690        12.4703      1496.60        12.4703
2021-06-27 23:52:36Z, 7eda8203-a249-e411-b0cc-f8bc1246af59,         213        12.4679         3.887146        33.4797        12.4920      1496.68        12.4920
2021-06-27 23:52:39Z, 7eda8203-a249-e411-b0cc-f8bc1246af59,         214        12.4345         3.885457        33.4932        12.5932      1497.04        12.5932
2021-06-27 23:52:42Z, 7eda8203-a249-e411-b0cc-f8bc1246af59,         215        12.4375         3.884163        33.4782        12.2812      1495.97        12.2812
2021-06-27 23:52:45Z, 7eda8203-a249-e411-b0cc-f8bc1246af59,         216        12.4396         3.884463        33.4792        12.2051      1495.71        12.2051
2021-06-27 23:52:48Z, 7eda8203-a249-e411-b0cc-f8bc1246af59,         217        12.4432         3.884064        33.4721        12.0721      1495.25        12.0721
2021-06-27 23:52:51Z, 7eda8203-a249-e411-b0cc-f8bc1246af59,         218        12.4193         3.880684        33.4610        12.2281      1495.77        12.2281
2021-06-27 23:52:54Z, 7eda8203-a249-e411-b0cc-f8bc1246af59,         219        12.3502         3.876211        33.4797        12.0447      1495.16        12.0447
2021-06-27 23:52:57Z, 7eda8203-a249-e411-b0cc-f8bc1246af59,         220        12.3043         3.869849        33.4594        12.0457      1495.14        12.0457
2021-06-27 23:53:00Z, 7eda8203-a249-e411-b0cc-f8bc1246af59,         221        12.2299         3.867361        33.5019        11.9296      1494.79        11.9296
2021-06-27 23:53:03Z, 7eda8203-a249-e411-b0cc-f8bc1246af59,         222        12.1693         3.861298        33.4976        11.9916      1495.00        11.9916
2021-06-27 23:53:06Z, 7eda8203-a249-e411-b0cc-f8bc1246af59,         223        12.0290         3.851457        33.5283        12.0159      1495.12        12.0159
2021-06-27 23:53:09Z, 7eda8203-a249-e411-b0cc-f8bc1246af59,         224        11.9206         3.842609        33.5399        11.9159      1494.79        11.9159
2021-06-27 23:53:12Z, 7eda8203-a249-e411-b0cc-f8bc1246af59,         225        11.8473         3.837041        33.5518        12.0400      1495.23        12.0400
2021-06-27 23:53:15Z, 7eda8203-a249-e411-b0cc-f8bc1246af59,         226        11.8077         3.832569        33.5440        11.9535      1494.93        11.9535
2021-06-27 23:53:18Z, 7eda8203-a249-e411-b0cc-f8bc1246af59,         227        11.7387         3.826702        33.5491        12.2125      1495.82        12.2125
2021-06-27 23:53:21Z, 7eda8203-a249-e411-b0cc-f8bc1246af59,         228        11.6607         3.821733        33.5711        11.9710      1495.02        11.9710
2021-06-27 23:53:24Z, 7eda8203-a249-e411-b0cc-f8bc1246af59,         229        11.6106         3.817759        33.5775        12.3962      1496.48        12.3962
2021-06-27 23:53:27Z, 7eda8203-a249-e411-b0cc-f8bc1246af59,         230        11.5775         3.815472        33.5851        11.9637      1495.01        11.9637
2021-06-27 23:53:30Z, 7eda8203-a249-e411-b0cc-f8bc1246af59,         231        11.5554         3.810997        33.5613        12.4301      1496.57        12.4301
2021-06-27 23:53:33Z, 7eda8203-a249-e411-b0cc-f8bc1246af59,         232        11.5311         3.808611        33.5600        11.9690      1495.00        11.9690
2021-06-27 23:53:36Z, 7eda8203-a249-e411-b0cc-f8bc1246af59,         233        11.5406         3.806923        33.5347        12.3370      1496.22        12.3370
2021-06-27 23:53:39Z, 7eda8203-a249-e411-b0cc-f8bc1246af59,         234        11.5605         3.808313        33.5303        12.2815      1496.03        12.2815
2021-06-27 23:53:42Z, 7eda8203-a249-e411-b0cc-f8bc1246af59,         235        11.5996         3.808016        33.4921        12.1675      1495.60        12.1675
2021-06-27 23:53:45Z, 7eda8203-a249-e411-b0cc-f8bc1246af59,         236        11.6335         3.812090        33.5013        12.4994      1496.73        12.4994
2021-06-27 23:53:48Z, 7eda8203-a249-e411-b0cc-f8bc1246af59,         237        11.6732         3.812090        33.4654        12.0356      1495.11        12.0356
2021-06-27 23:53:51Z, 7eda8203-a249-e411-b0cc-f8bc1246af59,         238        11.7048         3.816065        33.4757        11.9976      1495.00        11.9976
2021-06-27 23:53:54Z, 7eda8203-a249-e411-b0cc-f8bc1246af59,         239        11.7291         3.814872        33.4422        12.0491      1495.13        12.0491
2021-06-27 23:53:57Z, 7eda8203-a249-e411-b0cc-f8bc1246af59,         240        11.7262         3.815767        33.4536        11.9051      1494.65        11.9051
2021-06-27 23:54:00Z, 7eda8203-a249-e411-b0cc-f8bc1246af59,         241        11.7519         3.817558        33.4479        12.0555      1495.16        12.0555
2021-06-27 23:54:03Z, 7eda8203-a249-e411-b0cc-f8bc1246af59,         242        11.7901         3.819345        33.4309        11.9014      1494.61        11.9014
2021-06-27 23:54:06Z, 7eda8203-a249-e411-b0cc-f8bc1246af59,         243        11.8268         3.822329        33.4270        11.7550      1494.10        11.7550
2021-06-27 23:54:09Z, 7eda8203-a249-e411-b0cc-f8bc1246af59,         244        11.8312         3.821034        33.4104        11.8660      1494.47        11.8660
2021-06-27 23:54:12Z, 7eda8203-a249-e411-b0cc-f8bc1246af59,         245        11.7541         3.816365        33.4343        11.6296      1493.68        11.6296
2021-06-27 23:54:15Z, 7eda8203-a249-e411-b0cc-f8bc1246af59,         246        11.6739         3.813880        33.4823        11.8052      1494.34        11.8052
2021-06-27 23:54:18Z, 7eda8203-a249-e411-b0cc-f8bc1246af59,         247        11.6578         3.809902        33.4579        11.6437      1493.76        11.6437
2021-06-27 23:54:21Z, 7eda8203-a249-e411-b0cc-f8bc1246af59,         248        11.6011         3.808610        33.4965        11.6060      1493.67        11.6060
2021-06-27 23:54:24Z, 7eda8203-a249-e411-b0cc-f8bc1246af59,         249        11.5576         3.806224        33.5125        11.6274      1493.77        11.6274
2021-06-27 23:54:27Z, 7eda8203-a249-e411-b0cc-f8bc1246af59,         250        11.5053         3.800460        33.5033        11.5435      1493.46        11.5435
2021-06-27 23:54:30Z, 7eda8203-a249-e411-b0cc-f8bc1246af59,         251        11.4699         3.796283        33.4944        11.5678      1493.54        11.5678
2021-06-27 23:54:33Z, 7eda8203-a249-e411-b0cc-f8bc1246af59,         252        11.3864         3.790223        33.5105        11.6775      1493.94        11.6775
2021-06-27 23:54:36Z, 7eda8203-a249-e411-b0cc-f8bc1246af59,         253        11.3450         3.787341        33.5197        11.7571      1494.22        11.7571
2021-06-27 23:54:39Z, 7eda8203-a249-e411-b0cc-f8bc1246af59,         254        11.3073         3.783561        33.5167        11.8817      1494.65        11.8817
2021-06-27 23:54:42Z, 7eda8203-a249-e411-b0cc-f8bc1246af59,         255        11.2385         3.777399        33.5184        11.6918      1493.99        11.6918
2021-06-27 23:54:45Z, 7eda8203-a249-e411-b0cc-f8bc1246af59,         256        11.1999         3.774121        33.5211        11.6299      1493.78        11.6299
2021-06-27 23:54:48Z, 7eda8203-a249-e411-b0cc-f8bc1246af59,         257        11.1540         3.771436        33.5364        11.5838      1493.64        11.5838
2021-06-27 23:54:51Z, 7eda8203-a249-e411-b0cc-f8bc1246af59,         258        11.1346         3.767857        33.5186        11.9152      1494.76        11.9152
2021-06-27 23:54:54Z, 7eda8203-a249-e411-b0cc-f8bc1246af59,         259        11.1332         3.767760        33.5190        11.7723      1494.27        11.7723
2021-06-27 23:54:57Z, 7eda8203-a249-e411-b0cc-f8bc1246af59,         260        11.1695         3.769150        33.4996        12.2215      1495.79        12.2215
2021-06-27 23:55:00Z, 7eda8203-a249-e411-b0cc-f8bc1246af59,         261        11.2059         3.771633        33.4911        11.9754      1494.94        11.9754
2021-06-27 23:55:03Z, 7eda8203-a249-e411-b0cc-f8bc1246af59,         262        11.2414         3.772130        33.4637        12.2773      1495.94        12.2773
2021-06-27 23:55:06Z, 7eda8203-a249-e411-b0cc-f8bc1246af59,         263        11.2236         3.769744        33.4563        12.1069      1495.35        12.1069
2021-06-27 23:55:09Z, 7eda8203-a249-e411-b0cc-f8bc1246af59,         264        11.1991         3.768851        33.4697        12.7154      1497.43        12.7154
2021-06-27 23:55:12Z, 7eda8203-a249-e411-b0cc-f8bc1246af59,         265        11.2347         3.771932        33.4678        12.2771      1495.94        12.2771
2021-06-27 23:55:15Z, 7eda8203-a249-e411-b0cc-f8bc1246af59,         266        11.2880         3.775609        33.4557        12.2110      1495.70        12.2110
2021-06-27 23:55:18Z, 7eda8203-a249-e411-b0cc-f8bc1246af59,         267        11.3657         3.780482        33.4333        12.1485      1495.46        12.1485
2021-06-27 23:55:21Z, 7eda8203-a249-e411-b0cc-f8bc1246af59,         268        11.4772         3.785151        33.3783        12.0776      1495.15        12.0776
2021-06-27 23:55:24Z, 7eda8203-a249-e411-b0cc-f8bc1246af59,         269        11.5679         3.792805        33.3716        12.2182      1495.63        12.2182
2021-06-27 23:55:27Z, 7eda8203-a249-e411-b0cc-f8bc1246af59,         270        11.6445         3.797775        33.3513        12.3044      1495.89        12.3044
2021-06-27 23:55:30Z, 7eda8203-a249-e411-b0cc-f8bc1246af59,         271        11.7489         3.809503        33.3719        12.2581      1495.76        12.2581
2021-06-27 23:55:33Z, 7eda8203-a249-e411-b0cc-f8bc1246af59,         272        11.8576         3.814671        33.3248        12.2658      1495.73        12.2658
2021-06-27 23:55:36Z, 7eda8203-a249-e411-b0cc-f8bc1246af59,         273        11.8715         3.816363        33.3288        12.4861      1496.48        12.4861
2021-06-27 23:55:39Z, 7eda8203-a249-e411-b0cc-f8bc1246af59,         274        11.8547         3.815965        33.3400        12.4087      1496.24        12.4087
2021-06-27 23:55:42Z, 7eda8203-a249-e411-b0cc-f8bc1246af59,         275        11.8099         3.814773        33.3685        12.3787      1496.17        12.3787
2021-06-27 23:55:45Z, 7eda8203-a249-e411-b0cc-f8bc1246af59,         276        11.7901         3.815766        33.3960        12.3935      1496.25        12.3935
2021-06-27 23:55:48Z, 7eda8203-a249-e411-b0cc-f8bc1246af59,         277        11.8150         3.818053        33.3959        12.4201      1496.34        12.4201
2021-06-27 23:55:51Z, 7eda8203-a249-e411-b0cc-f8bc1246af59,         278        11.8349         3.820040        33.3974        12.4438      1496.42        12.4438
2021-06-27 23:55:54Z, 7eda8203-a249-e411-b0cc-f8bc1246af59,         279        11.8679         3.821832        33.3852        12.4453      1496.41        12.4453
2021-06-27 23:55:57Z, 7eda8203-a249-e411-b0cc-f8bc1246af59,         280        11.9170         3.827796        33.3992        12.4346      1496.39        12.4346
2021-06-27 23:56:00Z, 7eda8203-a249-e411-b0cc-f8bc1246af59,         281        11.9668         3.830479        33.3806        12.5614      1496.80        12.5614
2021-06-27 23:56:03Z, 7eda8203-a249-e411-b0cc-f8bc1246af59,         282        11.9844         3.832167        33.3812        12.4224      1496.33        12.4224
2021-06-27 23:56:06Z, 7eda8203-a249-e411-b0cc-f8bc1246af59,         283        11.9925         3.833260        33.3846        12.4790      1496.53        12.4790
2021-06-27 23:56:09Z, 7eda8203-a249-e411-b0cc-f8bc1246af59,         284        12.0100         3.835251        33.3882        12.2298      1495.68        12.2298
2021-06-27 23:56:12Z, 7eda8203-a249-e411-b0cc-f8bc1246af59,         285        12.0239         3.836741        33.3902        12.2715      1495.83        12.2715
2021-06-27 23:56:15Z, 7eda8203-a249-e411-b0cc-f8bc1246af59,         286        12.0400         3.839027        33.3979        12.3768      1496.20        12.3768
2021-06-27 23:56:18Z, 7eda8203-a249-e411-b0cc-f8bc1246af59,         287        12.0568         3.839822        33.3906        12.4227      1496.34        12.4227
2021-06-27 23:56:21Z, 7eda8203-a249-e411-b0cc-f8bc1246af59,         288        12.0795         3.842407        33.3953        12.2101      1495.63        12.2101
2021-06-27 23:56:24Z, 7eda8203-a249-e411-b0cc-f8bc1246af59,         289        12.0955         3.843302        33.3896        12.3013      1495.93        12.3013
2021-06-27 23:56:27Z, 7eda8203-a249-e411-b0cc-f8bc1246af59,         290        12.0766         3.843702        33.4105        12.2055      1495.63        12.2055
2021-06-27 23:56:30Z, 7eda8203-a249-e411-b0cc-f8bc1246af59,         291        12.0744         3.841313        33.3893        12.4621      1496.47        12.4621
2021-06-27 23:56:33Z, 7eda8203-a249-e411-b0cc-f8bc1246af59,         292        12.0092         3.838532        33.4207        12.1862      1495.57        12.1862
2021-06-27 23:56:36Z, 7eda8203-a249-e411-b0cc-f8bc1246af59,         293        11.9800         3.838235        33.4440        12.4145      1496.38        12.4145
2021-06-27 23:56:39Z, 7eda8203-a249-e411-b0cc-f8bc1246af59,         294        11.9756         3.838631        33.4518        12.1575      1495.51        12.1575
2021-06-27 23:56:42Z, 7eda8203-a249-e411-b0cc-f8bc1246af59,         295        11.9639         3.836741        33.4440        12.3999      1496.33        12.3999
2021-06-27 23:56:45Z, 7eda8203-a249-e411-b0cc-f8bc1246af59,         296        11.9397         3.835150        33.4503        12.3646      1496.22        12.3646
2021-06-27 23:56:48Z, 7eda8203-a249-e411-b0cc-f8bc1246af59,         297        11.9177         3.833759        33.4565        12.6730      1497.27        12.6730
2021-06-27 23:56:51Z, 7eda8203-a249-e411-b0cc-f8bc1246af59,         298        11.9192         3.835052        33.4678        12.4683      1496.59        12.4683
2021-06-27 23:56:54Z, 7eda8203-a249-e411-b0cc-f8bc1246af59,         299        11.9250         3.833461        33.4470        12.5232      1496.75        12.5232
2021-06-27 23:56:57Z, 7eda8203-a249-e411-b0cc-f8bc1246af59,         300        11.9111         3.833959        33.4644        12.2403      1495.81        12.2403
2021-06-27 23:57:00Z, 7eda8203-a249-e411-b0cc-f8bc1246af59,         301        11.9111         3.831870        33.4440        12.4418      1496.47        12.4418
2021-06-27 23:57:03Z, 7eda8203-a249-e411-b0cc-f8bc1246af59,         302        11.9023         3.832866        33.4616        12.4083      1496.38        12.4083
2021-06-27 23:57:06Z, 7eda8203-a249-e411-b0cc-f8bc1246af59,         303        11.9463         3.833958        33.4327        12.4067      1496.34        12.4067
2021-06-27 23:57:09Z, 7eda8203-a249-e411-b0cc-f8bc1246af59,         304        12.0100         3.839627        33.4306        12.3818      1496.25        12.3818
2021-06-27 23:57:12Z, 7eda8203-a249-e411-b0cc-f8bc1246af59,         305        12.0656         3.843204        33.4155        12.3914      1496.27        12.3914
2021-06-27 23:57:15Z, 7eda8203-a249-e411-b0cc-f8bc1246af59,         306        12.0853         3.844495        33.4103        12.2212      1495.68        12.2212
2021-06-27 23:57:18Z, 7eda8203-a249-e411-b0cc-f8bc1246af59,         307        12.0729         3.842807        33.4051        12.5831      1496.90        12.5831
2021-06-27 23:57:21Z, 7eda8203-a249-e411-b0cc-f8bc1246af59,         308        12.0517         3.842109        33.4173        12.6170      1497.03        12.6170
2021-06-27 23:57:24Z, 7eda8203-a249-e411-b0cc-f8bc1246af59,         309        12.0422         3.842211        33.4268        12.8356      1497.78        12.8356
2021-06-27 23:57:27Z, 7eda8203-a249-e411-b0cc-f8bc1246af59,         310        12.0363         3.841811        33.4282        12.8570      1497.85        12.8570
2021-06-27 23:57:30Z, 7eda8203-a249-e411-b0cc-f8bc1246af59,         311        12.0239         3.841415        33.4355        13.0384      1498.47        13.0384
2021-06-27 23:57:33Z, 7eda8203-a249-e411-b0cc-f8bc1246af59,         312        12.0049         3.839823        33.4371        12.7934      1497.65        12.7934
2021-06-27 23:57:36Z, 7eda8203-a249-e411-b0cc-f8bc1246af59,         313        12.0064         3.838631        33.4242        12.9208      1498.06        12.9208
2021-06-27 23:57:39Z, 7eda8203-a249-e411-b0cc-f8bc1246af59,         314        12.0224         3.841713        33.4397        12.6634      1497.22        12.6634
2021-06-27 23:57:42Z, 7eda8203-a249-e411-b0cc-f8bc1246af59,         315        12.0955         3.846485        33.4204        12.6336      1497.09        12.6336
2021-06-27 23:57:45Z, 7eda8203-a249-e411-b0cc-f8bc1246af59,         316        12.1766         3.852351        33.4046        12.5797      1496.89        12.5797
2021-06-27 23:57:48Z, 7eda8203-a249-e411-b0cc-f8bc1246af59,         317        12.2795         3.860302        33.3895        12.4181      1496.33        12.4181
2021-06-27 23:57:51Z, 7eda8203-a249-e411-b0cc-f8bc1246af59,         318        12.4069         3.868654        33.3564        12.4025      1496.23        12.4025
2021-06-27 23:57:54Z, 7eda8203-a249-e411-b0cc-f8bc1246af59,         319        12.4585         3.871040        33.3335        12.4459      1496.35        12.4459
2021-06-27 23:57:57Z, 7eda8203-a249-e411-b0cc-f8bc1246af59,         320        12.4840         3.874716        33.3461        12.5182      1496.61        12.5182
2021-06-27 23:58:00Z, 7eda8203-a249-e411-b0cc-f8bc1246af59,         321        12.4622         3.874219        33.3607        12.6454      1497.06        12.6454
2021-06-27 23:58:03Z, 7eda8203-a249-e411-b0cc-f8bc1246af59,         322        12.4352         3.871734        33.3608        12.4148      1496.28        12.4148
2021-06-27 23:58:06Z, 7eda8203-a249-e411-b0cc-f8bc1246af59,         323        12.3749         3.868355        33.3820        12.7134      1497.31        12.7134
2021-06-27 23:58:09Z, 7eda8203-a249-e411-b0cc-f8bc1246af59,         324        12.2846         3.863386        33.4147        12.5002      1496.63        12.5002
2021-06-27 23:58:12Z, 7eda8203-a249-e411-b0cc-f8bc1246af59,         325        12.2044         3.859111        33.4451        12.5017      1496.68        12.5017
2021-06-27 23:58:15Z, 7eda8203-a249-e411-b0cc-f8bc1246af59,         326        12.1686         3.855133        33.4387        12.6441      1497.15        12.6441
2021-06-27 23:58:18Z, 7eda8203-a249-e411-b0cc-f8bc1246af59,         327        12.1409         3.855134        33.4635        12.4740      1496.60        12.4740
2021-06-27 23:58:21Z, 7eda8203-a249-e411-b0cc-f8bc1246af59,         328        12.1752         3.857220        33.4530        12.5399      1496.81        12.5399
2021-06-27 23:58:24Z, 7eda8203-a249-e411-b0cc-f8bc1246af59,         329        12.1869         3.856127        33.4319        12.4465      1496.47        12.4465
2021-06-27 23:58:27Z, 7eda8203-a249-e411-b0cc-f8bc1246af59,         330        12.1883         3.858018        33.4489        12.4951      1496.66        12.4951
2021-06-27 23:58:30Z, 7eda8203-a249-e411-b0cc-f8bc1246af59,         331        12.2029         3.857220        33.4282        12.4451      1496.46        12.4451
2021-06-27 23:58:33Z, 7eda8203-a249-e411-b0cc-f8bc1246af59,         332        12.1964         3.856328        33.4254        12.4277      1496.40        12.4277
2021-06-27 23:58:36Z, 7eda8203-a249-e411-b0cc-f8bc1246af59,         333        12.1978         3.857220        33.4327        12.2924      1495.95        12.2924
2021-06-27 23:58:39Z, 7eda8203-a249-e411-b0cc-f8bc1246af59,         334        12.1912         3.855432        33.4213        12.5534      1496.82        12.5534
2021-06-27 23:58:42Z, 7eda8203-a249-e411-b0cc-f8bc1246af59,         335        12.1773         3.855035        33.4299        12.3164      1496.03        12.3164
2021-06-27 23:58:45Z, 7eda8203-a249-e411-b0cc-f8bc1246af59,         336        12.1598         3.853939        33.4350        12.4705      1496.56        12.4705
2021-06-27 23:58:48Z, 7eda8203-a249-e411-b0cc-f8bc1246af59,         337        12.1401         3.852646        33.4401        12.3964      1496.31        12.3964
2021-06-27 23:58:51Z, 7eda8203-a249-e411-b0cc-f8bc1246af59,         338        12.1241         3.851456        33.4430        12.3864      1496.28        12.3864
2021-06-27 23:58:54Z, 7eda8203-a249-e411-b0cc-f8bc1246af59,         339        12.0955         3.849367        33.4483        12.4859      1496.63        12.4859
2021-06-27 23:58:57Z, 7eda8203-a249-e411-b0cc-f8bc1246af59,         340        12.0641         3.846882        33.4524        12.4417      1496.48        12.4417
2021-06-27 23:59:00Z, 7eda8203-a249-e411-b0cc-f8bc1246af59,         341        12.0532         3.846784        33.4613        12.4532      1496.53        12.4532
2021-06-27 23:59:03Z, 7eda8203-a249-e411-b0cc-f8bc1246af59,         342        12.0539         3.845390        33.4472        12.4782      1496.60        12.4782
2021-06-27 23:59:06Z, 7eda8203-a249-e411-b0cc-f8bc1246af59,         343        12.0473         3.845194        33.4511        12.3398      1496.13        12.3398
2021-06-27 23:59:09Z, 7eda8203-a249-e411-b0cc-f8bc1246af59,         344        12.0495         3.844001        33.4376        12.6060      1497.02        12.6060
2021-06-27 23:59:12Z, 7eda8203-a249-e411-b0cc-f8bc1246af59,         345        12.0422         3.843404        33.4384        12.3925      1496.30        12.3925
2021-06-27 23:59:15Z, 7eda8203-a249-e411-b0cc-f8bc1246af59,         346        12.0466         3.844495        33.4450        12.5861      1496.96        12.5861
2021-06-27 23:59:18Z, 7eda8203-a249-e411-b0cc-f8bc1246af59,         347        12.0612         3.844197        33.4290        12.6031      1497.00        12.6031
2021-06-27 23:59:21Z, 7eda8203-a249-e411-b0cc-f8bc1246af59,         348        12.0612         3.844495        33.4319        12.4444      1496.47        12.4444
2021-06-27 23:59:24Z, 7eda8203-a249-e411-b0cc-f8bc1246af59,         349        12.0715         3.844793        33.4256        12.6864      1497.28        12.6864
2021-06-27 23:59:27Z, 7eda8203-a249-e411-b0cc-f8bc1246af59,         350        12.0605         3.844000        33.4278        12.5511      1496.82        12.5511
2021-06-27 23:59:30Z, 7eda8203-a249-e411-b0cc-f8bc1246af59,         351        12.0700         3.845292        33.4318        12.7496      1497.50        12.7496
2021-06-27 23:59:33Z, 7eda8203-a249-e411-b0cc-f8bc1246af59,         352        12.0999         3.845590        33.4078        12.5762      1496.88        12.5762
2021-06-27 23:59:36Z, 7eda8203-a249-e411-b0cc-f8bc1246af59,         353        12.1233         3.848671        33.4167        12.6873      1497.27        12.6873
2021-06-27 23:59:39Z, 7eda8203-a249-e411-b0cc-f8bc1246af59,         354        12.1489         3.849665        33.4034        12.5822      1496.90        12.5822
2021-06-27 23:59:42Z, 7eda8203-a249-e411-b0cc-f8bc1246af59,         355        12.1606         3.850061        33.3968        12.6659      1497.17        12.6659
2021-06-27 23:59:45Z, 7eda8203-a249-e411-b0cc-f8bc1246af59,         356        12.1840         3.853243        33.4067        12.7060      1497.32        12.7060
2021-06-27 23:59:48Z, 7eda8203-a249-e411-b0cc-f8bc1246af59,         357        12.2168         3.855133        33.3956        12.5855      1496.90        12.5855
2021-06-27 23:59:51Z, 7eda8203-a249-e411-b0cc-f8bc1246af59,         358        12.2503         3.857915        33.3925        12.7133      1497.33        12.7133
2021-06-27 23:59:54Z, 7eda8203-a249-e411-b0cc-f8bc1246af59,         359        12.2722         3.858513        33.3788        12.6992      1497.26        12.6992
2021-06-27 23:59:57Z, 7eda8203-a249-e411-b0cc-f8bc1246af59,         360        12.2802         3.860003        33.3860        12.6008      1496.94        12.6008
