ACQ Timestamp (Server Time in UTC), MessageID, Data Value For: GNSS-6452-$GPVTG
2023-07-17T21:34:30.1463500Z, 6dda8203-a249-e411-b0cc-f8bc1246af59, $GPVTG,0.7,T,346.6,M,9.946,N,18.420,K,D*1B
2023-07-17T21:34:31.3461617Z, 6dda8203-a249-e411-b0cc-f8bc1246af59, $GPVTG,0.2,T,346.1,M,9.949,N,18.426,K,D*10
2023-07-17T21:34:32.1665751Z, 6dda8203-a249-e411-b0cc-f8bc1246af59, $GPVTG,359.7,T,345.6,M,9.924,N,18.379,K,D*18
2023-07-17T21:34:33.1662768Z, 6dda8203-a249-e411-b0cc-f8bc1246af59, $GPVTG,359.5,T,345.4,M,9.795,N,18.140,K,D*14
2023-07-17T21:34:34.1370870Z, 6dda8203-a249-e411-b0cc-f8bc1246af59, $GPVTG,359.8,T,345.7,M,9.819,N,18.185,K,D*18
2023-07-17T21:34:35.1665735Z, 6dda8203-a249-e411-b0cc-f8bc1246af59, $GPVTG,0.5,T,346.4,M,9.994,N,18.509,K,D*1E
2023-07-17T21:34:36.1672299Z, 6dda8203-a249-e411-b0cc-f8bc1246af59, $GPVTG,0.3,T,346.2,M,10.058,N,18.627,K,D*20
2023-07-17T21:34:37.1668930Z, 6dda8203-a249-e411-b0cc-f8bc1246af59, $GPVTG,359.2,T,345.1,M,9.876,N,18.290,K,D*1A
2023-07-17T21:34:38.1466372Z, 6dda8203-a249-e411-b0cc-f8bc1246af59, $GPVTG,358.3,T,344.2,M,9.700,N,17.964,K,D*19
2023-07-17T21:34:39.1672232Z, 6dda8203-a249-e411-b0cc-f8bc1246af59, $GPVTG,358.3,T,344.2,M,9.807,N,18.163,K,D*11
2023-07-17T21:34:40.1668902Z, 6dda8203-a249-e411-b0cc-f8bc1246af59, $GPVTG,358.8,T,344.7,M,9.960,N,18.446,K,D*1D
2023-07-17T21:34:41.1675428Z, 6dda8203-a249-e411-b0cc-f8bc1246af59, $GPVTG,358.9,T,344.8,M,9.937,N,18.403,K,D*10
2023-07-17T21:34:42.1472965Z, 6dda8203-a249-e411-b0cc-f8bc1246af59, $GPVTG,358.5,T,344.4,M,9.822,N,18.190,K,D*1A
2023-07-17T21:34:43.1668836Z, 6dda8203-a249-e411-b0cc-f8bc1246af59, $GPVTG,358.4,T,344.3,M,9.852,N,18.246,K,D*13
2023-07-17T21:34:44.1774641Z, 6dda8203-a249-e411-b0cc-f8bc1246af59, $GPVTG,358.3,T,344.2,M,9.939,N,18.407,K,D*1A
2023-07-17T21:34:45.1771435Z, 6dda8203-a249-e411-b0cc-f8bc1246af59, $GPVTG,358.0,T,343.9,M,9.914,N,18.361,K,D*1D
2023-07-17T21:34:46.1479413Z, 6dda8203-a249-e411-b0cc-f8bc1246af59, $GPVTG,357.6,T,343.5,M,9.818,N,18.183,K,D*1B
2023-07-17T21:34:47.3477566Z, 6dda8203-a249-e411-b0cc-f8bc1246af59, $GPVTG,357.4,T,343.3,M,9.812,N,18.172,K,D*1B
2023-07-17T21:34:48.1771195Z, 6dda8203-a249-e411-b0cc-f8bc1246af59, $GPVTG,357.9,T,343.8,M,9.993,N,18.507,K,D*13
2023-07-17T21:34:49.4279925Z, 6dda8203-a249-e411-b0cc-f8bc1246af59, $GPVTG,357.8,T,343.7,M,10.176,N,18.846,K,D*2E
2023-07-17T21:34:50.3480893Z, 6dda8203-a249-e411-b0cc-f8bc1246af59, $GPVTG,357.2,T,343.1,M,9.985,N,18.492,K,D*1B
2023-07-17T21:34:51.1774793Z, 6dda8203-a249-e411-b0cc-f8bc1246af59, $GPVTG,357.0,T,342.9,M,9.624,N,17.824,K,D*1A
2023-07-17T21:34:52.1483974Z, 6dda8203-a249-e411-b0cc-f8bc1246af59, $GPVTG,357.8,T,343.7,M,9.596,N,17.772,K,D*1B
2023-07-17T21:34:53.1879132Z, 6dda8203-a249-e411-b0cc-f8bc1246af59, $GPVTG,358.9,T,344.8,M,9.911,N,18.355,K,D*10
2023-07-17T21:34:54.1079975Z, 6dda8203-a249-e411-b0cc-f8bc1246af59, $GPVTG,359.0,T,344.9,M,10.139,N,18.777,K,D*27
2023-07-17T21:34:55.1783401Z, 6dda8203-a249-e411-b0cc-f8bc1246af59, $GPVTG,358.3,T,344.2,M,9.952,N,18.431,K,D*12
2023-07-17T21:34:56.1482014Z, 6dda8203-a249-e411-b0cc-f8bc1246af59, $GPVTG,357.6,T,343.5,M,9.625,N,17.826,K,D*12
2023-07-17T21:34:57.1787219Z, 6dda8203-a249-e411-b0cc-f8bc1246af59, $GPVTG,357.6,T,343.5,M,9.598,N,17.775,K,D*1E
2023-07-17T21:34:58.1784003Z, 6dda8203-a249-e411-b0cc-f8bc1246af59, $GPVTG,358.1,T,344.0,M,9.877,N,18.292,K,D*1B
2023-07-17T21:34:59.1780719Z, 6dda8203-a249-e411-b0cc-f8bc1246af59, $GPVTG,358.7,T,344.6,M,9.984,N,18.490,K,D*12
2023-07-17T21:35:00.1488573Z, 6dda8203-a249-e411-b0cc-f8bc1246af59, $GPVTG,359.1,T,345.0,M,9.796,N,18.142,K,D*15
2023-07-17T21:35:01.1783907Z, 6dda8203-a249-e411-b0cc-f8bc1246af59, $GPVTG,359.2,T,345.1,M,9.597,N,17.774,K,D*18
2023-07-17T21:35:02.2587011Z, 6dda8203-a249-e411-b0cc-f8bc1246af59, $GPVTG,358.7,T,344.6,M,9.651,N,17.874,K,D*1C
2023-07-17T21:35:03.1587730Z, 6dda8203-a249-e411-b0cc-f8bc1246af59, $GPVTG,358.4,T,344.3,M,9.837,N,18.218,K,D*1B
2023-07-17T21:35:04.1783840Z, 6dda8203-a249-e411-b0cc-f8bc1246af59, $GPVTG,358.3,T,344.2,M,9.883,N,18.303,K,D*19
2023-07-17T21:35:05.1790319Z, 6dda8203-a249-e411-b0cc-f8bc1246af59, $GPVTG,358.7,T,344.6,M,9.772,N,18.098,K,D*19
2023-07-17T21:35:06.1787088Z, 6dda8203-a249-e411-b0cc-f8bc1246af59, $GPVTG,359.5,T,345.4,M,9.703,N,17.970,K,D*1F
2023-07-17T21:35:07.1893290Z, 6dda8203-a249-e411-b0cc-f8bc1246af59, $GPVTG,0.0,T,345.9,M,9.705,N,17.974,K,D*1A
2023-07-17T21:35:08.1889763Z, 6dda8203-a249-e411-b0cc-f8bc1246af59, $GPVTG,359.5,T,345.4,M,9.693,N,17.951,K,D*14
2023-07-17T21:35:09.1886610Z, 6dda8203-a249-e411-b0cc-f8bc1246af59, $GPVTG,358.9,T,344.8,M,9.748,N,18.053,K,D*17
2023-07-17T21:35:10.1594438Z, 6dda8203-a249-e411-b0cc-f8bc1246af59, $GPVTG,359.0,T,344.9,M,9.947,N,18.422,K,D*1D
2023-07-17T21:35:11.1790454Z, 6dda8203-a249-e411-b0cc-f8bc1246af59, $GPVTG,359.4,T,345.3,M,9.995,N,18.511,K,D*1C
2023-07-17T21:35:12.1896893Z, 6dda8203-a249-e411-b0cc-f8bc1246af59, $GPVTG,359.9,T,345.8,M,9.780,N,18.113,K,D*16
2023-07-17T21:35:13.1893240Z, 6dda8203-a249-e411-b0cc-f8bc1246af59, $GPVTG,0.4,T,346.3,M,9.630,N,17.835,K,D*14
2023-07-17T21:35:14.1889795Z, 6dda8203-a249-e411-b0cc-f8bc1246af59, $GPVTG,0.3,T,346.2,M,9.798,N,18.146,K,D*13
2023-07-17T21:35:15.1896311Z, 6dda8203-a249-e411-b0cc-f8bc1246af59, $GPVTG,359.6,T,345.5,M,9.980,N,18.483,K,D*16
2023-07-17T21:35:16.1893115Z, 6dda8203-a249-e411-b0cc-f8bc1246af59, $GPVTG,359.4,T,345.3,M,9.960,N,18.446,K,D*15
2023-07-17T21:35:17.1593916Z, 6dda8203-a249-e411-b0cc-f8bc1246af59, $GPVTG,359.7,T,345.6,M,9.849,N,18.240,K,D*19
2023-07-17T21:35:18.1898791Z, 6dda8203-a249-e411-b0cc-f8bc1246af59, $GPVTG,0.0,T,345.9,M,9.762,N,18.079,K,D*10
2023-07-17T21:35:19.1896005Z, 6dda8203-a249-e411-b0cc-f8bc1246af59, $GPVTG,0.0,T,345.9,M,9.789,N,18.129,K,D*11
2023-07-17T21:35:20.7597677Z, 6dda8203-a249-e411-b0cc-f8bc1246af59, $GPVTG,0.2,T,346.1,M,9.893,N,18.322,K,D*15
2023-07-17T21:35:21.5503311Z, 6dda8203-a249-e411-b0cc-f8bc1246af59, $GPVTG,0.3,T,346.2,M,9.922,N,18.376,K,D*1D
2023-07-17T21:35:21.9197508Z, 6dda8203-a249-e411-b0cc-f8bc1246af59, $GPVTG,0.6,T,346.5,M,9.822,N,18.190,K,D*14
2023-07-17T21:35:23.0996245Z, 6dda8203-a249-e411-b0cc-f8bc1246af59, $GPVTG,0.7,T,346.6,M,9.769,N,18.092,K,D*15
2023-07-17T21:35:24.5404361Z, 6dda8203-a249-e411-b0cc-f8bc1246af59, $GPVTG,0.0,T,345.9,M,9.874,N,18.287,K,D*1B
2023-07-17T21:35:25.1100046Z, 6dda8203-a249-e411-b0cc-f8bc1246af59, $GPVTG,359.4,T,345.3,M,9.990,N,18.501,K,D*18
2023-07-17T21:35:26.3505748Z, 6dda8203-a249-e411-b0cc-f8bc1246af59, $GPVTG,359.2,T,345.1,M,9.967,N,18.459,K,D*18
2023-07-17T21:35:27.1419934Z, 6dda8203-a249-e411-b0cc-f8bc1246af59, $GPVTG,359.7,T,345.6,M,9.876,N,18.290,K,D*18
2023-07-17T21:35:28.1102427Z, 6dda8203-a249-e411-b0cc-f8bc1246af59, $GPVTG,0.2,T,346.1,M,9.869,N,18.277,K,D*11
2023-07-17T21:35:29.3509935Z, 6dda8203-a249-e411-b0cc-f8bc1246af59, $GPVTG,0.1,T,346.0,M,9.892,N,18.320,K,D*14
2023-07-17T21:35:30.1405675Z, 6dda8203-a249-e411-b0cc-f8bc1246af59, $GPVTG,359.8,T,345.7,M,9.965,N,18.455,K,D*1A
2023-07-17T21:35:31.1103782Z, 6dda8203-a249-e411-b0cc-f8bc1246af59, $GPVTG,359.5,T,345.4,M,10.109,N,18.722,K,D*2D
2023-07-17T21:35:32.3509810Z, 6dda8203-a249-e411-b0cc-f8bc1246af59, $GPVTG,358.9,T,344.8,M,10.185,N,18.863,K,D*23
2023-07-17T21:35:33.1107017Z, 6dda8203-a249-e411-b0cc-f8bc1246af59, $GPVTG,358.5,T,344.4,M,10.012,N,18.542,K,D*22
2023-07-17T21:35:34.3513670Z, 6dda8203-a249-e411-b0cc-f8bc1246af59, $GPVTG,358.4,T,344.3,M,9.849,N,18.240,K,D*1F
2023-07-17T21:35:35.1907423Z, 6dda8203-a249-e411-b0cc-f8bc1246af59, $GPVTG,359.0,T,344.9,M,9.965,N,18.455,K,D*1D
2023-07-17T21:35:36.3507091Z, 6dda8203-a249-e411-b0cc-f8bc1246af59, $GPVTG,359.6,T,345.5,M,10.142,N,18.783,K,D*2B
2023-07-17T21:35:37.1412547Z, 6dda8203-a249-e411-b0cc-f8bc1246af59, $GPVTG,359.3,T,345.2,M,10.165,N,18.826,K,D*2C
2023-07-17T21:35:38.1111358Z, 6dda8203-a249-e411-b0cc-f8bc1246af59, $GPVTG,358.7,T,344.6,M,10.031,N,18.577,K,D*25
2023-07-17T21:35:39.3509714Z, 6dda8203-a249-e411-b0cc-f8bc1246af59, $GPVTG,358.4,T,344.3,M,9.946,N,18.420,K,D*11
2023-07-17T21:35:40.1509980Z, 6dda8203-a249-e411-b0cc-f8bc1246af59, $GPVTG,358.6,T,344.5,M,9.967,N,18.459,K,D*18
2023-07-17T21:35:41.2114050Z, 6dda8203-a249-e411-b0cc-f8bc1246af59, $GPVTG,358.8,T,344.7,M,10.107,N,18.718,K,D*24
2023-07-17T21:35:42.3396770Z, 6dda8203-a249-e411-b0cc-f8bc1246af59, $GPVTG,358.5,T,344.4,M,10.073,N,18.655,K,D*20
2023-07-17T21:35:43.0892636Z, 6dda8203-a249-e411-b0cc-f8bc1246af59, $GPVTG,358.4,T,344.3,M,9.947,N,18.422,K,D*12
2023-07-17T21:35:44.1245611Z, 6dda8203-a249-e411-b0cc-f8bc1246af59, $GPVTG,358.9,T,344.8,M,10.016,N,18.550,K,D*25
2023-07-17T21:35:45.0844196Z, 6dda8203-a249-e411-b0cc-f8bc1246af59, $GPVTG,359.2,T,345.1,M,10.127,N,18.755,K,D*23
2023-07-17T21:35:46.3240628Z, 6dda8203-a249-e411-b0cc-f8bc1246af59, $GPVTG,358.9,T,344.8,M,10.067,N,18.644,K,D*25
2023-07-17T21:35:47.1843330Z, 6dda8203-a249-e411-b0cc-f8bc1246af59, $GPVTG,358.8,T,344.7,M,10.021,N,18.559,K,D*26
2023-07-17T21:35:48.3243801Z, 6dda8203-a249-e411-b0cc-f8bc1246af59, $GPVTG,359.2,T,345.1,M,10.121,N,18.744,K,D*25
2023-07-17T21:35:49.0840881Z, 6dda8203-a249-e411-b0cc-f8bc1246af59, $GPVTG,359.1,T,345.0,M,10.184,N,18.861,K,D*20
2023-07-17T21:35:50.1251585Z, 6dda8203-a249-e411-b0cc-f8bc1246af59, $GPVTG,358.7,T,344.6,M,10.126,N,18.753,K,D*26
2023-07-17T21:35:51.0849543Z, 6dda8203-a249-e411-b0cc-f8bc1246af59, $GPVTG,358.4,T,344.3,M,10.086,N,18.679,K,D*22
2023-07-17T21:35:52.3246020Z, 6dda8203-a249-e411-b0cc-f8bc1246af59, $GPVTG,358.3,T,344.2,M,10.151,N,18.800,K,D*2F
2023-07-17T21:35:53.1848423Z, 6dda8203-a249-e411-b0cc-f8bc1246af59, $GPVTG,358.7,T,344.6,M,10.180,N,18.853,K,D*25
2023-07-17T21:35:54.3249280Z, 6dda8203-a249-e411-b0cc-f8bc1246af59, $GPVTG,359.2,T,345.1,M,10.110,N,18.724,K,D*21
2023-07-17T21:35:55.0846361Z, 6dda8203-a249-e411-b0cc-f8bc1246af59, $GPVTG,359.3,T,345.2,M,10.022,N,18.561,K,D*20
2023-07-17T21:35:56.3252535Z, 6dda8203-a249-e411-b0cc-f8bc1246af59, $GPVTG,359.4,T,345.3,M,10.069,N,18.648,K,D*21
2023-07-17T21:35:57.0849612Z, 6dda8203-a249-e411-b0cc-f8bc1246af59, $GPVTG,359.1,T,345.0,M,10.184,N,18.861,K,D*20
2023-07-17T21:35:58.3267178Z, 6dda8203-a249-e411-b0cc-f8bc1246af59, $GPVTG,358.5,T,344.4,M,10.131,N,18.763,K,D*23
2023-07-17T21:35:59.0852888Z, 6dda8203-a249-e411-b0cc-f8bc1246af59, $GPVTG,358.1,T,344.0,M,10.046,N,18.605,K,D*23
2023-07-17T21:36:00.1257678Z, 6dda8203-a249-e411-b0cc-f8bc1246af59, $GPVTG,358.7,T,344.6,M,10.096,N,18.698,K,D*2A
2023-07-17T21:36:01.0856754Z, 6dda8203-a249-e411-b0cc-f8bc1246af59, $GPVTG,359.2,T,345.1,M,10.203,N,18.896,K,D*26
2023-07-17T21:36:02.3253207Z, 6dda8203-a249-e411-b0cc-f8bc1246af59, $GPVTG,359.0,T,344.9,M,10.149,N,18.796,K,D*2F
2023-07-17T21:36:03.0850086Z, 6dda8203-a249-e411-b0cc-f8bc1246af59, $GPVTG,358.8,T,344.7,M,10.075,N,18.659,K,D*24
2023-07-17T21:36:04.3256453Z, 6dda8203-a249-e411-b0cc-f8bc1246af59, $GPVTG,359.3,T,345.2,M,10.120,N,18.742,K,D*20
2023-07-17T21:36:05.0853720Z, 6dda8203-a249-e411-b0cc-f8bc1246af59, $GPVTG,359.5,T,345.4,M,10.290,N,19.057,K,D*2A
2023-07-17T21:36:06.3260304Z, 6dda8203-a249-e411-b0cc-f8bc1246af59, $GPVTG,359.1,T,345.0,M,10.268,N,19.016,K,D*28
2023-07-17T21:36:07.1360091Z, 6dda8203-a249-e411-b0cc-f8bc1246af59, $GPVTG,358.3,T,344.2,M,10.112,N,18.727,K,D*22
2023-07-17T21:36:08.0859258Z, 6dda8203-a249-e411-b0cc-f8bc1246af59, $GPVTG,358.0,T,343.9,M,10.118,N,18.739,K,D*28
2023-07-17T21:36:09.3255514Z, 6dda8203-a249-e411-b0cc-f8bc1246af59, $GPVTG,358.5,T,344.4,M,10.261,N,19.003,K,D*25
2023-07-17T21:36:10.1360424Z, 6dda8203-a249-e411-b0cc-f8bc1246af59, $GPVTG,359.4,T,345.3,M,10.282,N,19.042,K,D*2B
2023-07-17T21:36:11.0863877Z, 6dda8203-a249-e411-b0cc-f8bc1246af59, $GPVTG,359.6,T,345.5,M,10.125,N,18.752,K,D*26
2023-07-17T21:36:12.3260197Z, 6dda8203-a249-e411-b0cc-f8bc1246af59, $GPVTG,359.1,T,345.0,M,10.047,N,18.607,K,D*20
2023-07-17T21:36:13.0857138Z, 6dda8203-a249-e411-b0cc-f8bc1246af59, $GPVTG,358.5,T,344.4,M,10.112,N,18.727,K,D*22
2023-07-17T21:36:14.1364558Z, 6dda8203-a249-e411-b0cc-f8bc1246af59, $GPVTG,358.3,T,344.2,M,10.188,N,18.868,K,D*25
2023-07-17T21:36:15.0864169Z, 6dda8203-a249-e411-b0cc-f8bc1246af59, $GPVTG,358.3,T,344.2,M,10.179,N,18.852,K,D*22
2023-07-17T21:36:16.3263385Z, 6dda8203-a249-e411-b0cc-f8bc1246af59, $GPVTG,358.6,T,344.5,M,10.144,N,18.787,K,D*29
2023-07-17T21:36:17.0860435Z, 6dda8203-a249-e411-b0cc-f8bc1246af59, $GPVTG,359.2,T,345.1,M,10.186,N,18.864,K,D*25
2023-07-17T21:36:18.3266694Z, 6dda8203-a249-e411-b0cc-f8bc1246af59, $GPVTG,359.8,T,345.7,M,10.179,N,18.852,K,D*2C
2023-07-17T21:36:19.0863857Z, 6dda8203-a249-e411-b0cc-f8bc1246af59, $GPVTG,359.6,T,345.5,M,10.090,N,18.687,K,D*20
2023-07-17T21:36:20.1368111Z, 6dda8203-a249-e411-b0cc-f8bc1246af59, $GPVTG,358.7,T,344.6,M,10.091,N,18.689,K,D*2D
2023-07-17T21:36:21.1364832Z, 6dda8203-a249-e411-b0cc-f8bc1246af59, $GPVTG,358.1,T,344.0,M,10.279,N,19.037,K,D*2B
2023-07-17T21:36:22.3770623Z, 6dda8203-a249-e411-b0cc-f8bc1246af59, $GPVTG,358.2,T,344.1,M,10.421,N,19.300,K,D*25
2023-07-17T21:36:23.3269701Z, 6dda8203-a249-e411-b0cc-f8bc1246af59, $GPVTG,358.5,T,344.4,M,10.235,N,18.955,K,D*2F
2023-07-17T21:36:24.1374527Z, 6dda8203-a249-e411-b0cc-f8bc1246af59, $GPVTG,359.1,T,345.0,M,9.951,N,18.429,K,D*18
2023-07-17T21:36:25.0873357Z, 6dda8203-a249-e411-b0cc-f8bc1246af59, $GPVTG,359.7,T,345.6,M,9.986,N,18.494,K,D*14
2023-07-17T21:36:26.3269745Z, 6dda8203-a249-e411-b0cc-f8bc1246af59, $GPVTG,0.6,T,346.5,M,10.222,N,18.931,K,D*25
2023-07-17T21:36:27.1374559Z, 6dda8203-a249-e411-b0cc-f8bc1246af59, $GPVTG,0.2,T,346.1,M,10.275,N,19.029,K,D*26
2023-07-17T21:36:28.1470642Z, 6dda8203-a249-e411-b0cc-f8bc1246af59, $GPVTG,359.0,T,344.9,M,10.041,N,18.596,K,D*24
2023-07-17T21:36:29.0870166Z, 6dda8203-a249-e411-b0cc-f8bc1246af59, $GPVTG,358.6,T,344.5,M,9.890,N,18.316,K,D*1D
2023-07-17T21:36:30.3271248Z, 6dda8203-a249-e411-b0cc-f8bc1246af59, $GPVTG,0.0,T,345.9,M,9.964,N,18.453,K,D*14
2023-07-17T21:36:31.1376117Z, 6dda8203-a249-e411-b0cc-f8bc1246af59, $GPVTG,1.1,T,347.0,M,10.100,N,18.705,K,D*2D
2023-07-17T21:36:32.1173591Z, 6dda8203-a249-e411-b0cc-f8bc1246af59, $GPVTG,1.3,T,347.2,M,10.079,N,18.666,K,D*26
2023-07-17T21:36:33.3281005Z, 6dda8203-a249-e411-b0cc-f8bc1246af59, $GPVTG,0.8,T,346.7,M,10.011,N,18.540,K,D*21
2023-07-17T21:36:34.1475317Z, 6dda8203-a249-e411-b0cc-f8bc1246af59, $GPVTG,0.1,T,346.0,M,9.973,N,18.470,K,D*18
2023-07-17T21:36:35.1173665Z, 6dda8203-a249-e411-b0cc-f8bc1246af59, $GPVTG,359.4,T,345.3,M,10.034,N,18.583,K,D*2D
2023-07-17T21:36:36.3280900Z, 6dda8203-a249-e411-b0cc-f8bc1246af59, $GPVTG,359.3,T,345.2,M,10.012,N,18.542,K,D*22
2023-07-17T21:36:37.1476590Z, 6dda8203-a249-e411-b0cc-f8bc1246af59, $GPVTG,0.1,T,346.0,M,9.878,N,18.294,K,D*1E
2023-07-17T21:36:38.1482825Z, 6dda8203-a249-e411-b0cc-f8bc1246af59, $GPVTG,1.2,T,347.1,M,9.908,N,18.350,K,D*13
2023-07-17T21:36:39.1181244Z, 6dda8203-a249-e411-b0cc-f8bc1246af59, $GPVTG,1.5,T,347.4,M,10.131,N,18.763,K,D*2F
2023-07-17T21:36:40.3278794Z, 6dda8203-a249-e411-b0cc-f8bc1246af59, $GPVTG,0.6,T,346.5,M,10.170,N,18.835,K,D*24
2023-07-17T21:36:41.1482861Z, 6dda8203-a249-e411-b0cc-f8bc1246af59, $GPVTG,359.3,T,345.2,M,9.866,N,18.272,K,D*15
2023-07-17T21:36:42.1480134Z, 6dda8203-a249-e411-b0cc-f8bc1246af59, $GPVTG,358.9,T,344.8,M,9.728,N,18.016,K,D*10
2023-07-17T21:36:43.1187822Z, 6dda8203-a249-e411-b0cc-f8bc1246af59, $GPVTG,359.8,T,345.7,M,9.903,N,18.340,K,D*19
2023-07-17T21:36:44.1483741Z, 6dda8203-a249-e411-b0cc-f8bc1246af59, $GPVTG,0.7,T,346.6,M,10.044,N,18.601,K,D*29
2023-07-17T21:36:45.1480404Z, 6dda8203-a249-e411-b0cc-f8bc1246af59, $GPVTG,0.6,T,346.5,M,9.982,N,18.487,K,D*1C
2023-07-17T21:36:46.1287934Z, 6dda8203-a249-e411-b0cc-f8bc1246af59, $GPVTG,0.3,T,346.2,M,9.734,N,18.027,K,D*13
2023-07-17T21:36:47.3286159Z, 6dda8203-a249-e411-b0cc-f8bc1246af59, $GPVTG,0.2,T,346.1,M,9.672,N,17.913,K,D*13
2023-07-17T21:36:48.1490675Z, 6dda8203-a249-e411-b0cc-f8bc1246af59, $GPVTG,0.3,T,346.2,M,9.843,N,18.229,K,D*10
2023-07-17T21:36:49.1288320Z, 6dda8203-a249-e411-b0cc-f8bc1246af59, $GPVTG,0.0,T,345.9,M,9.958,N,18.442,K,D*1B
2023-07-17T21:36:50.3287839Z, 6dda8203-a249-e411-b0cc-f8bc1246af59, $GPVTG,359.4,T,345.3,M,9.821,N,18.188,K,D*16
2023-07-17T21:36:51.1491827Z, 6dda8203-a249-e411-b0cc-f8bc1246af59, $GPVTG,359.2,T,345.1,M,9.619,N,17.814,K,D*14
2023-07-17T21:36:52.1587962Z, 6dda8203-a249-e411-b0cc-f8bc1246af59, $GPVTG,359.4,T,345.3,M,9.630,N,17.835,K,D*18
2023-07-17T21:36:53.1286108Z, 6dda8203-a249-e411-b0cc-f8bc1246af59, $GPVTG,359.5,T,345.4,M,9.779,N,18.111,K,D*12
2023-07-17T21:36:54.1491857Z, 6dda8203-a249-e411-b0cc-f8bc1246af59, $GPVTG,359.0,T,344.9,M,9.871,N,18.281,K,D*16
2023-07-17T21:36:55.1587869Z, 6dda8203-a249-e411-b0cc-f8bc1246af59, $GPVTG,358.6,T,344.5,M,9.769,N,18.092,K,D*1B
2023-07-17T21:36:56.1295952Z, 6dda8203-a249-e411-b0cc-f8bc1246af59, $GPVTG,358.9,T,344.8,M,9.635,N,17.844,K,D*1D
2023-07-17T21:36:57.1592159Z, 6dda8203-a249-e411-b0cc-f8bc1246af59, $GPVTG,359.4,T,345.3,M,9.632,N,17.838,K,D*17
2023-07-17T21:36:58.1588854Z, 6dda8203-a249-e411-b0cc-f8bc1246af59, $GPVTG,359.7,T,345.6,M,9.727,N,18.014,K,D*1D
2023-07-17T21:36:59.1296884Z, 6dda8203-a249-e411-b0cc-f8bc1246af59, $GPVTG,359.5,T,345.4,M,9.860,N,18.261,K,D*11
2023-07-17T21:37:00.1691924Z, 6dda8203-a249-e411-b0cc-f8bc1246af59, $GPVTG,359.0,T,344.9,M,9.919,N,18.370,K,D*16
2023-07-17T21:37:01.1598798Z, 6dda8203-a249-e411-b0cc-f8bc1246af59, $GPVTG,358.7,T,344.6,M,9.811,N,18.170,K,D*14
2023-07-17T21:37:02.1595721Z, 6dda8203-a249-e411-b0cc-f8bc1246af59, $GPVTG,358.6,T,344.5,M,9.711,N,17.985,K,D*14
2023-07-17T21:37:03.1293421Z, 6dda8203-a249-e411-b0cc-f8bc1246af59, $GPVTG,358.6,T,344.5,M,9.717,N,17.996,K,D*10
2023-07-17T21:37:04.1598771Z, 6dda8203-a249-e411-b0cc-f8bc1246af59, $GPVTG,358.3,T,344.2,M,9.840,N,18.224,K,D*12
2023-07-17T21:37:05.1595543Z, 6dda8203-a249-e411-b0cc-f8bc1246af59, $GPVTG,358.2,T,344.1,M,9.861,N,18.263,K,D*10
2023-07-17T21:37:06.1601921Z, 6dda8203-a249-e411-b0cc-f8bc1246af59, $GPVTG,358.4,T,344.3,M,9.745,N,18.048,K,D*16
2023-07-17T21:37:07.1797957Z, 6dda8203-a249-e411-b0cc-f8bc1246af59, $GPVTG,358.7,T,344.6,M,9.745,N,18.048,K,D*10
2023-07-17T21:37:08.1605196Z, 6dda8203-a249-e411-b0cc-f8bc1246af59, $GPVTG,358.8,T,344.7,M,9.900,N,18.335,K,D*18
2023-07-17T21:37:09.1602960Z, 6dda8203-a249-e411-b0cc-f8bc1246af59, $GPVTG,358.7,T,344.6,M,9.920,N,18.372,K,D*17
2023-07-17T21:37:10.1400294Z, 6dda8203-a249-e411-b0cc-f8bc1246af59, $GPVTG,358.5,T,344.4,M,9.707,N,17.977,K,D*1C
2023-07-17T21:37:11.1606234Z, 6dda8203-a249-e411-b0cc-f8bc1246af59, $GPVTG,358.4,T,344.3,M,9.659,N,17.888,K,D*11
2023-07-17T21:37:12.1602931Z, 6dda8203-a249-e411-b0cc-f8bc1246af59, $GPVTG,358.3,T,344.2,M,9.882,N,18.301,K,D*1A
2023-07-17T21:37:13.1401432Z, 6dda8203-a249-e411-b0cc-f8bc1246af59, $GPVTG,358.3,T,344.2,M,10.010,N,18.539,K,D*2C
2023-07-17T21:37:14.1607227Z, 6dda8203-a249-e411-b0cc-f8bc1246af59, $GPVTG,359.0,T,344.9,M,9.858,N,18.257,K,D*16
2023-07-17T21:37:15.1603976Z, 6dda8203-a249-e411-b0cc-f8bc1246af59, $GPVTG,0.1,T,346.0,M,9.710,N,17.983,K,D*1D
2023-07-17T21:37:16.1610836Z, 6dda8203-a249-e411-b0cc-f8bc1246af59, $GPVTG,0.4,T,346.3,M,9.755,N,18.066,K,D*17
2023-07-17T21:37:17.1408450Z, 6dda8203-a249-e411-b0cc-f8bc1246af59, $GPVTG,359.6,T,345.5,M,9.865,N,18.270,K,D*16
2023-07-17T21:37:18.1604309Z, 6dda8203-a249-e411-b0cc-f8bc1246af59, $GPVTG,359.2,T,345.1,M,9.941,N,18.411,K,D*10
2023-07-17T21:37:19.1710145Z, 6dda8203-a249-e411-b0cc-f8bc1246af59, $GPVTG,359.3,T,345.2,M,9.953,N,18.433,K,D*11
2023-07-17T21:37:20.1408417Z, 6dda8203-a249-e411-b0cc-f8bc1246af59, $GPVTG,359.3,T,345.2,M,9.901,N,18.337,K,D*15
2023-07-17T21:37:21.1606647Z, 6dda8203-a249-e411-b0cc-f8bc1246af59, $GPVTG,359.3,T,345.2,M,9.808,N,18.164,K,D*19
2023-07-17T21:37:22.1712786Z, 6dda8203-a249-e411-b0cc-f8bc1246af59, $GPVTG,359.5,T,345.4,M,9.792,N,18.135,K,D*11
2023-07-17T21:37:23.1211285Z, 6dda8203-a249-e411-b0cc-f8bc1246af59, $GPVTG,0.2,T,346.1,M,9.903,N,18.340,K,D*19
2023-07-17T21:37:24.1716209Z, 6dda8203-a249-e411-b0cc-f8bc1246af59, $GPVTG,0.8,T,346.7,M,10.031,N,18.577,K,D*27
2023-07-17T21:37:25.1712976Z, 6dda8203-a249-e411-b0cc-f8bc1246af59, $GPVTG,0.2,T,346.1,M,10.014,N,18.546,K,D*2E
2023-07-17T21:37:26.1411354Z, 6dda8203-a249-e411-b0cc-f8bc1246af59, $GPVTG,359.2,T,345.1,M,9.896,N,18.327,K,D*19
2023-07-17T21:37:27.0909895Z, 6dda8203-a249-e411-b0cc-f8bc1246af59, $GPVTG,358.7,T,344.6,M,9.787,N,18.126,K,D*17
2023-07-17T21:37:27.9014729Z, 6dda8203-a249-e411-b0cc-f8bc1246af59, $GPVTG,359.0,T,344.9,M,9.762,N,18.079,K,D*1E
2023-07-17T21:37:29.1718842Z, 6dda8203-a249-e411-b0cc-f8bc1246af59, $GPVTG,359.4,T,345.3,M,9.921,N,18.374,K,D*16
2023-07-17T21:37:30.0918791Z, 6dda8203-a249-e411-b0cc-f8bc1246af59, $GPVTG,359.6,T,345.5,M,10.141,N,18.781,K,D*2A
2023-07-17T21:37:31.3315324Z, 6dda8203-a249-e411-b0cc-f8bc1246af59, $GPVTG,359.4,T,345.3,M,10.017,N,18.551,K,D*23
2023-07-17T21:37:32.0922166Z, 6dda8203-a249-e411-b0cc-f8bc1246af59, $GPVTG,358.8,T,344.7,M,9.706,N,17.976,K,D*12
2023-07-17T21:37:33.1217681Z, 6dda8203-a249-e411-b0cc-f8bc1246af59, $GPVTG,358.5,T,344.4,M,9.687,N,17.940,K,D*11
2023-07-17T21:37:34.0915570Z, 6dda8203-a249-e411-b0cc-f8bc1246af59, $GPVTG,358.6,T,344.5,M,9.968,N,18.461,K,D*1C
2023-07-17T21:37:35.3321689Z, 6dda8203-a249-e411-b0cc-f8bc1246af59, $GPVTG,358.4,T,344.3,M,10.150,N,18.798,K,D*26
2023-07-17T21:37:36.1217319Z, 6dda8203-a249-e411-b0cc-f8bc1246af59, $GPVTG,358.4,T,344.3,M,10.022,N,18.561,K,D*26
2023-07-17T21:37:37.3324640Z, 6dda8203-a249-e411-b0cc-f8bc1246af59, $GPVTG,358.7,T,344.6,M,9.838,N,18.220,K,D*19
2023-07-17T21:37:38.0922190Z, 6dda8203-a249-e411-b0cc-f8bc1246af59, $GPVTG,359.0,T,344.9,M,9.820,N,18.187,K,D*17
