ACQ Timestamp (Server Time in UTC), MessageID, Data Value For: GNSS-6452-$GPZDA
2023-07-17T21:34:30.0407022Z, 6eda8203-a249-e411-b0cc-f8bc1246af59, $GPZDA,213430.00,17,07,2023,00,00*63
2023-07-17T21:34:30.4261369Z, 6eda8203-a249-e411-b0cc-f8bc1246af59, $GPZDA,213431.00,17,07,2023,00,00*62
2023-07-17T21:34:31.8967454Z, 6eda8203-a249-e411-b0cc-f8bc1246af59, $GPZDA,213432.00,17,07,2023,00,00*61
2023-07-17T21:34:32.8964352Z, 6eda8203-a249-e411-b0cc-f8bc1246af59, $GPZDA,213433.00,17,07,2023,00,00*60
2023-07-17T21:34:33.9468560Z, 6eda8203-a249-e411-b0cc-f8bc1246af59, $GPZDA,213434.00,17,07,2023,00,00*67
2023-07-17T21:34:35.0869264Z, 6eda8203-a249-e411-b0cc-f8bc1246af59, $GPZDA,213435.00,17,07,2023,00,00*66
2023-07-17T21:34:36.1264100Z, 6eda8203-a249-e411-b0cc-f8bc1246af59, $GPZDA,213436.00,17,07,2023,00,00*65
2023-07-17T21:34:36.8970655Z, 6eda8203-a249-e411-b0cc-f8bc1246af59, $GPZDA,213437.00,17,07,2023,00,00*64
2023-07-17T21:34:37.9564441Z, 6eda8203-a249-e411-b0cc-f8bc1246af59, $GPZDA,213438.00,17,07,2023,00,00*6B
2023-07-17T21:34:39.0865688Z, 6eda8203-a249-e411-b0cc-f8bc1246af59, $GPZDA,213439.00,17,07,2023,00,00*6A
2023-07-17T21:34:39.9069862Z, 6eda8203-a249-e411-b0cc-f8bc1246af59, $GPZDA,213440.00,17,07,2023,00,00*64
2023-07-17T21:34:40.9066464Z, 6eda8203-a249-e411-b0cc-f8bc1246af59, $GPZDA,213441.00,17,07,2023,00,00*65
2023-07-17T21:34:41.9571027Z, 6eda8203-a249-e411-b0cc-f8bc1246af59, $GPZDA,213442.00,17,07,2023,00,00*66
2023-07-17T21:34:43.0872413Z, 6eda8203-a249-e411-b0cc-f8bc1246af59, $GPZDA,213443.00,17,07,2023,00,00*67
2023-07-17T21:34:43.9076545Z, 6eda8203-a249-e411-b0cc-f8bc1246af59, $GPZDA,213444.00,17,07,2023,00,00*60
2023-07-17T21:34:44.9073453Z, 6eda8203-a249-e411-b0cc-f8bc1246af59, $GPZDA,213445.00,17,07,2023,00,00*61
2023-07-17T21:34:45.9577758Z, 6eda8203-a249-e411-b0cc-f8bc1246af59, $GPZDA,213446.00,17,07,2023,00,00*62
2023-07-17T21:34:46.4376590Z, 6eda8203-a249-e411-b0cc-f8bc1246af59, $GPZDA,213447.00,17,07,2023,00,00*63
2023-07-17T21:34:47.9073039Z, 6eda8203-a249-e411-b0cc-f8bc1246af59, $GPZDA,213448.00,17,07,2023,00,00*6C
2023-07-17T21:34:48.9580122Z, 6eda8203-a249-e411-b0cc-f8bc1246af59, $GPZDA,213449.00,17,07,2023,00,00*6D
2023-07-17T21:34:49.7177038Z, 6eda8203-a249-e411-b0cc-f8bc1246af59, $GPZDA,213450.00,17,07,2023,00,00*65
2023-07-17T21:34:50.9076649Z, 6eda8203-a249-e411-b0cc-f8bc1246af59, $GPZDA,213451.00,17,07,2023,00,00*64
2023-07-17T21:34:51.9582090Z, 6eda8203-a249-e411-b0cc-f8bc1246af59, $GPZDA,213452.00,17,07,2023,00,00*67
2023-07-17T21:34:53.1082243Z, 6eda8203-a249-e411-b0cc-f8bc1246af59, $GPZDA,213453.00,17,07,2023,00,00*66
2023-07-17T21:34:53.9476974Z, 6eda8203-a249-e411-b0cc-f8bc1246af59, $GPZDA,213454.00,17,07,2023,00,00*61
2023-07-17T21:34:55.0977156Z, 6eda8203-a249-e411-b0cc-f8bc1246af59, $GPZDA,213455.00,17,07,2023,00,00*60
2023-07-17T21:34:55.9580303Z, 6eda8203-a249-e411-b0cc-f8bc1246af59, $GPZDA,213456.00,17,07,2023,00,00*63
2023-07-17T21:34:57.0980888Z, 6eda8203-a249-e411-b0cc-f8bc1246af59, $GPZDA,213457.00,17,07,2023,00,00*62
2023-07-17T21:34:57.9085588Z, 6eda8203-a249-e411-b0cc-f8bc1246af59, $GPZDA,213458.00,17,07,2023,00,00*6D
2023-07-17T21:34:58.9082408Z, 6eda8203-a249-e411-b0cc-f8bc1246af59, $GPZDA,213459.00,17,07,2023,00,00*6C
2023-07-17T21:34:59.8581440Z, 6eda8203-a249-e411-b0cc-f8bc1246af59, $GPZDA,213500.00,17,07,2023,00,00*61
2023-07-17T21:35:00.9085667Z, 6eda8203-a249-e411-b0cc-f8bc1246af59, $GPZDA,213501.00,17,07,2023,00,00*60
2023-07-17T21:35:01.9082533Z, 6eda8203-a249-e411-b0cc-f8bc1246af59, $GPZDA,213502.00,17,07,2023,00,00*63
2023-07-17T21:35:02.9685985Z, 6eda8203-a249-e411-b0cc-f8bc1246af59, $GPZDA,213503.00,17,07,2023,00,00*62
2023-07-17T21:35:04.0987350Z, 6eda8203-a249-e411-b0cc-f8bc1246af59, $GPZDA,213504.00,17,07,2023,00,00*65
2023-07-17T21:35:04.9191390Z, 6eda8203-a249-e411-b0cc-f8bc1246af59, $GPZDA,213505.00,17,07,2023,00,00*64
2023-07-17T21:35:05.9220502Z, 6eda8203-a249-e411-b0cc-f8bc1246af59, $GPZDA,213506.00,17,07,2023,00,00*67
2023-07-17T21:35:06.9284199Z, 6eda8203-a249-e411-b0cc-f8bc1246af59, $GPZDA,213507.00,17,07,2023,00,00*66
2023-07-17T21:35:07.9191243Z, 6eda8203-a249-e411-b0cc-f8bc1246af59, $GPZDA,213508.00,17,07,2023,00,00*69
2023-07-17T21:35:09.1388790Z, 6eda8203-a249-e411-b0cc-f8bc1246af59, $GPZDA,213509.00,17,07,2023,00,00*68
2023-07-17T21:35:09.9692572Z, 6eda8203-a249-e411-b0cc-f8bc1246af59, $GPZDA,213510.00,17,07,2023,00,00*60
2023-07-17T21:35:11.0993706Z, 6eda8203-a249-e411-b0cc-f8bc1246af59, $GPZDA,213511.00,17,07,2023,00,00*61
2023-07-17T21:35:11.9188151Z, 6eda8203-a249-e411-b0cc-f8bc1246af59, $GPZDA,213512.00,17,07,2023,00,00*62
2023-07-17T21:35:12.9194679Z, 6eda8203-a249-e411-b0cc-f8bc1246af59, $GPZDA,213513.00,17,07,2023,00,00*63
2023-07-17T21:35:13.9191611Z, 6eda8203-a249-e411-b0cc-f8bc1246af59, $GPZDA,213514.00,17,07,2023,00,00*64
2023-07-17T21:35:14.9197920Z, 6eda8203-a249-e411-b0cc-f8bc1246af59, $GPZDA,213515.00,17,07,2023,00,00*65
2023-07-17T21:35:16.1793526Z, 6eda8203-a249-e411-b0cc-f8bc1246af59, $GPZDA,213516.00,17,07,2023,00,00*66
2023-07-17T21:35:16.9691992Z, 6eda8203-a249-e411-b0cc-f8bc1246af59, $GPZDA,213517.00,17,07,2023,00,00*67
2023-07-17T21:35:18.1092584Z, 6eda8203-a249-e411-b0cc-f8bc1246af59, $GPZDA,213518.00,17,07,2023,00,00*68
2023-07-17T21:35:18.9197490Z, 6eda8203-a249-e411-b0cc-f8bc1246af59, $GPZDA,213519.00,17,07,2023,00,00*69
2023-07-17T21:35:19.9701829Z, 6eda8203-a249-e411-b0cc-f8bc1246af59, $GPZDA,213520.00,17,07,2023,00,00*63
2023-07-17T21:35:21.4697142Z, 6eda8203-a249-e411-b0cc-f8bc1246af59, $GPZDA,213521.00,17,07,2023,00,00*62
2023-07-17T21:35:22.2005147Z, 6eda8203-a249-e411-b0cc-f8bc1246af59, $GPZDA,213522.00,17,07,2023,00,00*61
2023-07-17T21:35:23.2001896Z, 6eda8203-a249-e411-b0cc-f8bc1246af59, $GPZDA,213523.00,17,07,2023,00,00*60
2023-07-17T21:35:24.2706022Z, 6eda8203-a249-e411-b0cc-f8bc1246af59, $GPZDA,213524.00,17,07,2023,00,00*67
2023-07-17T21:35:24.9197911Z, 6eda8203-a249-e411-b0cc-f8bc1246af59, $GPZDA,213525.00,17,07,2023,00,00*66
2023-07-17T21:35:25.4006939Z, 6eda8203-a249-e411-b0cc-f8bc1246af59, $GPZDA,213526.00,17,07,2023,00,00*65
2023-07-17T21:35:26.8703283Z, 6eda8203-a249-e411-b0cc-f8bc1246af59, $GPZDA,213527.00,17,07,2023,00,00*64
2023-07-17T21:35:27.9200764Z, 6eda8203-a249-e411-b0cc-f8bc1246af59, $GPZDA,213528.00,17,07,2023,00,00*6B
2023-07-17T21:35:29.0702329Z, 6eda8203-a249-e411-b0cc-f8bc1246af59, $GPZDA,213529.00,17,07,2023,00,00*6A
2023-07-17T21:35:29.8707330Z, 6eda8203-a249-e411-b0cc-f8bc1246af59, $GPZDA,213530.00,17,07,2023,00,00*62
2023-07-17T21:35:30.9301211Z, 6eda8203-a249-e411-b0cc-f8bc1246af59, $GPZDA,213531.00,17,07,2023,00,00*63
2023-07-17T21:35:31.4011008Z, 6eda8203-a249-e411-b0cc-f8bc1246af59, $GPZDA,213532.00,17,07,2023,00,00*60
2023-07-17T21:35:32.9205428Z, 6eda8203-a249-e411-b0cc-f8bc1246af59, $GPZDA,213533.00,17,07,2023,00,00*61
2023-07-17T21:35:33.4004943Z, 6eda8203-a249-e411-b0cc-f8bc1246af59, $GPZDA,213534.00,17,07,2023,00,00*66
2023-07-17T21:35:34.9209058Z, 6eda8203-a249-e411-b0cc-f8bc1246af59, $GPZDA,213535.00,17,07,2023,00,00*67
2023-07-17T21:35:35.4008173Z, 6eda8203-a249-e411-b0cc-f8bc1246af59, $GPZDA,213536.00,17,07,2023,00,00*64
2023-07-17T21:35:36.8813630Z, 6eda8203-a249-e411-b0cc-f8bc1246af59, $GPZDA,213537.00,17,07,2023,00,00*65
2023-07-17T21:35:37.9309462Z, 6eda8203-a249-e411-b0cc-f8bc1246af59, $GPZDA,213538.00,17,07,2023,00,00*6A
2023-07-17T21:35:38.4008919Z, 6eda8203-a249-e411-b0cc-f8bc1246af59, $GPZDA,213539.00,17,07,2023,00,00*6B
2023-07-17T21:35:39.8816319Z, 6eda8203-a249-e411-b0cc-f8bc1246af59, $GPZDA,213540.00,17,07,2023,00,00*65
2023-07-17T21:35:40.9316101Z, 6eda8203-a249-e411-b0cc-f8bc1246af59, $GPZDA,213541.00,17,07,2023,00,00*64
2023-07-17T21:35:41.4015708Z, 6eda8203-a249-e411-b0cc-f8bc1246af59, $GPZDA,213542.00,17,07,2023,00,00*67
2023-07-17T21:35:42.9115208Z, 6eda8203-a249-e411-b0cc-f8bc1246af59, $GPZDA,213543.00,17,07,2023,00,00*66
2023-07-17T21:35:44.0439780Z, 6eda8203-a249-e411-b0cc-f8bc1246af59, $GPZDA,213544.00,17,07,2023,00,00*61
2023-07-17T21:35:44.9042162Z, 6eda8203-a249-e411-b0cc-f8bc1246af59, $GPZDA,213545.00,17,07,2023,00,00*60
2023-07-17T21:35:45.3741776Z, 6eda8203-a249-e411-b0cc-f8bc1246af59, $GPZDA,213546.00,17,07,2023,00,00*63
2023-07-17T21:35:46.9045225Z, 6eda8203-a249-e411-b0cc-f8bc1246af59, $GPZDA,213547.00,17,07,2023,00,00*62
2023-07-17T21:35:47.3745071Z, 6eda8203-a249-e411-b0cc-f8bc1246af59, $GPZDA,213548.00,17,07,2023,00,00*6D
2023-07-17T21:35:48.9048490Z, 6eda8203-a249-e411-b0cc-f8bc1246af59, $GPZDA,213549.00,17,07,2023,00,00*6C
2023-07-17T21:35:50.0449265Z, 6eda8203-a249-e411-b0cc-f8bc1246af59, $GPZDA,213550.00,17,07,2023,00,00*64
2023-07-17T21:35:50.9042006Z, 6eda8203-a249-e411-b0cc-f8bc1246af59, $GPZDA,213551.00,17,07,2023,00,00*65
2023-07-17T21:35:51.3747069Z, 6eda8203-a249-e411-b0cc-f8bc1246af59, $GPZDA,213552.00,17,07,2023,00,00*66
2023-07-17T21:35:52.9050727Z, 6eda8203-a249-e411-b0cc-f8bc1246af59, $GPZDA,213553.00,17,07,2023,00,00*67
2023-07-17T21:35:53.3750288Z, 6eda8203-a249-e411-b0cc-f8bc1246af59, $GPZDA,213554.00,17,07,2023,00,00*60
2023-07-17T21:35:54.9053995Z, 6eda8203-a249-e411-b0cc-f8bc1246af59, $GPZDA,213555.00,17,07,2023,00,00*61
2023-07-17T21:35:55.3753555Z, 6eda8203-a249-e411-b0cc-f8bc1246af59, $GPZDA,213556.00,17,07,2023,00,00*62
2023-07-17T21:35:56.9146638Z, 6eda8203-a249-e411-b0cc-f8bc1246af59, $GPZDA,213557.00,17,07,2023,00,00*63
2023-07-17T21:35:57.3746929Z, 6eda8203-a249-e411-b0cc-f8bc1246af59, $GPZDA,213558.00,17,07,2023,00,00*6C
2023-07-17T21:35:58.9050636Z, 6eda8203-a249-e411-b0cc-f8bc1246af59, $GPZDA,213559.00,17,07,2023,00,00*6D
2023-07-17T21:36:00.0451368Z, 6eda8203-a249-e411-b0cc-f8bc1246af59, $GPZDA,213600.00,17,07,2023,00,00*62
2023-07-17T21:36:00.9154328Z, 6eda8203-a249-e411-b0cc-f8bc1246af59, $GPZDA,213601.00,17,07,2023,00,00*63
2023-07-17T21:36:01.3801599Z, 6eda8203-a249-e411-b0cc-f8bc1246af59, $GPZDA,213602.00,17,07,2023,00,00*60
2023-07-17T21:36:02.9157288Z, 6eda8203-a249-e411-b0cc-f8bc1246af59, $GPZDA,213603.00,17,07,2023,00,00*61
2023-07-17T21:36:03.3757629Z, 6eda8203-a249-e411-b0cc-f8bc1246af59, $GPZDA,213604.00,17,07,2023,00,00*66
2023-07-17T21:36:04.9160531Z, 6eda8203-a249-e411-b0cc-f8bc1246af59, $GPZDA,213605.00,17,07,2023,00,00*67
2023-07-17T21:36:05.3761656Z, 6eda8203-a249-e411-b0cc-f8bc1246af59, $GPZDA,213606.00,17,07,2023,00,00*64
2023-07-17T21:36:06.8661733Z, 6eda8203-a249-e411-b0cc-f8bc1246af59, $GPZDA,213607.00,17,07,2023,00,00*65
2023-07-17T21:36:07.9156728Z, 6eda8203-a249-e411-b0cc-f8bc1246af59, $GPZDA,213608.00,17,07,2023,00,00*6A
2023-07-17T21:36:08.3756700Z, 6eda8203-a249-e411-b0cc-f8bc1246af59, $GPZDA,213609.00,17,07,2023,00,00*6B
2023-07-17T21:36:10.1061474Z, 6eda8203-a249-e411-b0cc-f8bc1246af59, $GPZDA,213610.00,17,07,2023,00,00*63
2023-07-17T21:36:10.9161347Z, 6eda8203-a249-e411-b0cc-f8bc1246af59, $GPZDA,213611.00,17,07,2023,00,00*62
2023-07-17T21:36:11.3761396Z, 6eda8203-a249-e411-b0cc-f8bc1246af59, $GPZDA,213612.00,17,07,2023,00,00*61
2023-07-17T21:36:12.9164655Z, 6eda8203-a249-e411-b0cc-f8bc1246af59, $GPZDA,213613.00,17,07,2023,00,00*60
2023-07-17T21:36:14.0558190Z, 6eda8203-a249-e411-b0cc-f8bc1246af59, $GPZDA,213614.00,17,07,2023,00,00*67
2023-07-17T21:36:14.9160899Z, 6eda8203-a249-e411-b0cc-f8bc1246af59, $GPZDA,213615.00,17,07,2023,00,00*66
2023-07-17T21:36:15.3761042Z, 6eda8203-a249-e411-b0cc-f8bc1246af59, $GPZDA,213616.00,17,07,2023,00,00*65
2023-07-17T21:36:16.9167574Z, 6eda8203-a249-e411-b0cc-f8bc1246af59, $GPZDA,213617.00,17,07,2023,00,00*64
2023-07-17T21:36:17.3767702Z, 6eda8203-a249-e411-b0cc-f8bc1246af59, $GPZDA,213618.00,17,07,2023,00,00*6B
2023-07-17T21:36:18.9170867Z, 6eda8203-a249-e411-b0cc-f8bc1246af59, $GPZDA,213619.00,17,07,2023,00,00*6A
2023-07-17T21:36:20.0571740Z, 6eda8203-a249-e411-b0cc-f8bc1246af59, $GPZDA,213620.00,17,07,2023,00,00*60
2023-07-17T21:36:20.8666482Z, 6eda8203-a249-e411-b0cc-f8bc1246af59, $GPZDA,213621.00,17,07,2023,00,00*61
2023-07-17T21:36:21.9270140Z, 6eda8203-a249-e411-b0cc-f8bc1246af59, $GPZDA,213622.00,17,07,2023,00,00*62
2023-07-17T21:36:22.6867388Z, 6eda8203-a249-e411-b0cc-f8bc1246af59, $GPZDA,213623.00,17,07,2023,00,00*63
2023-07-17T21:36:23.8666488Z, 6eda8203-a249-e411-b0cc-f8bc1246af59, $GPZDA,213624.00,17,07,2023,00,00*64
2023-07-17T21:36:24.9270089Z, 6eda8203-a249-e411-b0cc-f8bc1246af59, $GPZDA,213625.00,17,07,2023,00,00*65
2023-07-17T21:36:25.3770807Z, 6eda8203-a249-e411-b0cc-f8bc1246af59, $GPZDA,213626.00,17,07,2023,00,00*66
2023-07-17T21:36:26.8676147Z, 6eda8203-a249-e411-b0cc-f8bc1246af59, $GPZDA,213627.00,17,07,2023,00,00*67
2023-07-17T21:36:27.8772532Z, 6eda8203-a249-e411-b0cc-f8bc1246af59, $GPZDA,213628.00,17,07,2023,00,00*68
2023-07-17T21:36:28.9276901Z, 6eda8203-a249-e411-b0cc-f8bc1246af59, $GPZDA,213629.00,17,07,2023,00,00*69
2023-07-17T21:36:29.3777349Z, 6eda8203-a249-e411-b0cc-f8bc1246af59, $GPZDA,213630.00,17,07,2023,00,00*61
2023-07-17T21:36:30.8776989Z, 6eda8203-a249-e411-b0cc-f8bc1246af59, $GPZDA,213631.00,17,07,2023,00,00*60
2023-07-17T21:36:31.9271836Z, 6eda8203-a249-e411-b0cc-f8bc1246af59, $GPZDA,213632.00,17,07,2023,00,00*63
2023-07-17T21:36:32.3971523Z, 6eda8203-a249-e411-b0cc-f8bc1246af59, $GPZDA,213633.00,17,07,2023,00,00*62
2023-07-17T21:36:33.8777191Z, 6eda8203-a249-e411-b0cc-f8bc1246af59, $GPZDA,213634.00,17,07,2023,00,00*65
2023-07-17T21:36:34.9281567Z, 6eda8203-a249-e411-b0cc-f8bc1246af59, $GPZDA,213635.00,17,07,2023,00,00*64
2023-07-17T21:36:35.4080798Z, 6eda8203-a249-e411-b0cc-f8bc1246af59, $GPZDA,213636.00,17,07,2023,00,00*67
2023-07-17T21:36:36.8778358Z, 6eda8203-a249-e411-b0cc-f8bc1246af59, $GPZDA,213637.00,17,07,2023,00,00*66
2023-07-17T21:36:37.8774716Z, 6eda8203-a249-e411-b0cc-f8bc1246af59, $GPZDA,213638.00,17,07,2023,00,00*69
2023-07-17T21:36:38.9279298Z, 6eda8203-a249-e411-b0cc-f8bc1246af59, $GPZDA,213639.00,17,07,2023,00,00*68
2023-07-17T21:36:39.4078809Z, 6eda8203-a249-e411-b0cc-f8bc1246af59, $GPZDA,213640.00,17,07,2023,00,00*66
2023-07-17T21:36:40.8784587Z, 6eda8203-a249-e411-b0cc-f8bc1246af59, $GPZDA,213641.00,17,07,2023,00,00*67
2023-07-17T21:36:41.8781705Z, 6eda8203-a249-e411-b0cc-f8bc1246af59, $GPZDA,213642.00,17,07,2023,00,00*64
2023-07-17T21:36:42.9286077Z, 6eda8203-a249-e411-b0cc-f8bc1246af59, $GPZDA,213643.00,17,07,2023,00,00*65
2023-07-17T21:36:44.0687289Z, 6eda8203-a249-e411-b0cc-f8bc1246af59, $GPZDA,213644.00,17,07,2023,00,00*62
2023-07-17T21:36:44.8782311Z, 6eda8203-a249-e411-b0cc-f8bc1246af59, $GPZDA,213645.00,17,07,2023,00,00*63
2023-07-17T21:36:45.9286832Z, 6eda8203-a249-e411-b0cc-f8bc1246af59, $GPZDA,213646.00,17,07,2023,00,00*60
2023-07-17T21:36:46.4086094Z, 6eda8203-a249-e411-b0cc-f8bc1246af59, $GPZDA,213647.00,17,07,2023,00,00*61
2023-07-17T21:36:47.8782360Z, 6eda8203-a249-e411-b0cc-f8bc1246af59, $GPZDA,213648.00,17,07,2023,00,00*6E
2023-07-17T21:36:48.9386167Z, 6eda8203-a249-e411-b0cc-f8bc1246af59, $GPZDA,213649.00,17,07,2023,00,00*6F
2023-07-17T21:36:49.4086021Z, 6eda8203-a249-e411-b0cc-f8bc1246af59, $GPZDA,213650.00,17,07,2023,00,00*67
2023-07-17T21:36:50.8793601Z, 6eda8203-a249-e411-b0cc-f8bc1246af59, $GPZDA,213651.00,17,07,2023,00,00*66
2023-07-17T21:36:51.8889948Z, 6eda8203-a249-e411-b0cc-f8bc1246af59, $GPZDA,213652.00,17,07,2023,00,00*65
2023-07-17T21:36:52.9393959Z, 6eda8203-a249-e411-b0cc-f8bc1246af59, $GPZDA,213653.00,17,07,2023,00,00*64
2023-07-17T21:36:54.0695337Z, 6eda8203-a249-e411-b0cc-f8bc1246af59, $GPZDA,213654.00,17,07,2023,00,00*63
2023-07-17T21:36:54.8889588Z, 6eda8203-a249-e411-b0cc-f8bc1246af59, $GPZDA,213655.00,17,07,2023,00,00*62
2023-07-17T21:36:55.9394088Z, 6eda8203-a249-e411-b0cc-f8bc1246af59, $GPZDA,213656.00,17,07,2023,00,00*61
2023-07-17T21:36:57.0795499Z, 6eda8203-a249-e411-b0cc-f8bc1246af59, $GPZDA,213657.00,17,07,2023,00,00*60
2023-07-17T21:36:57.8890756Z, 6eda8203-a249-e411-b0cc-f8bc1246af59, $GPZDA,213658.00,17,07,2023,00,00*6F
2023-07-17T21:36:58.9395131Z, 6eda8203-a249-e411-b0cc-f8bc1246af59, $GPZDA,213659.00,17,07,2023,00,00*6E
2023-07-17T21:37:00.0895220Z, 6eda8203-a249-e411-b0cc-f8bc1246af59, $GPZDA,213700.00,17,07,2023,00,00*63
2023-07-17T21:37:00.8900418Z, 6eda8203-a249-e411-b0cc-f8bc1246af59, $GPZDA,213701.00,17,07,2023,00,00*62
2023-07-17T21:37:01.8897334Z, 6eda8203-a249-e411-b0cc-f8bc1246af59, $GPZDA,213702.00,17,07,2023,00,00*61
2023-07-17T21:37:02.9401547Z, 6eda8203-a249-e411-b0cc-f8bc1246af59, $GPZDA,213703.00,17,07,2023,00,00*60
2023-07-17T21:37:04.0801918Z, 6eda8203-a249-e411-b0cc-f8bc1246af59, $GPZDA,213704.00,17,07,2023,00,00*67
2023-07-17T21:37:04.8897173Z, 6eda8203-a249-e411-b0cc-f8bc1246af59, $GPZDA,213705.00,17,07,2023,00,00*66
2023-07-17T21:37:05.8903658Z, 6eda8203-a249-e411-b0cc-f8bc1246af59, $GPZDA,213706.00,17,07,2023,00,00*65
2023-07-17T21:37:07.1300125Z, 6eda8203-a249-e411-b0cc-f8bc1246af59, $GPZDA,213707.00,17,07,2023,00,00*64
2023-07-17T21:37:07.8897193Z, 6eda8203-a249-e411-b0cc-f8bc1246af59, $GPZDA,213708.00,17,07,2023,00,00*6B
2023-07-17T21:37:08.8904598Z, 6eda8203-a249-e411-b0cc-f8bc1246af59, $GPZDA,213709.00,17,07,2023,00,00*6A
2023-07-17T21:37:09.9399260Z, 6eda8203-a249-e411-b0cc-f8bc1246af59, $GPZDA,213710.00,17,07,2023,00,00*62
2023-07-17T21:37:11.0799977Z, 6eda8203-a249-e411-b0cc-f8bc1246af59, $GPZDA,213711.00,17,07,2023,00,00*63
2023-07-17T21:37:11.8904630Z, 6eda8203-a249-e411-b0cc-f8bc1246af59, $GPZDA,213712.00,17,07,2023,00,00*60
2023-07-17T21:37:12.9408962Z, 6eda8203-a249-e411-b0cc-f8bc1246af59, $GPZDA,213713.00,17,07,2023,00,00*61
2023-07-17T21:37:14.0800883Z, 6eda8203-a249-e411-b0cc-f8bc1246af59, $GPZDA,213714.00,17,07,2023,00,00*66
2023-07-17T21:37:14.9004970Z, 6eda8203-a249-e411-b0cc-f8bc1246af59, $GPZDA,213715.00,17,07,2023,00,00*67
2023-07-17T21:37:15.9002065Z, 6eda8203-a249-e411-b0cc-f8bc1246af59, $GPZDA,213716.00,17,07,2023,00,00*64
2023-07-17T21:37:16.9506416Z, 6eda8203-a249-e411-b0cc-f8bc1246af59, $GPZDA,213717.00,17,07,2023,00,00*65
2023-07-17T21:37:18.0807735Z, 6eda8203-a249-e411-b0cc-f8bc1246af59, $GPZDA,213718.00,17,07,2023,00,00*6A
2023-07-17T21:37:18.9012152Z, 6eda8203-a249-e411-b0cc-f8bc1246af59, $GPZDA,213719.00,17,07,2023,00,00*6B
2023-07-17T21:37:19.9506805Z, 6eda8203-a249-e411-b0cc-f8bc1246af59, $GPZDA,213720.00,17,07,2023,00,00*61
2023-07-17T21:37:21.0907080Z, 6eda8203-a249-e411-b0cc-f8bc1246af59, $GPZDA,213721.00,17,07,2023,00,00*60
2023-07-17T21:37:21.9014473Z, 6eda8203-a249-e411-b0cc-f8bc1246af59, $GPZDA,213722.00,17,07,2023,00,00*63
2023-07-17T21:37:22.9509164Z, 6eda8203-a249-e411-b0cc-f8bc1246af59, $GPZDA,213723.00,17,07,2023,00,00*62
2023-07-17T21:37:24.0909843Z, 6eda8203-a249-e411-b0cc-f8bc1246af59, $GPZDA,213724.00,17,07,2023,00,00*65
2023-07-17T21:37:24.9014783Z, 6eda8203-a249-e411-b0cc-f8bc1246af59, $GPZDA,213725.00,17,07,2023,00,00*64
2023-07-17T21:37:25.9509313Z, 6eda8203-a249-e411-b0cc-f8bc1246af59, $GPZDA,213726.00,17,07,2023,00,00*67
2023-07-17T21:37:27.1915238Z, 6eda8203-a249-e411-b0cc-f8bc1246af59, $GPZDA,213727.00,17,07,2023,00,00*66
2023-07-17T21:37:28.1912064Z, 6eda8203-a249-e411-b0cc-f8bc1246af59, $GPZDA,213728.00,17,07,2023,00,00*69
2023-07-17T21:37:28.9017845Z, 6eda8203-a249-e411-b0cc-f8bc1246af59, $GPZDA,213729.00,17,07,2023,00,00*68
2023-07-17T21:37:29.8519326Z, 6eda8203-a249-e411-b0cc-f8bc1246af59, $GPZDA,213730.00,17,07,2023,00,00*60
2023-07-17T21:37:30.3816390Z, 6eda8203-a249-e411-b0cc-f8bc1246af59, $GPZDA,213731.00,17,07,2023,00,00*61
2023-07-17T21:37:31.9020436Z, 6eda8203-a249-e411-b0cc-f8bc1246af59, $GPZDA,213732.00,17,07,2023,00,00*62
2023-07-17T21:37:33.0421045Z, 6eda8203-a249-e411-b0cc-f8bc1246af59, $GPZDA,213733.00,17,07,2023,00,00*63
2023-07-17T21:37:33.9023684Z, 6eda8203-a249-e411-b0cc-f8bc1246af59, $GPZDA,213734.00,17,07,2023,00,00*64
2023-07-17T21:37:34.3822562Z, 6eda8203-a249-e411-b0cc-f8bc1246af59, $GPZDA,213735.00,17,07,2023,00,00*65
2023-07-17T21:37:35.9525584Z, 6eda8203-a249-e411-b0cc-f8bc1246af59, $GPZDA,213736.00,17,07,2023,00,00*66
2023-07-17T21:37:36.4025196Z, 6eda8203-a249-e411-b0cc-f8bc1246af59, $GPZDA,213737.00,17,07,2023,00,00*67
2023-07-17T21:37:37.9020432Z, 6eda8203-a249-e411-b0cc-f8bc1246af59, $GPZDA,213738.00,17,07,2023,00,00*68
