ACQ Timestamp (Server Time in UTC), MessageID, Data Value For: GNSS-6452-$GPVTG
2023-07-17T23:57:10.3566806Z, 6dda8203-a249-e411-b0cc-f8bc1246af59, $GPVTG,1.2,T,347.0,M,8.815,N,16.325,K,A*17
2023-07-17T23:57:11.1263016Z, 6dda8203-a249-e411-b0cc-f8bc1246af59, $GPVTG,1.5,T,347.3,M,8.871,N,16.429,K,A*1A
2023-07-17T23:57:12.3659022Z, 6dda8203-a249-e411-b0cc-f8bc1246af59, $GPVTG,1.9,T,347.7,M,8.823,N,16.340,K,D*18
2023-07-17T23:57:13.1266179Z, 6dda8203-a249-e411-b0cc-f8bc1246af59, $GPVTG,2.1,T,347.9,M,8.682,N,16.079,K,D*11
2023-07-17T23:57:14.3662221Z, 6dda8203-a249-e411-b0cc-f8bc1246af59, $GPVTG,2.3,T,348.1,M,8.803,N,16.303,K,D*1D
2023-07-17T23:57:15.2563610Z, 6dda8203-a249-e411-b0cc-f8bc1246af59, $GPVTG,2.3,T,348.1,M,9.053,N,16.766,K,D*16
2023-07-17T23:57:16.3665568Z, 6dda8203-a249-e411-b0cc-f8bc1246af59, $GPVTG,1.8,T,347.6,M,9.003,N,16.674,K,D*11
2023-07-17T23:57:17.1262561Z, 6dda8203-a249-e411-b0cc-f8bc1246af59, $GPVTG,2.2,T,348.0,M,8.707,N,16.125,K,D*10
2023-07-17T23:57:18.3668729Z, 6dda8203-a249-e411-b0cc-f8bc1246af59, $GPVTG,3.2,T,349.0,M,8.596,N,15.920,K,D*14
2023-07-17T23:57:19.1265972Z, 6dda8203-a249-e411-b0cc-f8bc1246af59, $GPVTG,3.4,T,349.2,M,8.819,N,16.333,K,D*11
2023-07-17T23:57:20.3572766Z, 6dda8203-a249-e411-b0cc-f8bc1246af59, $GPVTG,2.6,T,348.4,M,8.958,N,16.590,K,D*1E
2023-07-17T23:57:21.1269411Z, 6dda8203-a249-e411-b0cc-f8bc1246af59, $GPVTG,2.6,T,348.4,M,8.843N,16,.377,K,D*1A
2023-07-17T23:57:22.1573962Z, 6dda8203-a249-e411-b0cc-f8bc1246af59, $GPVTG,3.6,T,349.4,M,8.704,N,16.120,K,D*16
2023-07-17T23:57:23.3572524Z, 6dda8203-a249-e411-b0cc-f8bc1246af59, $GPVTG,4.1,T,349.9,M,8.728,N,16.164,K,D*15
2023-07-17T23:57:24.1269025Z, 6dda8203-a249-e411-b0cc-f8bc1246af59, $GPVTG,3.3,T,349.1,M,8.779,N,16.259,K,D*11
2023-07-17T23:57:25.3575878Z, 6dda8203-a249-e411-b0cc-f8bc1246af59, $GPVTG,2.9,T,348.7,M,8.773,N,16.248,K,D*17
2023-07-17T23:57:26.1272508Z, 6dda8203-a249-e411-b0cc-f8bc1246af59, $GPVTG,3.2,T,349.0,M,8.800,N,16.298,K,D*1D
2023-07-17T23:57:27.3578887Z, 6dda8203-a249-e411-b0cc-f8bc1246af59, $GPVTG,3.8,T,349.6,M,8.860,N,16.409,K,D*19
2023-07-17T23:57:28.1574556Z, 6dda8203-a249-e411-b0cc-f8bc1246af59, $GPVTG,3.6,T,349.4,M,8.822,N,16.338,K,D*16
2023-07-17T23:57:29.3671769Z, 6dda8203-a249-e411-b0cc-f8bc1246af59, $GPVTG,2.9,T,348.7,M,8.793,N,16.285,K,D*18
2023-07-17T23:57:30.1278838Z, 6dda8203-a249-e411-b0cc-f8bc1246af59, $GPVTG,2.5,T,348.3,M,8.877,N,16.440,K,D*1A
2023-07-17T23:57:31.3675129Z, 6dda8203-a249-e411-b0cc-f8bc1246af59, $GPVTG,2.5,T,348.3,M,8.889,N,16.462,K,D*1B
2023-07-17T23:57:32.2875050Z, 6dda8203-a249-e411-b0cc-f8bc1246af59, $GPVTG,2.9,T,348.7,M,8.732,N,16.172,K,D*18
2023-07-17T23:57:33.3578996Z, 6dda8203-a249-e411-b0cc-f8bc1246af59, $GPVTG,3.7,T,349.5,M,8.688,N,16.090,K,D*19
2023-07-17T23:57:34.1275541Z, 6dda8203-a249-e411-b0cc-f8bc1246af59, $GPVTG,4.2,T,350.0,M,8.859,N,16.407,K,D*1E
2023-07-17T23:57:35.3582164Z, 6dda8203-a249-e411-b0cc-f8bc1246af59, $GPVTG,3.5,T,349.3,M,9.019,N,16.703,K,D*1F
2023-07-17T23:57:36.1278754Z, 6dda8203-a249-e411-b0cc-f8bc1246af59, $GPVTG,1.7,T,347.5,M,8.859,N,16.407,K,D*1D
2023-07-17T23:57:37.3585193Z, 6dda8203-a249-e411-b0cc-f8bc1246af59, $GPVTG,0.7,T,346.5,M,8.644,N,16.009,K,D*15
2023-07-17T23:57:38.1282171Z, 6dda8203-a249-e411-b0cc-f8bc1246af59, $GPVTG,0.6,T,346.4,M,8.519,N,15.777,K,D*13
2023-07-17T23:57:39.3678250Z, 6dda8203-a249-e411-b0cc-f8bc1246af59, $GPVTG,2.0,T,347.8,M,8.644,N,16.009,K,D*1C
2023-07-17T23:57:40.1285175Z, 6dda8203-a249-e411-b0cc-f8bc1246af59, $GPVTG,2.5,T,348.3,M,8.793,N,16.285,K,D*10
2023-07-17T23:57:41.3582164Z, 6dda8203-a249-e411-b0cc-f8bc1246af59, $GPVTG,2.1,T,347.9,M,8.814,N,16.324,K,D*1B
2023-07-17T23:57:42.1687075Z, 6dda8203-a249-e411-b0cc-f8bc1246af59, $GPVTG,1.4,T,347.2,M,8.744,N,16.194,K,D*15
2023-07-17T23:57:43.3784167Z, 6dda8203-a249-e411-b0cc-f8bc1246af59, $GPVTG,1.5,T,347.3,M,8.677,N,16.070,K,D*1F
2023-07-17T23:57:44.3681200Z, 6dda8203-a249-e411-b0cc-f8bc1246af59, $GPVTG,1.7,T,347.5,M,8.715,N,16.140,K,D*1C
2023-07-17T23:57:45.1687065Z, 6dda8203-a249-e411-b0cc-f8bc1246af59, $GPVTG,1.2,T,347.0,M,8.829,N,16.351,K,D*1E
2023-07-17T23:57:46.1284999Z, 6dda8203-a249-e411-b0cc-f8bc1246af59, $GPVTG,0.9,T,346.7,M,8.953,N,16.581,K,D*15
2023-07-17T23:57:47.3989501Z, 6dda8203-a249-e411-b0cc-f8bc1246af59, $GPVTG,1.2,T,347.0,M,8.929,N,16.537,K,D*19
2023-07-17T23:57:48.1686768Z, 6dda8203-a249-e411-b0cc-f8bc1246af59, $GPVTG,1.6,T,347.4,M,8.792,N,16.283,K,D*1F
2023-07-17T23:57:49.1284922Z, 6dda8203-a249-e411-b0cc-f8bc1246af59, $GPVTG,1.7,T,347.5,M,8.737,N,16.181,K,D*11
2023-07-17T23:57:50.3989754Z, 6dda8203-a249-e411-b0cc-f8bc1246af59, $GPVTG,1.7,T,347.5,M,8.830,N,16.353,K,D*14
2023-07-17T23:57:51.1686660Z, 6dda8203-a249-e411-b0cc-f8bc1246af59, $GPVTG,1.6,T,347.4,M,8.872,N,16.431,K,D*11
2023-07-17T23:57:52.1693110Z, 6dda8203-a249-e411-b0cc-f8bc1246af59, $GPVTG,1.4,T,347.2,M,8.901,N,16.485,K,D*1F
2023-07-17T23:57:53.1291713Z, 6dda8203-a249-e411-b0cc-f8bc1246af59, $GPVTG,1.1,T,346.9,M,8.976,N,16.624,K,D*19
2023-07-17T23:57:54.3996296Z, 6dda8203-a249-e411-b0cc-f8bc1246af59, $GPVTG,1.1,T,346.9,M,8.921,N,16.522,K,D*1E
2023-07-17T23:57:55.1693118Z, 6dda8203-a249-e411-b0cc-f8bc1246af59, $GPVTG,1.6,T,347.4,M,8.765,N,16.233,K,D*1C
2023-07-17T23:57:56.2197262Z, 6dda8203-a249-e411-b0cc-f8bc1246af59, $GPVTG,2.1,T,347.9,M,8.760,N,16.224,K,D*16
2023-07-17T23:57:57.3598174Z, 6dda8203-a249-e411-b0cc-f8bc1246af59, $GPVTG,2.1,T,347.9,M,8.953,N,16.581,K,D*10
2023-07-17T23:57:58.1693056Z, 6dda8203-a249-e411-b0cc-f8bc1246af59, $GPVTG,1.5,T,347.3,M,9.114,N,16.879,K,D*1D
2023-07-17T23:57:59.1301079Z, 6dda8203-a249-e411-b0cc-f8bc1246af59, $GPVTG,1.3,T,347.1,M,9.035,N,16.733,K,D*1A
2023-07-17T23:58:00.3598214Z, 6dda8203-a249-e411-b0cc-f8bc1246af59, $GPVTG,2.0,T,347.8,M,8.714,N,16.138,K,D*1B
2023-07-17T23:58:01.1294627Z, 6dda8203-a249-e411-b0cc-f8bc1246af59, $GPVTG,3.0,T,348.8,M,8.562,N,15.857,K,D*15
2023-07-17T23:58:02.3601443Z, 6dda8203-a249-e411-b0cc-f8bc1246af59, $GPVTG,3.6,T,349.4,M,8.829,N,16.351,K,D*12
2023-07-17T23:58:03.1297909Z, 6dda8203-a249-e411-b0cc-f8bc1246af59, $GPVTG,3.1,T,348.9,M,9.082,N,16.820,K,D*1C
2023-07-17T23:58:04.1802303Z, 6dda8203-a249-e411-b0cc-f8bc1246af59, $GPVTG,2.0,T,347.8,M,8.924,N,16.527,K,D*1C
2023-07-17T23:58:05.1813043Z, 6dda8203-a249-e411-b0cc-f8bc1246af59, $GPVTG,2.0,T,347.8,M,8.593,N,15.914,K,D*13
2023-07-17T23:58:06.3597946Z, 6dda8203-a249-e411-b0cc-f8bc1246af59, $GPVTG,3.8,T,349.6,M,8.523,N,15.785,K,D*17
2023-07-17T23:58:07.1304339Z, 6dda8203-a249-e411-b0cc-f8bc1246af59, $GPVTG,5.4,T,351.2,M,8.775,N,16.251,K,D*1E
2023-07-17T23:58:08.3302213Z, 6dda8203-a249-e411-b0cc-f8bc1246af59, $GPVTG,5.3,T,351.1,M,8.921,N,16.522,K,D*16
2023-07-17T23:58:09.3608223Z, 6dda8203-a249-e411-b0cc-f8bc1246af59, $GPVTG,4.5,T,350.3,M,8.779,N,16.259,K,D*1A
2023-07-17T23:58:10.1305282Z, 6dda8203-a249-e411-b0cc-f8bc1246af59, $GPVTG,4.1,T,349.9,M,8.557,N,15.848,K,D*1B
2023-07-17T23:58:11.1809295Z, 6dda8203-a249-e411-b0cc-f8bc1246af59, $GPVTG,4.2,T,350.0,M,8.525,N,15.788,K,D*1F
2023-07-17T23:58:12.1806341Z, 6dda8203-a249-e411-b0cc-f8bc1246af59, $GPVTG,4.4,T,350.2,M,8.627,N,15.977,K,D*14
2023-07-17T23:58:13.3605406Z, 6dda8203-a249-e411-b0cc-f8bc1246af59, $GPVTG,4.4,T,350.2,M,8.715,N,16.140,K,D*1B
2023-07-17T23:58:14.3810793Z, 6dda8203-a249-e411-b0cc-f8bc1246af59, $GPVTG,4.2,T,350.0,M,8.605,N,15.936,K,D*15
2023-07-17T23:58:15.1806236Z, 6dda8203-a249-e411-b0cc-f8bc1246af59, $GPVTG,4.0,T,349.8,M,8.554,N,15.842,K,D*12
2023-07-17T23:58:16.3605356Z, 6dda8203-a249-e411-b0cc-f8bc1246af59, $GPVTG,4.4,T,350.2,M,8.664,N,16.046,K,D*1B
2023-07-17T23:58:17.1311722Z, 6dda8203-a249-e411-b0cc-f8bc1246af59, $GPVTG,4.6,T,350.4,M,8.704,N,16.120,K,D*19
2023-07-17T23:58:18.1806198Z, 6dda8203-a249-e411-b0cc-f8bc1246af59, $GPVTG,4.8,T,350.6,M,8.652,N,16.024,K,D*12
2023-07-17T23:58:19.3614694Z, 6dda8203-a249-e411-b0cc-f8bc1246af59, $GPVTG,4.7,T,350.5,M,8.607,N,15.940,K,D*16
2023-07-17T23:58:20.1610486Z, 6dda8203-a249-e411-b0cc-f8bc1246af59, $GPVTG,3.5,T,349.3,M,8.582,N,15.894,K,D*1B
2023-07-17T23:58:21.1815446Z, 6dda8203-a249-e411-b0cc-f8bc1246af59, $GPVTG,2.7,T,348.5,M,8.619,N,15.962,K,D*16
2023-07-17T23:58:22.1812770Z, 6dda8203-a249-e411-b0cc-f8bc1246af59, $GPVTG,2.8,T,348.6,M,8.692,N,16.098,K,D*16
2023-07-17T23:58:23.3611665Z, 6dda8203-a249-e411-b0cc-f8bc1246af59, $GPVTG,3.4,T,349.2,M,8.663,N,16.044,K,D*11
2023-07-17T23:58:24.1817190Z, 6dda8203-a249-e411-b0cc-f8bc1246af59, $GPVTG,3.4,T,349.2,M,8.588,N,15.905,K,D*18
2023-07-17T23:58:25.1911691Z, 6dda8203-a249-e411-b0cc-f8bc1246af59, $GPVTG,2.9,T,348.7,M,8.617,N,15.959,K,D*1C
2023-07-17T23:58:26.1619925Z, 6dda8203-a249-e411-b0cc-f8bc1246af59, $GPVTG,2.2,T,348.0,M,8.703,N,16.118,K,D*1A
2023-07-17T23:58:27.3618029Z, 6dda8203-a249-e411-b0cc-f8bc1246af59, $GPVTG,1.6,T,347.4,M,8.676,N,16.068,K,D*13
2023-07-17T23:58:28.1921458Z, 6dda8203-a249-e411-b0cc-f8bc1246af59, $GPVTG,1.8,T,347.6,M,8.572,N,15.875,K,D*1F
2023-07-17T23:58:29.1620059Z, 6dda8203-a249-e411-b0cc-f8bc1246af59, $GPVTG,2.4,T,348.2,M,8.603,N,15.933,K,D*1D
2023-07-17T23:58:30.3618191Z, 6dda8203-a249-e411-b0cc-f8bc1246af59, $GPVTG,2.7,T,348.5,M,8.732,N,16.172,K,D*14
2023-07-17T23:58:31.1921388Z, 6dda8203-a249-e411-b0cc-f8bc1246af59, $GPVTG,2.5,T,348.3,M,8.765,N,16.233,K,D*14
2023-07-17T23:58:32.1619893Z, 6dda8203-a249-e411-b0cc-f8bc1246af59, $GPVTG,2.0,T,347.8,M,8.691,N,16.096,K,D*12
2023-07-17T23:58:33.3717308Z, 6dda8203-a249-e411-b0cc-f8bc1246af59, $GPVTG,1.3,T,347.1,M,8.657,N,16.033,K,D*1E
2023-07-17T23:58:34.1879566Z, 6dda8203-a249-e411-b0cc-f8bc1246af59, $GPVTG,1.0,T,346.8,M,8.695,N,16.103,K,D*19
2023-07-17T23:58:35.1819747Z, 6dda8203-a249-e411-b0cc-f8bc1246af59, $GPVTG,1.2,T,347.0,M,8.734,N,16.175,K,D*19
2023-07-17T23:58:36.1513256Z, 6dda8203-a249-e411-b0cc-f8bc1246af59, $GPVTG,2.0,T,347.8,M,8.857,N,16.403,K,D*1E
2023-07-17T23:58:37.1808311Z, 6dda8203-a249-e411-b0cc-f8bc1246af59, $GPVTG,2.3,T,348.1,M,8.836,N,16.364,K,D*1A
2023-07-17T23:58:38.1814793Z, 6dda8203-a249-e411-b0cc-f8bc1246af59, $GPVTG,2.2,T,348.0,M,8.639,N,15.999,K,D*10
2023-07-17T23:58:39.3514426Z, 6dda8203-a249-e411-b0cc-f8bc1246af59, $GPVTG,1.7,T,347.5,M,8.582,N,15.894,K,D*13
2023-07-17T23:58:40.1608872Z, 6dda8203-a249-e411-b0cc-f8bc1246af59, $GPVTG,1.2,T,347.0,M,8.818,N,16.331,K,D*1A
2023-07-17T23:58:41.1810173Z, 6dda8203-a249-e411-b0cc-f8bc1246af59, $GPVTG,0.9,T,346.7,M,8.984,N,16.638,K,D*1E
2023-07-17T23:58:42.1816677Z, 6dda8203-a249-e411-b0cc-f8bc1246af59, $GPVTG,0.8,T,346.6,M,8.764,N,16.231,K,D*13
2023-07-17T23:58:43.1913193Z, 6dda8203-a249-e411-b0cc-f8bc1246af59, $GPVTG,1.5,T,347.3,M,8.441,N,15.633,K,D*1A
2023-07-17T23:58:44.1809981Z, 6dda8203-a249-e411-b0cc-f8bc1246af59, $GPVTG,2.5,T,348.3,M,8.438,N,15.627,K,D*1D
2023-07-17T23:58:45.1816405Z, 6dda8203-a249-e411-b0cc-f8bc1246af59, $GPVTG,2.8,T,348.6,M,8.724,N,16.157,K,D*18
2023-07-17T23:58:46.3615497Z, 6dda8203-a249-e411-b0cc-f8bc1246af59, $GPVTG,2.1,T,347.9,M,8.887,N,16.459,K,D*1C
2023-07-17T23:58:47.1620711Z, 6dda8203-a249-e411-b0cc-f8bc1246af59, $GPVTG,1.3,T,347.1,M,8.661,N,16.040,K,D*1F
2023-07-17T23:58:48.1816733Z, 6dda8203-a249-e411-b0cc-f8bc1246af59, $GPVTG,1.0,T,346.8,M,8.429,N,15.611,K,D*1B
2023-07-17T23:58:49.3516281Z, 6dda8203-a249-e411-b0cc-f8bc1246af59, $GPVTG,1.7,T,347.5,M,8.513,N,15.766,K,D*19
2023-07-17T23:58:50.2018920Z, 6dda8203-a249-e411-b0cc-f8bc1246af59, $GPVTG,2.4,T,348.2,M,8.670,N,16.057,K,D*11
2023-07-17T23:58:51.1915769Z, 6dda8203-a249-e411-b0cc-f8bc1246af59, $GPVTG,2.7,T,348.5,M,8.681,N,16.077,K,D*19
2023-07-17T23:58:52.1624036Z, 6dda8203-a249-e411-b0cc-f8bc1246af59, $GPVTG,2.3,T,348.1,M,8.605,N,15.936,K,D*1A
2023-07-17T23:58:53.3522522Z, 6dda8203-a249-e411-b0cc-f8bc1246af59, $GPVTG,1.5,T,347.3,M,8.594,N,15.916,K,D*1B
2023-07-17T23:58:54.1918866Z, 6dda8203-a249-e411-b0cc-f8bc1246af59, $GPVTG,1.2,T,347.0,M,8.652,N,16.024,K,D*1D
2023-07-17T23:58:55.1925430Z, 6dda8203-a249-e411-b0cc-f8bc1246af59, $GPVTG,1.8,T,347.6,M,8.548,N,15.831,K,D*16
2023-07-17T23:58:56.1623983Z, 6dda8203-a249-e411-b0cc-f8bc1246af59, $GPVTG,2.7,T,348.5,M,8.349,N,15.462,K,D*1B
2023-07-17T23:58:57.1928983Z, 6dda8203-a249-e411-b0cc-f8bc1246af59, $GPVTG,3.4,T,349.2,M,8.402,N,15.561,K,D*15
2023-07-17T23:58:58.1925747Z, 6dda8203-a249-e411-b0cc-f8bc1246af59, $GPVTG,3.1,T,348.9,M,8.713,N,16.136,K,D*1C
2023-07-17T23:58:59.3525799Z, 6dda8203-a249-e411-b0cc-f8bc1246af59, $GPVTG,1.9,T,347.7,M,8.745,N,16.196,K,D*1E
2023-07-17T23:59:00.1630111Z, 6dda8203-a249-e411-b0cc-f8bc1246af59, $GPVTG,1.6,T,347.4,M,8.440,N,15.631,K,D*1D
2023-07-17T23:59:01.1925734Z, 6dda8203-a249-e411-b0cc-f8bc1246af59, $GPVTG,2.5,T,348.3,M,8.226,N,15.235,K,D*13
2023-07-17T23:59:02.1932296Z, 6dda8203-a249-e411-b0cc-f8bc1246af59, $GPVTG,3.8,T,349.6,M,8.304,N,15.379,K,D*13
2023-07-17T23:59:03.3532182Z, 6dda8203-a249-e411-b0cc-f8bc1246af59, $GPVTG,4.4,T,350.2,M,8.495,N,15.733,K,D*11
2023-07-17T23:59:04.1925567Z, 6dda8203-a249-e411-b0cc-f8bc1246af59, $GPVTG,3.7,T,349.5,M,8.482,N,15.709,K,D*15
2023-07-17T23:59:05.1932053Z, 6dda8203-a249-e411-b0cc-f8bc1246af59, $GPVTG,2.8,T,348.6,M,8.340,N,15.446,K,D*18
2023-07-17T23:59:06.1729533Z, 6dda8203-a249-e411-b0cc-f8bc1246af59, $GPVTG,2.9,T,348.7,M,8.313,N,15.396,K,D*14
2023-07-17T23:59:07.1935358Z, 6dda8203-a249-e411-b0cc-f8bc1246af59, $GPVTG,3.3,T,349.1,M,8.400,N,15.557,K,D*16
2023-07-17T23:59:08.1931988Z, 6dda8203-a249-e411-b0cc-f8bc1246af59, $GPVTG,3.6,T,349.4,M,8.503,N,15.748,K,D*18
2023-07-17T23:59:09.3532314Z, 6dda8203-a249-e411-b0cc-f8bc1246af59, $GPVTG,3.3,T,349.1,M,8.528,N,15.794,K,D*10
2023-07-17T23:59:10.3030540Z, 6dda8203-a249-e411-b0cc-f8bc1246af59, $GPVTG,3.7,T,349.5,M,8.544,N,15.823,K,D*19
2023-07-17T23:59:11.1931952Z, 6dda8203-a249-e411-b0cc-f8bc1246af59, $GPVTG,4.0,T,349.8,M,8.591,N,15.911,K,D*1C
2023-07-17T23:59:12.4138826Z, 6dda8203-a249-e411-b0cc-f8bc1246af59, $GPVTG,3.8,T,349.6,M,8.609,N,15.944,K,D*1F
2023-07-17T23:59:13.4235373Z, 6dda8203-a249-e411-b0cc-f8bc1246af59, $GPVTG,3.1,T,348.9,M,8.623,N,15.970,K,D*17
2023-07-17T23:59:14.5436923Z, 6dda8203-a249-e411-b0cc-f8bc1246af59, $GPVTG,2.4,T,348.2,M,8.665,N,16.048,K,D*1B
2023-07-17T23:59:15.3541486Z, 6dda8203-a249-e411-b0cc-f8bc1246af59, $GPVTG,2.2,T,348.0,M,8.660,N,16.038,K,D*1D
2023-07-17T23:59:16.2333504Z, 6dda8203-a249-e411-b0cc-f8bc1246af59, $GPVTG,1.9,T,347.7,M,8.546,N,15.827,K,D*1F
2023-07-17T23:59:17.3535192Z, 6dda8203-a249-e411-b0cc-f8bc1246af59, $GPVTG,2.2,T,348.0,M,8.402,N,15.561,K,D*11
2023-07-17T23:59:18.3441981Z, 6dda8203-a249-e411-b0cc-f8bc1246af59, $GPVTG,2.5,T,348.3,M,8.408,N,15.572,K,D*1D
2023-07-17T23:59:19.3538576Z, 6dda8203-a249-e411-b0cc-f8bc1246af59, $GPVTG,2.4,T,348.2,M,8.564,N,15.861,K,D*19
2023-07-17T23:59:20.1941504Z, 6dda8203-a249-e411-b0cc-f8bc1246af59, $GPVTG,1.5,T,347.3,M,8.636,N,15.994,K,D*1A
2023-07-17T23:59:21.3541913Z, 6dda8203-a249-e411-b0cc-f8bc1246af59, $GPVTG,0.7,T,346.5,M,8.567,N,15.866,K,D*15
2023-07-17T23:59:22.1845271Z, 6dda8203-a249-e411-b0cc-f8bc1246af59, $GPVTG,0.4,T,346.2,M,8.468,N,15.683,K,D*1A
2023-07-17T23:59:23.3545116Z, 6dda8203-a249-e411-b0cc-f8bc1246af59, $GPVTG,1.0,T,346.8,M,8.437,N,15.625,K,D*13
2023-07-17T23:59:24.1937863Z, 6dda8203-a249-e411-b0cc-f8bc1246af59, $GPVTG,1.9,T,347.7,M,8.509,N,15.759,K,D*12
2023-07-17T23:59:25.3547793Z, 6dda8203-a249-e411-b0cc-f8bc1246af59, $GPVTG,2.4,T,348.2,M,8.701,N,16.114,K,D*10
2023-07-17T23:59:26.2448862Z, 6dda8203-a249-e411-b0cc-f8bc1246af59, $GPVTG,1.9,T,347.7,M,8.815,N,16.325,K,D*1E
2023-07-17T23:59:27.3541761Z, 6dda8203-a249-e411-b0cc-f8bc1246af59, $GPVTG,1.2,T,347.0,M,8.774,N,16.249,K,D*11
2023-07-17T23:59:28.1247895Z, 6dda8203-a249-e411-b0cc-f8bc1246af59, $GPVTG,0.9,T,346.7,M,8.658,N,16.035,K,D*1B
2023-07-17T23:59:29.3544771Z, 6dda8203-a249-e411-b0cc-f8bc1246af59, $GPVTG,0.9,T,346.7,M,8.573,N,15.877,K,D*1C
2023-07-17T23:59:30.1947976Z, 6dda8203-a249-e411-b0cc-f8bc1246af59, $GPVTG,1.3,T,347.1,M,8.704,N,16.120,K,D*1A
2023-07-17T23:59:31.3548169Z, 6dda8203-a249-e411-b0cc-f8bc1246af59, $GPVTG,1.4,T,347.2,M,8.884,N,16.453,K,D*18
2023-07-17T23:59:32.1950888Z, 6dda8203-a249-e411-b0cc-f8bc1246af59, $GPVTG,1.4,T,347.2,M,8.953,N,16.581,K,D*1D
2023-07-17T23:59:33.1549856Z, 6dda8203-a249-e411-b0cc-f8bc1246af59, $GPVTG,1.7,T,347.5,M,8.753,N,16.211,K,D*19
2023-07-17T23:59:34.3547908Z, 6dda8203-a249-e411-b0cc-f8bc1246af59, $GPVTG,1.7,T,347.5,M,8.517,N,15.773,K,D*19
2023-07-17T23:59:35.3046363Z, 6dda8203-a249-e411-b0cc-f8bc1246af59, $GPVTG,1.6,T,347.4,M,8.638,N,15.998,K,D*1C
2023-07-17T23:59:36.3551177Z, 6dda8203-a249-e411-b0cc-f8bc1246af59, $GPVTG,1.9,T,347.7,M,8.919,N,16.518,K,D*1B
2023-07-17T23:59:37.2452129Z, 6dda8203-a249-e411-b0cc-f8bc1246af59, $GPVTG,1.7,T,347.5,M,8.839,N,16.370,K,D*1C
2023-07-17T23:59:38.3554473Z, 6dda8203-a249-e411-b0cc-f8bc1246af59, $GPVTG,1.5,T,347.3,M,8.617,N,15.959,K,D*18
2023-07-17T23:59:39.1957519Z, 6dda8203-a249-e411-b0cc-f8bc1246af59, $GPVTG,1.6,T,347.4,M,8.514,N,15.768,K,D*10
2023-07-17T23:59:40.3557612Z, 6dda8203-a249-e411-b0cc-f8bc1246af59, $GPVTG,2.3,T,348.1,M,8.697,N,16.107,K,D*18
2023-07-17T23:59:41.1951044Z, 6dda8203-a249-e411-b0cc-f8bc1246af59, $GPVTG,2.7,T,348.5,M,8.826,N,16.346,K,D*1B
2023-07-17T23:59:42.3560576Z, 6dda8203-a249-e411-b0cc-f8bc1246af59, $GPVTG,2.5,T,348.3,M,8.653,N,16.025,K,D*15
2023-07-17T23:59:43.1257627Z, 6dda8203-a249-e411-b0cc-f8bc1246af59, $GPVTG,2.0,T,347.8,M,8.470,N,15.686,K,D*1B
2023-07-17T23:59:44.1652086Z, 6dda8203-a249-e411-b0cc-f8bc1246af59, $GPVTG,1.7,T,347.5,M,8.517,N,15.773,K,D*19
2023-07-17T23:59:45.3560841Z, 6dda8203-a249-e411-b0cc-f8bc1246af59, $GPVTG,1.8,T,347.6,M,8.733,N,16.174,K,D*13
2023-07-17T23:59:46.4463241Z, 6dda8203-a249-e411-b0cc-f8bc1246af59, $GPVTG,2.6,T,348.4,M,8.827,N,16.348,K,D*14
2023-07-17T23:59:47.3563717Z, 6dda8203-a249-e411-b0cc-f8bc1246af59, $GPVTG,3.4,T,349.2,M,8.646,N,16.012,K,D*15
2023-07-17T23:59:48.1260478Z, 6dda8203-a249-e411-b0cc-f8bc1246af59, $GPVTG,3.6,T,349.4,M,8.455,N,15.659,K,D*1B
2023-07-17T23:59:49.3557660Z, 6dda8203-a249-e411-b0cc-f8bc1246af59, $GPVTG,2.9,T,348.7,M,8.471,N,15.688,K,D*1D
2023-07-17T23:59:50.1263954Z, 6dda8203-a249-e411-b0cc-f8bc1246af59, $GPVTG,2.0,T,347.8,M,8.680,N,16.075,K,D*1F
2023-07-17T23:59:51.3560740Z, 6dda8203-a249-e411-b0cc-f8bc1246af59, $GPVTG,1.8,T,347.6,M,8.719,N,16.148,K,D*14
2023-07-17T23:59:52.2362168Z, 6dda8203-a249-e411-b0cc-f8bc1246af59, $GPVTG,2.3,T,348.1,M,8.538,N,15.812,K,D*10
2023-07-17T23:59:53.3564088Z, 6dda8203-a249-e411-b0cc-f8bc1246af59, $GPVTG,3.2,T,349.0,M,8.426,N,15.605,K,D*16
2023-07-17T23:59:54.1260346Z, 6dda8203-a249-e411-b0cc-f8bc1246af59, $GPVTG,4.4,T,350.2,M,8.520,N,15.779,K,D*10
2023-07-17T23:59:55.3567184Z, 6dda8203-a249-e411-b0cc-f8bc1246af59, $GPVTG,4.4,T,350.2,M,8.580,N,15.890,K,D*12
2023-07-17T23:59:56.1263650Z, 6dda8203-a249-e411-b0cc-f8bc1246af59, $GPVTG,3.0,T,348.8,M,8.433,N,15.618,K,D*15
2023-07-17T23:59:57.1668892Z, 6dda8203-a249-e411-b0cc-f8bc1246af59, $GPVTG,1.7,T,347.5,M,8.425,N,15.603,K,D*1F
2023-07-17T23:59:58.3567151Z, 6dda8203-a249-e411-b0cc-f8bc1246af59, $GPVTG,1.6,T,347.4,M,8.643,N,16.007,K,D*1C
2023-07-17T23:59:59.1263502Z, 6dda8203-a249-e411-b0cc-f8bc1246af59, $GPVTG,2.5,T,348.3,M,8.609,N,15.944,K,D*17
