ACQ Timestamp (Server Time in UTC), MessageID, Data Value For: GNSS-6452-$GPVTG
2023-07-21T18:11:07.0950981Z, 6dda8203-a249-e411-b0cc-f8bc1246af59, $GPVTG,359.2,T,344.3,M,0.000,N,0.000,K,D*2B
2023-07-21T18:11:08.3247871Z, 6dda8203-a249-e411-b0cc-f8bc1246af59, $GPVTG,359.2,T,344.3,M,0.000,N,0.000,K,D*2B
2023-07-21T18:11:09.0944510Z, 6dda8203-a249-e411-b0cc-f8bc1246af59, $GPVTG,359.2,T,344.3,M,0.000,N,0.000,K,D*2B
2023-07-21T18:11:10.3251034Z, 6dda8203-a249-e411-b0cc-f8bc1246af59, $GPVTG,359.2,T,344.3,M,0.002,N,0.004,K,D*2D
2023-07-21T18:11:11.0947852Z, 6dda8203-a249-e411-b0cc-f8bc1246af59, $GPVTG,359.2,T,344.3,M,0.004,N,0.007,K,D*28
2023-07-21T18:11:12.3345790Z, 6dda8203-a249-e411-b0cc-f8bc1246af59, $GPVTG,359.2,T,344.3,M,0.011,N,0.020,K,D*29
2023-07-21T18:11:13.1351088Z, 6dda8203-a249-e411-b0cc-f8bc1246af59, $GPVTG,359.2,T,344.3,M,0.010,N,0.019,K,D*22
2023-07-21T18:11:14.1755814Z, 6dda8203-a249-e411-b0cc-f8bc1246af59, $GPVTG,359.2,T,344.3,M,0.010,N,0.019,K,D*22
2023-07-21T18:11:15.3255765Z, 6dda8203-a249-e411-b0cc-f8bc1246af59, $GPVTG,359.2,T,344.3,M,0.014,N,0.026,K,D*2A
2023-07-21T18:11:16.1450233Z, 6dda8203-a249-e411-b0cc-f8bc1246af59, $GPVTG,359.2,T,344.3,M,0.013,N,0.024,K,D*2F
2023-07-21T18:11:17.2377341Z, 6dda8203-a249-e411-b0cc-f8bc1246af59, $GPVTG,359.2,T,344.3,M,0.014,N,0.026,K,D*2A
2023-07-21T18:11:18.0955842Z, 6dda8203-a249-e411-b0cc-f8bc1246af59, $GPVTG,359.2,T,344.3,M,0.015,N,0.028,K,D*25
2023-07-21T18:11:19.1450441Z, 6dda8203-a249-e411-b0cc-f8bc1246af59, $GPVTG,359.2,T,344.3,M,0.015,N,0.028,K,D*25
2023-07-21T18:11:20.3756715Z, 6dda8203-a249-e411-b0cc-f8bc1246af59, $GPVTG,359.2,T,344.3,M,0.016,N,0.030,K,D*2F
2023-07-21T18:11:21.0955823Z, 6dda8203-a249-e411-b0cc-f8bc1246af59, $GPVTG,359.2,T,344.3,M,0.016,N,0.030,K,D*2F
2023-07-21T18:11:22.3262213Z, 6dda8203-a249-e411-b0cc-f8bc1246af59, $GPVTG,359.2,T,344.3,M,0.020,N,0.037,K,D*2D
2023-07-21T18:11:23.0959055Z, 6dda8203-a249-e411-b0cc-f8bc1246af59, $GPVTG,359.2,T,344.3,M,0.018,N,0.033,K,D*22
2023-07-21T18:11:24.1463306Z, 6dda8203-a249-e411-b0cc-f8bc1246af59, $GPVTG,359.2,T,344.3,M,0.017,N,0.031,K,D*2F
2023-07-21T18:11:25.3762416Z, 6dda8203-a249-e411-b0cc-f8bc1246af59, $GPVTG,359.2,T,344.3,M,0.019,N,0.035,K,D*25
2023-07-21T18:11:26.0961333Z, 6dda8203-a249-e411-b0cc-f8bc1246af59, $GPVTG,359.2,T,344.3,M,0.019,N,0.035,K,D*25
2023-07-21T18:11:27.3357260Z, 6dda8203-a249-e411-b0cc-f8bc1246af59, $GPVTG,359.2,T,344.3,M,0.017,N,0.031,K,D*2F
2023-07-21T18:11:28.0964611Z, 6dda8203-a249-e411-b0cc-f8bc1246af59, $GPVTG,359.2,T,344.3,M,0.019,N,0.035,K,D*25
2023-07-21T18:11:29.3264008Z, 6dda8203-a249-e411-b0cc-f8bc1246af59, $GPVTG,359.2,T,344.3,M,0.023,N,0.043,K,D*2D
2023-07-21T18:11:30.1958671Z, 6dda8203-a249-e411-b0cc-f8bc1246af59, $GPVTG,359.2,T,344.3,M,0.022,N,0.041,K,D*2E
2023-07-21T18:11:31.3358791Z, 6dda8203-a249-e411-b0cc-f8bc1246af59, $GPVTG,359.2,T,344.3,M,0.018,N,0.033,K,D*22
2023-07-21T18:11:32.1264658Z, 6dda8203-a249-e411-b0cc-f8bc1246af59, $GPVTG,359.2,T,344.3,M,0.015,N,0.028,K,D*25
2023-07-21T18:11:33.3262614Z, 6dda8203-a249-e411-b0cc-f8bc1246af59, $GPVTG,359.2,T,344.3,M,0.012,N,0.022,K,D*28
2023-07-21T18:11:34.1467242Z, 6dda8203-a249-e411-b0cc-f8bc1246af59, $GPVTG,359.2,T,344.3,M,0.010,N,0.019,K,D*22
2023-07-21T18:11:35.1862699Z, 6dda8203-a249-e411-b0cc-f8bc1246af59, $GPVTG,359.2,T,344.3,M,0.009,N,0.017,K,D*24
2023-07-21T18:11:36.3364183Z, 6dda8203-a249-e411-b0cc-f8bc1246af59, $GPVTG,359.2,T,344.3,M,0.007,N,0.013,K,D*2E
2023-07-21T18:11:37.1469459Z, 6dda8203-a249-e411-b0cc-f8bc1246af59, $GPVTG,359.2,T,344.3,M,0.005,N,0.009,K,D*27
2023-07-21T18:11:38.1266849Z, 6dda8203-a249-e411-b0cc-f8bc1246af59, $GPVTG,359.2,T,344.3,M,0.006,N,0.011,K,D*2D
2023-07-21T18:11:39.3373935Z, 6dda8203-a249-e411-b0cc-f8bc1246af59, $GPVTG,359.2,T,344.3,M,0.008,N,0.015,K,D*27
2023-07-21T18:11:40.1568675Z, 6dda8203-a249-e411-b0cc-f8bc1246af59, $GPVTG,359.2,T,344.3,M,0.008,N,0.015,K,D*27
2023-07-21T18:11:41.1884622Z, 6dda8203-a249-e411-b0cc-f8bc1246af59, $GPVTG,359.2,T,344.3,M,0.009,N,0.017,K,D*24
2023-07-21T18:11:42.3275048Z, 6dda8203-a249-e411-b0cc-f8bc1246af59, $GPVTG,359.2,T,344.3,M,0.011,N,0.020,K,D*29
2023-07-21T18:11:43.1270527Z, 6dda8203-a249-e411-b0cc-f8bc1246af59, $GPVTG,359.2,T,344.3,M,0.011,N,0.020,K,D*29
2023-07-21T18:11:44.3268528Z, 6dda8203-a249-e411-b0cc-f8bc1246af59, $GPVTG,359.2,T,344.3,M,0.011,N,0.020,K,D*29
2023-07-21T18:11:45.1274730Z, 6dda8203-a249-e411-b0cc-f8bc1246af59, $GPVTG,359.2,T,344.3,M,0.012,N,0.022,K,D*28
2023-07-21T18:11:46.1570326Z, 6dda8203-a249-e411-b0cc-f8bc1246af59, $GPVTG,359.2,T,344.3,M,0.010,N,0.019,K,D*22
2023-07-21T18:11:47.3876677Z, 6dda8203-a249-e411-b0cc-f8bc1246af59, $GPVTG,359.2,T,344.3,M,0.012,N,0.022,K,D*28
2023-07-21T18:11:48.1573704Z, 6dda8203-a249-e411-b0cc-f8bc1246af59, $GPVTG,359.2,T,344.3,M,0.014,N,0.026,K,D*2A
2023-07-21T18:11:49.2476231Z, 6dda8203-a249-e411-b0cc-f8bc1246af59, $GPVTG,359.2,T,344.3,M,0.014,N,0.026,K,D*2A
2023-07-21T18:11:50.1277936Z, 6dda8203-a249-e411-b0cc-f8bc1246af59, $GPVTG,359.2,T,344.3,M,0.015,N,0.028,K,D*25
2023-07-21T18:11:51.1573625Z, 6dda8203-a249-e411-b0cc-f8bc1246af59, $GPVTG,359.2,T,344.3,M,0.017,N,0.031,K,D*2F
2023-07-21T18:11:52.3880956Z, 6dda8203-a249-e411-b0cc-f8bc1246af59, $GPVTG,359.2,T,344.3,M,0.017,N,0.031,K,D*2F
2023-07-21T18:11:53.1378558Z, 6dda8203-a249-e411-b0cc-f8bc1246af59, $GPVTG,359.2,T,344.3,M,0.015,N,0.028,K,D*25
2023-07-21T18:11:54.1575622Z, 6dda8203-a249-e411-b0cc-f8bc1246af59, $GPVTG,359.2,T,344.3,M,0.015,N,0.028,K,D*25
2023-07-21T18:11:55.3883769Z, 6dda8203-a249-e411-b0cc-f8bc1246af59, $GPVTG,359.2,T,344.3,M,0.015,N,0.028,K,D*25
2023-07-21T18:11:56.1580868Z, 6dda8203-a249-e411-b0cc-f8bc1246af59, $GPVTG,359.2,T,344.3,M,0.012,N,0.022,K,D*28
2023-07-21T18:11:57.1985343Z, 6dda8203-a249-e411-b0cc-f8bc1246af59, $GPVTG,359.2,T,344.3,M,0.014,N,0.026,K,D*2A
2023-07-21T18:11:58.3286373Z, 6dda8203-a249-e411-b0cc-f8bc1246af59, $GPVTG,359.2,T,344.3,M,0.013,N,0.024,K,D*2F
2023-07-21T18:11:59.1580575Z, 6dda8203-a249-e411-b0cc-f8bc1246af59, $GPVTG,359.2,T,344.3,M,0.012,N,0.022,K,D*28
2023-07-21T18:12:00.2981046Z, 6dda8203-a249-e411-b0cc-f8bc1246af59, $GPVTG,359.2,T,344.3,M,0.015,N,0.028,K,D*25
2023-07-21T18:12:01.3286332Z, 6dda8203-a249-e411-b0cc-f8bc1246af59, $GPVTG,359.2,T,344.3,M,0.017,N,0.031,K,D*2F
2023-07-21T18:12:02.1581223Z, 6dda8203-a249-e411-b0cc-f8bc1246af59, $GPVTG,359.2,T,344.3,M,0.014,N,0.026,K,D*2A
2023-07-21T18:12:03.1986326Z, 6dda8203-a249-e411-b0cc-f8bc1246af59, $GPVTG,359.2,T,344.3,M,0.017,N,0.031,K,D*2F
2023-07-21T18:12:04.1584420Z, 6dda8203-a249-e411-b0cc-f8bc1246af59, $GPVTG,359.2,T,344.3,M,0.016,N,0.030,K,D*2F
2023-07-21T18:12:05.3990092Z, 6dda8203-a249-e411-b0cc-f8bc1246af59, $GPVTG,359.2,T,344.3,M,0.015,N,0.028,K,D*25
2023-07-21T18:12:06.3184748Z, 6dda8203-a249-e411-b0cc-f8bc1246af59, $GPVTG,359.2,T,344.3,M,0.014,N,0.026,K,D*2A
2023-07-21T18:12:07.1687804Z, 6dda8203-a249-e411-b0cc-f8bc1246af59, $GPVTG,359.2,T,344.3,M,0.015,N,0.028,K,D*25
2023-07-21T18:12:08.1387046Z, 6dda8203-a249-e411-b0cc-f8bc1246af59, $GPVTG,359.2,T,344.3,M,0.015,N,0.028,K,D*25
2023-07-21T18:12:09.3295371Z, 6dda8203-a249-e411-b0cc-f8bc1246af59, $GPVTG,359.2,T,344.3,M,0.015,N,0.028,K,D*25
2023-07-21T18:12:10.1390389Z, 6dda8203-a249-e411-b0cc-f8bc1246af59, $GPVTG,359.2,T,344.3,M,0.016,N,0.030,K,D*2F
2023-07-21T18:12:11.3288366Z, 6dda8203-a249-e411-b0cc-f8bc1246af59, $GPVTG,359.2,T,344.3,M,0.014,N,0.026,K,D*2A
2023-07-21T18:12:12.1692291Z, 6dda8203-a249-e411-b0cc-f8bc1246af59, $GPVTG,359.2,T,344.3,M,0.014,N,0.026,K,D*2A
2023-07-21T18:12:13.2096901Z, 6dda8203-a249-e411-b0cc-f8bc1246af59, $GPVTG,359.2,T,344.3,M,0.013,N,0.024,K,D*2F
2023-07-21T18:12:14.1695578Z, 6dda8203-a249-e411-b0cc-f8bc1246af59, $GPVTG,359.2,T,344.3,M,0.013,N,0.024,K,D*2F
2023-07-21T18:12:15.3993405Z, 6dda8203-a249-e411-b0cc-f8bc1246af59, $GPVTG,359.2,T,344.3,M,0.014,N,0.026,K,D*2A
2023-07-21T18:12:16.1391293Z, 6dda8203-a249-e411-b0cc-f8bc1246af59, $GPVTG,359.2,T,344.3,M,0.015,N,0.028,K,D*25
2023-07-21T18:12:17.1696590Z, 6dda8203-a249-e411-b0cc-f8bc1246af59, $GPVTG,359.2,T,344.3,M,0.018,N,0.033,K,D*22
2023-07-21T18:12:18.3993457Z, 6dda8203-a249-e411-b0cc-f8bc1246af59, $GPVTG,359.2,T,344.3,M,0.016,N,0.030,K,D*2F
2023-07-21T18:12:19.1699640Z, 6dda8203-a249-e411-b0cc-f8bc1246af59, $GPVTG,359.2,T,344.3,M,0.017,N,0.031,K,D*2F
2023-07-21T18:12:20.2094839Z, 6dda8203-a249-e411-b0cc-f8bc1246af59, $GPVTG,359.2,T,344.3,M,0.016,N,0.030,K,D*2F
2023-07-21T18:12:21.1902037Z, 6dda8203-a249-e411-b0cc-f8bc1246af59, $GPVTG,359.2,T,344.3,M,0.016,N,0.030,K,D*2F
2023-07-21T18:12:22.1699862Z, 6dda8203-a249-e411-b0cc-f8bc1246af59, $GPVTG,359.2,T,344.3,M,0.016,N,0.030,K,D*2F
2023-07-21T18:12:23.3996442Z, 6dda8203-a249-e411-b0cc-f8bc1246af59, $GPVTG,359.2,T,344.3,M,0.015,N,0.028,K,D*25
2023-07-21T18:12:24.1702954Z, 6dda8203-a249-e411-b0cc-f8bc1246af59, $GPVTG,359.2,T,344.3,M,0.014,N,0.026,K,D*2A
2023-07-21T18:12:25.2704746Z, 6dda8203-a249-e411-b0cc-f8bc1246af59, $GPVTG,359.2,T,344.3,M,0.014,N,0.026,K,D*2A
2023-07-21T18:12:26.1506896Z, 6dda8203-a249-e411-b0cc-f8bc1246af59, $GPVTG,359.2,T,344.3,M,0.014,N,0.026,K,D*2A
2023-07-21T18:12:27.1703069Z, 6dda8203-a249-e411-b0cc-f8bc1246af59, $GPVTG,359.2,T,344.3,M,0.014,N,0.026,K,D*2A
2023-07-21T18:12:28.5008181Z, 6dda8203-a249-e411-b0cc-f8bc1246af59, $GPVTG,359.2,T,344.3,M,0.012,N,0.022,K,D*28
2023-07-21T18:12:29.1709098Z, 6dda8203-a249-e411-b0cc-f8bc1246af59, $GPVTG,359.2,T,344.3,M,0.012,N,0.022,K,D*28
2023-07-21T18:12:30.2502475Z, 6dda8203-a249-e411-b0cc-f8bc1246af59, $GPVTG,359.2,T,344.3,M,0.016,N,0.030,K,D*2F
2023-07-21T18:12:31.3305575Z, 6dda8203-a249-e411-b0cc-f8bc1246af59, $GPVTG,359.2,T,344.3,M,0.015,N,0.028,K,D*25
2023-07-21T18:12:32.1002246Z, 6dda8203-a249-e411-b0cc-f8bc1246af59, $GPVTG,359.2,T,344.3,M,0.014,N,0.026,K,D*2A
2023-07-21T18:12:33.3308812Z, 6dda8203-a249-e411-b0cc-f8bc1246af59, $GPVTG,359.2,T,344.3,M,0.016,N,0.030,K,D*2F
2023-07-21T18:12:34.1005475Z, 6dda8203-a249-e411-b0cc-f8bc1246af59, $GPVTG,359.2,T,344.3,M,0.015,N,0.028,K,D*25
2023-07-21T18:12:35.3311947Z, 6dda8203-a249-e411-b0cc-f8bc1246af59, $GPVTG,359.2,T,344.3,M,0.015,N,0.028,K,D*25
2023-07-21T18:12:36.1008853Z, 6dda8203-a249-e411-b0cc-f8bc1246af59, $GPVTG,359.2,T,344.3,M,0.015,N,0.028,K,D*25
2023-07-21T18:12:37.3305358Z, 6dda8203-a249-e411-b0cc-f8bc1246af59, $GPVTG,359.2,T,344.3,M,0.014,N,0.026,K,D*2A
2023-07-21T18:12:38.1214917Z, 6dda8203-a249-e411-b0cc-f8bc1246af59, $GPVTG,359.2,T,344.3,M,0.014,N,0.026,K,D*2A
2023-07-21T18:12:39.3312533Z, 6dda8203-a249-e411-b0cc-f8bc1246af59, $GPVTG,359.2,T,344.3,M,0.014,N,0.026,K,D*2A
2023-07-21T18:12:40.1009190Z, 6dda8203-a249-e411-b0cc-f8bc1246af59, $GPVTG,359.2,T,344.3,M,0.014,N,0.026,K,D*2A
2023-07-21T18:12:41.3315682Z, 6dda8203-a249-e411-b0cc-f8bc1246af59, $GPVTG,359.2,T,344.3,M,0.013,N,0.024,K,D*2F
2023-07-21T18:12:42.2615617Z, 6dda8203-a249-e411-b0cc-f8bc1246af59, $GPVTG,359.2,T,344.3,M,0.011,N,0.020,K,D*29
2023-07-21T18:12:43.3318984Z, 6dda8203-a249-e411-b0cc-f8bc1246af59, $GPVTG,359.2,T,344.3,M,0.012,N,0.022,K,D*28
2023-07-21T18:12:44.1015872Z, 6dda8203-a249-e411-b0cc-f8bc1246af59, $GPVTG,359.2,T,344.3,M,0.011,N,0.020,K,D*29
2023-07-21T18:12:45.3313139Z, 6dda8203-a249-e411-b0cc-f8bc1246af59, $GPVTG,359.2,T,344.3,M,0.014,N,0.026,K,D*2A
2023-07-21T18:12:46.1318358Z, 6dda8203-a249-e411-b0cc-f8bc1246af59, $GPVTG,359.2,T,344.3,M,0.014,N,0.026,K,D*2A
2023-07-21T18:12:47.1016571Z, 6dda8203-a249-e411-b0cc-f8bc1246af59, $GPVTG,359.2,T,344.3,M,0.014,N,0.026,K,D*2A
2023-07-21T18:12:48.3313108Z, 6dda8203-a249-e411-b0cc-f8bc1246af59, $GPVTG,359.2,T,344.3,M,0.016,N,0.030,K,D*2F
2023-07-21T18:12:49.1021198Z, 6dda8203-a249-e411-b0cc-f8bc1246af59, $GPVTG,359.2,T,344.3,M,0.016,N,0.030,K,D*2F
2023-07-21T18:12:50.3317991Z, 6dda8203-a249-e411-b0cc-f8bc1246af59, $GPVTG,359.2,T,344.3,M,0.014,N,0.026,K,D*2A
2023-07-21T18:12:51.1323090Z, 6dda8203-a249-e411-b0cc-f8bc1246af59, $GPVTG,359.2,T,344.3,M,0.015,N,0.028,K,D*25
2023-07-21T18:12:52.3324037Z, 6dda8203-a249-e411-b0cc-f8bc1246af59, $GPVTG,359.2,T,344.3,M,0.015,N,0.028,K,D*25
2023-07-21T18:12:53.0965569Z, 6dda8203-a249-e411-b0cc-f8bc1246af59, $GPVTG,359.2,T,344.3,M,0.013,N,0.024,K,D*2F
2023-07-21T18:12:54.3168740Z, 6dda8203-a249-e411-b0cc-f8bc1246af59, $GPVTG,359.2,T,344.3,M,0.012,N,0.022,K,D*28
2023-07-21T18:12:55.0872554Z, 6dda8203-a249-e411-b0cc-f8bc1246af59, $GPVTG,359.2,T,344.3,M,0.012,N,0.022,K,D*28
2023-07-21T18:12:56.3170383Z, 6dda8203-a249-e411-b0cc-f8bc1246af59, $GPVTG,359.2,T,344.3,M,0.013,N,0.024,K,D*2F
2023-07-21T18:12:57.1175493Z, 6dda8203-a249-e411-b0cc-f8bc1246af59, $GPVTG,359.2,T,344.3,M,0.012,N,0.022,K,D*28
2023-07-21T18:12:58.3173509Z, 6dda8203-a249-e411-b0cc-f8bc1246af59, $GPVTG,359.2,T,344.3,M,0.012,N,0.022,K,D*28
2023-07-21T18:12:59.2273969Z, 6dda8203-a249-e411-b0cc-f8bc1246af59, $GPVTG,359.2,T,344.3,M,0.014,N,0.026,K,D*2A
2023-07-21T18:13:00.3176609Z, 6dda8203-a249-e411-b0cc-f8bc1246af59, $GPVTG,359.2,T,344.3,M,0.012,N,0.022,K,D*28
2023-07-21T18:13:01.0873486Z, 6dda8203-a249-e411-b0cc-f8bc1246af59, $GPVTG,359.2,T,344.3,M,0.015,N,0.028,K,D*25
2023-07-21T18:13:02.3179911Z, 6dda8203-a249-e411-b0cc-f8bc1246af59, $GPVTG,359.2,T,344.3,M,0.016,N,0.030,K,D*2F
2023-07-21T18:13:03.0877839Z, 6dda8203-a249-e411-b0cc-f8bc1246af59, $GPVTG,359.2,T,344.3,M,0.014,N,0.026,K,D*2A
2023-07-21T18:13:04.1272798Z, 6dda8203-a249-e411-b0cc-f8bc1246af59, $GPVTG,359.2,T,344.3,M,0.016,N,0.030,K,D*2F
2023-07-21T18:13:05.3180811Z, 6dda8203-a249-e411-b0cc-f8bc1246af59, $GPVTG,359.2,T,344.3,M,0.018,N,0.033,K,D*22
2023-07-21T18:13:06.0877662Z, 6dda8203-a249-e411-b0cc-f8bc1246af59, $GPVTG,359.2,T,344.3,M,0.016,N,0.030,K,D*2F
2023-07-21T18:13:07.3184123Z, 6dda8203-a249-e411-b0cc-f8bc1246af59, $GPVTG,359.2,T,344.3,M,0.019,N,0.035,K,D*25
2023-07-21T18:13:08.0880994Z, 6dda8203-a249-e411-b0cc-f8bc1246af59, $GPVTG,359.2,T,344.3,M,0.018,N,0.033,K,D*22
2023-07-21T18:13:09.3179717Z, 6dda8203-a249-e411-b0cc-f8bc1246af59, $GPVTG,359.2,T,344.3,M,0.018,N,0.033,K,D*22
2023-07-21T18:13:10.3484871Z, 6dda8203-a249-e411-b0cc-f8bc1246af59, $GPVTG,359.2,T,344.3,M,0.015,N,0.028,K,D*25
2023-07-21T18:13:11.3182940Z, 6dda8203-a249-e411-b0cc-f8bc1246af59, $GPVTG,359.2,T,344.3,M,0.016,N,0.030,K,D*2F
2023-07-21T18:13:12.1287734Z, 6dda8203-a249-e411-b0cc-f8bc1246af59, $GPVTG,359.2,T,344.3,M,0.014,N,0.026,K,D*2A
2023-07-21T18:13:13.0886108Z, 6dda8203-a249-e411-b0cc-f8bc1246af59, $GPVTG,359.2,T,344.3,M,0.012,N,0.022,K,D*28
2023-07-21T18:13:14.3182929Z, 6dda8203-a249-e411-b0cc-f8bc1246af59, $GPVTG,359.2,T,344.3,M,0.012,N,0.022,K,D*28
2023-07-21T18:13:15.0889378Z, 6dda8203-a249-e411-b0cc-f8bc1246af59, $GPVTG,359.2,T,344.3,M,0.015,N,0.028,K,D*25
2023-07-21T18:13:16.3285596Z, 6dda8203-a249-e411-b0cc-f8bc1246af59, $GPVTG,359.2,T,344.3,M,0.013,N,0.024,K,D*2F
2023-07-21T18:13:17.0882869Z, 6dda8203-a249-e411-b0cc-f8bc1246af59, $GPVTG,359.2,T,344.3,M,0.012,N,0.022,K,D*28
2023-07-21T18:13:18.3189382Z, 6dda8203-a249-e411-b0cc-f8bc1246af59, $GPVTG,359.2,T,344.3,M,0.014,N,0.026,K,D*2A
