ACQ Timestamp (Server Time in UTC), MessageID, Data Value For: GNSS-6452-$GPZDA
2023-07-17T23:54:19.0904844Z, 6eda8203-a249-e411-b0cc-f8bc1246af59, $GPZDA,235419.00,17,07,2023,00,00*6C
2023-07-17T23:54:19.3105188Z, 6eda8203-a249-e411-b0cc-f8bc1246af59, $GPZDA,235420.00,17,07,2023,00,00*66
2023-07-17T23:54:20.9514139Z, 6eda8203-a249-e411-b0cc-f8bc1246af59, $GPZDA,235421.00,17,07,2023,00,00*67
2023-07-17T23:54:22.0914615Z, 6eda8203-a249-e411-b0cc-f8bc1246af59, $GPZDA,235422.00,17,07,2023,00,00*64
2023-07-17T23:54:22.3115127Z, 6eda8203-a249-e411-b0cc-f8bc1246af59, $GPZDA,235423.00,17,07,2023,00,00*65
2023-07-17T23:54:23.9613288Z, 6eda8203-a249-e411-b0cc-f8bc1246af59, $GPZDA,235424.00,17,07,2023,00,00*62
2023-07-17T23:54:25.1014021Z, 6eda8203-a249-e411-b0cc-f8bc1246af59, $GPZDA,235425.00,17,07,2023,00,00*63
2023-07-17T23:54:26.1010498Z, 6eda8203-a249-e411-b0cc-f8bc1246af59, $GPZDA,235426.00,17,07,2023,00,00*60
2023-07-17T23:54:26.3111775Z, 6eda8203-a249-e411-b0cc-f8bc1246af59, $GPZDA,235427.00,17,07,2023,00,00*61
2023-07-17T23:54:27.9112318Z, 6eda8203-a249-e411-b0cc-f8bc1246af59, $GPZDA,235428.00,17,07,2023,00,00*6E
2023-07-17T23:54:28.9118978Z, 6eda8203-a249-e411-b0cc-f8bc1246af59, $GPZDA,235429.00,17,07,2023,00,00*6F
2023-07-17T23:54:29.9115652Z, 6eda8203-a249-e411-b0cc-f8bc1246af59, $GPZDA,235430.00,17,07,2023,00,00*67
2023-07-17T23:54:30.9619999Z, 6eda8203-a249-e411-b0cc-f8bc1246af59, $GPZDA,235431.00,17,07,2023,00,00*66
2023-07-17T23:54:32.1020531Z, 6eda8203-a249-e411-b0cc-f8bc1246af59, $GPZDA,235432.00,17,07,2023,00,00*65
2023-07-17T23:54:33.1017240Z, 6eda8203-a249-e411-b0cc-f8bc1246af59, $GPZDA,235433.00,17,07,2023,00,00*64
2023-07-17T23:54:33.3217419Z, 6eda8203-a249-e411-b0cc-f8bc1246af59, $GPZDA,235434.00,17,07,2023,00,00*63
2023-07-17T23:54:34.9616610Z, 6eda8203-a249-e411-b0cc-f8bc1246af59, $GPZDA,235435.00,17,07,2023,00,00*62
2023-07-17T23:54:36.1017133Z, 6eda8203-a249-e411-b0cc-f8bc1246af59, $GPZDA,235436.00,17,07,2023,00,00*61
2023-07-17T23:54:36.3217677Z, 6eda8203-a249-e411-b0cc-f8bc1246af59, $GPZDA,235437.00,17,07,2023,00,00*60
2023-07-17T23:54:38.1727367Z, 6eda8203-a249-e411-b0cc-f8bc1246af59, $GPZDA,235438.00,17,07,2023,00,00*6F
2023-07-17T23:54:38.9125216Z, 6eda8203-a249-e411-b0cc-f8bc1246af59, $GPZDA,235439.00,17,07,2023,00,00*6E
2023-07-17T23:54:39.9719087Z, 6eda8203-a249-e411-b0cc-f8bc1246af59, $GPZDA,235440.00,17,07,2023,00,00*60
2023-07-17T23:54:40.4428999Z, 6eda8203-a249-e411-b0cc-f8bc1246af59, $GPZDA,235441.00,17,07,2023,00,00*61
2023-07-17T23:54:41.9125226Z, 6eda8203-a249-e411-b0cc-f8bc1246af59, $GPZDA,235442.00,17,07,2023,00,00*62
2023-07-17T23:54:42.9121881Z, 6eda8203-a249-e411-b0cc-f8bc1246af59, $GPZDA,235443.00,17,07,2023,00,00*63
2023-07-17T23:54:43.9626229Z, 6eda8203-a249-e411-b0cc-f8bc1246af59, $GPZDA,235444.00,17,07,2023,00,00*64
2023-07-17T23:54:45.1026815Z, 6eda8203-a249-e411-b0cc-f8bc1246af59, $GPZDA,235445.00,17,07,2023,00,00*65
2023-07-17T23:54:46.1023506Z, 6eda8203-a249-e411-b0cc-f8bc1246af59, $GPZDA,235446.00,17,07,2023,00,00*66
2023-07-17T23:54:46.3223898Z, 6eda8203-a249-e411-b0cc-f8bc1246af59, $GPZDA,235447.00,17,07,2023,00,00*67
2023-07-17T23:54:47.9732117Z, 6eda8203-a249-e411-b0cc-f8bc1246af59, $GPZDA,235448.00,17,07,2023,00,00*68
2023-07-17T23:54:49.1132636Z, 6eda8203-a249-e411-b0cc-f8bc1246af59, $GPZDA,235449.00,17,07,2023,00,00*69
2023-07-17T23:54:49.3233706Z, 6eda8203-a249-e411-b0cc-f8bc1246af59, $GPZDA,235450.00,17,07,2023,00,00*61
2023-07-17T23:54:51.1136268Z, 6eda8203-a249-e411-b0cc-f8bc1246af59, $GPZDA,235451.00,17,07,2023,00,00*60
2023-07-17T23:54:51.9231061Z, 6eda8203-a249-e411-b0cc-f8bc1246af59, $GPZDA,235452.00,17,07,2023,00,00*63
2023-07-17T23:54:52.9237705Z, 6eda8203-a249-e411-b0cc-f8bc1246af59, $GPZDA,235453.00,17,07,2023,00,00*62
2023-07-17T23:54:53.9732128Z, 6eda8203-a249-e411-b0cc-f8bc1246af59, $GPZDA,235454.00,17,07,2023,00,00*65
2023-07-17T23:54:55.1132703Z, 6eda8203-a249-e411-b0cc-f8bc1246af59, $GPZDA,235455.00,17,07,2023,00,00*64
2023-07-17T23:54:56.1139417Z, 6eda8203-a249-e411-b0cc-f8bc1246af59, $GPZDA,235456.00,17,07,2023,00,00*67
2023-07-17T23:54:57.2739050Z, 6eda8203-a249-e411-b0cc-f8bc1246af59, $GPZDA,235457.00,17,07,2023,00,00*66
2023-07-17T23:54:57.9440068Z, 6eda8203-a249-e411-b0cc-f8bc1246af59, $GPZDA,235458.00,17,07,2023,00,00*69
2023-07-17T23:54:58.9237528Z, 6eda8203-a249-e411-b0cc-f8bc1246af59, $GPZDA,235459.00,17,07,2023,00,00*68
2023-07-17T23:54:59.9234325Z, 6eda8203-a249-e411-b0cc-f8bc1246af59, $GPZDA,235500.00,17,07,2023,00,00*65
2023-07-17T23:55:00.9738537Z, 6eda8203-a249-e411-b0cc-f8bc1246af59, $GPZDA,235501.00,17,07,2023,00,00*64
2023-07-17T23:55:02.1139161Z, 6eda8203-a249-e411-b0cc-f8bc1246af59, $GPZDA,235502.00,17,07,2023,00,00*67
2023-07-17T23:55:03.1139619Z, 6eda8203-a249-e411-b0cc-f8bc1246af59, $GPZDA,235503.00,17,07,2023,00,00*66
2023-07-17T23:55:04.0644909Z, 6eda8203-a249-e411-b0cc-f8bc1246af59, $GPZDA,235504.00,17,07,2023,00,00*61
2023-07-17T23:55:04.8540548Z, 6eda8203-a249-e411-b0cc-f8bc1246af59, $GPZDA,235505.00,17,07,2023,00,00*60
2023-07-17T23:55:05.9244025Z, 6eda8203-a249-e411-b0cc-f8bc1246af59, $GPZDA,235506.00,17,07,2023,00,00*63
2023-07-17T23:55:06.3974122Z, 6eda8203-a249-e411-b0cc-f8bc1246af59, $GPZDA,235507.00,17,07,2023,00,00*62
2023-07-17T23:55:07.9247543Z, 6eda8203-a249-e411-b0cc-f8bc1246af59, $GPZDA,235508.00,17,07,2023,00,00*6D
2023-07-17T23:55:08.4046241Z, 6eda8203-a249-e411-b0cc-f8bc1246af59, $GPZDA,235509.00,17,07,2023,00,00*6C
2023-07-17T23:55:09.9847738Z, 6eda8203-a249-e411-b0cc-f8bc1246af59, $GPZDA,235510.00,17,07,2023,00,00*64
