ACQ Timestamp (Server Time in UTC), MessageID, Data Value For: GNSS-6452-$GPVTG
2023-07-17T23:54:19.1711229Z, 6dda8203-a249-e411-b0cc-f8bc1246af59, $GPVTG,1.6,T,347.4,M,8.955,N,16.585,K,D*1B
2023-07-17T23:54:20.3510079Z, 6dda8203-a249-e411-b0cc-f8bc1246af59, $GPVTG,1.4,T,347.2,M,8.841,N,16.374,K,D*13
2023-07-17T23:54:21.1515365Z, 6dda8203-a249-e411-b0cc-f8bc1246af59, $GPVTG,1.9,T,347.7,M,8.884,N,16.453,K,D*10
2023-07-17T23:54:22.1711134Z, 6dda8203-a249-e411-b0cc-f8bc1246af59, $GPVTG,2.2,T,348.0,M,9.059,N,16.777,K,D*1C
2023-07-17T23:54:23.3509990Z, 6dda8203-a249-e411-b0cc-f8bc1246af59, $GPVTG,1.6,T,347.4,M,9.054,N,16.768,K,D*13
2023-07-17T23:54:24.1515559Z, 6dda8203-a249-e411-b0cc-f8bc1246af59, $GPVTG,1.4,T,347.2,M,8.852,N,16.394,K,D*1F
2023-07-17T23:54:25.2208764Z, 6dda8203-a249-e411-b0cc-f8bc1246af59, $GPVTG,2.0,T,347.8,M,8.755,N,16.214,K,D*13
2023-07-17T23:54:26.1816937Z, 6dda8203-a249-e411-b0cc-f8bc1246af59, $GPVTG,2.1,T,347.9,M,8.885,N,16.455,K,D*12
2023-07-17T23:54:27.3516493Z, 6dda8203-a249-e411-b0cc-f8bc1246af59, $GPVTG,2.1,T,347.9,M,9.024,N,16.712,K,D*10
2023-07-17T23:54:28.1810325Z, 6dda8203-a249-e411-b0cc-f8bc1246af59, $GPVTG,2.0,T,347.8,M,8.999,N,16.666,K,D*1C
2023-07-17T23:54:29.1816918Z, 6dda8203-a249-e411-b0cc-f8bc1246af59, $GPVTG,1.7,T,347.5,M,8.893,N,16.470,K,D*1B
2023-07-17T23:54:30.1813802Z, 6dda8203-a249-e411-b0cc-f8bc1246af59, $GPVTG,1.3,T,347.1,M,8.855,N,16.399,K,D*11
2023-07-17T23:54:31.1522010Z, 6dda8203-a249-e411-b0cc-f8bc1246af59, $GPVTG,1.3,T,347.1,M,8.991,N,16.651,K,D*19
2023-07-17T23:54:32.1817070Z, 6dda8203-a249-e411-b0cc-f8bc1246af59, $GPVTG,1.7,T,347.5,M,9.117,N,16.885,K,D*19
2023-07-17T23:54:33.1823887Z, 6dda8203-a249-e411-b0cc-f8bc1246af59, $GPVTG,2.1,T,347.9,M,9.051,N,16.762,K,D*15
2023-07-17T23:54:34.3523041Z, 6dda8203-a249-e411-b0cc-f8bc1246af59, $GPVTG,2.1,T,347.9,M,8.928,N,16.535,K,D*13
2023-07-17T23:54:35.1518331Z, 6dda8203-a249-e411-b0cc-f8bc1246af59, $GPVTG,2.0,T,347.8,M,8.990,N,16.649,K,D*18
2023-07-17T23:54:36.1823682Z, 6dda8203-a249-e411-b0cc-f8bc1246af59, $GPVTG,1.4,T,347.2,M,9.182,N,17.005,K,D*10
2023-07-17T23:54:37.3522895Z, 6dda8203-a249-e411-b0cc-f8bc1246af59, $GPVTG,1.1,T,346.9,M,9.164,N,16.972,K,D*1F
2023-07-17T23:54:38.2324551Z, 6dda8203-a249-e411-b0cc-f8bc1246af59, $GPVTG,1.4,T,347.2,M,8.969,N,16.611,K,D*1E
2023-07-17T23:54:39.1823755Z, 6dda8203-a249-e411-b0cc-f8bc1246af59, $GPVTG,1.9,T,347.7,M,8.846,N,16.383,K,D*14
2023-07-17T23:54:40.1620816Z, 6dda8203-a249-e411-b0cc-f8bc1246af59, $GPVTG,2.1,T,347.9,M,8.949,N,16.574,K,D*11
2023-07-17T23:54:41.3529533Z, 6dda8203-a249-e411-b0cc-f8bc1246af59, $GPVTG,2.2,T,348.0,M,9.120,N,16.890,K,D*15
2023-07-17T23:54:42.1823450Z, 6dda8203-a249-e411-b0cc-f8bc1246af59, $GPVTG,2.2,T,348.0,M,9.120,N,16.890,K,D*15
2023-07-17T23:54:43.1830097Z, 6dda8203-a249-e411-b0cc-f8bc1246af59, $GPVTG,2.2,T,348.0,M,8.940,N,16.557,K,D*1C
2023-07-17T23:54:44.1627495Z, 6dda8203-a249-e411-b0cc-f8bc1246af59, $GPVTG,2.1,T,347.9,M,8.861,N,16.411,K,D*18
2023-07-17T23:54:45.1823373Z, 6dda8203-a249-e411-b0cc-f8bc1246af59, $GPVTG,1.9,T,347.7,M,8.916,N,16.512,K,D*1E
2023-07-17T23:54:46.1829921Z, 6dda8203-a249-e411-b0cc-f8bc1246af59, $GPVTG,1.9,T,347.7,M,8.993,N,16.655,K,D*13
2023-07-17T23:54:47.3529163Z, 6dda8203-a249-e411-b0cc-f8bc1246af59, $GPVTG,2.1,T,347.9,M,9.056,N,16.772,K,D*13
2023-07-17T23:54:48.1634114Z, 6dda8203-a249-e411-b0cc-f8bc1246af59, $GPVTG,2.5,T,348.3,M,9.120,N,16.890,K,D*11
2023-07-17T23:54:49.1834796Z, 6dda8203-a249-e411-b0cc-f8bc1246af59, $GPVTG,2.7,T,348.5,M,9.081,N,16.818,K,D*1F
2023-07-17T23:54:50.3529084Z, 6dda8203-a249-e411-b0cc-f8bc1246af59, $GPVTG,2.7,T,348.5,M,8.916,N,16.512,K,D*1E
2023-07-17T23:54:51.2032302Z, 6dda8203-a249-e411-b0cc-f8bc1246af59, $GPVTG,2.8,T,348.6,M,8.992,N,16.653,K,D*18
2023-07-17T23:54:52.1929126Z, 6dda8203-a249-e411-b0cc-f8bc1246af59, $GPVTG,2.8,T,348.6,M,9.217,N,17.070,K,D*19
2023-07-17T23:54:53.1935690Z, 6dda8203-a249-e411-b0cc-f8bc1246af59, $GPVTG,2.8,T,348.6,M,9.178,N,16.998,K,D*1D
2023-07-17T23:54:54.1633907Z, 6dda8203-a249-e411-b0cc-f8bc1246af59, $GPVTG,3.1,T,348.9,M,8.926,N,16.531,K,D*17
2023-07-17T23:54:55.1939265Z, 6dda8203-a249-e411-b0cc-f8bc1246af59, $GPVTG,3.8,T,349.6,M,8.872,N,16.431,K,D*11
2023-07-17T23:54:56.1935840Z, 6dda8203-a249-e411-b0cc-f8bc1246af59, $GPVTG,4.2,T,350.0,M,9.064,N,16.787,K,D*12
2023-07-17T23:54:57.3933895Z, 6dda8203-a249-e411-b0cc-f8bc1246af59, $GPVTG,3.8,T,349.6,M,9.197,N,17.033,K,D*15
2023-07-17T23:54:58.2038674Z, 6dda8203-a249-e411-b0cc-f8bc1246af59, $GPVTG,3.0,T,348.8,M,9.064,N,16.787,K,D*16
2023-07-17T23:54:59.1935745Z, 6dda8203-a249-e411-b0cc-f8bc1246af59, $GPVTG,2.5,T,348.3,M,8.909,N,16.499,K,D*16
2023-07-17T23:55:00.1942486Z, 6dda8203-a249-e411-b0cc-f8bc1246af59, $GPVTG,2.5,T,348.3,M,8.902,N,16.487,K,D*12
2023-07-17T23:55:01.1640386Z, 6dda8203-a249-e411-b0cc-f8bc1246af59, $GPVTG,2.9,T,348.7,M,8.991,N,16.651,K,D*19
2023-07-17T23:55:02.1935840Z, 6dda8203-a249-e411-b0cc-f8bc1246af59, $GPVTG,3.4,T,349.2,M,9.016,N,16.698,K,D*13
2023-07-17T23:55:03.1942422Z, 6dda8203-a249-e411-b0cc-f8bc1246af59, $GPVTG,3.5,T,349.3,M,9.050,N,16.761,K,D*16
2023-07-17T23:55:04.3243231Z, 6dda8203-a249-e411-b0cc-f8bc1246af59, $GPVTG,3.0,T,348.8,M,9.084,N,16.824,K,D*1E
2023-07-17T23:55:05.3538881Z, 6dda8203-a249-e411-b0cc-f8bc1246af59, $GPVTG,2.3,T,348.1,M,9.053,N,16.766,K,D*16
2023-07-17T23:55:06.1145975Z, 6dda8203-a249-e411-b0cc-f8bc1246af59, $GPVTG,2.0,T,347.8,M,8.888,N,16.461,K,D*18
2023-07-17T23:55:07.3542071Z, 6dda8203-a249-e411-b0cc-f8bc1246af59, $GPVTG,2.5,T,348.3,M,8.804,N,16.305,K,D*18
2023-07-17T23:55:08.1139415Z, 6dda8203-a249-e411-b0cc-f8bc1246af59, $GPVTG,2.6,T,348.4,M,9.038,N,16.738,K,D*10
2023-07-17T23:55:09.3545311Z, 6dda8203-a249-e411-b0cc-f8bc1246af59, $GPVTG,2.3,T,348.1,M,9.248,N,17.127,K,D*1C
2023-07-17T23:55:10.3044225Z, 6dda8203-a249-e411-b0cc-f8bc1246af59, $GPVTG,2.0,T,347.8,M,9.034,N,16.731,K,D*10
