ACQ Timestamp (Server Time in UTC), MessageID, Data Value For: GNSS-6452-$GPZDA
2023-07-23T23:59:36.6686837Z, 6eda8203-a249-e411-b0cc-f8bc1246af59, $GPZDA,235937.00,23,07,2023,00,00*6A
2023-07-23T23:59:37.9082800Z, 6eda8203-a249-e411-b0cc-f8bc1246af59, $GPZDA,235938.00,23,07,2023,00,00*65
2023-07-23T23:59:38.8790723Z, 6eda8203-a249-e411-b0cc-f8bc1246af59, $GPZDA,235939.00,23,07,2023,00,00*64
2023-07-23T23:59:39.9089878Z, 6eda8203-a249-e411-b0cc-f8bc1246af59, $GPZDA,235940.00,23,07,2023,00,00*6A
2023-07-23T23:59:40.6687147Z, 6eda8203-a249-e411-b0cc-f8bc1246af59, $GPZDA,235941.00,23,07,2023,00,00*6B
2023-07-23T23:59:41.9093094Z, 6eda8203-a249-e411-b0cc-f8bc1246af59, $GPZDA,235942.00,23,07,2023,00,00*68
2023-07-23T23:59:42.6690111Z, 6eda8203-a249-e411-b0cc-f8bc1246af59, $GPZDA,235943.00,23,07,2023,00,00*69
2023-07-23T23:59:43.9185743Z, 6eda8203-a249-e411-b0cc-f8bc1246af59, $GPZDA,235944.00,23,07,2023,00,00*6E
2023-07-23T23:59:44.7888369Z, 6eda8203-a249-e411-b0cc-f8bc1246af59, $GPZDA,235945.00,23,07,2023,00,00*6F
2023-07-23T23:59:46.2494696Z, 6eda8203-a249-e411-b0cc-f8bc1246af59, $GPZDA,235946.00,23,07,2023,00,00*6C
2023-07-23T23:59:46.7692329Z, 6eda8203-a249-e411-b0cc-f8bc1246af59, $GPZDA,235947.00,23,07,2023,00,00*6D
2023-07-23T23:59:47.9189056Z, 6eda8203-a249-e411-b0cc-f8bc1246af59, $GPZDA,235948.00,23,07,2023,00,00*62
2023-07-23T23:59:48.6795989Z, 6eda8203-a249-e411-b0cc-f8bc1246af59, $GPZDA,235949.00,23,07,2023,00,00*63
2023-07-23T23:59:49.9196666Z, 6eda8203-a249-e411-b0cc-f8bc1246af59, $GPZDA,235950.00,23,07,2023,00,00*6B
2023-07-23T23:59:50.6794025Z, 6eda8203-a249-e411-b0cc-f8bc1246af59, $GPZDA,235951.00,23,07,2023,00,00*6A
2023-07-23T23:59:51.9200267Z, 6eda8203-a249-e411-b0cc-f8bc1246af59, $GPZDA,235952.00,23,07,2023,00,00*69
2023-07-23T23:59:52.6797109Z, 6eda8203-a249-e411-b0cc-f8bc1246af59, $GPZDA,235953.00,23,07,2023,00,00*68
2023-07-23T23:59:53.9193578Z, 6eda8203-a249-e411-b0cc-f8bc1246af59, $GPZDA,235954.00,23,07,2023,00,00*6F
2023-07-23T23:59:54.6800508Z, 6eda8203-a249-e411-b0cc-f8bc1246af59, $GPZDA,235955.00,23,07,2023,00,00*6E
2023-07-23T23:59:55.9197083Z, 6eda8203-a249-e411-b0cc-f8bc1246af59, $GPZDA,235956.00,23,07,2023,00,00*6D
2023-07-23T23:59:56.6797489Z, 6eda8203-a249-e411-b0cc-f8bc1246af59, $GPZDA,235957.00,23,07,2023,00,00*6C
2023-07-23T23:59:57.9203486Z, 6eda8203-a249-e411-b0cc-f8bc1246af59, $GPZDA,235958.00,23,07,2023,00,00*63
2023-07-23T23:59:58.6801206Z, 6eda8203-a249-e411-b0cc-f8bc1246af59, $GPZDA,235959.00,23,07,2023,00,00*62
