ACQ Timestamp (Server Time in UTC), MessageID, Data Value For: GNSS-6452-$GPVTG
2023-07-23T23:59:36.0981320Z, 6dda8203-a249-e411-b0cc-f8bc1246af59, $GPVTG,359.2,T,344.3,M,0.004,N,0.007,K,D*28
2023-07-23T23:59:37.3288110Z, 6dda8203-a249-e411-b0cc-f8bc1246af59, $GPVTG,359.2,T,344.3,M,0.004,N,0.007,K,D*28
2023-07-23T23:59:38.0885302Z, 6dda8203-a249-e411-b0cc-f8bc1246af59, $GPVTG,359.2,T,344.3,M,0.003,N,0.006,K,D*2E
2023-07-23T23:59:39.3291302Z, 6dda8203-a249-e411-b0cc-f8bc1246af59, $GPVTG,359.2,T,344.3,M,0.002,N,0.004,K,D*2D
2023-07-23T23:59:40.0891845Z, 6dda8203-a249-e411-b0cc-f8bc1246af59, $GPVTG,359.2,T,344.3,M,0.002,N,0.004,K,D*2D
2023-07-23T23:59:41.3288449Z, 6dda8203-a249-e411-b0cc-f8bc1246af59, $GPVTG,359.2,T,344.3,M,0.002,N,0.004,K,D*2D
2023-07-23T23:59:42.0984508Z, 6dda8203-a249-e411-b0cc-f8bc1246af59, $GPVTG,359.2,T,344.3,M,0.001,N,0.002,K,D*28
2023-07-23T23:59:43.3291394Z, 6dda8203-a249-e411-b0cc-f8bc1246af59, $GPVTG,359.2,T,344.3,M,0.001,N,0.002,K,D*28
2023-07-23T23:59:44.0988096Z, 6dda8203-a249-e411-b0cc-f8bc1246af59, $GPVTG,359.2,T,344.3,M,0.001,N,0.002,K,D*28
2023-07-23T23:59:45.3294592Z, 6dda8203-a249-e411-b0cc-f8bc1246af59, $GPVTG,359.2,T,344.3,M,0.001,N,0.002,K,D*28
2023-07-23T23:59:46.4187191Z, 6dda8203-a249-e411-b0cc-f8bc1246af59, $GPVTG,359.2,T,344.3,M,0.001,N,0.002,K,D*28
2023-07-23T23:59:47.3593657Z, 6dda8203-a249-e411-b0cc-f8bc1246af59, $GPVTG,359.2,T,344.3,M,0.000,N,0.000,K,D*2B
2023-07-23T23:59:48.0891946Z, 6dda8203-a249-e411-b0cc-f8bc1246af59, $GPVTG,359.2,T,344.3,M,0.000,N,0.000,K,D*2B
2023-07-23T23:59:49.3292861Z, 6dda8203-a249-e411-b0cc-f8bc1246af59, $GPVTG,359.2,T,344.3,M,0.000,N,0.000,K,D*2B
2023-07-23T23:59:50.2592156Z, 6dda8203-a249-e411-b0cc-f8bc1246af59, $GPVTG,359.2,T,344.3,M,0.000,N,0.000,K,D*2B
2023-07-23T23:59:51.3295826Z, 6dda8203-a249-e411-b0cc-f8bc1246af59, $GPVTG,359.2,T,344.3,M,0.000,N,0.000,K,D*2B
2023-07-23T23:59:52.0992218Z, 6dda8203-a249-e411-b0cc-f8bc1246af59, $GPVTG,359.2,T,344.3,M,0.000,N,0.000,K,D*2B
2023-07-23T23:59:53.3299237Z, 6dda8203-a249-e411-b0cc-f8bc1246af59, $GPVTG,359.2,T,344.3,M,0.000,N,0.000,K,D*2B
2023-07-23T23:59:54.0896376Z, 6dda8203-a249-e411-b0cc-f8bc1246af59, $GPVTG,359.2,T,344.3,M,0.000,N,0.000,K,D*2B
2023-07-23T23:59:55.5901147Z, 6dda8203-a249-e411-b0cc-f8bc1246af59, $GPVTG,359.2,T,344.3,M,0.000,N,0.000,K,D*2B
2023-07-23T23:59:56.0899481Z, 6dda8203-a249-e411-b0cc-f8bc1246af59, $GPVTG,359.2,T,344.3,M,0.000,N,0.000,K,D*2B
2023-07-23T23:59:57.3299230Z, 6dda8203-a249-e411-b0cc-f8bc1246af59, $GPVTG,359.2,T,344.3,M,0.000,N,0.000,K,D*2B
2023-07-23T23:59:58.0995425Z, 6dda8203-a249-e411-b0cc-f8bc1246af59, $GPVTG,359.2,T,344.3,M,0.000,N,0.000,K,D*2B
2023-07-23T23:59:59.3302900Z, 6dda8203-a249-e411-b0cc-f8bc1246af59, $GPVTG,359.2,T,344.3,M,0.000,N,0.000,K,D*2B
