ACQ Timestamp (Server Time in UTC), MessageID, Data Value For: GNSS-6452-$GPZDA
2023-07-17T23:57:09.8866112Z, 6eda8203-a249-e411-b0cc-f8bc1246af59, $GPZDA,235710.00,17,07,2023,00,00*66
2023-07-17T23:57:10.9361307Z, 6eda8203-a249-e411-b0cc-f8bc1246af59, $GPZDA,235711.00,17,07,2023,00,00*67
2023-07-17T23:57:11.4060641Z, 6eda8203-a249-e411-b0cc-f8bc1246af59, $GPZDA,235712.00,17,07,2023,00,00*64
2023-07-17T23:57:12.9364408Z, 6eda8203-a249-e411-b0cc-f8bc1246af59, $GPZDA,235713.00,17,07,2023,00,00*65
2023-07-17T23:57:13.4063924Z, 6eda8203-a249-e411-b0cc-f8bc1246af59, $GPZDA,235714.00,17,07,2023,00,00*62
2023-07-17T23:57:14.9865361Z, 6eda8203-a249-e411-b0cc-f8bc1246af59, $GPZDA,235715.00,17,07,2023,00,00*63
2023-07-17T23:57:15.4365528Z, 6eda8203-a249-e411-b0cc-f8bc1246af59, $GPZDA,235716.00,17,07,2023,00,00*60
2023-07-17T23:57:16.9418783Z, 6eda8203-a249-e411-b0cc-f8bc1246af59, $GPZDA,235717.00,17,07,2023,00,00*61
2023-07-17T23:57:17.4070321Z, 6eda8203-a249-e411-b0cc-f8bc1246af59, $GPZDA,235718.00,17,07,2023,00,00*6E
2023-07-17T23:57:18.9364310Z, 6eda8203-a249-e411-b0cc-f8bc1246af59, $GPZDA,235719.00,17,07,2023,00,00*6F
2023-07-17T23:57:19.4063658Z, 6eda8203-a249-e411-b0cc-f8bc1246af59, $GPZDA,235720.00,17,07,2023,00,00*65
2023-07-17T23:57:20.9367807Z, 6eda8203-a249-e411-b0cc-f8bc1246af59, $GPZDA,235721.00,17,07,2023,00,00*64
2023-07-17T23:57:22.0767776Z, 6eda8203-a249-e411-b0cc-f8bc1246af59, $GPZDA,235722.00,17,07,2023,00,00*67
2023-07-17T23:57:22.3973984Z, 6eda8203-a249-e411-b0cc-f8bc1246af59, $GPZDA,235723.00,17,07,2023,00,00*66
2023-07-17T23:57:23.9367400Z, 6eda8203-a249-e411-b0cc-f8bc1246af59, $GPZDA,235724.00,17,07,2023,00,00*61
2023-07-17T23:57:24.4076757Z, 6eda8203-a249-e411-b0cc-f8bc1246af59, $GPZDA,235725.00,17,07,2023,00,00*60
2023-07-17T23:57:25.9370691Z, 6eda8203-a249-e411-b0cc-f8bc1246af59, $GPZDA,235726.00,17,07,2023,00,00*63
2023-07-17T23:57:26.7973208Z, 6eda8203-a249-e411-b0cc-f8bc1246af59, $GPZDA,235727.00,17,07,2023,00,00*62
2023-07-17T23:57:27.9970949Z, 6eda8203-a249-e411-b0cc-f8bc1246af59, $GPZDA,235728.00,17,07,2023,00,00*6D
2023-07-17T23:57:28.4372197Z, 6eda8203-a249-e411-b0cc-f8bc1246af59, $GPZDA,235729.00,17,07,2023,00,00*6C
2023-07-17T23:57:29.9377229Z, 6eda8203-a249-e411-b0cc-f8bc1246af59, $GPZDA,235730.00,17,07,2023,00,00*64
2023-07-17T23:57:30.4076775Z, 6eda8203-a249-e411-b0cc-f8bc1246af59, $GPZDA,235731.00,17,07,2023,00,00*65
2023-07-17T23:57:31.9479689Z, 6eda8203-a249-e411-b0cc-f8bc1246af59, $GPZDA,235732.00,17,07,2023,00,00*66
2023-07-17T23:57:32.4080151Z, 6eda8203-a249-e411-b0cc-f8bc1246af59, $GPZDA,235733.00,17,07,2023,00,00*67
2023-07-17T23:57:33.9482692Z, 6eda8203-a249-e411-b0cc-f8bc1246af59, $GPZDA,235734.00,17,07,2023,00,00*60
2023-07-17T23:57:34.4083225Z, 6eda8203-a249-e411-b0cc-f8bc1246af59, $GPZDA,235735.00,17,07,2023,00,00*61
2023-07-17T23:57:35.9476975Z, 6eda8203-a249-e411-b0cc-f8bc1246af59, $GPZDA,235736.00,17,07,2023,00,00*62
2023-07-17T23:57:36.4076626Z, 6eda8203-a249-e411-b0cc-f8bc1246af59, $GPZDA,235737.00,17,07,2023,00,00*63
2023-07-17T23:57:37.9479997Z, 6eda8203-a249-e411-b0cc-f8bc1246af59, $GPZDA,235738.00,17,07,2023,00,00*6C
2023-07-17T23:57:38.4079739Z, 6eda8203-a249-e411-b0cc-f8bc1246af59, $GPZDA,235739.00,17,07,2023,00,00*6D
2023-07-17T23:57:39.9483235Z, 6eda8203-a249-e411-b0cc-f8bc1246af59, $GPZDA,235740.00,17,07,2023,00,00*63
2023-07-17T23:57:40.4083088Z, 6eda8203-a249-e411-b0cc-f8bc1246af59, $GPZDA,235741.00,17,07,2023,00,00*62
2023-07-17T23:57:41.8988127Z, 6eda8203-a249-e411-b0cc-f8bc1246af59, $GPZDA,235742.00,17,07,2023,00,00*61
2023-07-17T23:57:42.9483143Z, 6eda8203-a249-e411-b0cc-f8bc1246af59, $GPZDA,235743.00,17,07,2023,00,00*60
2023-07-17T23:57:43.7189025Z, 6eda8203-a249-e411-b0cc-f8bc1246af59, $GPZDA,235744.00,17,07,2023,00,00*67
2023-07-17T23:57:44.8988160Z, 6eda8203-a249-e411-b0cc-f8bc1246af59, $GPZDA,235745.00,17,07,2023,00,00*66
2023-07-17T23:57:45.9483103Z, 6eda8203-a249-e411-b0cc-f8bc1246af59, $GPZDA,235746.00,17,07,2023,00,00*65
2023-07-17T23:57:46.8085659Z, 6eda8203-a249-e411-b0cc-f8bc1246af59, $GPZDA,235747.00,17,07,2023,00,00*64
2023-07-17T23:57:47.8988084Z, 6eda8203-a249-e411-b0cc-f8bc1246af59, $GPZDA,235748.00,17,07,2023,00,00*6B
2023-07-17T23:57:48.9492751Z, 6eda8203-a249-e411-b0cc-f8bc1246af59, $GPZDA,235749.00,17,07,2023,00,00*6A
2023-07-17T23:57:49.8991076Z, 6eda8203-a249-e411-b0cc-f8bc1246af59, $GPZDA,235750.00,17,07,2023,00,00*62
2023-07-17T23:57:50.8988183Z, 6eda8203-a249-e411-b0cc-f8bc1246af59, $GPZDA,235751.00,17,07,2023,00,00*63
2023-07-17T23:57:51.8994547Z, 6eda8203-a249-e411-b0cc-f8bc1246af59, $GPZDA,235752.00,17,07,2023,00,00*60
2023-07-17T23:57:52.9489526Z, 6eda8203-a249-e411-b0cc-f8bc1246af59, $GPZDA,235753.00,17,07,2023,00,00*61
2023-07-17T23:57:53.8092235Z, 6eda8203-a249-e411-b0cc-f8bc1246af59, $GPZDA,235754.00,17,07,2023,00,00*66
2023-07-17T23:57:54.8994613Z, 6eda8203-a249-e411-b0cc-f8bc1246af59, $GPZDA,235755.00,17,07,2023,00,00*67
2023-07-17T23:57:55.9498980Z, 6eda8203-a249-e411-b0cc-f8bc1246af59, $GPZDA,235756.00,17,07,2023,00,00*64
2023-07-17T23:57:56.4099109Z, 6eda8203-a249-e411-b0cc-f8bc1246af59, $GPZDA,235757.00,17,07,2023,00,00*65
2023-07-17T23:57:57.9094070Z, 6eda8203-a249-e411-b0cc-f8bc1246af59, $GPZDA,235758.00,17,07,2023,00,00*6A
2023-07-17T23:57:58.9598431Z, 6eda8203-a249-e411-b0cc-f8bc1246af59, $GPZDA,235759.00,17,07,2023,00,00*6B
2023-07-17T23:57:59.4099027Z, 6eda8203-a249-e411-b0cc-f8bc1246af59, $GPZDA,235800.00,17,07,2023,00,00*68
2023-07-17T23:58:00.9539053Z, 6eda8203-a249-e411-b0cc-f8bc1246af59, $GPZDA,235801.00,17,07,2023,00,00*69
2023-07-17T23:58:01.9499324Z, 6eda8203-a249-e411-b0cc-f8bc1246af59, $GPZDA,235802.00,17,07,2023,00,00*6A
2023-07-17T23:58:02.9595694Z, 6eda8203-a249-e411-b0cc-f8bc1246af59, $GPZDA,235803.00,17,07,2023,00,00*6B
2023-07-17T23:58:04.0995858Z, 6eda8203-a249-e411-b0cc-f8bc1246af59, $GPZDA,235804.00,17,07,2023,00,00*6C
2023-07-17T23:58:05.1002311Z, 6eda8203-a249-e411-b0cc-f8bc1246af59, $GPZDA,235805.00,17,07,2023,00,00*6D
2023-07-17T23:58:05.4198142Z, 6eda8203-a249-e411-b0cc-f8bc1246af59, $GPZDA,235806.00,17,07,2023,00,00*6E
2023-07-17T23:58:06.9602363Z, 6eda8203-a249-e411-b0cc-f8bc1246af59, $GPZDA,235807.00,17,07,2023,00,00*6F
2023-07-17T23:58:08.1002443Z, 6eda8203-a249-e411-b0cc-f8bc1246af59, $GPZDA,235808.00,17,07,2023,00,00*60
2023-07-17T23:58:08.7304799Z, 6eda8203-a249-e411-b0cc-f8bc1246af59, $GPZDA,235809.00,17,07,2023,00,00*61
2023-07-17T23:58:09.9602874Z, 6eda8203-a249-e411-b0cc-f8bc1246af59, $GPZDA,235810.00,17,07,2023,00,00*69
2023-07-17T23:58:11.1002984Z, 6eda8203-a249-e411-b0cc-f8bc1246af59, $GPZDA,235811.00,17,07,2023,00,00*68
2023-07-17T23:58:12.1009293Z, 6eda8203-a249-e411-b0cc-f8bc1246af59, $GPZDA,235812.00,17,07,2023,00,00*6B
2023-07-17T23:58:12.4205902Z, 6eda8203-a249-e411-b0cc-f8bc1246af59, $GPZDA,235813.00,17,07,2023,00,00*6A
2023-07-17T23:58:13.9609134Z, 6eda8203-a249-e411-b0cc-f8bc1246af59, $GPZDA,235814.00,17,07,2023,00,00*6D
2023-07-17T23:58:15.1009622Z, 6eda8203-a249-e411-b0cc-f8bc1246af59, $GPZDA,235815.00,17,07,2023,00,00*6C
2023-07-17T23:58:15.4205567Z, 6eda8203-a249-e411-b0cc-f8bc1246af59, $GPZDA,235816.00,17,07,2023,00,00*6F
2023-07-17T23:58:16.9609025Z, 6eda8203-a249-e411-b0cc-f8bc1246af59, $GPZDA,235817.00,17,07,2023,00,00*6E
2023-07-17T23:58:18.1009347Z, 6eda8203-a249-e411-b0cc-f8bc1246af59, $GPZDA,235818.00,17,07,2023,00,00*61
2023-07-17T23:58:18.4205785Z, 6eda8203-a249-e411-b0cc-f8bc1246af59, $GPZDA,235819.00,17,07,2023,00,00*60
2023-07-17T23:58:19.9609022Z, 6eda8203-a249-e411-b0cc-f8bc1246af59, $GPZDA,235820.00,17,07,2023,00,00*6A
2023-07-17T23:58:21.1009338Z, 6eda8203-a249-e411-b0cc-f8bc1246af59, $GPZDA,235821.00,17,07,2023,00,00*6B
2023-07-17T23:58:22.1015795Z, 6eda8203-a249-e411-b0cc-f8bc1246af59, $GPZDA,235822.00,17,07,2023,00,00*68
2023-07-17T23:58:22.4211994Z, 6eda8203-a249-e411-b0cc-f8bc1246af59, $GPZDA,235823.00,17,07,2023,00,00*69
2023-07-17T23:58:23.9216673Z, 6eda8203-a249-e411-b0cc-f8bc1246af59, $GPZDA,235824.00,17,07,2023,00,00*6E
2023-07-17T23:58:24.9213562Z, 6eda8203-a249-e411-b0cc-f8bc1246af59, $GPZDA,235825.00,17,07,2023,00,00*6F
2023-07-17T23:58:25.9717991Z, 6eda8203-a249-e411-b0cc-f8bc1246af59, $GPZDA,235826.00,17,07,2023,00,00*6C
2023-07-17T23:58:27.1218218Z, 6eda8203-a249-e411-b0cc-f8bc1246af59, $GPZDA,235827.00,17,07,2023,00,00*6D
2023-07-17T23:58:27.9213611Z, 6eda8203-a249-e411-b0cc-f8bc1246af59, $GPZDA,235828.00,17,07,2023,00,00*62
2023-07-17T23:58:28.9718260Z, 6eda8203-a249-e411-b0cc-f8bc1246af59, $GPZDA,235829.00,17,07,2023,00,00*63
2023-07-17T23:58:29.4417659Z, 6eda8203-a249-e411-b0cc-f8bc1246af59, $GPZDA,235830.00,17,07,2023,00,00*6B
2023-07-17T23:58:30.9223411Z, 6eda8203-a249-e411-b0cc-f8bc1246af59, $GPZDA,235831.00,17,07,2023,00,00*6A
2023-07-17T23:58:31.9718320Z, 6eda8203-a249-e411-b0cc-f8bc1246af59, $GPZDA,235832.00,17,07,2023,00,00*69
2023-07-17T23:58:33.1118208Z, 6eda8203-a249-e411-b0cc-f8bc1246af59, $GPZDA,235833.00,17,07,2023,00,00*68
2023-07-17T23:58:33.9196383Z, 6eda8203-a249-e411-b0cc-f8bc1246af59, $GPZDA,235834.00,17,07,2023,00,00*6F
2023-07-17T23:58:34.9136827Z, 6eda8203-a249-e411-b0cc-f8bc1246af59, $GPZDA,235835.00,17,07,2023,00,00*6E
2023-07-17T23:58:35.9611209Z, 6eda8203-a249-e411-b0cc-f8bc1246af59, $GPZDA,235836.00,17,07,2023,00,00*6D
2023-07-17T23:58:37.1011761Z, 6eda8203-a249-e411-b0cc-f8bc1246af59, $GPZDA,235837.00,17,07,2023,00,00*6C
2023-07-17T23:58:38.1008324Z, 6eda8203-a249-e411-b0cc-f8bc1246af59, $GPZDA,235838.00,17,07,2023,00,00*63
2023-07-17T23:58:38.4214272Z, 6eda8203-a249-e411-b0cc-f8bc1246af59, $GPZDA,235839.00,17,07,2023,00,00*62
2023-07-17T23:58:39.9607880Z, 6eda8203-a249-e411-b0cc-f8bc1246af59, $GPZDA,235840.00,17,07,2023,00,00*6C
2023-07-17T23:58:41.1013494Z, 6eda8203-a249-e411-b0cc-f8bc1246af59, $GPZDA,235841.00,17,07,2023,00,00*6D
2023-07-17T23:58:42.1010026Z, 6eda8203-a249-e411-b0cc-f8bc1246af59, $GPZDA,235842.00,17,07,2023,00,00*6E
2023-07-17T23:58:43.1116233Z, 6eda8203-a249-e411-b0cc-f8bc1246af59, $GPZDA,235843.00,17,07,2023,00,00*6F
2023-07-17T23:58:44.1013488Z, 6eda8203-a249-e411-b0cc-f8bc1246af59, $GPZDA,235844.00,17,07,2023,00,00*68
2023-07-17T23:58:45.1019767Z, 6eda8203-a249-e411-b0cc-f8bc1246af59, $GPZDA,235845.00,17,07,2023,00,00*69
2023-07-17T23:58:45.4216272Z, 6eda8203-a249-e411-b0cc-f8bc1246af59, $GPZDA,235846.00,17,07,2023,00,00*6A
2023-07-17T23:58:46.9619457Z, 6eda8203-a249-e411-b0cc-f8bc1246af59, $GPZDA,235847.00,17,07,2023,00,00*6B
2023-07-17T23:58:48.1019861Z, 6eda8203-a249-e411-b0cc-f8bc1246af59, $GPZDA,235848.00,17,07,2023,00,00*64
2023-07-17T23:58:48.4216065Z, 6eda8203-a249-e411-b0cc-f8bc1246af59, $GPZDA,235849.00,17,07,2023,00,00*65
2023-07-17T23:58:49.9320858Z, 6eda8203-a249-e411-b0cc-f8bc1246af59, $GPZDA,235850.00,17,07,2023,00,00*6D
2023-07-17T23:58:50.9217686Z, 6eda8203-a249-e411-b0cc-f8bc1246af59, $GPZDA,235851.00,17,07,2023,00,00*6C
2023-07-17T23:58:51.9722298Z, 6eda8203-a249-e411-b0cc-f8bc1246af59, $GPZDA,235852.00,17,07,2023,00,00*6F
2023-07-17T23:58:52.9121506Z, 6eda8203-a249-e411-b0cc-f8bc1246af59, $GPZDA,235853.00,17,07,2023,00,00*6E
2023-07-17T23:58:53.9220960Z, 6eda8203-a249-e411-b0cc-f8bc1246af59, $GPZDA,235854.00,17,07,2023,00,00*69
2023-07-17T23:58:54.9227148Z, 6eda8203-a249-e411-b0cc-f8bc1246af59, $GPZDA,235855.00,17,07,2023,00,00*68
2023-07-17T23:58:55.9722212Z, 6eda8203-a249-e411-b0cc-f8bc1246af59, $GPZDA,235856.00,17,07,2023,00,00*6B
2023-07-17T23:58:57.1122574Z, 6eda8203-a249-e411-b0cc-f8bc1246af59, $GPZDA,235857.00,17,07,2023,00,00*6A
2023-07-17T23:58:58.1128970Z, 6eda8203-a249-e411-b0cc-f8bc1246af59, $GPZDA,235858.00,17,07,2023,00,00*65
2023-07-17T23:58:59.0826726Z, 6eda8203-a249-e411-b0cc-f8bc1246af59, $GPZDA,235859.00,17,07,2023,00,00*64
2023-07-17T23:58:59.9728492Z, 6eda8203-a249-e411-b0cc-f8bc1246af59, $GPZDA,235900.00,17,07,2023,00,00*69
2023-07-17T23:59:01.1128927Z, 6eda8203-a249-e411-b0cc-f8bc1246af59, $GPZDA,235901.00,17,07,2023,00,00*68
2023-07-17T23:59:02.1125957Z, 6eda8203-a249-e411-b0cc-f8bc1246af59, $GPZDA,235902.00,17,07,2023,00,00*6B
2023-07-17T23:59:02.4331313Z, 6eda8203-a249-e411-b0cc-f8bc1246af59, $GPZDA,235903.00,17,07,2023,00,00*6A
2023-07-17T23:59:03.9240212Z, 6eda8203-a249-e411-b0cc-f8bc1246af59, $GPZDA,235904.00,17,07,2023,00,00*6D
2023-07-17T23:59:04.9233588Z, 6eda8203-a249-e411-b0cc-f8bc1246af59, $GPZDA,235905.00,17,07,2023,00,00*6C
2023-07-17T23:59:05.9728468Z, 6eda8203-a249-e411-b0cc-f8bc1246af59, $GPZDA,235906.00,17,07,2023,00,00*6F
2023-07-17T23:59:07.1128984Z, 6eda8203-a249-e411-b0cc-f8bc1246af59, $GPZDA,235907.00,17,07,2023,00,00*6E
2023-07-17T23:59:08.1135402Z, 6eda8203-a249-e411-b0cc-f8bc1246af59, $GPZDA,235908.00,17,07,2023,00,00*61
2023-07-17T23:59:08.4331707Z, 6eda8203-a249-e411-b0cc-f8bc1246af59, $GPZDA,235909.00,17,07,2023,00,00*60
2023-07-17T23:59:10.0332157Z, 6eda8203-a249-e411-b0cc-f8bc1246af59, $GPZDA,235910.00,17,07,2023,00,00*68
2023-07-17T23:59:10.9233824Z, 6eda8203-a249-e411-b0cc-f8bc1246af59, $GPZDA,235911.00,17,07,2023,00,00*69
2023-07-17T23:59:11.9230393Z, 6eda8203-a249-e411-b0cc-f8bc1246af59, $GPZDA,235912.00,17,07,2023,00,00*6A
2023-07-17T23:59:12.9734814Z, 6eda8203-a249-e411-b0cc-f8bc1246af59, $GPZDA,235913.00,17,07,2023,00,00*6B
2023-07-17T23:59:14.4639993Z, 6eda8203-a249-e411-b0cc-f8bc1246af59, $GPZDA,235914.00,17,07,2023,00,00*6C
2023-07-17T23:59:14.6432150Z, 6eda8203-a249-e411-b0cc-f8bc1246af59, $GPZDA,235915.00,17,07,2023,00,00*6D
2023-07-17T23:59:16.0740372Z, 6eda8203-a249-e411-b0cc-f8bc1246af59, $GPZDA,235916.00,17,07,2023,00,00*6E
2023-07-17T23:59:16.5141076Z, 6eda8203-a249-e411-b0cc-f8bc1246af59, $GPZDA,235917.00,17,07,2023,00,00*6F
2023-07-17T23:59:18.0235737Z, 6eda8203-a249-e411-b0cc-f8bc1246af59, $GPZDA,235918.00,17,07,2023,00,00*60
2023-07-17T23:59:18.4636558Z, 6eda8203-a249-e411-b0cc-f8bc1246af59, $GPZDA,235919.00,17,07,2023,00,00*61
2023-07-17T23:59:20.0338826Z, 6eda8203-a249-e411-b0cc-f8bc1246af59, $GPZDA,235920.00,17,07,2023,00,00*6B
2023-07-17T23:59:20.4838831Z, 6eda8203-a249-e411-b0cc-f8bc1246af59, $GPZDA,235921.00,17,07,2023,00,00*6A
2023-07-17T23:59:22.0242092Z, 6eda8203-a249-e411-b0cc-f8bc1246af59, $GPZDA,235922.00,17,07,2023,00,00*69
2023-07-17T23:59:22.4742413Z, 6eda8203-a249-e411-b0cc-f8bc1246af59, $GPZDA,235923.00,17,07,2023,00,00*68
2023-07-17T23:59:24.0245587Z, 6eda8203-a249-e411-b0cc-f8bc1246af59, $GPZDA,235924.00,17,07,2023,00,00*6F
2023-07-17T23:59:24.4745785Z, 6eda8203-a249-e411-b0cc-f8bc1246af59, $GPZDA,235925.00,17,07,2023,00,00*6E
2023-07-17T23:59:26.0746589Z, 6eda8203-a249-e411-b0cc-f8bc1246af59, $GPZDA,235926.00,17,07,2023,00,00*6D
2023-07-17T23:59:26.5246914Z, 6eda8203-a249-e411-b0cc-f8bc1246af59, $GPZDA,235927.00,17,07,2023,00,00*6C
2023-07-17T23:59:27.9346209Z, 6eda8203-a249-e411-b0cc-f8bc1246af59, $GPZDA,235928.00,17,07,2023,00,00*63
2023-07-17T23:59:29.0945808Z, 6eda8203-a249-e411-b0cc-f8bc1246af59, $GPZDA,235929.00,17,07,2023,00,00*62
2023-07-17T23:59:30.0245294Z, 6eda8203-a249-e411-b0cc-f8bc1246af59, $GPZDA,235930.00,17,07,2023,00,00*6A
2023-07-17T23:59:30.4745917Z, 6eda8203-a249-e411-b0cc-f8bc1246af59, $GPZDA,235931.00,17,07,2023,00,00*6B
2023-07-17T23:59:32.0248698Z, 6eda8203-a249-e411-b0cc-f8bc1246af59, $GPZDA,235932.00,17,07,2023,00,00*68
2023-07-17T23:59:33.0753045Z, 6eda8203-a249-e411-b0cc-f8bc1246af59, $GPZDA,235933.00,17,07,2023,00,00*69
2023-07-17T23:59:33.4447063Z, 6eda8203-a249-e411-b0cc-f8bc1246af59, $GPZDA,235934.00,17,07,2023,00,00*6E
2023-07-17T23:59:35.0347811Z, 6eda8203-a249-e411-b0cc-f8bc1246af59, $GPZDA,235935.00,17,07,2023,00,00*6F
2023-07-17T23:59:35.4748928Z, 6eda8203-a249-e411-b0cc-f8bc1246af59, $GPZDA,235936.00,17,07,2023,00,00*6C
2023-07-17T23:59:37.0849042Z, 6eda8203-a249-e411-b0cc-f8bc1246af59, $GPZDA,235937.00,17,07,2023,00,00*6D
2023-07-17T23:59:37.5250140Z, 6eda8203-a249-e411-b0cc-f8bc1246af59, $GPZDA,235938.00,17,07,2023,00,00*62
2023-07-17T23:59:39.0354250Z, 6eda8203-a249-e411-b0cc-f8bc1246af59, $GPZDA,235939.00,17,07,2023,00,00*63
2023-07-17T23:59:39.4755445Z, 6eda8203-a249-e411-b0cc-f8bc1246af59, $GPZDA,235940.00,17,07,2023,00,00*6D
2023-07-17T23:59:41.0357840Z, 6eda8203-a249-e411-b0cc-f8bc1246af59, $GPZDA,235941.00,17,07,2023,00,00*6C
2023-07-17T23:59:41.4758637Z, 6eda8203-a249-e411-b0cc-f8bc1246af59, $GPZDA,235942.00,17,07,2023,00,00*6F
2023-07-17T23:59:42.9455191Z, 6eda8203-a249-e411-b0cc-f8bc1246af59, $GPZDA,235943.00,17,07,2023,00,00*6E
2023-07-17T23:59:44.0855517Z, 6eda8203-a249-e411-b0cc-f8bc1246af59, $GPZDA,235944.00,17,07,2023,00,00*69
2023-07-17T23:59:44.4559255Z, 6eda8203-a249-e411-b0cc-f8bc1246af59, $GPZDA,235945.00,17,07,2023,00,00*68
2023-07-17T23:59:46.0361111Z, 6eda8203-a249-e411-b0cc-f8bc1246af59, $GPZDA,235946.00,17,07,2023,00,00*6B
2023-07-17T23:59:46.7659415Z, 6eda8203-a249-e411-b0cc-f8bc1246af59, $GPZDA,235947.00,17,07,2023,00,00*6A
2023-07-17T23:59:47.9458545Z, 6eda8203-a249-e411-b0cc-f8bc1246af59, $GPZDA,235948.00,17,07,2023,00,00*65
2023-07-17T23:59:48.4555902Z, 6eda8203-a249-e411-b0cc-f8bc1246af59, $GPZDA,235949.00,17,07,2023,00,00*64
2023-07-17T23:59:49.9461857Z, 6eda8203-a249-e411-b0cc-f8bc1246af59, $GPZDA,235950.00,17,07,2023,00,00*6C
2023-07-17T23:59:50.4559120Z, 6eda8203-a249-e411-b0cc-f8bc1246af59, $GPZDA,235951.00,17,07,2023,00,00*6D
2023-07-17T23:59:51.9465125Z, 6eda8203-a249-e411-b0cc-f8bc1246af59, $GPZDA,235952.00,17,07,2023,00,00*6E
2023-07-17T23:59:52.4562420Z, 6eda8203-a249-e411-b0cc-f8bc1246af59, $GPZDA,235953.00,17,07,2023,00,00*6F
2023-07-17T23:59:53.9467895Z, 6eda8203-a249-e411-b0cc-f8bc1246af59, $GPZDA,235954.00,17,07,2023,00,00*68
2023-07-17T23:59:54.4565805Z, 6eda8203-a249-e411-b0cc-f8bc1246af59, $GPZDA,235955.00,17,07,2023,00,00*69
2023-07-17T23:59:55.9461589Z, 6eda8203-a249-e411-b0cc-f8bc1246af59, $GPZDA,235956.00,17,07,2023,00,00*6A
2023-07-17T23:59:57.0861933Z, 6eda8203-a249-e411-b0cc-f8bc1246af59, $GPZDA,235957.00,17,07,2023,00,00*6B
2023-07-17T23:59:57.9365240Z, 6eda8203-a249-e411-b0cc-f8bc1246af59, $GPZDA,235958.00,17,07,2023,00,00*64
2023-07-17T23:59:58.9471077Z, 6eda8203-a249-e411-b0cc-f8bc1246af59, $GPZDA,235959.00,17,07,2023,00,00*65
