ACQ Timestamp (Server Time in UTC), MessageID, Data Value For: GNSS-6452-$GPZDA
2023-07-21T18:11:07.4147518Z, 6eda8203-a249-e411-b0cc-f8bc1246af59, $GPZDA,181108.00,21,07,2023,00,00*60
2023-07-21T18:11:08.9152216Z, 6eda8203-a249-e411-b0cc-f8bc1246af59, $GPZDA,181109.00,21,07,2023,00,00*61
2023-07-21T18:11:09.3752149Z, 6eda8203-a249-e411-b0cc-f8bc1246af59, $GPZDA,181110.00,21,07,2023,00,00*69
2023-07-21T18:11:10.9244873Z, 6eda8203-a249-e411-b0cc-f8bc1246af59, $GPZDA,181111.00,21,07,2023,00,00*68
2023-07-21T18:11:11.3745661Z, 6eda8203-a249-e411-b0cc-f8bc1246af59, $GPZDA,181112.00,21,07,2023,00,00*6B
2023-07-21T18:11:12.8751978Z, 6eda8203-a249-e411-b0cc-f8bc1246af59, $GPZDA,181113.00,21,07,2023,00,00*6A
2023-07-21T18:11:14.0152788Z, 6eda8203-a249-e411-b0cc-f8bc1246af59, $GPZDA,181114.00,21,07,2023,00,00*6D
2023-07-21T18:11:14.4653283Z, 6eda8203-a249-e411-b0cc-f8bc1246af59, $GPZDA,181115.00,21,07,2023,00,00*6C
2023-07-21T18:11:15.8751843Z, 6eda8203-a249-e411-b0cc-f8bc1246af59, $GPZDA,181116.00,21,07,2023,00,00*6F
2023-07-21T18:11:16.9654897Z, 6eda8203-a249-e411-b0cc-f8bc1246af59, $GPZDA,181117.00,21,07,2023,00,00*6E
2023-07-21T18:11:17.9253147Z, 6eda8203-a249-e411-b0cc-f8bc1246af59, $GPZDA,181118.00,21,07,2023,00,00*61
2023-07-21T18:11:19.0653870Z, 6eda8203-a249-e411-b0cc-f8bc1246af59, $GPZDA,181119.00,21,07,2023,00,00*60
2023-07-21T18:11:19.7852519Z, 6eda8203-a249-e411-b0cc-f8bc1246af59, $GPZDA,181120.00,21,07,2023,00,00*6A
2023-07-21T18:11:20.9253143Z, 6eda8203-a249-e411-b0cc-f8bc1246af59, $GPZDA,181121.00,21,07,2023,00,00*6B
2023-07-21T18:11:21.3753537Z, 6eda8203-a249-e411-b0cc-f8bc1246af59, $GPZDA,181122.00,21,07,2023,00,00*68
2023-07-21T18:11:22.9256292Z, 6eda8203-a249-e411-b0cc-f8bc1246af59, $GPZDA,181123.00,21,07,2023,00,00*69
2023-07-21T18:11:24.0656951Z, 6eda8203-a249-e411-b0cc-f8bc1246af59, $GPZDA,181124.00,21,07,2023,00,00*6E
2023-07-21T18:11:24.9658456Z, 6eda8203-a249-e411-b0cc-f8bc1246af59, $GPZDA,181125.00,21,07,2023,00,00*6F
2023-07-21T18:11:25.9258573Z, 6eda8203-a249-e411-b0cc-f8bc1246af59, $GPZDA,181126.00,21,07,2023,00,00*6C
2023-07-21T18:11:26.3759183Z, 6eda8203-a249-e411-b0cc-f8bc1246af59, $GPZDA,181127.00,21,07,2023,00,00*6D
2023-07-21T18:11:27.9261874Z, 6eda8203-a249-e411-b0cc-f8bc1246af59, $GPZDA,181128.00,21,07,2023,00,00*62
2023-07-21T18:11:28.3762528Z, 6eda8203-a249-e411-b0cc-f8bc1246af59, $GPZDA,181129.00,21,07,2023,00,00*63
2023-07-21T18:11:29.9257919Z, 6eda8203-a249-e411-b0cc-f8bc1246af59, $GPZDA,181130.00,21,07,2023,00,00*6B
2023-07-21T18:11:30.3760566Z, 6eda8203-a249-e411-b0cc-f8bc1246af59, $GPZDA,181131.00,21,07,2023,00,00*6A
2023-07-21T18:11:31.9362724Z, 6eda8203-a249-e411-b0cc-f8bc1246af59, $GPZDA,181132.00,21,07,2023,00,00*69
2023-07-21T18:11:32.4096161Z, 6eda8203-a249-e411-b0cc-f8bc1246af59, $GPZDA,181133.00,21,07,2023,00,00*68
2023-07-21T18:11:33.8768783Z, 6eda8203-a249-e411-b0cc-f8bc1246af59, $GPZDA,181134.00,21,07,2023,00,00*6F
2023-07-21T18:11:35.0269326Z, 6eda8203-a249-e411-b0cc-f8bc1246af59, $GPZDA,181135.00,21,07,2023,00,00*6E
2023-07-21T18:11:35.9570754Z, 6eda8203-a249-e411-b0cc-f8bc1246af59, $GPZDA,181136.00,21,07,2023,00,00*6D
2023-07-21T18:11:36.8870134Z, 6eda8203-a249-e411-b0cc-f8bc1246af59, $GPZDA,181137.00,21,07,2023,00,00*6C
2023-07-21T18:11:37.9365104Z, 6eda8203-a249-e411-b0cc-f8bc1246af59, $GPZDA,181138.00,21,07,2023,00,00*63
2023-07-21T18:11:38.4164034Z, 6eda8203-a249-e411-b0cc-f8bc1246af59, $GPZDA,181139.00,21,07,2023,00,00*62
2023-07-21T18:11:39.8870275Z, 6eda8203-a249-e411-b0cc-f8bc1246af59, $GPZDA,181140.00,21,07,2023,00,00*6C
2023-07-21T18:11:41.0271614Z, 6eda8203-a249-e411-b0cc-f8bc1246af59, $GPZDA,181141.00,21,07,2023,00,00*6D
2023-07-21T18:11:41.9471777Z, 6eda8203-a249-e411-b0cc-f8bc1246af59, $GPZDA,181142.00,21,07,2023,00,00*6E
2023-07-21T18:11:42.9368883Z, 6eda8203-a249-e411-b0cc-f8bc1246af59, $GPZDA,181143.00,21,07,2023,00,00*6F
2023-07-21T18:11:43.4167817Z, 6eda8203-a249-e411-b0cc-f8bc1246af59, $GPZDA,181144.00,21,07,2023,00,00*68
2023-07-21T18:11:44.9373176Z, 6eda8203-a249-e411-b0cc-f8bc1246af59, $GPZDA,181145.00,21,07,2023,00,00*69
2023-07-21T18:11:46.0773727Z, 6eda8203-a249-e411-b0cc-f8bc1246af59, $GPZDA,181146.00,21,07,2023,00,00*6A
2023-07-21T18:11:46.7972453Z, 6eda8203-a249-e411-b0cc-f8bc1246af59, $GPZDA,181147.00,21,07,2023,00,00*6B
2023-07-21T18:11:47.8875156Z, 6eda8203-a249-e411-b0cc-f8bc1246af59, $GPZDA,181148.00,21,07,2023,00,00*64
2023-07-21T18:11:48.9777879Z, 6eda8203-a249-e411-b0cc-f8bc1246af59, $GPZDA,181149.00,21,07,2023,00,00*65
2023-07-21T18:11:49.9376301Z, 6eda8203-a249-e411-b0cc-f8bc1246af59, $GPZDA,181150.00,21,07,2023,00,00*6D
2023-07-21T18:11:51.0776873Z, 6eda8203-a249-e411-b0cc-f8bc1246af59, $GPZDA,181151.00,21,07,2023,00,00*6C
2023-07-21T18:11:51.7976876Z, 6eda8203-a249-e411-b0cc-f8bc1246af59, $GPZDA,181152.00,21,07,2023,00,00*6F
2023-07-21T18:11:52.9377437Z, 6eda8203-a249-e411-b0cc-f8bc1246af59, $GPZDA,181153.00,21,07,2023,00,00*6E
2023-07-21T18:11:54.0778978Z, 6eda8203-a249-e411-b0cc-f8bc1246af59, $GPZDA,181154.00,21,07,2023,00,00*69
2023-07-21T18:11:54.7979769Z, 6eda8203-a249-e411-b0cc-f8bc1246af59, $GPZDA,181155.00,21,07,2023,00,00*68
2023-07-21T18:11:55.8882345Z, 6eda8203-a249-e411-b0cc-f8bc1246af59, $GPZDA,181156.00,21,07,2023,00,00*6B
2023-07-21T18:11:57.0382518Z, 6eda8203-a249-e411-b0cc-f8bc1246af59, $GPZDA,181157.00,21,07,2023,00,00*6A
2023-07-21T18:11:57.4882687Z, 6eda8203-a249-e411-b0cc-f8bc1246af59, $GPZDA,181158.00,21,07,2023,00,00*65
2023-07-21T18:11:58.8882296Z, 6eda8203-a249-e411-b0cc-f8bc1246af59, $GPZDA,181159.00,21,07,2023,00,00*64
2023-07-21T18:12:00.0382397Z, 6eda8203-a249-e411-b0cc-f8bc1246af59, $GPZDA,181200.00,21,07,2023,00,00*6B
2023-07-21T18:12:00.4882637Z, 6eda8203-a249-e411-b0cc-f8bc1246af59, $GPZDA,181201.00,21,07,2023,00,00*6A
2023-07-21T18:12:01.8882712Z, 6eda8203-a249-e411-b0cc-f8bc1246af59, $GPZDA,181202.00,21,07,2023,00,00*69
2023-07-21T18:12:03.0382952Z, 6eda8203-a249-e411-b0cc-f8bc1246af59, $GPZDA,181203.00,21,07,2023,00,00*68
2023-07-21T18:12:04.0887091Z, 6eda8203-a249-e411-b0cc-f8bc1246af59, $GPZDA,181204.00,21,07,2023,00,00*6F
2023-07-21T18:12:04.8086006Z, 6eda8203-a249-e411-b0cc-f8bc1246af59, $GPZDA,181205.00,21,07,2023,00,00*6E
2023-07-21T18:12:05.9486510Z, 6eda8203-a249-e411-b0cc-f8bc1246af59, $GPZDA,181206.00,21,07,2023,00,00*6D
2023-07-21T18:12:07.0891023Z, 6eda8203-a249-e411-b0cc-f8bc1246af59, $GPZDA,181207.00,21,07,2023,00,00*6C
2023-07-21T18:12:07.9493980Z, 6eda8203-a249-e411-b0cc-f8bc1246af59, $GPZDA,181208.00,21,07,2023,00,00*63
2023-07-21T18:12:08.4194490Z, 6eda8203-a249-e411-b0cc-f8bc1246af59, $GPZDA,181209.00,21,07,2023,00,00*62
2023-07-21T18:12:09.9488297Z, 6eda8203-a249-e411-b0cc-f8bc1246af59, $GPZDA,181210.00,21,07,2023,00,00*6A
2023-07-21T18:12:10.4287170Z, 6eda8203-a249-e411-b0cc-f8bc1246af59, $GPZDA,181211.00,21,07,2023,00,00*6B
2023-07-21T18:12:11.8993865Z, 6eda8203-a249-e411-b0cc-f8bc1246af59, $GPZDA,181212.00,21,07,2023,00,00*68
2023-07-21T18:12:13.0394354Z, 6eda8203-a249-e411-b0cc-f8bc1246af59, $GPZDA,181213.00,21,07,2023,00,00*69
2023-07-21T18:12:14.0898642Z, 6eda8203-a249-e411-b0cc-f8bc1246af59, $GPZDA,181214.00,21,07,2023,00,00*6E
2023-07-21T18:12:14.8097476Z, 6eda8203-a249-e411-b0cc-f8bc1246af59, $GPZDA,181215.00,21,07,2023,00,00*6F
2023-07-21T18:12:15.9499133Z, 6eda8203-a249-e411-b0cc-f8bc1246af59, $GPZDA,181216.00,21,07,2023,00,00*6C
2023-07-21T18:12:17.0899756Z, 6eda8203-a249-e411-b0cc-f8bc1246af59, $GPZDA,181217.00,21,07,2023,00,00*6D
2023-07-21T18:12:18.0697479Z, 6eda8203-a249-e411-b0cc-f8bc1246af59, $GPZDA,181218.00,21,07,2023,00,00*62
2023-07-21T18:12:18.9001503Z, 6eda8203-a249-e411-b0cc-f8bc1246af59, $GPZDA,181219.00,21,07,2023,00,00*63
2023-07-21T18:12:20.0501234Z, 6eda8203-a249-e411-b0cc-f8bc1246af59, $GPZDA,181220.00,21,07,2023,00,00*69
2023-07-21T18:12:21.1095623Z, 6eda8203-a249-e411-b0cc-f8bc1246af59, $GPZDA,181221.00,21,07,2023,00,00*68
2023-07-21T18:12:22.0902887Z, 6eda8203-a249-e411-b0cc-f8bc1246af59, $GPZDA,181222.00,21,07,2023,00,00*6B
2023-07-21T18:12:22.8112529Z, 6eda8203-a249-e411-b0cc-f8bc1246af59, $GPZDA,181223.00,21,07,2023,00,00*6A
2023-07-21T18:12:23.9004375Z, 6eda8203-a249-e411-b0cc-f8bc1246af59, $GPZDA,181224.00,21,07,2023,00,00*6D
2023-07-21T18:12:24.9996975Z, 6eda8203-a249-e411-b0cc-f8bc1246af59, $GPZDA,181225.00,21,07,2023,00,00*6C
2023-07-21T18:12:25.9505509Z, 6eda8203-a249-e411-b0cc-f8bc1246af59, $GPZDA,181226.00,21,07,2023,00,00*6F
2023-07-21T18:12:27.0906031Z, 6eda8203-a249-e411-b0cc-f8bc1246af59, $GPZDA,181227.00,21,07,2023,00,00*6E
2023-07-21T18:12:28.4202003Z, 6eda8203-a249-e411-b0cc-f8bc1246af59, $GPZDA,181228.00,21,07,2023,00,00*61
2023-07-21T18:12:28.9100309Z, 6eda8203-a249-e411-b0cc-f8bc1246af59, $GPZDA,181229.00,21,07,2023,00,00*60
2023-07-21T18:12:30.0501142Z, 6eda8203-a249-e411-b0cc-f8bc1246af59, $GPZDA,181230.00,21,07,2023,00,00*68
2023-07-21T18:12:30.9402610Z, 6eda8203-a249-e411-b0cc-f8bc1246af59, $GPZDA,181231.00,21,07,2023,00,00*69
2023-07-21T18:12:31.9110019Z, 6eda8203-a249-e411-b0cc-f8bc1246af59, $GPZDA,181232.00,21,07,2023,00,00*6A
2023-07-21T18:12:32.3809921Z, 6eda8203-a249-e411-b0cc-f8bc1246af59, $GPZDA,181233.00,21,07,2023,00,00*6B
2023-07-21T18:12:33.9103831Z, 6eda8203-a249-e411-b0cc-f8bc1246af59, $GPZDA,181234.00,21,07,2023,00,00*6C
2023-07-21T18:12:34.3803531Z, 6eda8203-a249-e411-b0cc-f8bc1246af59, $GPZDA,181235.00,21,07,2023,00,00*6D
2023-07-21T18:12:35.9206581Z, 6eda8203-a249-e411-b0cc-f8bc1246af59, $GPZDA,181236.00,21,07,2023,00,00*6E
2023-07-21T18:12:36.7908647Z, 6eda8203-a249-e411-b0cc-f8bc1246af59, $GPZDA,181237.00,21,07,2023,00,00*6F
2023-07-21T18:12:37.9612046Z, 6eda8203-a249-e411-b0cc-f8bc1246af59, $GPZDA,181238.00,21,07,2023,00,00*60
2023-07-21T18:12:38.4112635Z, 6eda8203-a249-e411-b0cc-f8bc1246af59, $GPZDA,181239.00,21,07,2023,00,00*61
2023-07-21T18:12:39.9107728Z, 6eda8203-a249-e411-b0cc-f8bc1246af59, $GPZDA,181240.00,21,07,2023,00,00*6F
2023-07-21T18:12:40.3816895Z, 6eda8203-a249-e411-b0cc-f8bc1246af59, $GPZDA,181241.00,21,07,2023,00,00*6E
2023-07-21T18:12:41.9110824Z, 6eda8203-a249-e411-b0cc-f8bc1246af59, $GPZDA,181242.00,21,07,2023,00,00*6D
2023-07-21T18:12:42.3810351Z, 6eda8203-a249-e411-b0cc-f8bc1246af59, $GPZDA,181243.00,21,07,2023,00,00*6C
2023-07-21T18:12:43.9114110Z, 6eda8203-a249-e411-b0cc-f8bc1246af59, $GPZDA,181244.00,21,07,2023,00,00*6B
2023-07-21T18:12:44.3813685Z, 6eda8203-a249-e411-b0cc-f8bc1246af59, $GPZDA,181245.00,21,07,2023,00,00*6A
2023-07-21T18:12:45.8620045Z, 6eda8203-a249-e411-b0cc-f8bc1246af59, $GPZDA,181246.00,21,07,2023,00,00*69
2023-07-21T18:12:46.9114801Z, 6eda8203-a249-e411-b0cc-f8bc1246af59, $GPZDA,181247.00,21,07,2023,00,00*68
2023-07-21T18:12:47.9419853Z, 6eda8203-a249-e411-b0cc-f8bc1246af59, $GPZDA,181248.00,21,07,2023,00,00*67
2023-07-21T18:12:48.9219148Z, 6eda8203-a249-e411-b0cc-f8bc1246af59, $GPZDA,181249.00,21,07,2023,00,00*66
2023-07-21T18:12:49.3819201Z, 6eda8203-a249-e411-b0cc-f8bc1246af59, $GPZDA,181250.00,21,07,2023,00,00*6E
2023-07-21T18:12:50.9620665Z, 6eda8203-a249-e411-b0cc-f8bc1246af59, $GPZDA,181251.00,21,07,2023,00,00*6F
2023-07-21T18:12:51.4124101Z, 6eda8203-a249-e411-b0cc-f8bc1246af59, $GPZDA,181252.00,21,07,2023,00,00*6C
2023-07-21T18:12:52.9078148Z, 6eda8203-a249-e411-b0cc-f8bc1246af59, $GPZDA,181253.00,21,07,2023,00,00*6D
2023-07-21T18:12:53.8307202Z, 6eda8203-a249-e411-b0cc-f8bc1246af59, $GPZDA,181254.00,21,07,2023,00,00*6A
2023-07-21T18:12:54.9070020Z, 6eda8203-a249-e411-b0cc-f8bc1246af59, $GPZDA,181255.00,21,07,2023,00,00*6B
2023-07-21T18:12:55.3670358Z, 6eda8203-a249-e411-b0cc-f8bc1246af59, $GPZDA,181256.00,21,07,2023,00,00*68
2023-07-21T18:12:56.9572321Z, 6eda8203-a249-e411-b0cc-f8bc1246af59, $GPZDA,181257.00,21,07,2023,00,00*69
2023-07-21T18:12:57.3973551Z, 6eda8203-a249-e411-b0cc-f8bc1246af59, $GPZDA,181258.00,21,07,2023,00,00*66
2023-07-21T18:12:58.9575780Z, 6eda8203-a249-e411-b0cc-f8bc1246af59, $GPZDA,181259.00,21,07,2023,00,00*67
2023-07-21T18:12:59.4075857Z, 6eda8203-a249-e411-b0cc-f8bc1246af59, $GPZDA,181300.00,21,07,2023,00,00*6A
2023-07-21T18:13:00.9071405Z, 6eda8203-a249-e411-b0cc-f8bc1246af59, $GPZDA,181301.00,21,07,2023,00,00*6B
2023-07-21T18:13:01.3671380Z, 6eda8203-a249-e411-b0cc-f8bc1246af59, $GPZDA,181302.00,21,07,2023,00,00*68
2023-07-21T18:13:02.9075594Z, 6eda8203-a249-e411-b0cc-f8bc1246af59, $GPZDA,181303.00,21,07,2023,00,00*69
2023-07-21T18:13:04.0476138Z, 6eda8203-a249-e411-b0cc-f8bc1246af59, $GPZDA,181304.00,21,07,2023,00,00*6E
2023-07-21T18:13:04.9477064Z, 6eda8203-a249-e411-b0cc-f8bc1246af59, $GPZDA,181305.00,21,07,2023,00,00*6F
2023-07-21T18:13:05.9075395Z, 6eda8203-a249-e411-b0cc-f8bc1246af59, $GPZDA,181306.00,21,07,2023,00,00*6C
2023-07-21T18:13:06.3675449Z, 6eda8203-a249-e411-b0cc-f8bc1246af59, $GPZDA,181307.00,21,07,2023,00,00*6D
2023-07-21T18:13:07.9078745Z, 6eda8203-a249-e411-b0cc-f8bc1246af59, $GPZDA,181308.00,21,07,2023,00,00*62
2023-07-21T18:13:08.3678788Z, 6eda8203-a249-e411-b0cc-f8bc1246af59, $GPZDA,181309.00,21,07,2023,00,00*63
2023-07-21T18:13:09.9083948Z, 6eda8203-a249-e411-b0cc-f8bc1246af59, $GPZDA,181310.00,21,07,2023,00,00*6B
2023-07-21T18:13:10.6780635Z, 6eda8203-a249-e411-b0cc-f8bc1246af59, $GPZDA,181311.00,21,07,2023,00,00*6A
2023-07-21T18:13:11.8579594Z, 6eda8203-a249-e411-b0cc-f8bc1246af59, $GPZDA,181312.00,21,07,2023,00,00*69
2023-07-21T18:13:12.9084120Z, 6eda8203-a249-e411-b0cc-f8bc1246af59, $GPZDA,181313.00,21,07,2023,00,00*68
2023-07-21T18:13:13.3684228Z, 6eda8203-a249-e411-b0cc-f8bc1246af59, $GPZDA,181314.00,21,07,2023,00,00*6F
2023-07-21T18:13:14.9087160Z, 6eda8203-a249-e411-b0cc-f8bc1246af59, $GPZDA,181315.00,21,07,2023,00,00*6E
2023-07-21T18:13:15.3687408Z, 6eda8203-a249-e411-b0cc-f8bc1246af59, $GPZDA,181316.00,21,07,2023,00,00*6D
2023-07-21T18:13:16.9090529Z, 6eda8203-a249-e411-b0cc-f8bc1246af59, $GPZDA,181317.00,21,07,2023,00,00*6C
2023-07-21T18:13:17.3690535Z, 6eda8203-a249-e411-b0cc-f8bc1246af59, $GPZDA,181318.00,21,07,2023,00,00*63
